<?xml version="1.0" encoding="UTF-8"?>
<TestSessionContainer xmlns="http://www.codecover.org/xml/testsession-container" Date="1357510935502" TestSessionContainerId="d03663b1-cb61-4f31-96b3-534a0514d430" version="1.0">
<SrcFileList>
<SrcFile Content="package org.codecover.simplejavaapp.view;&#10;&#10;import java.awt.BorderLayout;&#10;import java.awt.Color;&#10;import java.awt.event.ActionEvent;&#10;import java.awt.event.InputEvent;&#10;import java.awt.event.KeyEvent;&#10;import java.awt.event.WindowAdapter;&#10;import java.awt.event.WindowEvent;&#10;import java.util.List;&#10;&#10;import javax.swing.AbstractAction;&#10;import javax.swing.Action;&#10;import javax.swing.ImageIcon;&#10;import javax.swing.JButton;&#10;import javax.swing.JFrame;&#10;import javax.swing.JMenu;&#10;import javax.swing.JMenuBar;&#10;import javax.swing.JMenuItem;&#10;import javax.swing.JScrollPane;&#10;import javax.swing.JTable;&#10;import javax.swing.JToolBar;&#10;import javax.swing.KeyStroke;&#10;import javax.swing.table.AbstractTableModel;&#10;&#10;import org.codecover.simplejavaapp.model.AppModel;&#10;import org.codecover.simplejavaapp.model.Book;&#10;import org.codecover.simplejavaapp.model.AppModel.AppModelModifyListener;&#10;&#10;/**&#10; * @author Markus Wittlinger&#10; * @version 1.0 ($Id$)&#10; */&#10;@SuppressWarnings(&quot;serial&quot;)&#10;public class FrameMain extends JFrame {&#10;    private final String[] colNames = new String[] {&quot;Author&quot;,&#10;                                                    &quot;Name&quot;,&#10;                                                    &quot;Year&quot;,&#10;                                                    &quot;ISBN&quot;};&#10;&#10;    private static final AppModel model = AppModel.getInstance();&#10;&#10;    private static final AppView view = AppView.getInstance();&#10;&#10;    private String fileId;&#10;&#10;    private JTable table;&#10;&#10;    private final AppAction newWindowAction = new AppAction(&quot;New Window&quot;, null,&#10;            &quot;Creates a new file and opens it in a new window.&quot;, KeyStroke&#10;                    .getKeyStroke('N', InputEvent.META_DOWN_MASK)) {&#10;&#10;        /**&#10;         * (non-Javadoc)&#10;         * &#10;         * @see java.awt.event.ActionListener#actionPerformed(java.awt.event.ActionEvent)&#10;         */&#10;        public void actionPerformed(ActionEvent e) {&#10;            view.notifyViewListener(&#10;                    AppView.ViewListener.ViewEvent.EVENT_NEW_WINDOW,&#10;                    FrameMain.this.fileId, null);&#10;        }&#10;    };&#10;&#10;    private final AppAction newBookAction = new AppAction(&quot;New Book&quot;,&#10;            new ImageIcon(&quot;icons/new.png&quot;), &quot;Creates a new book.&quot;, KeyStroke&#10;                    .getKeyStroke('N', InputEvent.META_DOWN_MASK&#10;                            | InputEvent.SHIFT_DOWN_MASK)) {&#10;&#10;        public void actionPerformed(ActionEvent e) {&#10;            view.notifyViewListener(&#10;                    AppView.ViewListener.ViewEvent.EVENT_NEW_BOOK,&#10;                    FrameMain.this.fileId, null);&#10;        }&#10;    };&#10;&#10;    private final AppAction closeWindowAction = new AppAction(&quot;Close Window&quot;,&#10;            null, &quot;Closes the window.&quot;, KeyStroke.getKeyStroke('W',&#10;                    InputEvent.META_DOWN_MASK)) {&#10;&#10;        public void actionPerformed(ActionEvent e) {&#10;            view.notifyViewListener(&#10;                    AppView.ViewListener.ViewEvent.EVENT_CLOSE_WINDOW,&#10;                    FrameMain.this.fileId, null);&#10;        }&#10;    };&#10;&#10;    private final AppAction deleteAction = new AppAction(&quot;Delete&quot;,&#10;            new ImageIcon(&quot;icons/delete.png&quot;), &quot;Deletes the selected element.&quot;,&#10;            KeyStroke.getKeyStroke(KeyEvent.VK_DELETE, 0)) {&#10;&#10;        public void actionPerformed(ActionEvent e) {&#10;            view.notifyViewListener(&#10;                    AppView.ViewListener.ViewEvent.EVENT_DELETE,&#10;                    FrameMain.this.fileId, FrameMain.this.getSelectedBooks());&#10;        }&#10;    };&#10;&#10;    private final AppAction openAction = new AppAction(&quot;Open‚Ä¶&quot;, null,&#10;            &quot;Opens a previosly saved file.&quot;, KeyStroke.getKeyStroke('O',&#10;                    InputEvent.META_DOWN_MASK)) {&#10;&#10;        public void actionPerformed(ActionEvent e) {&#10;            view.notifyViewListener(AppView.ViewListener.ViewEvent.EVENT_OPEN,&#10;                    FrameMain.this.fileId, null);&#10;        }&#10;    };&#10;&#10;    private final AppAction quitAction = new AppAction(&quot;Quit&quot;, null,&#10;            &quot;Closes the application&quot;, KeyStroke.getKeyStroke('Q',&#10;                    InputEvent.META_DOWN_MASK)) {&#10;&#10;        public void actionPerformed(ActionEvent e) {&#10;            view.notifyViewListener(AppView.ViewListener.ViewEvent.EVENT_QUIT,&#10;                    FrameMain.this.fileId, FrameMain.view.getAllFileIds());&#10;        }&#10;    };&#10;&#10;    private final AppAction saveAction = new AppAction(&quot;Save&quot;, new ImageIcon(&#10;            &quot;icons/save.png&quot;), &quot;Saves the current file.&quot;, KeyStroke&#10;            .getKeyStroke('S', InputEvent.META_DOWN_MASK)) {&#10;&#10;        public void actionPerformed(ActionEvent e) {&#10;            view.notifyViewListener(AppView.ViewListener.ViewEvent.EVENT_SAVE,&#10;                    FrameMain.this.fileId, null);&#10;        }&#10;    };&#10;&#10;    private final AppAction saveAsAction = new AppAction(&quot;Save As‚Ä¶&quot;,&#10;            new ImageIcon(&quot;icons/save.png&quot;),&#10;            &quot;Saves the current file to the specified location.&quot;, KeyStroke&#10;                    .getKeyStroke('S', InputEvent.META_DOWN_MASK&#10;                            | InputEvent.SHIFT_DOWN_MASK)) {&#10;&#10;        public void actionPerformed(ActionEvent e) {&#10;            view.notifyViewListener(&#10;                    AppView.ViewListener.ViewEvent.EVENT_SAVE_AS,&#10;                    FrameMain.this.fileId, null);&#10;        }&#10;    };&#10;&#10;    final AppModelModifyListener appModelModifyListener = new AppModelModifyListener() {&#10;        public void appFileModified(String fileId, boolean modified) {&#10;            FrameMain.this.updateTitle(modified);&#10;            FrameMain.this.table.setModel(new BookTableModel());&#10;        }&#10;    };&#10;&#10;    FrameMain(String title, String fileId) {&#10;        super(title == null ? &quot;Untitled&quot; : title);&#10;        this.setDefaultCloseOperation(DO_NOTHING_ON_CLOSE);&#10;        this.addWindowListener(new WindowAdapter() {&#10;            @Override&#10;            public void windowClosing(WindowEvent e) {&#10;                FrameMain.view.notifyViewListener(&#10;                        AppView.ViewListener.ViewEvent.EVENT_CLOSE_WINDOW,&#10;                        FrameMain.this.fileId, null);&#10;            }&#10;        });&#10;        this.fileId = fileId;&#10;&#10;        this.setSize(600, 500);&#10;        this.setLocationRelativeTo(null);&#10;&#10;        initComponents();&#10;    }&#10;&#10;    private final void initComponents() {&#10;        this.setLayout(new BorderLayout());&#10;&#10;        createToolbar();&#10;        createMenuBar();&#10;&#10;        this.table = new JTable(new BookTableModel());&#10;        this.table.setShowGrid(true);&#10;        this.table.setGridColor(Color.LIGHT_GRAY);&#10;        JScrollPane scrollPane = new JScrollPane(this.table);&#10;&#10;        this.add(scrollPane, BorderLayout.CENTER);&#10;&#10;&#10;        model.addAppModelModifyListenerToFile(this.fileId,&#10;                this.appModelModifyListener);&#10;    }&#10;&#10;    private final void createToolbar() {&#10;        JToolBar toolBar = new JToolBar(&quot;Toolbar&quot;);&#10;        toolBar.setFloatable(false);&#10;        toolBar.setRollover(true);&#10;        this.add(toolBar, BorderLayout.NORTH);&#10;&#10;        final JButton newWindowButton = new JButton(this.newBookAction);&#10;        newWindowButton.setText(&quot;&quot;);&#10;        toolBar.add(newWindowButton);&#10;&#10;        final JButton savebutton = new JButton(this.saveAction);&#10;        savebutton.setText(&quot;&quot;);&#10;        toolBar.add(savebutton);&#10;&#10;        toolBar.addSeparator();&#10;&#10;        final JButton deleteButton = new JButton(this.deleteAction);&#10;        deleteButton.setText(&quot;&quot;);&#10;        toolBar.add(deleteButton);&#10;    }&#10;&#10;    private final void createMenuBar() {&#10;        JMenuBar menuBar = new JMenuBar();&#10;        this.setJMenuBar(menuBar);&#10;&#10;        JMenu fileMenu = new JMenu(&quot;File&quot;);&#10;        menuBar.add(fileMenu);&#10;        fileMenu.add(new JMenuItem(this.newWindowAction));&#10;&#10;        final JMenuItem newBookItem = new JMenuItem(this.newBookAction);&#10;        newBookItem.setIcon(null);&#10;        fileMenu.add(newBookItem);&#10;&#10;        fileMenu.add(new JMenuItem(this.openAction));&#10;        fileMenu.add(new JMenuItem(this.closeWindowAction));&#10;        fileMenu.addSeparator();&#10;&#10;        final JMenuItem saveItem = new JMenuItem(this.saveAction);&#10;        saveItem.setIcon(null);&#10;        fileMenu.add(saveItem);&#10;&#10;        final JMenuItem saveAsItem = new JMenuItem(this.saveAsAction);&#10;        saveAsItem.setIcon(null);&#10;        fileMenu.add(saveAsItem);&#10;&#10;        fileMenu.addSeparator();&#10;        fileMenu.add(new JMenuItem(this.quitAction));&#10;&#10;        JMenu editMenu = new JMenu(&quot;Edit&quot;);&#10;        menuBar.add(editMenu);&#10;&#10;        final JMenuItem deleteItem = new JMenuItem(this.deleteAction);&#10;        deleteItem.setIcon(null);&#10;        editMenu.add(deleteItem);&#10;    }&#10;&#10;    private List&lt;Book&gt; getBookList() {&#10;        return model.getBooksInFile(FrameMain.this.fileId);&#10;    }&#10;&#10;    private String[] getSelectedBooks() {&#10;        List&lt;Book&gt; bookList = getBookList();&#10;        int[] indices = this.table.getSelectedRows();&#10;        String[] bookIds = new String[indices.length];&#10;        for (int i = 0; i &lt; indices.length; i++) {&#10;            bookIds[i] = bookList.get(indices[i]).getId();&#10;        }&#10;&#10;        return bookIds;&#10;    }&#10;&#10;    private void updateTitle(boolean modified) {&#10;        String title = (model.getPathOfFile(this.fileId) == null ? &quot;Untitled&quot;&#10;                : model.getPathOfFile(this.fileId));&#10;&#10;        if (modified) {&#10;            title += &quot;*&quot;;&#10;        }&#10;&#10;        setTitle(title);&#10;    }&#10;&#10;    /**&#10;     * Sets the file id.&#10;     * &#10;     * @param fileId&#10;     *            the given file id.&#10;     */&#10;    public void setFileId(String fileId) {&#10;        model.removeAppModelModifyListener(this.fileId,&#10;                this.appModelModifyListener);&#10;        this.fileId = fileId;&#10;        model.addAppModelModifyListenerToFile(this.fileId,&#10;                this.appModelModifyListener);&#10;        this.updateTitle(false);&#10;        this.table.updateUI();&#10;    }&#10;&#10;    private abstract class AppAction extends AbstractAction {&#10;        /**&#10;         * Constructor.&#10;         * &#10;         * @param name&#10;         *            the name of the action.&#10;         * @param icon&#10;         *            the icon of the action.&#10;         * @param desc&#10;         *            the description of the action.&#10;         * @param keyStroke&#10;         *            the keystroke of the action.&#10;         */&#10;        protected AppAction(String name, ImageIcon icon, String desc,&#10;                KeyStroke keyStroke) {&#10;            super(name, icon);&#10;            this.putValue(Action.SHORT_DESCRIPTION, desc);&#10;            if (keyStroke != null) {&#10;                this.putValue(Action.ACCELERATOR_KEY, keyStroke);&#10;            }&#10;        }&#10;    }&#10;&#10;    private final class BookTableModel extends AbstractTableModel {&#10;&#10;        /**&#10;         * (non-Javadoc)&#10;         * &#10;         * @see javax.swing.table.TableModel#getColumnClass(int)&#10;         */&#10;        @Override&#10;        public Class&lt;?&gt; getColumnClass(int columnIndex) {&#10;            switch (columnIndex) {&#10;                case 0:&#10;                    return String.class;&#10;                case 1:&#10;                    return String.class;&#10;                case 2:&#10;                    return Integer.class;&#10;                case 3:&#10;                    return String.class;&#10;            }&#10;            return null;&#10;        }&#10;&#10;        /**&#10;         * (non-Javadoc)&#10;         * &#10;         * @see javax.swing.table.AbstractTableModel#getColumnName(int)&#10;         */&#10;        @Override&#10;        public String getColumnName(int column) {&#10;            return FrameMain.this.colNames[column];&#10;        }&#10;&#10;        /**&#10;         * (non-Javadoc)&#10;         * &#10;         * @see javax.swing.table.TableModel#getColumnCount()&#10;         */&#10;        public int getColumnCount() {&#10;            return FrameMain.this.colNames.length;&#10;        }&#10;&#10;        /**&#10;         * (non-Javadoc)&#10;         * &#10;         * @see javax.swing.table.TableModel#getRowCount()&#10;         */&#10;        public int getRowCount() {&#10;            return getBookList().size();&#10;        }&#10;&#10;        /**&#10;         * (non-Javadoc)&#10;         * &#10;         * @see javax.swing.table.TableModel#getValueAt(int, int)&#10;         */&#10;        public Object getValueAt(int rowIndex, int columnIndex) {&#10;            Book book = getBookList().get(rowIndex);&#10;&#10;            switch (columnIndex) {&#10;                case 0:&#10;                    return book.getAuthor();&#10;                case 1:&#10;                    return book.getName();&#10;                case 2:&#10;                    return book.getYear();&#10;                case 3:&#10;                    return book.getIsbn();&#10;            }&#10;            return null;&#10;        }&#10;&#10;        /**&#10;         * (non-Javadoc)&#10;         * &#10;         * @see javax.swing.table.TableModel#isCellEditable(int, int)&#10;         */&#10;        @Override&#10;        public boolean isCellEditable(int rowIndex, int columnIndex) {&#10;            return true;&#10;        }&#10;&#10;        /**&#10;         * (non-Javadoc)&#10;         * &#10;         * @see javax.swing.table.TableModel#setValueAt(java.lang.Object, int,&#10;         *      int)&#10;         */&#10;        @Override&#10;        public void setValueAt(Object value, int rowIndex, int columnIndex) {&#10;            Book book = getBookList().get(rowIndex);&#10;&#10;            switch (columnIndex) {&#10;                case 0:&#10;                    book.setAuthor((String) value);&#10;                    break;&#10;                case 1:&#10;                    book.setName((String) value);&#10;                    break;&#10;                case 2:&#10;                    book.setYear(((Integer) value).intValue());&#10;                    break;&#10;                case 3:&#10;                    book.setIsbn((String) value);&#10;                    break;&#10;            }&#10;        }&#10;    }&#10;}&#10;" Filename="FrameMain.java" Intrnl_Id="1"/>
<SrcFile Content="package org.codecover.simplejavaapp.view;&#10;&#10;import java.util.HashMap;&#10;import java.util.LinkedList;&#10;import java.util.List;&#10;import java.util.Map;&#10;import java.util.Set;&#10;&#10;import javax.swing.JFileChooser;&#10;import javax.swing.JOptionPane;&#10;&#10;import org.codecover.simplejavaapp.controller.AppController;&#10;import org.codecover.simplejavaapp.model.AppFile;&#10;import org.codecover.simplejavaapp.model.AppModel;&#10;import org.codecover.simplejavaapp.view.AppView.ViewListener.ViewEvent;&#10;&#10;/**&#10; * @author Markus Wittlinger&#10; * @version 1.0 ($Id$)&#10; */&#10;public class AppView {&#10;    private static final AppModel model = AppModel.getInstance();&#10;&#10;    private static AppView instance;&#10;&#10;    private final List&lt;ViewListener&gt; listeners;&#10;&#10;    private final Map&lt;String, FrameMain&gt; windowList;&#10;&#10;    /**&#10;     * Singleton-Pattern method to get the instance of {@link AppView}.&#10;     * &#10;     * @return the instance of the {@link AppView}&#10;     */&#10;    public static AppView getInstance() {&#10;        if (instance == null) {&#10;            instance = new AppView();&#10;        }&#10;&#10;        return instance;&#10;    }&#10;&#10;    private AppView() {&#10;        this.windowList = new HashMap&lt;String, FrameMain&gt;();&#10;        this.listeners = new LinkedList&lt;ViewListener&gt;();&#10;    }&#10;&#10;    void notifyViewListener(ViewEvent viewEvent, String fileId, Object args) {&#10;        for (ViewListener listener : this.listeners) {&#10;            listener.update(viewEvent, fileId, args);&#10;        }&#10;    }&#10;&#10;    /**&#10;     * Adds the given {@link ViewListener} to the list of listeners.&#10;     * &#10;     * @param listener&#10;     *            the given {@link ViewListener}&#10;     */&#10;    public void addViewListener(ViewListener listener) {&#10;        this.listeners.add(listener);&#10;    }&#10;&#10;    /**&#10;     * Removes the given {@link ViewListener} from the list of listeners.&#10;     * &#10;     * @param listener&#10;     *            the given {@link ViewListener}&#10;     */&#10;    public void removeViewListener(ViewListener listener) {&#10;        this.listeners.remove(listener);&#10;    }&#10;&#10;    /**&#10;     * Opens a new window with the {@link AppFile}, as denoted by the given id,&#10;     * as its content.&#10;     * &#10;     * @param fileId&#10;     *            the id of the {@link AppFile}.&#10;     */&#10;    public void openWindow(String fileId) {&#10;        FrameMain frameMain = new FrameMain(model.getPathOfFile(fileId), fileId);&#10;&#10;        this.windowList.put(fileId, frameMain);&#10;        frameMain.setVisible(true);&#10;    }&#10;&#10;    /**&#10;     * Opens a file with the given id in the window currently still displaying&#10;     * another file.&#10;     * &#10;     * @param oldFileId&#10;     *            the id of the currently displayed file.&#10;     * @param newFileId&#10;     *            the id of the to be displayed file.&#10;     */&#10;    public void openFileInWindow(String oldFileId, String newFileId) {&#10;        FrameMain frameMain = getWindowFromId(oldFileId);&#10;&#10;        this.windowList.remove(oldFileId);&#10;&#10;        this.windowList.put(newFileId, frameMain);&#10;&#10;        frameMain.setFileId(newFileId);&#10;    }&#10;&#10;    /**&#10;     * Closes the window displaying the file with the given id.&#10;     * &#10;     * @param fileId&#10;     *            the id of the displayed file.&#10;     */&#10;    public void closeWindow(String fileId) {&#10;        FrameMain frameMain = getWindowFromId(fileId);&#10;&#10;        this.windowList.remove(fileId);&#10;&#10;        frameMain.setVisible(false);&#10;        frameMain.dispose();&#10;    }&#10;&#10;    /**&#10;     * Displays the given error message.&#10;     * &#10;     * @param message&#10;     *            the error message.&#10;     * @param fileId&#10;     *            the id of the currently displayed file.&#10;     */&#10;    public void showErrorDialog(String message, String fileId) {&#10;        JOptionPane.showMessageDialog(getWindowFromId(fileId), message,&#10;                &quot;Error&quot;, JOptionPane.ERROR_MESSAGE);&#10;    }&#10;&#10;    /**&#10;     * Displays the given error message.&#10;     * &#10;     * @param message&#10;     *            the error message.&#10;     * @param fileId&#10;     *            the id of the currently displayed file.&#10;     * @return the result&#10;     */&#10;    public int showConfirmationDialog(String message, String fileId) {&#10;        return JOptionPane.showConfirmDialog(getWindowFromId(fileId), message,&#10;                &quot;Please Confirm&quot;, JOptionPane.YES_NO_CANCEL_OPTION);&#10;    }&#10;&#10;    /**&#10;     * Shows a save as‚Ä¶ dialog.&#10;     * &#10;     * @param fileId&#10;     *            the id of the currently displayed file.&#10;     * @return the path of the file, or &lt;code&gt;null&lt;/code&gt; if the action was&#10;     *         canceled.&#10;     */&#10;    public String showSaveAsDialog(String fileId) {&#10;        JFileChooser chooser = new JFileChooser();&#10;        chooser.setDialogType(JFileChooser.SAVE_DIALOG);&#10;        chooser.setDialogTitle(&quot;Save As‚Ä¶&quot;);&#10;        chooser.setFileSelectionMode(JFileChooser.FILES_ONLY);&#10;&#10;        if (chooser.showSaveDialog(getWindowFromId(fileId)) == JFileChooser.APPROVE_OPTION) {&#10;            return chooser.getSelectedFile().getAbsolutePath();&#10;        }&#10;&#10;        return null;&#10;    }&#10;&#10;    /**&#10;     * Shows a open dialog.&#10;     * &#10;     * @param fileId&#10;     *            the id of the currently displayed file.&#10;     * @return the path of the file, or &lt;code&gt;null&lt;/code&gt; if the action was&#10;     *         canceled.&#10;     */&#10;    public String showOpenDialog(String fileId) {&#10;        JFileChooser chooser = new JFileChooser();&#10;        chooser.setDialogType(JFileChooser.OPEN_DIALOG);&#10;        chooser.setDialogTitle(&quot;Open&quot;);&#10;        chooser.setFileSelectionMode(JFileChooser.FILES_ONLY);&#10;&#10;        if (chooser.showOpenDialog(getWindowFromId(fileId)) == JFileChooser.APPROVE_OPTION) {&#10;            return chooser.getSelectedFile().getAbsolutePath();&#10;        }&#10;&#10;        return null;&#10;    }&#10;&#10;    private FrameMain getWindowFromId(String fileId) {&#10;        return this.windowList.get(fileId);&#10;    }&#10;&#10;    String[] getAllFileIds() {&#10;        Set&lt;String&gt; idSet = this.windowList.keySet();&#10;        String[] ids = new String[idSet.size()];&#10;        idSet.toArray(ids);&#10;&#10;        return ids;&#10;    }&#10;&#10;    /**&#10;     * A listener to notify the {@link AppController} of any events, that are&#10;     * relevant to it.&#10;     * &#10;     * @author Markus Wittlinger&#10;     * @version 1.0 ($Id$)&#10;     */&#10;    public interface ViewListener {&#10;        /**&#10;         * An enum denoting the events the AppView can send.&#10;         * &#10;         * @author Markus Wittlinger&#10;         * @version 1.0 ($Id$)&#10;         */&#10;        enum ViewEvent {&#10;            /**&#10;             * EVENT_NEW_WINDOW&#10;             */&#10;            EVENT_NEW_WINDOW,&#10;            /**&#10;             * EVENT_NEW_BOOK&#10;             */&#10;            EVENT_NEW_BOOK,&#10;            /**&#10;             * EVENT_OPEN (args contains the ids of the selected books as a&#10;             * String array)&#10;             */&#10;            EVENT_OPEN,&#10;            /**&#10;             * EVENT_CLOSE_WINDOW&#10;             */&#10;            EVENT_CLOSE_WINDOW,&#10;            /**&#10;             * EVENT_SAVE&#10;             */&#10;            EVENT_SAVE,&#10;            /**&#10;             * EVENT_SAVE_AS&#10;             */&#10;            EVENT_SAVE_AS,&#10;            /**&#10;             * EVENT_DELETE&#10;             */&#10;            EVENT_DELETE,&#10;            /**&#10;             * EVENT_QUIT (args contains the ids of the open files as a String&#10;             * array)&#10;             */&#10;            EVENT_QUIT;&#10;        }&#10;&#10;        /**&#10;         * Is called, when an event occurs.&#10;         * &#10;         * @param viewEvent&#10;         *            the type of event&#10;         * @param fileId&#10;         *            the id of the file and windows the event occurred in.&#10;         * @param args&#10;         *            the additional arguments, that are passed.&#10;         */&#10;        public void update(ViewEvent viewEvent, String fileId, Object args);&#10;    }&#10;}&#10;" Filename="AppView.java" Intrnl_Id="2"/>
<SrcFile Content="package org.codecover.simplejavaapp.model;&#10;&#10;import java.util.UUID;&#10;&#10;import org.w3c.dom.Document;&#10;import org.w3c.dom.Element;&#10;&#10;/**&#10; * A model class holding the data of a book. Also contains methods for&#10; * persistent storage.&#10; * &#10; * @author Markus Wittlinger&#10; * @version 1.0 ($Id$)&#10; */&#10;public class Book {&#10;    private static final String YEAR = &quot;year&quot;;&#10;&#10;    private static final String NAME = &quot;name&quot;;&#10;&#10;    private static final String ISBN = &quot;isbn&quot;;&#10;&#10;    private static final String ID = &quot;id&quot;;&#10;&#10;    private static final String AUTHOR = &quot;author&quot;;&#10;&#10;    private final String id;&#10;&#10;    private String name = &quot;name&quot;;&#10;&#10;    private String author = &quot;author&quot;;&#10;&#10;    private int year = 2007;&#10;&#10;    private String isbn = &quot;isbn&quot;;&#10;&#10;    private BookModifyListener listener;&#10;&#10;    /**&#10;     * Constructor, which creates a {@link Book} with the given id.&#10;     * &#10;     * @param id&#10;     *            the id of the {@link Book}&#10;     */&#10;    public Book(String id) {&#10;        this.id = id;&#10;    }&#10;&#10;    /**&#10;     * Constructor, which gives this {@link Book} a random id.&#10;     */&#10;    public Book() {&#10;        this(UUID.randomUUID().toString());&#10;    }&#10;&#10;    /**&#10;     * Gets the id.&#10;     * &#10;     * @return the id&#10;     */&#10;    public String getId() {&#10;        return this.id;&#10;    }&#10;&#10;    /**&#10;     * Gets the name.&#10;     * &#10;     * @return the name&#10;     */&#10;    public String getName() {&#10;        return this.name;&#10;    }&#10;&#10;    /**&#10;     * Gets the author.&#10;     * &#10;     * @return the author&#10;     */&#10;    public String getAuthor() {&#10;        return this.author;&#10;    }&#10;&#10;    /**&#10;     * Gets the year.&#10;     * &#10;     * @return the year&#10;     */&#10;    public int getYear() {&#10;        return this.year;&#10;    }&#10;&#10;    /**&#10;     * Gets the isbn.&#10;     * &#10;     * @return the isbn&#10;     */&#10;    public String getIsbn() {&#10;        return this.isbn;&#10;    }&#10;&#10;    /**&#10;     * Sets the name.&#10;     * &#10;     * @param name&#10;     *            the name to set&#10;     */&#10;    public void setName(String name) {&#10;        this.name = name;&#10;        notifiyChange();&#10;    }&#10;&#10;    /**&#10;     * Sets the author.&#10;     * &#10;     * @param author&#10;     *            the author to set&#10;     */&#10;    public void setAuthor(String author) {&#10;        this.author = author;&#10;        notifiyChange();&#10;    }&#10;&#10;    /**&#10;     * Sets the year.&#10;     * &#10;     * @param year&#10;     *            the year to set&#10;     */&#10;    public void setYear(int year) {&#10;        this.year = year;&#10;        notifiyChange();&#10;    }&#10;&#10;    /**&#10;     * Sets the isbn.&#10;     * &#10;     * @param isbn&#10;     *            the isbn to set&#10;     */&#10;    public void setIsbn(String isbn) {&#10;        this.isbn = isbn;&#10;        notifiyChange();&#10;    }&#10;&#10;    private void notifiyChange() {&#10;        if (this.listener == null) {&#10;            return;&#10;        }&#10;&#10;        this.listener.stateModified();&#10;    }&#10;&#10;    /**&#10;     * Sets the {@link BookModifyListener}, that is notified, when a change&#10;     * occurs.&#10;     * &#10;     * @param listener&#10;     *            the {@link BookModifyListener}&#10;     */&#10;    public void setBookModifyListener(BookModifyListener listener) {&#10;        this.listener = listener;&#10;    }&#10;&#10;    /**&#10;     * Return a DOM {@link Element}, which holds all the data of this instance&#10;     * of {@link Book}.&#10;     * &#10;     * @param xmlDoc&#10;     *            the document, in which the {@link Element} is to be created.&#10;     * @return the created {@link Element}.&#10;     */&#10;    public Element getXMLRepresentation(Document xmlDoc) {&#10;        if (xmlDoc == null) {&#10;            throw new NullPointerException(&quot;xmlDoc == null&quot;);&#10;        }&#10;&#10;        Element bookElement = xmlDoc.createElement(&quot;Book&quot;);&#10;&#10;        bookElement.setAttribute(AUTHOR, getAuthor());&#10;        bookElement.setAttribute(ID, getId());&#10;        bookElement.setAttribute(ISBN, getIsbn());&#10;        bookElement.setAttribute(NAME, getName());&#10;        bookElement.setAttribute(YEAR, Integer.toString(getYear()));&#10;&#10;        return bookElement;&#10;    }&#10;&#10;    /**&#10;     * Gets the book, that is contained this the given DOM {@link Element}&#10;     * &#10;     * @param element&#10;     *            the DOM {@link Element} holding the data.&#10;     * @return the extracted {@link Book}&#10;     */&#10;    public static Book getBookFromXML(Element element) {&#10;        String author = element.getAttribute(AUTHOR);&#10;        String id = element.getAttribute(ID);&#10;        String isbn = element.getAttribute(ISBN);&#10;        String name = element.getAttribute(NAME);&#10;        String year = element.getAttribute(YEAR);&#10;&#10;        Book book = new Book(id);&#10;&#10;        book.setAuthor(author);&#10;        book.setIsbn(isbn);&#10;        book.setName(name);&#10;        book.setYear(Integer.parseInt(year));&#10;&#10;        return book;&#10;    }&#10;&#10;    /**&#10;     * A listener to monitor changes in the {@link Book}.&#10;     * &#10;     * @author Markus Wittlinger&#10;     * @version 1.0 ($Id$)&#10;     */&#10;    public interface BookModifyListener {&#10;        /**&#10;         * Is called every time a property of the book is changed.&#10;         */&#10;        public void stateModified();&#10;    }&#10;}&#10;" Filename="Book.java" Intrnl_Id="3"/>
<SrcFile Content="package org.codecover.simplejavaapp.model;&#10;&#10;import java.io.File;&#10;import java.io.IOException;&#10;import java.util.Collection;&#10;import java.util.HashMap;&#10;import java.util.List;&#10;import java.util.Map;&#10;&#10;import javax.xml.parsers.ParserConfigurationException;&#10;import javax.xml.transform.TransformerException;&#10;&#10;import org.xml.sax.SAXException;&#10;&#10;/**&#10; * @author Markus Wittlinger&#10; * @version 1.0 ($Id$)&#10; */&#10;public class AppModel {&#10;    private static AppModel instance;&#10;&#10;    private final Map&lt;String, AppFile&gt; appFiles;&#10;&#10;    /**&#10;     * Singleton-Pattern method to get the instance of {@link AppModel}.&#10;     * &#10;     * @return the instance of the {@link AppModel}&#10;     */&#10;    public static AppModel getInstance() {&#10;        if (instance == null) {&#10;            instance = new AppModel();&#10;        }&#10;&#10;        return instance;&#10;    }&#10;&#10;    private AppModel() {&#10;        this.appFiles = new HashMap&lt;String, AppFile&gt;();&#10;    }&#10;&#10;    /**&#10;     * Adds a new {@link AppFile} to the model and returns its id.&#10;     * &#10;     * @return the id of the {@link AppFile}.&#10;     */&#10;    public String newFile() {&#10;        AppFile appFile = AppFile.newFile();&#10;        putAppFile(appFile);&#10;&#10;        return appFile.getId();&#10;    }&#10;&#10;    /**&#10;     * Loads an {@link AppFile} from the given location.&#10;     * &#10;     * @param file&#10;     *            the location of the persistently saved {@link AppFile}&#10;     * @return the read {@link AppFile}.&#10;     * @throws ParserConfigurationException&#10;     * @throws SAXException&#10;     * @throws IOException&#10;     */&#10;    public String loadFile(File file) throws ParserConfigurationException,&#10;            SAXException, IOException {&#10;        if (file == null) {&#10;            throw new NullPointerException(&quot;file == null&quot;);&#10;        }&#10;&#10;        AppFile appFile = AppFile.loadAppFile(file);&#10;        putAppFile(appFile);&#10;&#10;        return appFile.getId();&#10;    }&#10;&#10;    /**&#10;     * Saves the {@link AppFile} with the given id as a XML file to the given&#10;     * location.&#10;     * &#10;     * @param fileId&#10;     *            the id of the {@link AppFile}&#10;     * @param file&#10;     *            the given location.&#10;     * @throws ParserConfigurationException&#10;     * @throws TransformerException&#10;     * @throws IOException&#10;     */&#10;    public void saveFile(String fileId, File file)&#10;            throws ParserConfigurationException, TransformerException,&#10;            IOException {&#10;        if (file == null) {&#10;            throw new NullPointerException(&quot;file == null&quot;);&#10;        }&#10;&#10;        AppFile appFile = getAppFile(fileId);&#10;&#10;        appFile.saveAppFile(file);&#10;    }&#10;&#10;    /**&#10;     * Closes the {@link AppFile} with the given id.&#10;     * &#10;     * @param fileId&#10;     *            the id of the {@link AppFile}.&#10;     * @param force&#10;     *            if this is set to true, the file is closed even with&#10;     *            modification&#10;     * @return true &amp;rarr; the {@link AppFile} was not modified and is now&#10;     *         closed. &lt;/br&gt; false &amp;rarr; the {@link AppFile} was modified and&#10;     *         is still open.&#10;     */&#10;    public boolean closeFile(String fileId, boolean force) {&#10;        if (isFileModified(fileId) &amp;&amp; !force) {&#10;            return false;&#10;        }&#10;&#10;        this.appFiles.remove(fileId);&#10;        return true;&#10;    }&#10;&#10;    /**&#10;     * @param appFile&#10;     */&#10;    private void putAppFile(AppFile appFile) {&#10;        this.appFiles.put(appFile.getId(), appFile);&#10;    }&#10;&#10;    /**&#10;     * Gets the {@link Book}s stored in the {@link AppFile} with the given id.&#10;     * &#10;     * @param fileId&#10;     *            the id of the {@link AppFile}.&#10;     * @return the {@link Collection} of {@link Book}s.&#10;     */&#10;    public List&lt;Book&gt; getBooksInFile(String fileId) {&#10;        AppFile appFile = getAppFile(fileId);&#10;&#10;        return appFile.getBooks();&#10;    }&#10;&#10;    /**&#10;     * Gets the {@link Book} stored in the {@link AppFile} with the given id.&#10;     * &#10;     * @param fileId&#10;     *            the id of the {@link AppFile}.&#10;     * @param bookId&#10;     *            the id of the {@link Book}.&#10;     * @return the {@link Book} with the given id, or &lt;code&gt;null&lt;/code&gt;, if&#10;     *         no such book existed.&#10;     */&#10;    public Book getBooksInFile(String fileId, String bookId) {&#10;        if (bookId == null) {&#10;            throw new NullPointerException(&quot;bookId == null&quot;);&#10;        }&#10;&#10;        AppFile appFile = getAppFile(fileId);&#10;&#10;        return appFile.getBook(bookId);&#10;    }&#10;&#10;    /**&#10;     * Adds the given {@link Book} to the {@link AppFile} with the given id.&#10;     * &#10;     * @param fileId&#10;     *            the id of the {@link AppFile}&#10;     * @param book&#10;     *            the {@link Book} to be added.&#10;     */&#10;    public void addBookToFile(String fileId, Book book) {&#10;        if (book == null) {&#10;            throw new NullPointerException(&quot;book == null&quot;);&#10;        }&#10;&#10;        AppFile appFile = getAppFile(fileId);&#10;&#10;        appFile.addBook(book);&#10;    }&#10;&#10;    /**&#10;     * Removes the {@link Book} with the given id from the {@link AppFile} with&#10;     * the given id.&#10;     * &#10;     * @param fileId&#10;     *            the id of the {@link AppFile}&#10;     * @param bookId&#10;     *            the id of the {@link Book}.&#10;     */&#10;    public void removeBookFromFile(String fileId, String bookId) {&#10;        if (bookId == null) {&#10;            throw new NullPointerException(&quot;bookId == null&quot;);&#10;        }&#10;&#10;        AppFile appFile = getAppFile(fileId);&#10;&#10;        appFile.removeBook(bookId);&#10;    }&#10;&#10;    /**&#10;     * Returns, whether or not the {@link AppFile} with the given id, is in it's&#10;     * modified state.&#10;     * &#10;     * @param fileId&#10;     *            the id of the {@link AppFile}.&#10;     * @return the modified state of the {@link AppFile}.&#10;     */&#10;    public boolean isFileModified(String fileId) {&#10;        AppFile appFile = getAppFile(fileId);&#10;&#10;        return appFile.isModified();&#10;    }&#10;&#10;    /**&#10;     * Gets the previously set path used to save the {@link AppFile}.&#10;     * &#10;     * @param fileId&#10;     *            the if of the {@link AppFile}&#10;     * @return the path or &lt;code&gt;null&lt;/code&gt;, if the {@link AppFile} was&#10;     *         never saved before.&#10;     */&#10;    public String getPathOfFile(String fileId) {&#10;        AppFile appFile = getAppFile(fileId);&#10;&#10;        return appFile.getPath();&#10;    }&#10;&#10;    /**&#10;     * Adds the given {@link AppModelModifyListener} to the {@link AppFile} with&#10;     * the given id.&#10;     * &#10;     * @param fileId&#10;     *            the id of the {@link AppFile}.&#10;     * @param listener&#10;     *            the given {@link AppModelModifyListener}&#10;     */&#10;    public void addAppModelModifyListenerToFile(String fileId,&#10;            AppModelModifyListener listener) {&#10;        if (listener == null) {&#10;            throw new NullPointerException(&quot;listener == null&quot;);&#10;        }&#10;&#10;        AppFile appFile = getAppFile(fileId);&#10;&#10;        appFile.addAppModelModifyListener(listener);&#10;    }&#10;&#10;    /**&#10;     * Removes the given {@link AppModelModifyListener} from the {@link AppFile}&#10;     * with the given id.&#10;     * &#10;     * @param fileId&#10;     *            the id of the {@link AppFile}.&#10;     * @param listener&#10;     *            the given {@link AppModelModifyListener}&#10;     */&#10;    public void removeAppModelModifyListener(String fileId,&#10;            AppModelModifyListener listener) {&#10;        if (listener == null) {&#10;            throw new NullPointerException(&quot;listener == null&quot;);&#10;        }&#10;&#10;        AppFile appFile = getAppFile(fileId);&#10;&#10;        appFile.removeAppModelModifyListener(listener);&#10;    }&#10;&#10;    /**&#10;     * Gets the {@link AppFile} with the given id and handles all exceptions&#10;     * &#10;     * @param fileId&#10;     *            the id of the {@link AppFile}&#10;     * @return the {@link AppFile};&#10;     */&#10;    private AppFile getAppFile(String fileId) {&#10;        if (fileId == null) {&#10;            throw new NullPointerException(&quot;fileId == null&quot;);&#10;        }&#10;&#10;        AppFile appFile = this.appFiles.get(fileId);&#10;&#10;        if (appFile == null) {&#10;            throw new IllegalArgumentException(&#10;                    &quot;No file with the given id in the model!&quot;);&#10;        }&#10;        return appFile;&#10;    }&#10;&#10;    /**&#10;     * @author Markus Wittlinger&#10;     * @version 1.0 ($Id$)&#10;     */&#10;    public interface AppModelModifyListener {&#10;        /**&#10;         * Notifies, that the modified state of the {@link AppFile} with the&#10;         * given id, has changed.&#10;         * &#10;         * @param fileId&#10;         *            the id of the {@link AppFile}.&#10;         * @param modified&#10;         *            the new modified state of {@link AppFile}.&#10;         */&#10;        public void appFileModified(String fileId, boolean modified);&#10;    }&#10;}&#10;" Filename="AppModel.java" Intrnl_Id="4"/>
<SrcFile Content="package org.codecover.simplejavaapp.model;&#10;&#10;import java.io.File;&#10;import java.io.FileOutputStream;&#10;import java.io.IOException;&#10;import java.util.Collection;&#10;import java.util.Comparator;&#10;import java.util.Iterator;&#10;import java.util.LinkedList;&#10;import java.util.List;&#10;import java.util.Map;&#10;import java.util.TreeMap;&#10;import java.util.UUID;&#10;&#10;import javax.xml.parsers.DocumentBuilder;&#10;import javax.xml.parsers.DocumentBuilderFactory;&#10;import javax.xml.parsers.ParserConfigurationException;&#10;import javax.xml.transform.OutputKeys;&#10;import javax.xml.transform.Transformer;&#10;import javax.xml.transform.TransformerException;&#10;import javax.xml.transform.TransformerFactory;&#10;import javax.xml.transform.dom.DOMSource;&#10;import javax.xml.transform.stream.StreamResult;&#10;&#10;import org.codecover.simplejavaapp.model.AppModel.AppModelModifyListener;&#10;import org.codecover.simplejavaapp.model.Book.BookModifyListener;&#10;import org.w3c.dom.Document;&#10;import org.w3c.dom.Element;&#10;import org.w3c.dom.Node;&#10;import org.w3c.dom.NodeList;&#10;import org.xml.sax.SAXException;&#10;&#10;/**&#10; * @author Markus Wittlinger&#10; * @version 1.0 ($Id$)&#10; */&#10;public class AppFile {&#10;    private final String id;&#10;&#10;    private final Map&lt;String, Book&gt; books;&#10;&#10;    private final BookListener bookListener;&#10;&#10;    private final List&lt;AppModelModifyListener&gt; modifyListener;&#10;&#10;    private boolean modified = false;&#10;&#10;    private String path;&#10;&#10;    /**&#10;     * Constructor.&#10;     */&#10;    private AppFile() {&#10;        this.id = UUID.randomUUID().toString();&#10;        this.bookListener = new BookListener();&#10;        this.books = new TreeMap&lt;String, Book&gt;(new Comparator&lt;String&gt;() {&#10;            public int compare(String o1, String o2) {&#10;                return o1.compareTo(o2);&#10;            }&#10;        });&#10;        this.modifyListener = new LinkedList&lt;AppModelModifyListener&gt;();&#10;    }&#10;&#10;    /**&#10;     * Creates and returns a new {@link AppFile}.&#10;     * &#10;     * @return the new {@link AppFile}.&#10;     */&#10;    static AppFile newFile() {&#10;        return new AppFile();&#10;    }&#10;&#10;    /**&#10;     * Gets all {@link Book Books} contained in this {@link AppFile}.&#10;     * &#10;     * @return the {@link Collection} of books.&#10;     */&#10;    List&lt;Book&gt; getBooks() {&#10;        return new LinkedList&lt;Book&gt;(this.books.values());&#10;    }&#10;&#10;    /**&#10;     * Gets the {@link Book} with the given id.&#10;     * &#10;     * @param id&#10;     *            the given id.&#10;     * @return the {@link Book} with the given id, or &lt;code&gt;null&lt;/code&gt;, if&#10;     *         no such book existed.&#10;     */&#10;    Book getBook(String id) {&#10;        return this.books.get(id);&#10;    }&#10;&#10;    /**&#10;     * Adds the given {@link Book} to this {@link AppFile}&#10;     * &#10;     * @param book&#10;     *            the given {@link Book}, that is to be added.&#10;     */&#10;    void addBook(Book book) {&#10;        this.books.put(book.getId(), book);&#10;        book.setBookModifyListener(this.bookListener);&#10;&#10;        setModified(true);&#10;    }&#10;&#10;    /**&#10;     * Removes the {@link Book} with the given id.&#10;     * &#10;     * @param bookId&#10;     *            the id of the book {@link Book}.&#10;     */&#10;    void removeBook(String bookId) {&#10;        this.books.remove(bookId);&#10;&#10;        setModified(true);&#10;    }&#10;&#10;    /**&#10;     * Gets the id of this {@link AppFile}.&#10;     * &#10;     * @return the id.&#10;     */&#10;    String getId() {&#10;        return this.id;&#10;    }&#10;&#10;    /**&#10;     * Gets the modified.&#10;     * &#10;     * @return the modified&#10;     */&#10;    boolean isModified() {&#10;        return this.modified;&#10;    }&#10;&#10;    /**&#10;     * Sets the modified.&#10;     * &#10;     * @param modified&#10;     *            the modified to set&#10;     */&#10;    void setModified(boolean modified) {&#10;        this.modified = modified;&#10;        notifyListeners();&#10;    }&#10;&#10;    /**&#10;     * Adds the given {@link AppModelModifyListener} to the list of listeners&#10;     * &#10;     * @param listener&#10;     *            the given {@link AppModelModifyListener}&#10;     */&#10;    void addAppModelModifyListener(AppModelModifyListener listener) {&#10;        this.modifyListener.add(listener);&#10;    }&#10;&#10;    /**&#10;     * Removes the given {@link AppModelModifyListener} from the list of&#10;     * listeners&#10;     * &#10;     * @param listener&#10;     *            the given {@link AppModelModifyListener}&#10;     */&#10;    void removeAppModelModifyListener(AppModelModifyListener listener) {&#10;        this.modifyListener.remove(listener);&#10;    }&#10;&#10;    private void notifyListeners() {&#10;        for (AppModelModifyListener listener : this.modifyListener) {&#10;            listener.appFileModified(getId(), isModified());&#10;        }&#10;    }&#10;&#10;    /**&#10;     * Sets the path.&#10;     * &#10;     * @param path&#10;     *            the path to set&#10;     */&#10;    private void setPath(String path) {&#10;        this.path = path;&#10;        notifyListeners();&#10;    }&#10;&#10;    /**&#10;     * Gets the path.&#10;     * &#10;     * @return the path&#10;     */&#10;    String getPath() {&#10;        return this.path;&#10;    }&#10;&#10;    /**&#10;     * Saves this {@link AppFile} as a XML file to the given location.&#10;     * &#10;     * @param file&#10;     *            the given location.&#10;     * @throws ParserConfigurationException&#10;     * @throws TransformerException&#10;     * @throws IOException&#10;     */&#10;    void saveAppFile(File file) throws ParserConfigurationException,&#10;            TransformerException, IOException {&#10;        Document xmlDoc = null;&#10;        DocumentBuilderFactory docBFac;&#10;        DocumentBuilder docBuild;&#10;&#10;        docBFac = DocumentBuilderFactory.newInstance();&#10;        docBFac.setNamespaceAware(true);&#10;        docBuild = docBFac.newDocumentBuilder();&#10;        xmlDoc = docBuild.newDocument();&#10;&#10;        if (xmlDoc != null) {&#10;            Element documentElement = xmlDoc.createElement(&quot;SimpleJavaApp&quot;);&#10;            xmlDoc.appendChild(documentElement);&#10;&#10;            Element bookListElement = xmlDoc.createElement(&quot;BookList&quot;);&#10;&#10;            for (Book book : getBooks()) {&#10;                bookListElement.appendChild(book.getXMLRepresentation(xmlDoc));&#10;            }&#10;&#10;            documentElement.appendChild(bookListElement);&#10;        }&#10;&#10;        FileOutputStream out = new FileOutputStream(file);&#10;        try {&#10;            DOMSource domSource = new DOMSource(xmlDoc);&#10;            StreamResult streamResult = new StreamResult(out);&#10;            TransformerFactory tf = TransformerFactory.newInstance();&#10;            Transformer serializer = tf.newTransformer();&#10;            serializer.setOutputProperty(OutputKeys.ENCODING, &quot;UTF-8&quot;);&#10;            serializer.setOutputProperty(OutputKeys.INDENT, &quot;yes&quot;);&#10;            serializer.transform(domSource, streamResult);&#10;            out.flush();&#10;&#10;            /*&#10;             * All saving operations were successful, so the AppFile can be set&#10;             * to 'not modified'.&#10;             */&#10;            this.setModified(false);&#10;            this.setPath(file.getAbsolutePath());&#10;        } finally {&#10;            out.close();&#10;        }&#10;    }&#10;&#10;    /**&#10;     * Loads an {@link AppFile} from the given location.&#10;     * &#10;     * @param file&#10;     *            the location of the persistently saved {@link AppFile}&#10;     * @return the read {@link AppFile}.&#10;     * @throws ParserConfigurationException&#10;     * @throws SAXException&#10;     * @throws IOException&#10;     */&#10;    static AppFile loadAppFile(File file) throws ParserConfigurationException,&#10;            SAXException, IOException {&#10;        AppFile appFile = AppFile.newFile();&#10;&#10;        DocumentBuilderFactory factory = DocumentBuilderFactory.newInstance();&#10;        factory.setNamespaceAware(true);&#10;        DocumentBuilder DocumentBuilder = factory.newDocumentBuilder();&#10;        Document xmlDoc = DocumentBuilder.parse(file);&#10;&#10;        Element element = xmlDoc.getDocumentElement();&#10;&#10;        NodeListIterable nodeListIterable = appFile.new NodeListIterable(&#10;                element.getElementsByTagName(&quot;BookList&quot;));&#10;        for (Node node : nodeListIterable) {&#10;            for (Node subNode : appFile.new NodeListIterable(((Element) node)&#10;                    .getElementsByTagName(&quot;Book&quot;))) {&#10;                appFile.addBook(Book.getBookFromXML((Element) subNode));&#10;            }&#10;        }&#10;&#10;        appFile.setModified(false);&#10;        appFile.setPath(file.getAbsolutePath());&#10;&#10;        return appFile;&#10;    }&#10;&#10;    private final class NodeListIterable implements Iterable&lt;Node&gt; {&#10;        private final List&lt;Node&gt; list;&#10;&#10;        /**&#10;         * Initializes this class with the {@link NodeList} it is supposed to&#10;         * encapsulate.&#10;         * &#10;         * @param nodeList&#10;         *            the {@link NodeList} to encapsulate.&#10;         */&#10;        public NodeListIterable(NodeList nodeList) {&#10;            this.list = new LinkedList&lt;Node&gt;();&#10;&#10;            for (int i = 0; i &lt; nodeList.getLength(); i++) {&#10;                this.list.add(nodeList.item(i));&#10;            }&#10;        }&#10;&#10;        /**&#10;         * (non-Javadoc)&#10;         * &#10;         * @see java.lang.Iterable#iterator()&#10;         */&#10;        public Iterator&lt;Node&gt; iterator() {&#10;            return this.list.iterator();&#10;        }&#10;    }&#10;&#10;    private final class BookListener implements BookModifyListener {&#10;&#10;        /**&#10;         * (non-Javadoc)&#10;         * &#10;         * @see org.codecover.simplejavaapp.model.Book.BookModifyListener#stateModified()&#10;         */&#10;        public void stateModified() {&#10;            AppFile.this.setModified(true);&#10;        }&#10;    }&#10;}&#10;" Filename="AppFile.java" Intrnl_Id="5"/>
<SrcFile Content="package org.codecover.simplejavaapp.controller;&#10;&#10;import java.io.File;&#10;import java.io.IOException;&#10;&#10;import javax.swing.JOptionPane;&#10;import javax.xml.parsers.ParserConfigurationException;&#10;import javax.xml.transform.TransformerException;&#10;&#10;import org.codecover.simplejavaapp.model.AppModel;&#10;import org.codecover.simplejavaapp.model.Book;&#10;import org.codecover.simplejavaapp.view.AppView;&#10;import org.codecover.simplejavaapp.view.AppView.ViewListener;&#10;import org.xml.sax.SAXException;&#10;&#10;/**&#10; * @author Markus Wittlinger&#10; * @version 1.0 ($Id$)&#10; */&#10;public class AppController {&#10;    private static final AppModel model = AppModel.getInstance();&#10;&#10;    private static final AppView view = AppView.getInstance();&#10;&#10;    private static AppController instance;&#10;&#10;    /**&#10;     * Singleton-Pattern method to get the instance of {@link AppController}.&#10;     * &#10;     * @return the instance of the {@link AppController}&#10;     */&#10;    public static AppController getInstance() {&#10;        if (instance == null) {&#10;            instance = new AppController();&#10;        }&#10;&#10;        return instance;&#10;    }&#10;&#10;    private AppController() {&#10;        view.adViewListener(new AppViewListener());&#10;    }&#10;&#10;    /**&#10;     * Opens the application in its initial state.&#10;     */&#10;    public static void initialize() {&#10;        AppController appController = AppController.getInstance();&#10;&#10;        appController.onOpenNewWindow();&#10;    }&#10;&#10;    private void onOpenNewWindow() {&#10;        String fileId = model.newFile();&#10;&#10;        view.openWindow(fileId);&#10;    }&#10;&#10;    private void onNewBook(String fileId) {&#10;        Book book = new Book();&#10;&#10;        model.addBookToFile(fileId, book);&#10;    }&#10;&#10;    private boolean onCloseWindow(String fileId) {&#10;        if (model.isFileModified(fileId)) {&#10;            int result = view.showConfirmationDialog(&#10;                    &quot;The file has modifications. Save before proceeding?&quot;,&#10;                    fileId);&#10;&#10;            switch (result) {&#10;                case JOptionPane.YES_OPTION:&#10;                    if (!onSave(fileId)) {&#10;                        /* Saving was aborted or failed, so we don't proceed */&#10;                        return false;&#10;                    }&#10;                    break;&#10;                case JOptionPane.NO_OPTION:&#10;                    break;&#10;                case JOptionPane.CANCEL_OPTION:&#10;                    /* Saving was aborted or failed, so we don't proceed */&#10;                    return false;&#10;            }&#10;        }&#10;&#10;        view.closeWindow(fileId);&#10;        model.closeFile(fileId, true);&#10;        return true;&#10;    }&#10;&#10;    private void onDelete(String fileId, String[] bookIds) {&#10;        if(bookIds.length == 0) {&#10;            return;&#10;        }&#10;        &#10;        int result = view.showConfirmationDialog(&#10;                &quot;Are you sure you want to delete these books?&quot;, fileId);&#10;        switch (result) {&#10;            case JOptionPane.YES_OPTION:&#10;                for (String bookId : bookIds) {&#10;                    model.removeBookFromFile(fileId, bookId);&#10;                }&#10;                break;&#10;            case JOptionPane.NO_OPTION:&#10;            case JOptionPane.CANCEL_OPTION:&#10;        }&#10;    }&#10;&#10;    private void onOpen(String fileId) {&#10;        if (model.isFileModified(fileId)) {&#10;            int result = view.showConfirmationDialog(&#10;                    &quot;The file has modifications. Save before proceeding?&quot;,&#10;                    fileId);&#10;&#10;            switch (result) {&#10;                case JOptionPane.YES_OPTION:&#10;                    if (!onSave(fileId)) {&#10;                        /* Saving was aborted or failed, so we don't proceed */&#10;                        return;&#10;                    }&#10;                    break;&#10;                case JOptionPane.NO_OPTION:&#10;                    break;&#10;                case JOptionPane.CANCEL_OPTION:&#10;                    /* Saving was aborted or failed, so we don't proceed */&#10;                    return;&#10;            }&#10;        }&#10;&#10;        String path = view.showOpenDialog(fileId);&#10;&#10;        if (path == null) {&#10;            return;&#10;        }&#10;&#10;        try {&#10;            String newFileId = model.loadFile(new File(path));&#10;&#10;            view.openFileInWindow(fileId, newFileId);&#10;            model.closeFile(fileId, true);&#10;        } catch (ParserConfigurationException e) {&#10;            view.showErrorDialog(&quot;Error loading file&quot;, fileId);&#10;        } catch (SAXException e) {&#10;            view.showErrorDialog(&quot;Error loading file&quot;, fileId);&#10;        } catch (IOException e) {&#10;            view.showErrorDialog(&quot;Error loading file&quot;, fileId);&#10;        }&#10;    }&#10;&#10;    private void onQuit(String fileId, String[] allFileIds) {&#10;        for (String id : allFileIds) {&#10;            if (!onCloseWindow(id)) {&#10;                return;&#10;            }&#10;        }&#10;&#10;        /* All windows were closed so we can exit the application. */&#10;        System.exit(0);&#10;    }&#10;&#10;    private boolean onSave(String fileId) {&#10;        String path = model.getPathOfFile(fileId);&#10;&#10;        if (path == null) {&#10;            return onSaveAs(fileId);&#10;        } else {&#10;            save(fileId, new File(path));&#10;            return true;&#10;        }&#10;    }&#10;&#10;    private boolean onSaveAs(String fileId) {&#10;        String path = view.showSaveAsDialog(fileId);&#10;&#10;        if (path == null) {&#10;            return false;&#10;        } else {&#10;            save(fileId, new File(path));&#10;            return true;&#10;        }&#10;    }&#10;&#10;    private void save(String fileId, File file) {&#10;        try {&#10;            model.saveFile(fileId, file);&#10;        } catch (ParserConfigurationException e) {&#10;            view.showErrorDialog(&quot;Error saving file&quot;, fileId);&#10;        } catch (TransformerException e) {&#10;            view.showErrorDialog(&quot;Error saving file&quot;, fileId);&#10;        } catch (IOException e) {&#10;            view.showErrorDialog(&quot;Error saving file&quot;, fileId);&#10;        }&#10;    }&#10;&#10;    private final class AppViewListener implements ViewListener {&#10;&#10;        /**&#10;         * (non-Javadoc)&#10;         * &#10;         * @see org.codecover.simplejavaapp.view.AppView.ViewListener#update(org.codecover.simplejavaapp.view.AppView.ViewListener.ViewEvent,&#10;         *      java.lang.String, java.lang.Object)&#10;         */&#10;        public void update(ViewEvent viewEvent, String fileId, Object args) {&#10;            switch (viewEvent) {&#10;                case EVENT_CLOSE_WINDOW:&#10;                    onCloseWindow(fileId);&#10;                    break;&#10;                case EVENT_DELETE:&#10;                    onDelete(fileId, (String[]) args);&#10;                    break;&#10;                case EVENT_NEW_BOOK:&#10;                    onNewBook(fileId);&#10;                    break;&#10;                case EVENT_NEW_WINDOW:&#10;                    onOpenNewWindow();&#10;                    break;&#10;                case EVENT_OPEN:&#10;                    onOpen(fileId);&#10;                    break;&#10;                case EVENT_QUIT:&#10;                    onQuit(fileId, (String[]) args);&#10;                    break;&#10;                case EVENT_SAVE:&#10;                    onSave(fileId);&#10;                    break;&#10;                case EVENT_SAVE_AS:&#10;                    onSaveAs(fileId);&#10;                    break;&#10;            }&#10;        }&#10;    }&#10;}&#10;" Filename="AppController.java" Intrnl_Id="6"/>
<SrcFile Content="package org.codecover.simplejavaapp;&#10;&#10;import org.codecover.simplejavaapp.controller.AppController;&#10;&#10;/**&#10; * @author Markus Wittlinger&#10; * @version 1.0 ($Id$)&#10; */&#10;public class SimpleJavaApp {&#10;    final static boolean thisIsAMac = System.getProperty(&quot;mrj.version&quot;) != null;&#10;&#10;    /**&#10;     * @param args&#10;     */&#10;    public static void main(String[] args) {&#10;        if (thisIsAMac) {&#10;            System.setProperty(&quot;apple.laf.useScreenMenuBar&quot;, &quot;true&quot;);&#10;        }&#10;        &#10;        AppController.initialize();&#10;    }&#10;}&#10;" Filename="SimpleJavaApp.java" Intrnl_Id="7"/>
</SrcFileList>
<CritList>
<CritListEntry Name="org.codecover.model.utils.criteria.LoopCoverage" PluginName="org.codecover"/>
<CritListEntry Name="org.codecover.model.utils.criteria.BranchCoverage" PluginName="org.codecover"/>
<CritListEntry Name="org.codecover.model.utils.criteria.ConditionCoverage" PluginName="org.codecover"/>
<CritListEntry Name="org.codecover.model.utils.criteria.StatementCoverage" PluginName="org.codecover"/>
</CritList>
<BoolOpList>
<BoolOp Arity="1" Intrnl_Id="8" Name="not (!)">
<BoolAssgnmntBoolMapList>
<MapEntry BoolAssgnmnt="0" Value="true"/>
<MapEntry BoolAssgnmnt="1" Value="false"/>
</BoolAssgnmntBoolMapList>
</BoolOp>
<BoolOp Arity="2" Intrnl_Id="9" Name="conditional and (&amp;&amp;)">
<BoolAssgnmntBoolMapList>
<MapEntry BoolAssgnmnt="10" Value="false"/>
<MapEntry BoolAssgnmnt="02" Value="false"/>
<MapEntry BoolAssgnmnt="11" Value="true"/>
</BoolAssgnmntBoolMapList>
</BoolOp>
</BoolOpList>
<HierarchyLvlTypeList>
<HierarchyLvlType EnglishName="enumeration" IntrnlName="enum" Intrnl_Id="10"/>
<HierarchyLvlType EnglishName="package" IntrnlName="package" Intrnl_Id="11"/>
<HierarchyLvlType EnglishName="class" IntrnlName="class" Intrnl_Id="12"/>
<HierarchyLvlType EnglishName="method" IntrnlName="method" Intrnl_Id="13"/>
<HierarchyLvlType EnglishName="default package" IntrnlName="default package" Intrnl_Id="14"/>
<HierarchyLvlType EnglishName="interface" IntrnlName="interface" Intrnl_Id="15"/>
<HierarchyLvlType EnglishName="anonymous class" IntrnlName="class" Intrnl_Id="16"/>
</HierarchyLvlTypeList>
<MASTRoot>
<HierarchyLvl HierarchyLvlId="457" HierarchyLvlTypeId="14" Intrnl_Id="17" Name="default package">
<Header/>
<LocList/>
<HierarchyLvl HierarchyLvlId="456" HierarchyLvlTypeId="11" Intrnl_Id="18" Name="org">
<Header/>
<LocList/>
<HierarchyLvl HierarchyLvlId="455" HierarchyLvlTypeId="11" Intrnl_Id="19" Name="codecover">
<Header/>
<LocList/>
<HierarchyLvl HierarchyLvlId="454" HierarchyLvlTypeId="11" Intrnl_Id="20" Name="simplejavaapp">
<Header/>
<LocList/>
<HierarchyLvl HierarchyLvlId="451" HierarchyLvlTypeId="11" Intrnl_Id="21" Name="view">
<Header/>
<LocList/>
<HierarchyLvl HierarchyLvlId="354" HierarchyLvlTypeId="12" Intrnl_Id="22" Name="FrameMain">
<Header>
<Loc EndOffset="987" SrcFileId="1" StartOffset="922"/>
</Header>
<LocList>
<Loc EndOffset="9591" SrcFileId="1" StartOffset="922"/>
<Loc EndOffset="10339" SrcFileId="1" StartOffset="10333"/>
<Loc EndOffset="13301" SrcFileId="1" StartOffset="13299"/>
</LocList>
<StmntSeq Intrnl_Id="23">
<LocList>
<Loc EndOffset="1232" SrcFileId="1" StartOffset="994"/>
<Loc EndOffset="1299" SrcFileId="1" StartOffset="1238"/>
<Loc EndOffset="1363" SrcFileId="1" StartOffset="1305"/>
<Loc EndOffset="1466" SrcFileId="1" StartOffset="1424"/>
<Loc EndOffset="2020" SrcFileId="1" StartOffset="2019"/>
<Loc EndOffset="2066" SrcFileId="1" StartOffset="2026"/>
<Loc EndOffset="2519" SrcFileId="1" StartOffset="2518"/>
<Loc EndOffset="2569" SrcFileId="1" StartOffset="2525"/>
<Loc EndOffset="2945" SrcFileId="1" StartOffset="2944"/>
<Loc EndOffset="2990" SrcFileId="1" StartOffset="2951"/>
<Loc EndOffset="3406" SrcFileId="1" StartOffset="3405"/>
<Loc EndOffset="3449" SrcFileId="1" StartOffset="3412"/>
<Loc EndOffset="3802" SrcFileId="1" StartOffset="3801"/>
<Loc EndOffset="3845" SrcFileId="1" StartOffset="3808"/>
<Loc EndOffset="4214" SrcFileId="1" StartOffset="4213"/>
<Loc EndOffset="4257" SrcFileId="1" StartOffset="4220"/>
<Loc EndOffset="4622" SrcFileId="1" StartOffset="4621"/>
<Loc EndOffset="4667" SrcFileId="1" StartOffset="4628"/>
<Loc EndOffset="5164" SrcFileId="1" StartOffset="5163"/>
<Loc EndOffset="5224" SrcFileId="1" StartOffset="5170"/>
<Loc EndOffset="5457" SrcFileId="1" StartOffset="5456"/>
</LocList>
<BasicStmnt CovItemId="S1" CovItemPrefix="org.codecover.simplejavaapp.view.FrameMain.java" Intrnl_Id="24">
<LocList>
<Loc EndOffset="1232" SrcFileId="1" StartOffset="994"/>
</LocList>
</BasicStmnt>
<BasicStmnt CovItemId="S2" CovItemPrefix="org.codecover.simplejavaapp.view.FrameMain.java" Intrnl_Id="25">
<LocList>
<Loc EndOffset="1299" SrcFileId="1" StartOffset="1238"/>
</LocList>
</BasicStmnt>
<BasicStmnt CovItemId="S3" CovItemPrefix="org.codecover.simplejavaapp.view.FrameMain.java" Intrnl_Id="26">
<LocList>
<Loc EndOffset="1363" SrcFileId="1" StartOffset="1305"/>
</LocList>
</BasicStmnt>
<BasicStmnt CovItemId="S4" CovItemPrefix="org.codecover.simplejavaapp.view.FrameMain.java" Intrnl_Id="27">
<LocList>
<Loc EndOffset="1466" SrcFileId="1" StartOffset="1424"/>
<Loc EndOffset="2020" SrcFileId="1" StartOffset="2019"/>
</LocList>
</BasicStmnt>
<BasicStmnt CovItemId="S6" CovItemPrefix="org.codecover.simplejavaapp.view.FrameMain.java" Intrnl_Id="28">
<LocList>
<Loc EndOffset="2066" SrcFileId="1" StartOffset="2026"/>
<Loc EndOffset="2519" SrcFileId="1" StartOffset="2518"/>
</LocList>
</BasicStmnt>
<BasicStmnt CovItemId="S8" CovItemPrefix="org.codecover.simplejavaapp.view.FrameMain.java" Intrnl_Id="29">
<LocList>
<Loc EndOffset="2569" SrcFileId="1" StartOffset="2525"/>
<Loc EndOffset="2945" SrcFileId="1" StartOffset="2944"/>
</LocList>
</BasicStmnt>
<BasicStmnt CovItemId="S10" CovItemPrefix="org.codecover.simplejavaapp.view.FrameMain.java" Intrnl_Id="30">
<LocList>
<Loc EndOffset="2990" SrcFileId="1" StartOffset="2951"/>
<Loc EndOffset="3406" SrcFileId="1" StartOffset="3405"/>
</LocList>
</BasicStmnt>
<BasicStmnt CovItemId="S12" CovItemPrefix="org.codecover.simplejavaapp.view.FrameMain.java" Intrnl_Id="31">
<LocList>
<Loc EndOffset="3449" SrcFileId="1" StartOffset="3412"/>
<Loc EndOffset="3802" SrcFileId="1" StartOffset="3801"/>
</LocList>
</BasicStmnt>
<BasicStmnt CovItemId="S14" CovItemPrefix="org.codecover.simplejavaapp.view.FrameMain.java" Intrnl_Id="32">
<LocList>
<Loc EndOffset="3845" SrcFileId="1" StartOffset="3808"/>
<Loc EndOffset="4214" SrcFileId="1" StartOffset="4213"/>
</LocList>
</BasicStmnt>
<BasicStmnt CovItemId="S16" CovItemPrefix="org.codecover.simplejavaapp.view.FrameMain.java" Intrnl_Id="33">
<LocList>
<Loc EndOffset="4257" SrcFileId="1" StartOffset="4220"/>
<Loc EndOffset="4622" SrcFileId="1" StartOffset="4621"/>
</LocList>
</BasicStmnt>
<BasicStmnt CovItemId="S18" CovItemPrefix="org.codecover.simplejavaapp.view.FrameMain.java" Intrnl_Id="34">
<LocList>
<Loc EndOffset="4667" SrcFileId="1" StartOffset="4628"/>
<Loc EndOffset="5164" SrcFileId="1" StartOffset="5163"/>
</LocList>
</BasicStmnt>
<BasicStmnt CovItemId="S20" CovItemPrefix="org.codecover.simplejavaapp.view.FrameMain.java" Intrnl_Id="35">
<LocList>
<Loc EndOffset="5224" SrcFileId="1" StartOffset="5170"/>
<Loc EndOffset="5457" SrcFileId="1" StartOffset="5456"/>
</LocList>
</BasicStmnt>
</StmntSeq>
<HierarchyLvl HierarchyLvlId="317" HierarchyLvlTypeId="16" Intrnl_Id="36" Name="AppAction">
<Header>
<Loc EndOffset="1640" SrcFileId="1" StartOffset="1470"/>
</Header>
<LocList>
<Loc EndOffset="2019" SrcFileId="1" StartOffset="1466"/>
</LocList>
<HierarchyLvl HierarchyLvlId="316" HierarchyLvlTypeId="13" Intrnl_Id="37" Name="actionPerformed">
<Header>
<Loc EndOffset="1845" SrcFileId="1" StartOffset="1803"/>
</Header>
<LocList>
<Loc EndOffset="2013" SrcFileId="1" StartOffset="1803"/>
</LocList>
<StmntSeq Intrnl_Id="38">
<LocList>
<Loc EndOffset="2003" SrcFileId="1" StartOffset="1860"/>
</LocList>
<BasicStmnt CovItemId="S5" CovItemPrefix="org.codecover.simplejavaapp.view.FrameMain.java" Intrnl_Id="39">
<LocList>
<Loc EndOffset="2003" SrcFileId="1" StartOffset="1860"/>
</LocList>
</BasicStmnt>
</StmntSeq>
</HierarchyLvl>
</HierarchyLvl>
<HierarchyLvl HierarchyLvlId="319" HierarchyLvlTypeId="16" Intrnl_Id="40" Name="AppAction">
<Header>
<Loc EndOffset="2292" SrcFileId="1" StartOffset="2070"/>
</Header>
<LocList>
<Loc EndOffset="2518" SrcFileId="1" StartOffset="2066"/>
</LocList>
<HierarchyLvl HierarchyLvlId="318" HierarchyLvlTypeId="13" Intrnl_Id="41" Name="actionPerformed">
<Header>
<Loc EndOffset="2346" SrcFileId="1" StartOffset="2304"/>
</Header>
<LocList>
<Loc EndOffset="2512" SrcFileId="1" StartOffset="2304"/>
</LocList>
<StmntSeq Intrnl_Id="42">
<LocList>
<Loc EndOffset="2502" SrcFileId="1" StartOffset="2361"/>
</LocList>
<BasicStmnt CovItemId="S7" CovItemPrefix="org.codecover.simplejavaapp.view.FrameMain.java" Intrnl_Id="43">
<LocList>
<Loc EndOffset="2502" SrcFileId="1" StartOffset="2361"/>
</LocList>
</BasicStmnt>
</StmntSeq>
</HierarchyLvl>
</HierarchyLvl>
<HierarchyLvl HierarchyLvlId="321" HierarchyLvlTypeId="16" Intrnl_Id="44" Name="AppAction">
<Header>
<Loc EndOffset="2714" SrcFileId="1" StartOffset="2573"/>
</Header>
<LocList>
<Loc EndOffset="2944" SrcFileId="1" StartOffset="2569"/>
</LocList>
<HierarchyLvl HierarchyLvlId="320" HierarchyLvlTypeId="13" Intrnl_Id="45" Name="actionPerformed">
<Header>
<Loc EndOffset="2768" SrcFileId="1" StartOffset="2726"/>
</Header>
<LocList>
<Loc EndOffset="2938" SrcFileId="1" StartOffset="2726"/>
</LocList>
<StmntSeq Intrnl_Id="46">
<LocList>
<Loc EndOffset="2928" SrcFileId="1" StartOffset="2783"/>
</LocList>
<BasicStmnt CovItemId="S9" CovItemPrefix="org.codecover.simplejavaapp.view.FrameMain.java" Intrnl_Id="47">
<LocList>
<Loc EndOffset="2928" SrcFileId="1" StartOffset="2783"/>
</LocList>
</BasicStmnt>
</StmntSeq>
</HierarchyLvl>
</HierarchyLvl>
<HierarchyLvl HierarchyLvlId="323" HierarchyLvlTypeId="16" Intrnl_Id="48" Name="AppAction">
<Header>
<Loc EndOffset="3152" SrcFileId="1" StartOffset="2994"/>
</Header>
<LocList>
<Loc EndOffset="3405" SrcFileId="1" StartOffset="2990"/>
</LocList>
<HierarchyLvl HierarchyLvlId="322" HierarchyLvlTypeId="13" Intrnl_Id="49" Name="actionPerformed">
<Header>
<Loc EndOffset="3206" SrcFileId="1" StartOffset="3164"/>
</Header>
<LocList>
<Loc EndOffset="3399" SrcFileId="1" StartOffset="3164"/>
</LocList>
<StmntSeq Intrnl_Id="50">
<LocList>
<Loc EndOffset="3389" SrcFileId="1" StartOffset="3221"/>
</LocList>
<BasicStmnt CovItemId="S11" CovItemPrefix="org.codecover.simplejavaapp.view.FrameMain.java" Intrnl_Id="51">
<LocList>
<Loc EndOffset="3389" SrcFileId="1" StartOffset="3221"/>
</LocList>
</BasicStmnt>
</StmntSeq>
</HierarchyLvl>
</HierarchyLvl>
<HierarchyLvl HierarchyLvlId="325" HierarchyLvlTypeId="16" Intrnl_Id="52" Name="AppAction">
<Header>
<Loc EndOffset="3600" SrcFileId="1" StartOffset="3453"/>
</Header>
<LocList>
<Loc EndOffset="3801" SrcFileId="1" StartOffset="3449"/>
</LocList>
<HierarchyLvl HierarchyLvlId="324" HierarchyLvlTypeId="13" Intrnl_Id="53" Name="actionPerformed">
<Header>
<Loc EndOffset="3654" SrcFileId="1" StartOffset="3612"/>
</Header>
<LocList>
<Loc EndOffset="3795" SrcFileId="1" StartOffset="3612"/>
</LocList>
<StmntSeq Intrnl_Id="54">
<LocList>
<Loc EndOffset="3785" SrcFileId="1" StartOffset="3669"/>
</LocList>
<BasicStmnt CovItemId="S13" CovItemPrefix="org.codecover.simplejavaapp.view.FrameMain.java" Intrnl_Id="55">
<LocList>
<Loc EndOffset="3785" SrcFileId="1" StartOffset="3669"/>
</LocList>
</BasicStmnt>
</StmntSeq>
</HierarchyLvl>
</HierarchyLvl>
<HierarchyLvl HierarchyLvlId="327" HierarchyLvlTypeId="16" Intrnl_Id="56" Name="AppAction">
<Header>
<Loc EndOffset="3986" SrcFileId="1" StartOffset="3849"/>
</Header>
<LocList>
<Loc EndOffset="4213" SrcFileId="1" StartOffset="3845"/>
</LocList>
<HierarchyLvl HierarchyLvlId="326" HierarchyLvlTypeId="13" Intrnl_Id="57" Name="actionPerformed">
<Header>
<Loc EndOffset="4040" SrcFileId="1" StartOffset="3998"/>
</Header>
<LocList>
<Loc EndOffset="4207" SrcFileId="1" StartOffset="3998"/>
</LocList>
<StmntSeq Intrnl_Id="58">
<LocList>
<Loc EndOffset="4197" SrcFileId="1" StartOffset="4055"/>
</LocList>
<BasicStmnt CovItemId="S15" CovItemPrefix="org.codecover.simplejavaapp.view.FrameMain.java" Intrnl_Id="59">
<LocList>
<Loc EndOffset="4197" SrcFileId="1" StartOffset="4055"/>
</LocList>
</BasicStmnt>
</StmntSeq>
</HierarchyLvl>
</HierarchyLvl>
<HierarchyLvl HierarchyLvlId="329" HierarchyLvlTypeId="16" Intrnl_Id="60" Name="AppAction">
<Header>
<Loc EndOffset="4420" SrcFileId="1" StartOffset="4261"/>
</Header>
<LocList>
<Loc EndOffset="4621" SrcFileId="1" StartOffset="4257"/>
</LocList>
<HierarchyLvl HierarchyLvlId="328" HierarchyLvlTypeId="13" Intrnl_Id="61" Name="actionPerformed">
<Header>
<Loc EndOffset="4474" SrcFileId="1" StartOffset="4432"/>
</Header>
<LocList>
<Loc EndOffset="4615" SrcFileId="1" StartOffset="4432"/>
</LocList>
<StmntSeq Intrnl_Id="62">
<LocList>
<Loc EndOffset="4605" SrcFileId="1" StartOffset="4489"/>
</LocList>
<BasicStmnt CovItemId="S17" CovItemPrefix="org.codecover.simplejavaapp.view.FrameMain.java" Intrnl_Id="63">
<LocList>
<Loc EndOffset="4605" SrcFileId="1" StartOffset="4489"/>
</LocList>
</BasicStmnt>
</StmntSeq>
</HierarchyLvl>
</HierarchyLvl>
<HierarchyLvl HierarchyLvlId="331" HierarchyLvlTypeId="16" Intrnl_Id="64" Name="AppAction">
<Header>
<Loc EndOffset="4938" SrcFileId="1" StartOffset="4671"/>
</Header>
<LocList>
<Loc EndOffset="5163" SrcFileId="1" StartOffset="4667"/>
</LocList>
<HierarchyLvl HierarchyLvlId="330" HierarchyLvlTypeId="13" Intrnl_Id="65" Name="actionPerformed">
<Header>
<Loc EndOffset="4992" SrcFileId="1" StartOffset="4950"/>
</Header>
<LocList>
<Loc EndOffset="5157" SrcFileId="1" StartOffset="4950"/>
</LocList>
<StmntSeq Intrnl_Id="66">
<LocList>
<Loc EndOffset="5147" SrcFileId="1" StartOffset="5007"/>
</LocList>
<BasicStmnt CovItemId="S19" CovItemPrefix="org.codecover.simplejavaapp.view.FrameMain.java" Intrnl_Id="67">
<LocList>
<Loc EndOffset="5147" SrcFileId="1" StartOffset="5007"/>
</LocList>
</BasicStmnt>
</StmntSeq>
</HierarchyLvl>
</HierarchyLvl>
<HierarchyLvl HierarchyLvlId="333" HierarchyLvlTypeId="16" Intrnl_Id="68" Name="AppModelModifyListener">
<Header>
<Loc EndOffset="5252" SrcFileId="1" StartOffset="5228"/>
</Header>
<LocList>
<Loc EndOffset="5456" SrcFileId="1" StartOffset="5224"/>
</LocList>
<HierarchyLvl HierarchyLvlId="332" HierarchyLvlTypeId="13" Intrnl_Id="69" Name="appFileModified">
<Header>
<Loc EndOffset="5323" SrcFileId="1" StartOffset="5263"/>
</Header>
<LocList>
<Loc EndOffset="5450" SrcFileId="1" StartOffset="5263"/>
</LocList>
<StmntSeq Intrnl_Id="70">
<LocList>
<Loc EndOffset="5375" SrcFileId="1" StartOffset="5338"/>
<Loc EndOffset="5440" SrcFileId="1" StartOffset="5388"/>
</LocList>
<BasicStmnt CovItemId="S21" CovItemPrefix="org.codecover.simplejavaapp.view.FrameMain.java" Intrnl_Id="71">
<LocList>
<Loc EndOffset="5375" SrcFileId="1" StartOffset="5338"/>
</LocList>
</BasicStmnt>
<BasicStmnt CovItemId="S22" CovItemPrefix="org.codecover.simplejavaapp.view.FrameMain.java" Intrnl_Id="72">
<LocList>
<Loc EndOffset="5440" SrcFileId="1" StartOffset="5388"/>
</LocList>
</BasicStmnt>
</StmntSeq>
</HierarchyLvl>
</HierarchyLvl>
<HierarchyLvl HierarchyLvlId="336" HierarchyLvlTypeId="13" Intrnl_Id="73" Name="FrameMain">
<Header>
<Loc EndOffset="5501" SrcFileId="1" StartOffset="5463"/>
</Header>
<LocList>
<Loc EndOffset="6088" SrcFileId="1" StartOffset="5463"/>
</LocList>
<StmntSeq Intrnl_Id="74">
<LocList>
<Loc EndOffset="5554" SrcFileId="1" StartOffset="5512"/>
<Loc EndOffset="5614" SrcFileId="1" StartOffset="5563"/>
<Loc EndOffset="5646" SrcFileId="1" StartOffset="5623"/>
<Loc EndOffset="5950" SrcFileId="1" StartOffset="5948"/>
<Loc EndOffset="5980" SrcFileId="1" StartOffset="5959"/>
<Loc EndOffset="6013" SrcFileId="1" StartOffset="5990"/>
<Loc EndOffset="6055" SrcFileId="1" StartOffset="6022"/>
<Loc EndOffset="6082" SrcFileId="1" StartOffset="6065"/>
</LocList>
<BasicStmnt CovItemId="S23" CovItemPrefix="org.codecover.simplejavaapp.view.FrameMain.java" Intrnl_Id="75">
<LocList>
<Loc EndOffset="5554" SrcFileId="1" StartOffset="5512"/>
</LocList>
<QMO CovItemId="Q0" CovItemPrefix="org.codecover.simplejavaapp.view.FrameMain.java" Intrnl_Id="76">
<LocList>
<Loc EndOffset="5531" SrcFileId="1" StartOffset="5518"/>
</LocList>
<QMO_E CovItemId="Q0-0" CovItemPrefix="org.codecover.simplejavaapp.view.FrameMain.java" Intrnl_Id="77">
<LocList>
<Loc EndOffset="5544" SrcFileId="1" StartOffset="5534"/>
</LocList>
</QMO_E>
<QMO_E CovItemId="Q0-1" CovItemPrefix="org.codecover.simplejavaapp.view.FrameMain.java" Intrnl_Id="78">
<LocList>
<Loc EndOffset="5552" SrcFileId="1" StartOffset="5547"/>
</LocList>
</QMO_E>
</QMO>
</BasicStmnt>
<BasicStmnt CovItemId="S24" CovItemPrefix="org.codecover.simplejavaapp.view.FrameMain.java" Intrnl_Id="79">
<LocList>
<Loc EndOffset="5614" SrcFileId="1" StartOffset="5563"/>
</LocList>
</BasicStmnt>
<BasicStmnt CovItemId="S25" CovItemPrefix="org.codecover.simplejavaapp.view.FrameMain.java" Intrnl_Id="80">
<LocList>
<Loc EndOffset="5646" SrcFileId="1" StartOffset="5623"/>
<Loc EndOffset="5950" SrcFileId="1" StartOffset="5948"/>
</LocList>
</BasicStmnt>
<BasicStmnt CovItemId="S27" CovItemPrefix="org.codecover.simplejavaapp.view.FrameMain.java" Intrnl_Id="81">
<LocList>
<Loc EndOffset="5980" SrcFileId="1" StartOffset="5959"/>
</LocList>
</BasicStmnt>
<BasicStmnt CovItemId="S28" CovItemPrefix="org.codecover.simplejavaapp.view.FrameMain.java" Intrnl_Id="82">
<LocList>
<Loc EndOffset="6013" SrcFileId="1" StartOffset="5990"/>
</LocList>
</BasicStmnt>
<BasicStmnt CovItemId="S29" CovItemPrefix="org.codecover.simplejavaapp.view.FrameMain.java" Intrnl_Id="83">
<LocList>
<Loc EndOffset="6055" SrcFileId="1" StartOffset="6022"/>
</LocList>
</BasicStmnt>
<BasicStmnt CovItemId="S30" CovItemPrefix="org.codecover.simplejavaapp.view.FrameMain.java" Intrnl_Id="84">
<LocList>
<Loc EndOffset="6082" SrcFileId="1" StartOffset="6065"/>
</LocList>
</BasicStmnt>
</StmntSeq>
<HierarchyLvl HierarchyLvlId="335" HierarchyLvlTypeId="16" Intrnl_Id="85" Name="WindowAdapter">
<Header>
<Loc EndOffset="5665" SrcFileId="1" StartOffset="5650"/>
</Header>
<LocList>
<Loc EndOffset="5948" SrcFileId="1" StartOffset="5646"/>
</LocList>
<HierarchyLvl HierarchyLvlId="334" HierarchyLvlTypeId="13" Intrnl_Id="86" Name="windowClosing">
<Header>
<Loc EndOffset="5742" SrcFileId="1" StartOffset="5680"/>
</Header>
<LocList>
<Loc EndOffset="5938" SrcFileId="1" StartOffset="5680"/>
</LocList>
<StmntSeq Intrnl_Id="87">
<LocList>
<Loc EndOffset="5924" SrcFileId="1" StartOffset="5761"/>
</LocList>
<BasicStmnt CovItemId="S26" CovItemPrefix="org.codecover.simplejavaapp.view.FrameMain.java" Intrnl_Id="88">
<LocList>
<Loc EndOffset="5924" SrcFileId="1" StartOffset="5761"/>
</LocList>
</BasicStmnt>
</StmntSeq>
</HierarchyLvl>
</HierarchyLvl>
</HierarchyLvl>
<HierarchyLvl HierarchyLvlId="337" HierarchyLvlTypeId="13" Intrnl_Id="89" Name="initComponents">
<Header>
<Loc EndOffset="6129" SrcFileId="1" StartOffset="6094"/>
</Header>
<LocList>
<Loc EndOffset="6598" SrcFileId="1" StartOffset="6094"/>
</LocList>
<StmntSeq Intrnl_Id="90">
<LocList>
<Loc EndOffset="6175" SrcFileId="1" StartOffset="6140"/>
<Loc EndOffset="6201" SrcFileId="1" StartOffset="6185"/>
<Loc EndOffset="6226" SrcFileId="1" StartOffset="6210"/>
<Loc EndOffset="6282" SrcFileId="1" StartOffset="6236"/>
<Loc EndOffset="6320" SrcFileId="1" StartOffset="6291"/>
<Loc EndOffset="6371" SrcFileId="1" StartOffset="6329"/>
<Loc EndOffset="6433" SrcFileId="1" StartOffset="6380"/>
<Loc EndOffset="6485" SrcFileId="1" StartOffset="6443"/>
<Loc EndOffset="6592" SrcFileId="1" StartOffset="6496"/>
</LocList>
<BasicStmnt CovItemId="S31" CovItemPrefix="org.codecover.simplejavaapp.view.FrameMain.java" Intrnl_Id="91">
<LocList>
<Loc EndOffset="6175" SrcFileId="1" StartOffset="6140"/>
</LocList>
</BasicStmnt>
<BasicStmnt CovItemId="S32" CovItemPrefix="org.codecover.simplejavaapp.view.FrameMain.java" Intrnl_Id="92">
<LocList>
<Loc EndOffset="6201" SrcFileId="1" StartOffset="6185"/>
</LocList>
</BasicStmnt>
<BasicStmnt CovItemId="S33" CovItemPrefix="org.codecover.simplejavaapp.view.FrameMain.java" Intrnl_Id="93">
<LocList>
<Loc EndOffset="6226" SrcFileId="1" StartOffset="6210"/>
</LocList>
</BasicStmnt>
<BasicStmnt CovItemId="S34" CovItemPrefix="org.codecover.simplejavaapp.view.FrameMain.java" Intrnl_Id="94">
<LocList>
<Loc EndOffset="6282" SrcFileId="1" StartOffset="6236"/>
</LocList>
</BasicStmnt>
<BasicStmnt CovItemId="S35" CovItemPrefix="org.codecover.simplejavaapp.view.FrameMain.java" Intrnl_Id="95">
<LocList>
<Loc EndOffset="6320" SrcFileId="1" StartOffset="6291"/>
</LocList>
</BasicStmnt>
<BasicStmnt CovItemId="S36" CovItemPrefix="org.codecover.simplejavaapp.view.FrameMain.java" Intrnl_Id="96">
<LocList>
<Loc EndOffset="6371" SrcFileId="1" StartOffset="6329"/>
</LocList>
</BasicStmnt>
<BasicStmnt CovItemId="S37" CovItemPrefix="org.codecover.simplejavaapp.view.FrameMain.java" Intrnl_Id="97">
<LocList>
<Loc EndOffset="6433" SrcFileId="1" StartOffset="6380"/>
</LocList>
</BasicStmnt>
<BasicStmnt CovItemId="S38" CovItemPrefix="org.codecover.simplejavaapp.view.FrameMain.java" Intrnl_Id="98">
<LocList>
<Loc EndOffset="6485" SrcFileId="1" StartOffset="6443"/>
</LocList>
</BasicStmnt>
<BasicStmnt CovItemId="S39" CovItemPrefix="org.codecover.simplejavaapp.view.FrameMain.java" Intrnl_Id="99">
<LocList>
<Loc EndOffset="6592" SrcFileId="1" StartOffset="6496"/>
</LocList>
</BasicStmnt>
</StmntSeq>
</HierarchyLvl>
<HierarchyLvl HierarchyLvlId="338" HierarchyLvlTypeId="13" Intrnl_Id="100" Name="createToolbar">
<Header>
<Loc EndOffset="6638" SrcFileId="1" StartOffset="6604"/>
</Header>
<LocList>
<Loc EndOffset="7269" SrcFileId="1" StartOffset="6604"/>
</LocList>
<StmntSeq Intrnl_Id="101">
<LocList>
<Loc EndOffset="6692" SrcFileId="1" StartOffset="6649"/>
<Loc EndOffset="6729" SrcFileId="1" StartOffset="6701"/>
<Loc EndOffset="6764" SrcFileId="1" StartOffset="6738"/>
<Loc EndOffset="6811" SrcFileId="1" StartOffset="6773"/>
<Loc EndOffset="6885" SrcFileId="1" StartOffset="6821"/>
<Loc EndOffset="6922" SrcFileId="1" StartOffset="6894"/>
<Loc EndOffset="6960" SrcFileId="1" StartOffset="6931"/>
<Loc EndOffset="7026" SrcFileId="1" StartOffset="6970"/>
<Loc EndOffset="7058" SrcFileId="1" StartOffset="7035"/>
<Loc EndOffset="7091" SrcFileId="1" StartOffset="7067"/>
<Loc EndOffset="7124" SrcFileId="1" StartOffset="7101"/>
<Loc EndOffset="7194" SrcFileId="1" StartOffset="7134"/>
<Loc EndOffset="7228" SrcFileId="1" StartOffset="7203"/>
<Loc EndOffset="7263" SrcFileId="1" StartOffset="7237"/>
</LocList>
<BasicStmnt CovItemId="S40" CovItemPrefix="org.codecover.simplejavaapp.view.FrameMain.java" Intrnl_Id="102">
<LocList>
<Loc EndOffset="6692" SrcFileId="1" StartOffset="6649"/>
</LocList>
</BasicStmnt>
<BasicStmnt CovItemId="S41" CovItemPrefix="org.codecover.simplejavaapp.view.FrameMain.java" Intrnl_Id="103">
<LocList>
<Loc EndOffset="6729" SrcFileId="1" StartOffset="6701"/>
</LocList>
</BasicStmnt>
<BasicStmnt CovItemId="S42" CovItemPrefix="org.codecover.simplejavaapp.view.FrameMain.java" Intrnl_Id="104">
<LocList>
<Loc EndOffset="6764" SrcFileId="1" StartOffset="6738"/>
</LocList>
</BasicStmnt>
<BasicStmnt CovItemId="S43" CovItemPrefix="org.codecover.simplejavaapp.view.FrameMain.java" Intrnl_Id="105">
<LocList>
<Loc EndOffset="6811" SrcFileId="1" StartOffset="6773"/>
</LocList>
</BasicStmnt>
<BasicStmnt CovItemId="S44" CovItemPrefix="org.codecover.simplejavaapp.view.FrameMain.java" Intrnl_Id="106">
<LocList>
<Loc EndOffset="6885" SrcFileId="1" StartOffset="6821"/>
</LocList>
</BasicStmnt>
<BasicStmnt CovItemId="S45" CovItemPrefix="org.codecover.simplejavaapp.view.FrameMain.java" Intrnl_Id="107">
<LocList>
<Loc EndOffset="6922" SrcFileId="1" StartOffset="6894"/>
</LocList>
</BasicStmnt>
<BasicStmnt CovItemId="S46" CovItemPrefix="org.codecover.simplejavaapp.view.FrameMain.java" Intrnl_Id="108">
<LocList>
<Loc EndOffset="6960" SrcFileId="1" StartOffset="6931"/>
</LocList>
</BasicStmnt>
<BasicStmnt CovItemId="S47" CovItemPrefix="org.codecover.simplejavaapp.view.FrameMain.java" Intrnl_Id="109">
<LocList>
<Loc EndOffset="7026" SrcFileId="1" StartOffset="6970"/>
</LocList>
</BasicStmnt>
<BasicStmnt CovItemId="S48" CovItemPrefix="org.codecover.simplejavaapp.view.FrameMain.java" Intrnl_Id="110">
<LocList>
<Loc EndOffset="7058" SrcFileId="1" StartOffset="7035"/>
</LocList>
</BasicStmnt>
<BasicStmnt CovItemId="S49" CovItemPrefix="org.codecover.simplejavaapp.view.FrameMain.java" Intrnl_Id="111">
<LocList>
<Loc EndOffset="7091" SrcFileId="1" StartOffset="7067"/>
</LocList>
</BasicStmnt>
<BasicStmnt CovItemId="S50" CovItemPrefix="org.codecover.simplejavaapp.view.FrameMain.java" Intrnl_Id="112">
<LocList>
<Loc EndOffset="7124" SrcFileId="1" StartOffset="7101"/>
</LocList>
</BasicStmnt>
<BasicStmnt CovItemId="S51" CovItemPrefix="org.codecover.simplejavaapp.view.FrameMain.java" Intrnl_Id="113">
<LocList>
<Loc EndOffset="7194" SrcFileId="1" StartOffset="7134"/>
</LocList>
</BasicStmnt>
<BasicStmnt CovItemId="S52" CovItemPrefix="org.codecover.simplejavaapp.view.FrameMain.java" Intrnl_Id="114">
<LocList>
<Loc EndOffset="7228" SrcFileId="1" StartOffset="7203"/>
</LocList>
</BasicStmnt>
<BasicStmnt CovItemId="S53" CovItemPrefix="org.codecover.simplejavaapp.view.FrameMain.java" Intrnl_Id="115">
<LocList>
<Loc EndOffset="7263" SrcFileId="1" StartOffset="7237"/>
</LocList>
</BasicStmnt>
</StmntSeq>
</HierarchyLvl>
<HierarchyLvl HierarchyLvlId="339" HierarchyLvlTypeId="13" Intrnl_Id="116" Name="createMenuBar">
<Header>
<Loc EndOffset="7309" SrcFileId="1" StartOffset="7275"/>
</Header>
<LocList>
<Loc EndOffset="8399" SrcFileId="1" StartOffset="7275"/>
</LocList>
<StmntSeq Intrnl_Id="117">
<LocList>
<Loc EndOffset="7354" SrcFileId="1" StartOffset="7320"/>
<Loc EndOffset="7389" SrcFileId="1" StartOffset="7363"/>
<Loc EndOffset="7434" SrcFileId="1" StartOffset="7399"/>
<Loc EndOffset="7465" SrcFileId="1" StartOffset="7443"/>
<Loc EndOffset="7524" SrcFileId="1" StartOffset="7474"/>
<Loc EndOffset="7598" SrcFileId="1" StartOffset="7534"/>
<Loc EndOffset="7633" SrcFileId="1" StartOffset="7607"/>
<Loc EndOffset="7668" SrcFileId="1" StartOffset="7642"/>
<Loc EndOffset="7723" SrcFileId="1" StartOffset="7678"/>
<Loc EndOffset="7784" SrcFileId="1" StartOffset="7732"/>
<Loc EndOffset="7817" SrcFileId="1" StartOffset="7793"/>
<Loc EndOffset="7885" SrcFileId="1" StartOffset="7827"/>
<Loc EndOffset="7917" SrcFileId="1" StartOffset="7894"/>
<Loc EndOffset="7949" SrcFileId="1" StartOffset="7926"/>
<Loc EndOffset="8021" SrcFileId="1" StartOffset="7959"/>
<Loc EndOffset="8055" SrcFileId="1" StartOffset="8030"/>
<Loc EndOffset="8089" SrcFileId="1" StartOffset="8064"/>
<Loc EndOffset="8123" SrcFileId="1" StartOffset="8099"/>
<Loc EndOffset="8177" SrcFileId="1" StartOffset="8132"/>
<Loc EndOffset="8222" SrcFileId="1" StartOffset="8187"/>
<Loc EndOffset="8253" SrcFileId="1" StartOffset="8231"/>
<Loc EndOffset="8325" SrcFileId="1" StartOffset="8263"/>
<Loc EndOffset="8359" SrcFileId="1" StartOffset="8334"/>
<Loc EndOffset="8393" SrcFileId="1" StartOffset="8368"/>
</LocList>
<BasicStmnt CovItemId="S54" CovItemPrefix="org.codecover.simplejavaapp.view.FrameMain.java" Intrnl_Id="118">
<LocList>
<Loc EndOffset="7354" SrcFileId="1" StartOffset="7320"/>
</LocList>
</BasicStmnt>
<BasicStmnt CovItemId="S55" CovItemPrefix="org.codecover.simplejavaapp.view.FrameMain.java" Intrnl_Id="119">
<LocList>
<Loc EndOffset="7389" SrcFileId="1" StartOffset="7363"/>
</LocList>
</BasicStmnt>
<BasicStmnt CovItemId="S56" CovItemPrefix="org.codecover.simplejavaapp.view.FrameMain.java" Intrnl_Id="120">
<LocList>
<Loc EndOffset="7434" SrcFileId="1" StartOffset="7399"/>
</LocList>
</BasicStmnt>
<BasicStmnt CovItemId="S57" CovItemPrefix="org.codecover.simplejavaapp.view.FrameMain.java" Intrnl_Id="121">
<LocList>
<Loc EndOffset="7465" SrcFileId="1" StartOffset="7443"/>
</LocList>
</BasicStmnt>
<BasicStmnt CovItemId="S58" CovItemPrefix="org.codecover.simplejavaapp.view.FrameMain.java" Intrnl_Id="122">
<LocList>
<Loc EndOffset="7524" SrcFileId="1" StartOffset="7474"/>
</LocList>
</BasicStmnt>
<BasicStmnt CovItemId="S59" CovItemPrefix="org.codecover.simplejavaapp.view.FrameMain.java" Intrnl_Id="123">
<LocList>
<Loc EndOffset="7598" SrcFileId="1" StartOffset="7534"/>
</LocList>
</BasicStmnt>
<BasicStmnt CovItemId="S60" CovItemPrefix="org.codecover.simplejavaapp.view.FrameMain.java" Intrnl_Id="124">
<LocList>
<Loc EndOffset="7633" SrcFileId="1" StartOffset="7607"/>
</LocList>
</BasicStmnt>
<BasicStmnt CovItemId="S61" CovItemPrefix="org.codecover.simplejavaapp.view.FrameMain.java" Intrnl_Id="125">
<LocList>
<Loc EndOffset="7668" SrcFileId="1" StartOffset="7642"/>
</LocList>
</BasicStmnt>
<BasicStmnt CovItemId="S62" CovItemPrefix="org.codecover.simplejavaapp.view.FrameMain.java" Intrnl_Id="126">
<LocList>
<Loc EndOffset="7723" SrcFileId="1" StartOffset="7678"/>
</LocList>
</BasicStmnt>
<BasicStmnt CovItemId="S63" CovItemPrefix="org.codecover.simplejavaapp.view.FrameMain.java" Intrnl_Id="127">
<LocList>
<Loc EndOffset="7784" SrcFileId="1" StartOffset="7732"/>
</LocList>
</BasicStmnt>
<BasicStmnt CovItemId="S64" CovItemPrefix="org.codecover.simplejavaapp.view.FrameMain.java" Intrnl_Id="128">
<LocList>
<Loc EndOffset="7817" SrcFileId="1" StartOffset="7793"/>
</LocList>
</BasicStmnt>
<BasicStmnt CovItemId="S65" CovItemPrefix="org.codecover.simplejavaapp.view.FrameMain.java" Intrnl_Id="129">
<LocList>
<Loc EndOffset="7885" SrcFileId="1" StartOffset="7827"/>
</LocList>
</BasicStmnt>
<BasicStmnt CovItemId="S66" CovItemPrefix="org.codecover.simplejavaapp.view.FrameMain.java" Intrnl_Id="130">
<LocList>
<Loc EndOffset="7917" SrcFileId="1" StartOffset="7894"/>
</LocList>
</BasicStmnt>
<BasicStmnt CovItemId="S67" CovItemPrefix="org.codecover.simplejavaapp.view.FrameMain.java" Intrnl_Id="131">
<LocList>
<Loc EndOffset="7949" SrcFileId="1" StartOffset="7926"/>
</LocList>
</BasicStmnt>
<BasicStmnt CovItemId="S68" CovItemPrefix="org.codecover.simplejavaapp.view.FrameMain.java" Intrnl_Id="132">
<LocList>
<Loc EndOffset="8021" SrcFileId="1" StartOffset="7959"/>
</LocList>
</BasicStmnt>
<BasicStmnt CovItemId="S69" CovItemPrefix="org.codecover.simplejavaapp.view.FrameMain.java" Intrnl_Id="133">
<LocList>
<Loc EndOffset="8055" SrcFileId="1" StartOffset="8030"/>
</LocList>
</BasicStmnt>
<BasicStmnt CovItemId="S70" CovItemPrefix="org.codecover.simplejavaapp.view.FrameMain.java" Intrnl_Id="134">
<LocList>
<Loc EndOffset="8089" SrcFileId="1" StartOffset="8064"/>
</LocList>
</BasicStmnt>
<BasicStmnt CovItemId="S71" CovItemPrefix="org.codecover.simplejavaapp.view.FrameMain.java" Intrnl_Id="135">
<LocList>
<Loc EndOffset="8123" SrcFileId="1" StartOffset="8099"/>
</LocList>
</BasicStmnt>
<BasicStmnt CovItemId="S72" CovItemPrefix="org.codecover.simplejavaapp.view.FrameMain.java" Intrnl_Id="136">
<LocList>
<Loc EndOffset="8177" SrcFileId="1" StartOffset="8132"/>
</LocList>
</BasicStmnt>
<BasicStmnt CovItemId="S73" CovItemPrefix="org.codecover.simplejavaapp.view.FrameMain.java" Intrnl_Id="137">
<LocList>
<Loc EndOffset="8222" SrcFileId="1" StartOffset="8187"/>
</LocList>
</BasicStmnt>
<BasicStmnt CovItemId="S74" CovItemPrefix="org.codecover.simplejavaapp.view.FrameMain.java" Intrnl_Id="138">
<LocList>
<Loc EndOffset="8253" SrcFileId="1" StartOffset="8231"/>
</LocList>
</BasicStmnt>
<BasicStmnt CovItemId="S75" CovItemPrefix="org.codecover.simplejavaapp.view.FrameMain.java" Intrnl_Id="139">
<LocList>
<Loc EndOffset="8325" SrcFileId="1" StartOffset="8263"/>
</LocList>
</BasicStmnt>
<BasicStmnt CovItemId="S76" CovItemPrefix="org.codecover.simplejavaapp.view.FrameMain.java" Intrnl_Id="140">
<LocList>
<Loc EndOffset="8359" SrcFileId="1" StartOffset="8334"/>
</LocList>
</BasicStmnt>
<BasicStmnt CovItemId="S77" CovItemPrefix="org.codecover.simplejavaapp.view.FrameMain.java" Intrnl_Id="141">
<LocList>
<Loc EndOffset="8393" SrcFileId="1" StartOffset="8368"/>
</LocList>
</BasicStmnt>
</StmntSeq>
</HierarchyLvl>
<HierarchyLvl HierarchyLvlId="340" HierarchyLvlTypeId="13" Intrnl_Id="142" Name="getBookList">
<Header>
<Loc EndOffset="8437" SrcFileId="1" StartOffset="8405"/>
</Header>
<LocList>
<Loc EndOffset="8505" SrcFileId="1" StartOffset="8405"/>
</LocList>
<StmntSeq Intrnl_Id="143">
<LocList>
<Loc EndOffset="8499" SrcFileId="1" StartOffset="8448"/>
</LocList>
<BasicStmnt CovItemId="S78" CovItemPrefix="org.codecover.simplejavaapp.view.FrameMain.java" Intrnl_Id="144">
<LocList>
<Loc EndOffset="8499" SrcFileId="1" StartOffset="8448"/>
</LocList>
</BasicStmnt>
</StmntSeq>
</HierarchyLvl>
<HierarchyLvl HierarchyLvlId="341" HierarchyLvlTypeId="13" Intrnl_Id="145" Name="getSelectedBooks">
<Header>
<Loc EndOffset="8546" SrcFileId="1" StartOffset="8511"/>
</Header>
<LocList>
<Loc EndOffset="8853" SrcFileId="1" StartOffset="8511"/>
</LocList>
<StmntSeq Intrnl_Id="146">
<LocList>
<Loc EndOffset="8593" SrcFileId="1" StartOffset="8557"/>
<Loc EndOffset="8647" SrcFileId="1" StartOffset="8602"/>
<Loc EndOffset="8702" SrcFileId="1" StartOffset="8656"/>
<Loc EndOffset="8822" SrcFileId="1" StartOffset="8711"/>
<Loc EndOffset="8847" SrcFileId="1" StartOffset="8832"/>
</LocList>
<BasicStmnt CovItemId="S79" CovItemPrefix="org.codecover.simplejavaapp.view.FrameMain.java" Intrnl_Id="147">
<LocList>
<Loc EndOffset="8593" SrcFileId="1" StartOffset="8557"/>
</LocList>
</BasicStmnt>
<BasicStmnt CovItemId="S80" CovItemPrefix="org.codecover.simplejavaapp.view.FrameMain.java" Intrnl_Id="148">
<LocList>
<Loc EndOffset="8647" SrcFileId="1" StartOffset="8602"/>
</LocList>
</BasicStmnt>
<BasicStmnt CovItemId="S81" CovItemPrefix="org.codecover.simplejavaapp.view.FrameMain.java" Intrnl_Id="149">
<LocList>
<Loc EndOffset="8702" SrcFileId="1" StartOffset="8656"/>
</LocList>
</BasicStmnt>
<LoopStmnt CovItemId="S82" CovItemPrefix="org.codecover.simplejavaapp.view.FrameMain.java" Intrnl_Id="150" MltplExecId="L1-2" MltplExecPrefix="org.codecover.simplejavaapp.view.FrameMain.java" NvrExecId="L1-0" NvrExecPrefix="org.codecover.simplejavaapp.view.FrameMain.java" OnceExecutedId="L1-1" OnceExecutedPrefix="org.codecover.simplejavaapp.view.FrameMain.java" OptBodyExec="true">
<StmntSeq Intrnl_Id="151">
<LocList>
<Loc EndOffset="8812" SrcFileId="1" StartOffset="8766"/>
</LocList>
<BasicStmnt CovItemId="S83" CovItemPrefix="org.codecover.simplejavaapp.view.FrameMain.java" Intrnl_Id="152">
<LocList>
<Loc EndOffset="8812" SrcFileId="1" StartOffset="8766"/>
</LocList>
</BasicStmnt>
</StmntSeq>
<Keyword EndOffset="8714" SrcFileId="1" StartOffset="8711"/>
<LocList>
<Loc EndOffset="8822" SrcFileId="1" StartOffset="8711"/>
</LocList>
<RootTerm CovItemId="C1" CovItemPrefix="org.codecover.simplejavaapp.view.FrameMain.java" Intrnl_Id="153">
<BasicBoolTerm Intrnl_Id="154">
<LocList>
<Loc EndOffset="8745" SrcFileId="1" StartOffset="8727"/>
</LocList>
</BasicBoolTerm>
</RootTerm>
</LoopStmnt>
<BasicStmnt CovItemId="S84" CovItemPrefix="org.codecover.simplejavaapp.view.FrameMain.java" Intrnl_Id="155">
<LocList>
<Loc EndOffset="8847" SrcFileId="1" StartOffset="8832"/>
</LocList>
</BasicStmnt>
</StmntSeq>
</HierarchyLvl>
<HierarchyLvl HierarchyLvlId="342" HierarchyLvlTypeId="13" Intrnl_Id="156" Name="updateTitle">
<Header>
<Loc EndOffset="8901" SrcFileId="1" StartOffset="8859"/>
</Header>
<LocList>
<Loc EndOffset="9127" SrcFileId="1" StartOffset="8859"/>
</LocList>
<StmntSeq Intrnl_Id="157">
<LocList>
<Loc EndOffset="9034" SrcFileId="1" StartOffset="8912"/>
<Loc EndOffset="9095" SrcFileId="1" StartOffset="9044"/>
<Loc EndOffset="9121" SrcFileId="1" StartOffset="9105"/>
</LocList>
<BasicStmnt CovItemId="S85" CovItemPrefix="org.codecover.simplejavaapp.view.FrameMain.java" Intrnl_Id="158">
<LocList>
<Loc EndOffset="9034" SrcFileId="1" StartOffset="8912"/>
</LocList>
<QMO CovItemId="Q1" CovItemPrefix="org.codecover.simplejavaapp.view.FrameMain.java" Intrnl_Id="159">
<LocList>
<Loc EndOffset="8968" SrcFileId="1" StartOffset="8928"/>
</LocList>
<QMO_E CovItemId="Q1-0" CovItemPrefix="org.codecover.simplejavaapp.view.FrameMain.java" Intrnl_Id="160">
<LocList>
<Loc EndOffset="8981" SrcFileId="1" StartOffset="8971"/>
</LocList>
</QMO_E>
<QMO_E CovItemId="Q1-1" CovItemPrefix="org.codecover.simplejavaapp.view.FrameMain.java" Intrnl_Id="161">
<LocList>
<Loc EndOffset="9032" SrcFileId="1" StartOffset="9000"/>
</LocList>
</QMO_E>
</QMO>
</BasicStmnt>
<CondStmnt CovItemId="S86" CovItemPrefix="org.codecover.simplejavaapp.view.FrameMain.java" Intrnl_Id="162">
<Branch CovItemId="B1" CovItemPrefix="org.codecover.simplejavaapp.view.FrameMain.java" Implct="false" Intrnl_Id="163">
<Cond/>
<LocList>
<Loc EndOffset="9095" SrcFileId="1" StartOffset="9058"/>
</LocList>
<StmntSeq Intrnl_Id="164">
<LocList>
<Loc EndOffset="9085" SrcFileId="1" StartOffset="9072"/>
</LocList>
<BasicStmnt CovItemId="S87" CovItemPrefix="org.codecover.simplejavaapp.view.FrameMain.java" Intrnl_Id="165">
<LocList>
<Loc EndOffset="9085" SrcFileId="1" StartOffset="9072"/>
</LocList>
</BasicStmnt>
</StmntSeq>
</Branch>
<Branch CovItemId="B2" CovItemPrefix="org.codecover.simplejavaapp.view.FrameMain.java" Implct="true" Intrnl_Id="166">
<Cond/>
<LocList/>
<StmntSeq Intrnl_Id="167">
<LocList/>
</StmntSeq>
</Branch>
<Keyword EndOffset="9046" SrcFileId="1" StartOffset="9044"/>
<LocList>
<Loc EndOffset="9095" SrcFileId="1" StartOffset="9044"/>
</LocList>
<RootTerm CovItemId="C2" CovItemPrefix="org.codecover.simplejavaapp.view.FrameMain.java" Intrnl_Id="168">
<BasicBoolTerm Intrnl_Id="169">
<LocList>
<Loc EndOffset="9056" SrcFileId="1" StartOffset="9048"/>
</LocList>
</BasicBoolTerm>
</RootTerm>
</CondStmnt>
<BasicStmnt CovItemId="S88" CovItemPrefix="org.codecover.simplejavaapp.view.FrameMain.java" Intrnl_Id="170">
<LocList>
<Loc EndOffset="9121" SrcFileId="1" StartOffset="9105"/>
</LocList>
</BasicStmnt>
</StmntSeq>
</HierarchyLvl>
<HierarchyLvl HierarchyLvlId="343" HierarchyLvlTypeId="13" Intrnl_Id="171" Name="setFileId">
<Header>
<Loc EndOffset="9276" SrcFileId="1" StartOffset="9240"/>
</Header>
<LocList>
<Loc EndOffset="9585" SrcFileId="1" StartOffset="9240"/>
</LocList>
<StmntSeq Intrnl_Id="172">
<LocList>
<Loc EndOffset="9380" SrcFileId="1" StartOffset="9287"/>
<Loc EndOffset="9410" SrcFileId="1" StartOffset="9389"/>
<Loc EndOffset="9515" SrcFileId="1" StartOffset="9419"/>
<Loc EndOffset="9548" SrcFileId="1" StartOffset="9524"/>
<Loc EndOffset="9579" SrcFileId="1" StartOffset="9557"/>
</LocList>
<BasicStmnt CovItemId="S89" CovItemPrefix="org.codecover.simplejavaapp.view.FrameMain.java" Intrnl_Id="173">
<LocList>
<Loc EndOffset="9380" SrcFileId="1" StartOffset="9287"/>
</LocList>
</BasicStmnt>
<BasicStmnt CovItemId="S90" CovItemPrefix="org.codecover.simplejavaapp.view.FrameMain.java" Intrnl_Id="174">
<LocList>
<Loc EndOffset="9410" SrcFileId="1" StartOffset="9389"/>
</LocList>
</BasicStmnt>
<BasicStmnt CovItemId="S91" CovItemPrefix="org.codecover.simplejavaapp.view.FrameMain.java" Intrnl_Id="175">
<LocList>
<Loc EndOffset="9515" SrcFileId="1" StartOffset="9419"/>
</LocList>
</BasicStmnt>
<BasicStmnt CovItemId="S92" CovItemPrefix="org.codecover.simplejavaapp.view.FrameMain.java" Intrnl_Id="176">
<LocList>
<Loc EndOffset="9548" SrcFileId="1" StartOffset="9524"/>
</LocList>
</BasicStmnt>
<BasicStmnt CovItemId="S93" CovItemPrefix="org.codecover.simplejavaapp.view.FrameMain.java" Intrnl_Id="177">
<LocList>
<Loc EndOffset="9579" SrcFileId="1" StartOffset="9557"/>
</LocList>
</BasicStmnt>
</StmntSeq>
</HierarchyLvl>
<HierarchyLvl HierarchyLvlId="345" HierarchyLvlTypeId="12" Intrnl_Id="178" Name="AppAction">
<Header>
<Loc EndOffset="9646" SrcFileId="1" StartOffset="9591"/>
</Header>
<LocList>
<Loc EndOffset="10333" SrcFileId="1" StartOffset="9591"/>
</LocList>
<HierarchyLvl HierarchyLvlId="344" HierarchyLvlTypeId="13" Intrnl_Id="179" Name="AppAction">
<Header>
<Loc EndOffset="10108" SrcFileId="1" StartOffset="10010"/>
</Header>
<LocList>
<Loc EndOffset="10327" SrcFileId="1" StartOffset="10010"/>
</LocList>
<StmntSeq Intrnl_Id="180">
<LocList>
<Loc EndOffset="10141" SrcFileId="1" StartOffset="10123"/>
<Loc EndOffset="10200" SrcFileId="1" StartOffset="10154"/>
<Loc EndOffset="10317" SrcFileId="1" StartOffset="10213"/>
</LocList>
<BasicStmnt CovItemId="S94" CovItemPrefix="org.codecover.simplejavaapp.view.FrameMain.java" Intrnl_Id="181">
<LocList>
<Loc EndOffset="10141" SrcFileId="1" StartOffset="10123"/>
</LocList>
</BasicStmnt>
<BasicStmnt CovItemId="S95" CovItemPrefix="org.codecover.simplejavaapp.view.FrameMain.java" Intrnl_Id="182">
<LocList>
<Loc EndOffset="10200" SrcFileId="1" StartOffset="10154"/>
</LocList>
</BasicStmnt>
<CondStmnt CovItemId="S96" CovItemPrefix="org.codecover.simplejavaapp.view.FrameMain.java" Intrnl_Id="183">
<Branch CovItemId="B3" CovItemPrefix="org.codecover.simplejavaapp.view.FrameMain.java" Implct="false" Intrnl_Id="184">
<Cond/>
<LocList>
<Loc EndOffset="10317" SrcFileId="1" StartOffset="10236"/>
</LocList>
<StmntSeq Intrnl_Id="185">
<LocList>
<Loc EndOffset="10303" SrcFileId="1" StartOffset="10254"/>
</LocList>
<BasicStmnt CovItemId="S97" CovItemPrefix="org.codecover.simplejavaapp.view.FrameMain.java" Intrnl_Id="186">
<LocList>
<Loc EndOffset="10303" SrcFileId="1" StartOffset="10254"/>
</LocList>
</BasicStmnt>
</StmntSeq>
</Branch>
<Branch CovItemId="B4" CovItemPrefix="org.codecover.simplejavaapp.view.FrameMain.java" Implct="true" Intrnl_Id="187">
<Cond/>
<LocList/>
<StmntSeq Intrnl_Id="188">
<LocList/>
</StmntSeq>
</Branch>
<Keyword EndOffset="10215" SrcFileId="1" StartOffset="10213"/>
<LocList>
<Loc EndOffset="10317" SrcFileId="1" StartOffset="10213"/>
</LocList>
<RootTerm CovItemId="C3" CovItemPrefix="org.codecover.simplejavaapp.view.FrameMain.java" Intrnl_Id="189">
<BasicBoolTerm Intrnl_Id="190">
<LocList>
<Loc EndOffset="10234" SrcFileId="1" StartOffset="10217"/>
</LocList>
</BasicBoolTerm>
</RootTerm>
</CondStmnt>
</StmntSeq>
</HierarchyLvl>
</HierarchyLvl>
<HierarchyLvl HierarchyLvlId="353" HierarchyLvlTypeId="12" Intrnl_Id="191" Name="BookTableModel">
<Header>
<Loc EndOffset="10400" SrcFileId="1" StartOffset="10339"/>
</Header>
<LocList>
<Loc EndOffset="13299" SrcFileId="1" StartOffset="10339"/>
</LocList>
<HierarchyLvl HierarchyLvlId="346" HierarchyLvlTypeId="13" Intrnl_Id="192" Name="getColumnClass">
<Header>
<Loc EndOffset="10603" SrcFileId="1" StartOffset="10538"/>
</Header>
<LocList>
<Loc EndOffset="10950" SrcFileId="1" StartOffset="10538"/>
</LocList>
<StmntSeq Intrnl_Id="193">
<LocList>
<Loc EndOffset="10915" SrcFileId="1" StartOffset="10618"/>
<Loc EndOffset="10940" SrcFileId="1" StartOffset="10928"/>
</LocList>
<CondStmnt CovItemId="S98" CovItemPrefix="org.codecover.simplejavaapp.view.FrameMain.java" Intrnl_Id="194">
<Branch CovItemId="B5" CovItemPrefix="org.codecover.simplejavaapp.view.FrameMain.java" Implct="false" Intrnl_Id="195">
<Cond>
<Loc EndOffset="10663" SrcFileId="1" StartOffset="10657"/>
</Cond>
<LocList>
<Loc EndOffset="10705" SrcFileId="1" StartOffset="10685"/>
</LocList>
<StmntSeq Intrnl_Id="196">
<LocList>
<Loc EndOffset="10705" SrcFileId="1" StartOffset="10685"/>
</LocList>
<BasicStmnt CovItemId="S99" CovItemPrefix="org.codecover.simplejavaapp.view.FrameMain.java" Intrnl_Id="197">
<LocList>
<Loc EndOffset="10705" SrcFileId="1" StartOffset="10685"/>
</LocList>
</BasicStmnt>
</StmntSeq>
</Branch>
<Branch CovItemId="B6" CovItemPrefix="org.codecover.simplejavaapp.view.FrameMain.java" Implct="false" Intrnl_Id="198">
<Cond>
<Loc EndOffset="10728" SrcFileId="1" StartOffset="10722"/>
</Cond>
<LocList>
<Loc EndOffset="10770" SrcFileId="1" StartOffset="10750"/>
</LocList>
<StmntSeq Intrnl_Id="199">
<LocList>
<Loc EndOffset="10770" SrcFileId="1" StartOffset="10750"/>
</LocList>
<BasicStmnt CovItemId="S100" CovItemPrefix="org.codecover.simplejavaapp.view.FrameMain.java" Intrnl_Id="200">
<LocList>
<Loc EndOffset="10770" SrcFileId="1" StartOffset="10750"/>
</LocList>
</BasicStmnt>
</StmntSeq>
</Branch>
<Branch CovItemId="B7" CovItemPrefix="org.codecover.simplejavaapp.view.FrameMain.java" Implct="false" Intrnl_Id="201">
<Cond>
<Loc EndOffset="10793" SrcFileId="1" StartOffset="10787"/>
</Cond>
<LocList>
<Loc EndOffset="10836" SrcFileId="1" StartOffset="10815"/>
</LocList>
<StmntSeq Intrnl_Id="202">
<LocList>
<Loc EndOffset="10836" SrcFileId="1" StartOffset="10815"/>
</LocList>
<BasicStmnt CovItemId="S101" CovItemPrefix="org.codecover.simplejavaapp.view.FrameMain.java" Intrnl_Id="203">
<LocList>
<Loc EndOffset="10836" SrcFileId="1" StartOffset="10815"/>
</LocList>
</BasicStmnt>
</StmntSeq>
</Branch>
<Branch CovItemId="B8" CovItemPrefix="org.codecover.simplejavaapp.view.FrameMain.java" Implct="false" Intrnl_Id="204">
<Cond>
<Loc EndOffset="10859" SrcFileId="1" StartOffset="10853"/>
</Cond>
<LocList>
<Loc EndOffset="10901" SrcFileId="1" StartOffset="10881"/>
</LocList>
<StmntSeq Intrnl_Id="205">
<LocList>
<Loc EndOffset="10901" SrcFileId="1" StartOffset="10881"/>
</LocList>
<BasicStmnt CovItemId="S102" CovItemPrefix="org.codecover.simplejavaapp.view.FrameMain.java" Intrnl_Id="206">
<LocList>
<Loc EndOffset="10901" SrcFileId="1" StartOffset="10881"/>
</LocList>
</BasicStmnt>
</StmntSeq>
</Branch>
<Branch CovItemId="B9" CovItemPrefix="org.codecover.simplejavaapp.view.FrameMain.java" Implct="true" Intrnl_Id="207">
<Cond/>
<LocList/>
<StmntSeq Intrnl_Id="208">
<LocList/>
</StmntSeq>
</Branch>
<Keyword EndOffset="10624" SrcFileId="1" StartOffset="10618"/>
<LocList>
<Loc EndOffset="10915" SrcFileId="1" StartOffset="10618"/>
</LocList>
</CondStmnt>
<BasicStmnt CovItemId="S103" CovItemPrefix="org.codecover.simplejavaapp.view.FrameMain.java" Intrnl_Id="209">
<LocList>
<Loc EndOffset="10940" SrcFileId="1" StartOffset="10928"/>
</LocList>
</BasicStmnt>
</StmntSeq>
</HierarchyLvl>
<HierarchyLvl HierarchyLvlId="347" HierarchyLvlTypeId="13" Intrnl_Id="210" Name="getColumnName">
<Header>
<Loc EndOffset="11150" SrcFileId="1" StartOffset="11093"/>
</Header>
<LocList>
<Loc EndOffset="11214" SrcFileId="1" StartOffset="11093"/>
</LocList>
<StmntSeq Intrnl_Id="211">
<LocList>
<Loc EndOffset="11204" SrcFileId="1" StartOffset="11165"/>
</LocList>
<BasicStmnt CovItemId="S104" CovItemPrefix="org.codecover.simplejavaapp.view.FrameMain.java" Intrnl_Id="212">
<LocList>
<Loc EndOffset="11204" SrcFileId="1" StartOffset="11165"/>
</LocList>
</BasicStmnt>
</StmntSeq>
</HierarchyLvl>
<HierarchyLvl HierarchyLvlId="348" HierarchyLvlTypeId="13" Intrnl_Id="213" Name="getColumnCount">
<Header>
<Loc EndOffset="11374" SrcFileId="1" StartOffset="11347"/>
</Header>
<LocList>
<Loc EndOffset="11437" SrcFileId="1" StartOffset="11347"/>
</LocList>
<StmntSeq Intrnl_Id="214">
<LocList>
<Loc EndOffset="11427" SrcFileId="1" StartOffset="11389"/>
</LocList>
<BasicStmnt CovItemId="S105" CovItemPrefix="org.codecover.simplejavaapp.view.FrameMain.java" Intrnl_Id="215">
<LocList>
<Loc EndOffset="11427" SrcFileId="1" StartOffset="11389"/>
</LocList>
</BasicStmnt>
</StmntSeq>
</HierarchyLvl>
<HierarchyLvl HierarchyLvlId="349" HierarchyLvlTypeId="13" Intrnl_Id="216" Name="getRowCount">
<Header>
<Loc EndOffset="11591" SrcFileId="1" StartOffset="11567"/>
</Header>
<LocList>
<Loc EndOffset="11644" SrcFileId="1" StartOffset="11567"/>
</LocList>
<StmntSeq Intrnl_Id="217">
<LocList>
<Loc EndOffset="11634" SrcFileId="1" StartOffset="11606"/>
</LocList>
<BasicStmnt CovItemId="S106" CovItemPrefix="org.codecover.simplejavaapp.view.FrameMain.java" Intrnl_Id="218">
<LocList>
<Loc EndOffset="11634" SrcFileId="1" StartOffset="11606"/>
</LocList>
</BasicStmnt>
</StmntSeq>
</HierarchyLvl>
<HierarchyLvl HierarchyLvlId="350" HierarchyLvlTypeId="13" Intrnl_Id="219" Name="getValueAt">
<Header>
<Loc EndOffset="11836" SrcFileId="1" StartOffset="11781"/>
</Header>
<LocList>
<Loc EndOffset="12246" SrcFileId="1" StartOffset="11781"/>
</LocList>
<StmntSeq Intrnl_Id="220">
<LocList>
<Loc EndOffset="11891" SrcFileId="1" StartOffset="11851"/>
<Loc EndOffset="12211" SrcFileId="1" StartOffset="11905"/>
<Loc EndOffset="12236" SrcFileId="1" StartOffset="12224"/>
</LocList>
<BasicStmnt CovItemId="S107" CovItemPrefix="org.codecover.simplejavaapp.view.FrameMain.java" Intrnl_Id="221">
<LocList>
<Loc EndOffset="11891" SrcFileId="1" StartOffset="11851"/>
</LocList>
</BasicStmnt>
<CondStmnt CovItemId="S108" CovItemPrefix="org.codecover.simplejavaapp.view.FrameMain.java" Intrnl_Id="222">
<Branch CovItemId="B10" CovItemPrefix="org.codecover.simplejavaapp.view.FrameMain.java" Implct="false" Intrnl_Id="223">
<Cond>
<Loc EndOffset="11950" SrcFileId="1" StartOffset="11944"/>
</Cond>
<LocList>
<Loc EndOffset="11996" SrcFileId="1" StartOffset="11972"/>
</LocList>
<StmntSeq Intrnl_Id="224">
<LocList>
<Loc EndOffset="11996" SrcFileId="1" StartOffset="11972"/>
</LocList>
<BasicStmnt CovItemId="S109" CovItemPrefix="org.codecover.simplejavaapp.view.FrameMain.java" Intrnl_Id="225">
<LocList>
<Loc EndOffset="11996" SrcFileId="1" StartOffset="11972"/>
</LocList>
</BasicStmnt>
</StmntSeq>
</Branch>
<Branch CovItemId="B11" CovItemPrefix="org.codecover.simplejavaapp.view.FrameMain.java" Implct="false" Intrnl_Id="226">
<Cond>
<Loc EndOffset="12019" SrcFileId="1" StartOffset="12013"/>
</Cond>
<LocList>
<Loc EndOffset="12063" SrcFileId="1" StartOffset="12041"/>
</LocList>
<StmntSeq Intrnl_Id="227">
<LocList>
<Loc EndOffset="12063" SrcFileId="1" StartOffset="12041"/>
</LocList>
<BasicStmnt CovItemId="S110" CovItemPrefix="org.codecover.simplejavaapp.view.FrameMain.java" Intrnl_Id="228">
<LocList>
<Loc EndOffset="12063" SrcFileId="1" StartOffset="12041"/>
</LocList>
</BasicStmnt>
</StmntSeq>
</Branch>
<Branch CovItemId="B12" CovItemPrefix="org.codecover.simplejavaapp.view.FrameMain.java" Implct="false" Intrnl_Id="229">
<Cond>
<Loc EndOffset="12086" SrcFileId="1" StartOffset="12080"/>
</Cond>
<LocList>
<Loc EndOffset="12130" SrcFileId="1" StartOffset="12108"/>
</LocList>
<StmntSeq Intrnl_Id="230">
<LocList>
<Loc EndOffset="12130" SrcFileId="1" StartOffset="12108"/>
</LocList>
<BasicStmnt CovItemId="S111" CovItemPrefix="org.codecover.simplejavaapp.view.FrameMain.java" Intrnl_Id="231">
<LocList>
<Loc EndOffset="12130" SrcFileId="1" StartOffset="12108"/>
</LocList>
</BasicStmnt>
</StmntSeq>
</Branch>
<Branch CovItemId="B13" CovItemPrefix="org.codecover.simplejavaapp.view.FrameMain.java" Implct="false" Intrnl_Id="232">
<Cond>
<Loc EndOffset="12153" SrcFileId="1" StartOffset="12147"/>
</Cond>
<LocList>
<Loc EndOffset="12197" SrcFileId="1" StartOffset="12175"/>
</LocList>
<StmntSeq Intrnl_Id="233">
<LocList>
<Loc EndOffset="12197" SrcFileId="1" StartOffset="12175"/>
</LocList>
<BasicStmnt CovItemId="S112" CovItemPrefix="org.codecover.simplejavaapp.view.FrameMain.java" Intrnl_Id="234">
<LocList>
<Loc EndOffset="12197" SrcFileId="1" StartOffset="12175"/>
</LocList>
</BasicStmnt>
</StmntSeq>
</Branch>
<Branch CovItemId="B14" CovItemPrefix="org.codecover.simplejavaapp.view.FrameMain.java" Implct="true" Intrnl_Id="235">
<Cond/>
<LocList/>
<StmntSeq Intrnl_Id="236">
<LocList/>
</StmntSeq>
</Branch>
<Keyword EndOffset="11911" SrcFileId="1" StartOffset="11905"/>
<LocList>
<Loc EndOffset="12211" SrcFileId="1" StartOffset="11905"/>
</LocList>
</CondStmnt>
<BasicStmnt CovItemId="S113" CovItemPrefix="org.codecover.simplejavaapp.view.FrameMain.java" Intrnl_Id="237">
<LocList>
<Loc EndOffset="12236" SrcFileId="1" StartOffset="12224"/>
</LocList>
</BasicStmnt>
</StmntSeq>
</HierarchyLvl>
<HierarchyLvl HierarchyLvlId="351" HierarchyLvlTypeId="13" Intrnl_Id="238" Name="isCellEditable">
<Header>
<Loc EndOffset="12465" SrcFileId="1" StartOffset="12387"/>
</Header>
<LocList>
<Loc EndOffset="12502" SrcFileId="1" StartOffset="12387"/>
</LocList>
<StmntSeq Intrnl_Id="239">
<LocList>
<Loc EndOffset="12492" SrcFileId="1" StartOffset="12480"/>
</LocList>
<BasicStmnt CovItemId="S114" CovItemPrefix="org.codecover.simplejavaapp.view.FrameMain.java" Intrnl_Id="240">
<LocList>
<Loc EndOffset="12492" SrcFileId="1" StartOffset="12480"/>
</LocList>
</BasicStmnt>
</StmntSeq>
</HierarchyLvl>
<HierarchyLvl HierarchyLvlId="352" HierarchyLvlTypeId="13" Intrnl_Id="241" Name="setValueAt">
<Header>
<Loc EndOffset="12758" SrcFileId="1" StartOffset="12673"/>
</Header>
<LocList>
<Loc EndOffset="13293" SrcFileId="1" StartOffset="12673"/>
</LocList>
<StmntSeq Intrnl_Id="242">
<LocList>
<Loc EndOffset="12813" SrcFileId="1" StartOffset="12773"/>
<Loc EndOffset="13283" SrcFileId="1" StartOffset="12827"/>
</LocList>
<BasicStmnt CovItemId="S115" CovItemPrefix="org.codecover.simplejavaapp.view.FrameMain.java" Intrnl_Id="243">
<LocList>
<Loc EndOffset="12813" SrcFileId="1" StartOffset="12773"/>
</LocList>
</BasicStmnt>
<CondStmnt CovItemId="S116" CovItemPrefix="org.codecover.simplejavaapp.view.FrameMain.java" Intrnl_Id="244">
<Branch CovItemId="B15" CovItemPrefix="org.codecover.simplejavaapp.view.FrameMain.java" Implct="false" Intrnl_Id="245">
<Cond>
<Loc EndOffset="12872" SrcFileId="1" StartOffset="12866"/>
</Cond>
<LocList>
<Loc EndOffset="12952" SrcFileId="1" StartOffset="12894"/>
</LocList>
<StmntSeq Intrnl_Id="246">
<LocList>
<Loc EndOffset="12925" SrcFileId="1" StartOffset="12894"/>
<Loc EndOffset="12952" SrcFileId="1" StartOffset="12946"/>
</LocList>
<BasicStmnt CovItemId="S117" CovItemPrefix="org.codecover.simplejavaapp.view.FrameMain.java" Intrnl_Id="247">
<LocList>
<Loc EndOffset="12925" SrcFileId="1" StartOffset="12894"/>
</LocList>
</BasicStmnt>
<BasicStmnt CovItemId="S118" CovItemPrefix="org.codecover.simplejavaapp.view.FrameMain.java" Intrnl_Id="248">
<LocList>
<Loc EndOffset="12952" SrcFileId="1" StartOffset="12946"/>
</LocList>
</BasicStmnt>
</StmntSeq>
</Branch>
<Branch CovItemId="B16" CovItemPrefix="org.codecover.simplejavaapp.view.FrameMain.java" Implct="false" Intrnl_Id="249">
<Cond>
<Loc EndOffset="12975" SrcFileId="1" StartOffset="12969"/>
</Cond>
<LocList>
<Loc EndOffset="13053" SrcFileId="1" StartOffset="12997"/>
</LocList>
<StmntSeq Intrnl_Id="250">
<LocList>
<Loc EndOffset="13026" SrcFileId="1" StartOffset="12997"/>
<Loc EndOffset="13053" SrcFileId="1" StartOffset="13047"/>
</LocList>
<BasicStmnt CovItemId="S119" CovItemPrefix="org.codecover.simplejavaapp.view.FrameMain.java" Intrnl_Id="251">
<LocList>
<Loc EndOffset="13026" SrcFileId="1" StartOffset="12997"/>
</LocList>
</BasicStmnt>
<BasicStmnt CovItemId="S120" CovItemPrefix="org.codecover.simplejavaapp.view.FrameMain.java" Intrnl_Id="252">
<LocList>
<Loc EndOffset="13053" SrcFileId="1" StartOffset="13047"/>
</LocList>
</BasicStmnt>
</StmntSeq>
</Branch>
<Branch CovItemId="B17" CovItemPrefix="org.codecover.simplejavaapp.view.FrameMain.java" Implct="false" Intrnl_Id="253">
<Cond>
<Loc EndOffset="13076" SrcFileId="1" StartOffset="13070"/>
</Cond>
<LocList>
<Loc EndOffset="13168" SrcFileId="1" StartOffset="13098"/>
</LocList>
<StmntSeq Intrnl_Id="254">
<LocList>
<Loc EndOffset="13141" SrcFileId="1" StartOffset="13098"/>
<Loc EndOffset="13168" SrcFileId="1" StartOffset="13162"/>
</LocList>
<BasicStmnt CovItemId="S121" CovItemPrefix="org.codecover.simplejavaapp.view.FrameMain.java" Intrnl_Id="255">
<LocList>
<Loc EndOffset="13141" SrcFileId="1" StartOffset="13098"/>
</LocList>
</BasicStmnt>
<BasicStmnt CovItemId="S122" CovItemPrefix="org.codecover.simplejavaapp.view.FrameMain.java" Intrnl_Id="256">
<LocList>
<Loc EndOffset="13168" SrcFileId="1" StartOffset="13162"/>
</LocList>
</BasicStmnt>
</StmntSeq>
</Branch>
<Branch CovItemId="B18" CovItemPrefix="org.codecover.simplejavaapp.view.FrameMain.java" Implct="false" Intrnl_Id="257">
<Cond>
<Loc EndOffset="13191" SrcFileId="1" StartOffset="13185"/>
</Cond>
<LocList>
<Loc EndOffset="13269" SrcFileId="1" StartOffset="13213"/>
</LocList>
<StmntSeq Intrnl_Id="258">
<LocList>
<Loc EndOffset="13242" SrcFileId="1" StartOffset="13213"/>
<Loc EndOffset="13269" SrcFileId="1" StartOffset="13263"/>
</LocList>
<BasicStmnt CovItemId="S123" CovItemPrefix="org.codecover.simplejavaapp.view.FrameMain.java" Intrnl_Id="259">
<LocList>
<Loc EndOffset="13242" SrcFileId="1" StartOffset="13213"/>
</LocList>
</BasicStmnt>
<BasicStmnt CovItemId="S124" CovItemPrefix="org.codecover.simplejavaapp.view.FrameMain.java" Intrnl_Id="260">
<LocList>
<Loc EndOffset="13269" SrcFileId="1" StartOffset="13263"/>
</LocList>
</BasicStmnt>
</StmntSeq>
</Branch>
<Branch CovItemId="B19" CovItemPrefix="org.codecover.simplejavaapp.view.FrameMain.java" Implct="true" Intrnl_Id="261">
<Cond/>
<LocList/>
<StmntSeq Intrnl_Id="262">
<LocList/>
</StmntSeq>
</Branch>
<Keyword EndOffset="12833" SrcFileId="1" StartOffset="12827"/>
<LocList>
<Loc EndOffset="13283" SrcFileId="1" StartOffset="12827"/>
</LocList>
</CondStmnt>
</StmntSeq>
</HierarchyLvl>
</HierarchyLvl>
</HierarchyLvl>
<HierarchyLvl HierarchyLvlId="372" HierarchyLvlTypeId="12" Intrnl_Id="263" Name="AppView">
<Header>
<Loc EndOffset="547" SrcFileId="2" StartOffset="527"/>
</Header>
<LocList>
<Loc EndOffset="6038" SrcFileId="2" StartOffset="527"/>
<Loc EndOffset="7125" SrcFileId="2" StartOffset="6243"/>
<Loc EndOffset="7548" SrcFileId="2" StartOffset="7546"/>
</LocList>
<StmntSeq Intrnl_Id="264">
<LocList>
<Loc EndOffset="615" SrcFileId="2" StartOffset="554"/>
</LocList>
<BasicStmnt CovItemId="S1" CovItemPrefix="org.codecover.simplejavaapp.view.AppView.java" Intrnl_Id="265">
<LocList>
<Loc EndOffset="615" SrcFileId="2" StartOffset="554"/>
</LocList>
</BasicStmnt>
</StmntSeq>
<HierarchyLvl HierarchyLvlId="355" HierarchyLvlTypeId="13" Intrnl_Id="266" Name="getInstance">
<Header>
<Loc EndOffset="944" SrcFileId="2" StartOffset="909"/>
</Header>
<LocList>
<Loc EndOffset="1058" SrcFileId="2" StartOffset="909"/>
</LocList>
<StmntSeq Intrnl_Id="267">
<LocList>
<Loc EndOffset="1026" SrcFileId="2" StartOffset="955"/>
<Loc EndOffset="1052" SrcFileId="2" StartOffset="1036"/>
</LocList>
<CondStmnt CovItemId="S2" CovItemPrefix="org.codecover.simplejavaapp.view.AppView.java" Intrnl_Id="268">
<Branch CovItemId="B1" CovItemPrefix="org.codecover.simplejavaapp.view.AppView.java" Implct="false" Intrnl_Id="269">
<Cond/>
<LocList>
<Loc EndOffset="1026" SrcFileId="2" StartOffset="977"/>
</LocList>
<StmntSeq Intrnl_Id="270">
<LocList>
<Loc EndOffset="1016" SrcFileId="2" StartOffset="991"/>
</LocList>
<BasicStmnt CovItemId="S3" CovItemPrefix="org.codecover.simplejavaapp.view.AppView.java" Intrnl_Id="271">
<LocList>
<Loc EndOffset="1016" SrcFileId="2" StartOffset="991"/>
</LocList>
</BasicStmnt>
</StmntSeq>
</Branch>
<Branch CovItemId="B2" CovItemPrefix="org.codecover.simplejavaapp.view.AppView.java" Implct="true" Intrnl_Id="272">
<Cond/>
<LocList/>
<StmntSeq Intrnl_Id="273">
<LocList/>
</StmntSeq>
</Branch>
<Keyword EndOffset="957" SrcFileId="2" StartOffset="955"/>
<LocList>
<Loc EndOffset="1026" SrcFileId="2" StartOffset="955"/>
</LocList>
<RootTerm CovItemId="C1" CovItemPrefix="org.codecover.simplejavaapp.view.AppView.java" Intrnl_Id="274">
<BasicBoolTerm Intrnl_Id="275">
<LocList>
<Loc EndOffset="975" SrcFileId="2" StartOffset="959"/>
</LocList>
</BasicBoolTerm>
</RootTerm>
</CondStmnt>
<BasicStmnt CovItemId="S4" CovItemPrefix="org.codecover.simplejavaapp.view.AppView.java" Intrnl_Id="276">
<LocList>
<Loc EndOffset="1052" SrcFileId="2" StartOffset="1036"/>
</LocList>
</BasicStmnt>
</StmntSeq>
</HierarchyLvl>
<HierarchyLvl HierarchyLvlId="356" HierarchyLvlTypeId="13" Intrnl_Id="277" Name="AppView">
<Header>
<Loc EndOffset="1081" SrcFileId="2" StartOffset="1064"/>
</Header>
<LocList>
<Loc EndOffset="1206" SrcFileId="2" StartOffset="1064"/>
</LocList>
<StmntSeq Intrnl_Id="278">
<LocList>
<Loc EndOffset="1143" SrcFileId="2" StartOffset="1092"/>
<Loc EndOffset="1200" SrcFileId="2" StartOffset="1152"/>
</LocList>
<BasicStmnt CovItemId="S5" CovItemPrefix="org.codecover.simplejavaapp.view.AppView.java" Intrnl_Id="279">
<LocList>
<Loc EndOffset="1143" SrcFileId="2" StartOffset="1092"/>
</LocList>
</BasicStmnt>
<BasicStmnt CovItemId="S6" CovItemPrefix="org.codecover.simplejavaapp.view.AppView.java" Intrnl_Id="280">
<LocList>
<Loc EndOffset="1200" SrcFileId="2" StartOffset="1152"/>
</LocList>
</BasicStmnt>
</StmntSeq>
</HierarchyLvl>
<HierarchyLvl HierarchyLvlId="357" HierarchyLvlTypeId="13" Intrnl_Id="281" Name="notifyViewListener">
<Header>
<Loc EndOffset="1284" SrcFileId="2" StartOffset="1212"/>
</Header>
<LocList>
<Loc EndOffset="1411" SrcFileId="2" StartOffset="1212"/>
</LocList>
<StmntSeq Intrnl_Id="282">
<LocList>
<Loc EndOffset="1405" SrcFileId="2" StartOffset="1295"/>
</LocList>
<LoopStmnt CovItemId="S7" CovItemPrefix="org.codecover.simplejavaapp.view.AppView.java" Intrnl_Id="283" MltplExecId="L1-2" MltplExecPrefix="org.codecover.simplejavaapp.view.AppView.java" NvrExecId="L1-0" NvrExecPrefix="org.codecover.simplejavaapp.view.AppView.java" OnceExecutedId="L1-1" OnceExecutedPrefix="org.codecover.simplejavaapp.view.AppView.java" OptBodyExec="true">
<StmntSeq Intrnl_Id="284">
<LocList>
<Loc EndOffset="1395" SrcFileId="2" StartOffset="1354"/>
</LocList>
<BasicStmnt CovItemId="S8" CovItemPrefix="org.codecover.simplejavaapp.view.AppView.java" Intrnl_Id="285">
<LocList>
<Loc EndOffset="1395" SrcFileId="2" StartOffset="1354"/>
</LocList>
</BasicStmnt>
</StmntSeq>
<Keyword EndOffset="1298" SrcFileId="2" StartOffset="1295"/>
<LocList>
<Loc EndOffset="1405" SrcFileId="2" StartOffset="1295"/>
</LocList>
</LoopStmnt>
</StmntSeq>
</HierarchyLvl>
<HierarchyLvl HierarchyLvlId="358" HierarchyLvlTypeId="13" Intrnl_Id="286" Name="addViewListener">
<Header>
<Loc EndOffset="1632" SrcFileId="2" StartOffset="1582"/>
</Header>
<LocList>
<Loc EndOffset="1678" SrcFileId="2" StartOffset="1582"/>
</LocList>
<StmntSeq Intrnl_Id="287">
<LocList>
<Loc EndOffset="1672" SrcFileId="2" StartOffset="1643"/>
</LocList>
<BasicStmnt CovItemId="S9" CovItemPrefix="org.codecover.simplejavaapp.view.AppView.java" Intrnl_Id="288">
<LocList>
<Loc EndOffset="1672" SrcFileId="2" StartOffset="1643"/>
</LocList>
</BasicStmnt>
</StmntSeq>
</HierarchyLvl>
<HierarchyLvl HierarchyLvlId="359" HierarchyLvlTypeId="13" Intrnl_Id="289" Name="removeViewListener">
<Header>
<Loc EndOffset="1907" SrcFileId="2" StartOffset="1854"/>
</Header>
<LocList>
<Loc EndOffset="1956" SrcFileId="2" StartOffset="1854"/>
</LocList>
<StmntSeq Intrnl_Id="290">
<LocList>
<Loc EndOffset="1950" SrcFileId="2" StartOffset="1918"/>
</LocList>
<BasicStmnt CovItemId="S10" CovItemPrefix="org.codecover.simplejavaapp.view.AppView.java" Intrnl_Id="291">
<LocList>
<Loc EndOffset="1950" SrcFileId="2" StartOffset="1918"/>
</LocList>
</BasicStmnt>
</StmntSeq>
</HierarchyLvl>
<HierarchyLvl HierarchyLvlId="360" HierarchyLvlTypeId="13" Intrnl_Id="292" Name="openWindow">
<Header>
<Loc EndOffset="2196" SrcFileId="2" StartOffset="2159"/>
</Header>
<LocList>
<Loc EndOffset="2371" SrcFileId="2" StartOffset="2159"/>
</LocList>
<StmntSeq Intrnl_Id="293">
<LocList>
<Loc EndOffset="2280" SrcFileId="2" StartOffset="2207"/>
<Loc EndOffset="2329" SrcFileId="2" StartOffset="2290"/>
<Loc EndOffset="2365" SrcFileId="2" StartOffset="2338"/>
</LocList>
<BasicStmnt CovItemId="S11" CovItemPrefix="org.codecover.simplejavaapp.view.AppView.java" Intrnl_Id="294">
<LocList>
<Loc EndOffset="2280" SrcFileId="2" StartOffset="2207"/>
</LocList>
</BasicStmnt>
<BasicStmnt CovItemId="S12" CovItemPrefix="org.codecover.simplejavaapp.view.AppView.java" Intrnl_Id="295">
<LocList>
<Loc EndOffset="2329" SrcFileId="2" StartOffset="2290"/>
</LocList>
</BasicStmnt>
<BasicStmnt CovItemId="S13" CovItemPrefix="org.codecover.simplejavaapp.view.AppView.java" Intrnl_Id="296">
<LocList>
<Loc EndOffset="2365" SrcFileId="2" StartOffset="2338"/>
</LocList>
</BasicStmnt>
</StmntSeq>
</HierarchyLvl>
<HierarchyLvl HierarchyLvlId="361" HierarchyLvlTypeId="13" Intrnl_Id="297" Name="openFileInWindow">
<Header>
<Loc EndOffset="2725" SrcFileId="2" StartOffset="2661"/>
</Header>
<LocList>
<Loc EndOffset="2928" SrcFileId="2" StartOffset="2661"/>
</LocList>
<StmntSeq Intrnl_Id="298">
<LocList>
<Loc EndOffset="2785" SrcFileId="2" StartOffset="2736"/>
<Loc EndOffset="2829" SrcFileId="2" StartOffset="2795"/>
<Loc EndOffset="2881" SrcFileId="2" StartOffset="2839"/>
<Loc EndOffset="2922" SrcFileId="2" StartOffset="2891"/>
</LocList>
<BasicStmnt CovItemId="S14" CovItemPrefix="org.codecover.simplejavaapp.view.AppView.java" Intrnl_Id="299">
<LocList>
<Loc EndOffset="2785" SrcFileId="2" StartOffset="2736"/>
</LocList>
</BasicStmnt>
<BasicStmnt CovItemId="S15" CovItemPrefix="org.codecover.simplejavaapp.view.AppView.java" Intrnl_Id="300">
<LocList>
<Loc EndOffset="2829" SrcFileId="2" StartOffset="2795"/>
</LocList>
</BasicStmnt>
<BasicStmnt CovItemId="S16" CovItemPrefix="org.codecover.simplejavaapp.view.AppView.java" Intrnl_Id="301">
<LocList>
<Loc EndOffset="2881" SrcFileId="2" StartOffset="2839"/>
</LocList>
</BasicStmnt>
<BasicStmnt CovItemId="S17" CovItemPrefix="org.codecover.simplejavaapp.view.AppView.java" Intrnl_Id="302">
<LocList>
<Loc EndOffset="2922" SrcFileId="2" StartOffset="2891"/>
</LocList>
</BasicStmnt>
</StmntSeq>
</HierarchyLvl>
<HierarchyLvl HierarchyLvlId="362" HierarchyLvlTypeId="13" Intrnl_Id="303" Name="closeWindow">
<Header>
<Loc EndOffset="3129" SrcFileId="2" StartOffset="3091"/>
</Header>
<LocList>
<Loc EndOffset="3300" SrcFileId="2" StartOffset="3091"/>
</LocList>
<StmntSeq Intrnl_Id="304">
<LocList>
<Loc EndOffset="3186" SrcFileId="2" StartOffset="3140"/>
<Loc EndOffset="3227" SrcFileId="2" StartOffset="3196"/>
<Loc EndOffset="3265" SrcFileId="2" StartOffset="3237"/>
<Loc EndOffset="3294" SrcFileId="2" StartOffset="3274"/>
</LocList>
<BasicStmnt CovItemId="S18" CovItemPrefix="org.codecover.simplejavaapp.view.AppView.java" Intrnl_Id="305">
<LocList>
<Loc EndOffset="3186" SrcFileId="2" StartOffset="3140"/>
</LocList>
</BasicStmnt>
<BasicStmnt CovItemId="S19" CovItemPrefix="org.codecover.simplejavaapp.view.AppView.java" Intrnl_Id="306">
<LocList>
<Loc EndOffset="3227" SrcFileId="2" StartOffset="3196"/>
</LocList>
</BasicStmnt>
<BasicStmnt CovItemId="S20" CovItemPrefix="org.codecover.simplejavaapp.view.AppView.java" Intrnl_Id="307">
<LocList>
<Loc EndOffset="3265" SrcFileId="2" StartOffset="3237"/>
</LocList>
</BasicStmnt>
<BasicStmnt CovItemId="S21" CovItemPrefix="org.codecover.simplejavaapp.view.AppView.java" Intrnl_Id="308">
<LocList>
<Loc EndOffset="3294" SrcFileId="2" StartOffset="3274"/>
</LocList>
</BasicStmnt>
</StmntSeq>
</HierarchyLvl>
<HierarchyLvl HierarchyLvlId="363" HierarchyLvlTypeId="13" Intrnl_Id="309" Name="showErrorDialog">
<Header>
<Loc EndOffset="3567" SrcFileId="2" StartOffset="3509"/>
</Header>
<LocList>
<Loc EndOffset="3700" SrcFileId="2" StartOffset="3509"/>
</LocList>
<StmntSeq Intrnl_Id="310">
<LocList>
<Loc EndOffset="3694" SrcFileId="2" StartOffset="3578"/>
</LocList>
<BasicStmnt CovItemId="S22" CovItemPrefix="org.codecover.simplejavaapp.view.AppView.java" Intrnl_Id="311">
<LocList>
<Loc EndOffset="3694" SrcFileId="2" StartOffset="3578"/>
</LocList>
</BasicStmnt>
</StmntSeq>
</HierarchyLvl>
<HierarchyLvl HierarchyLvlId="364" HierarchyLvlTypeId="13" Intrnl_Id="312" Name="showConfirmationDialog">
<Header>
<Loc EndOffset="3999" SrcFileId="2" StartOffset="3935"/>
</Header>
<LocList>
<Loc EndOffset="4155" SrcFileId="2" StartOffset="3935"/>
</LocList>
<StmntSeq Intrnl_Id="313">
<LocList>
<Loc EndOffset="4149" SrcFileId="2" StartOffset="4010"/>
</LocList>
<BasicStmnt CovItemId="S23" CovItemPrefix="org.codecover.simplejavaapp.view.AppView.java" Intrnl_Id="314">
<LocList>
<Loc EndOffset="4149" SrcFileId="2" StartOffset="4010"/>
</LocList>
</BasicStmnt>
</StmntSeq>
</HierarchyLvl>
<HierarchyLvl HierarchyLvlId="365" HierarchyLvlTypeId="13" Intrnl_Id="315" Name="showSaveAsDialog">
<Header>
<Loc EndOffset="4444" SrcFileId="2" StartOffset="4399"/>
</Header>
<LocList>
<Loc EndOffset="4860" SrcFileId="2" StartOffset="4399"/>
</LocList>
<StmntSeq Intrnl_Id="316">
<LocList>
<Loc EndOffset="4497" SrcFileId="2" StartOffset="4455"/>
<Loc EndOffset="4554" SrcFileId="2" StartOffset="4506"/>
<Loc EndOffset="4600" SrcFileId="2" StartOffset="4563"/>
<Loc EndOffset="4663" SrcFileId="2" StartOffset="4609"/>
<Loc EndOffset="4832" SrcFileId="2" StartOffset="4673"/>
<Loc EndOffset="4854" SrcFileId="2" StartOffset="4842"/>
</LocList>
<BasicStmnt CovItemId="S24" CovItemPrefix="org.codecover.simplejavaapp.view.AppView.java" Intrnl_Id="317">
<LocList>
<Loc EndOffset="4497" SrcFileId="2" StartOffset="4455"/>
</LocList>
</BasicStmnt>
<BasicStmnt CovItemId="S25" CovItemPrefix="org.codecover.simplejavaapp.view.AppView.java" Intrnl_Id="318">
<LocList>
<Loc EndOffset="4554" SrcFileId="2" StartOffset="4506"/>
</LocList>
</BasicStmnt>
<BasicStmnt CovItemId="S26" CovItemPrefix="org.codecover.simplejavaapp.view.AppView.java" Intrnl_Id="319">
<LocList>
<Loc EndOffset="4600" SrcFileId="2" StartOffset="4563"/>
</LocList>
</BasicStmnt>
<BasicStmnt CovItemId="S27" CovItemPrefix="org.codecover.simplejavaapp.view.AppView.java" Intrnl_Id="320">
<LocList>
<Loc EndOffset="4663" SrcFileId="2" StartOffset="4609"/>
</LocList>
</BasicStmnt>
<CondStmnt CovItemId="S28" CovItemPrefix="org.codecover.simplejavaapp.view.AppView.java" Intrnl_Id="321">
<Branch CovItemId="B3" CovItemPrefix="org.codecover.simplejavaapp.view.AppView.java" Implct="false" Intrnl_Id="322">
<Cond/>
<LocList>
<Loc EndOffset="4832" SrcFileId="2" StartOffset="4757"/>
</LocList>
<StmntSeq Intrnl_Id="323">
<LocList>
<Loc EndOffset="4822" SrcFileId="2" StartOffset="4771"/>
</LocList>
<BasicStmnt CovItemId="S29" CovItemPrefix="org.codecover.simplejavaapp.view.AppView.java" Intrnl_Id="324">
<LocList>
<Loc EndOffset="4822" SrcFileId="2" StartOffset="4771"/>
</LocList>
</BasicStmnt>
</StmntSeq>
</Branch>
<Branch CovItemId="B4" CovItemPrefix="org.codecover.simplejavaapp.view.AppView.java" Implct="true" Intrnl_Id="325">
<Cond/>
<LocList/>
<StmntSeq Intrnl_Id="326">
<LocList/>
</StmntSeq>
</Branch>
<Keyword EndOffset="4675" SrcFileId="2" StartOffset="4673"/>
<LocList>
<Loc EndOffset="4832" SrcFileId="2" StartOffset="4673"/>
</LocList>
<RootTerm CovItemId="C2" CovItemPrefix="org.codecover.simplejavaapp.view.AppView.java" Intrnl_Id="327">
<BasicBoolTerm Intrnl_Id="328">
<LocList>
<Loc EndOffset="4755" SrcFileId="2" StartOffset="4677"/>
</LocList>
</BasicBoolTerm>
</RootTerm>
</CondStmnt>
<BasicStmnt CovItemId="S30" CovItemPrefix="org.codecover.simplejavaapp.view.AppView.java" Intrnl_Id="329">
<LocList>
<Loc EndOffset="4854" SrcFileId="2" StartOffset="4842"/>
</LocList>
</BasicStmnt>
</StmntSeq>
</HierarchyLvl>
<HierarchyLvl HierarchyLvlId="366" HierarchyLvlTypeId="13" Intrnl_Id="330" Name="showOpenDialog">
<Header>
<Loc EndOffset="5141" SrcFileId="2" StartOffset="5098"/>
</Header>
<LocList>
<Loc EndOffset="5551" SrcFileId="2" StartOffset="5098"/>
</LocList>
<StmntSeq Intrnl_Id="331">
<LocList>
<Loc EndOffset="5194" SrcFileId="2" StartOffset="5152"/>
<Loc EndOffset="5251" SrcFileId="2" StartOffset="5203"/>
<Loc EndOffset="5291" SrcFileId="2" StartOffset="5260"/>
<Loc EndOffset="5354" SrcFileId="2" StartOffset="5300"/>
<Loc EndOffset="5523" SrcFileId="2" StartOffset="5364"/>
<Loc EndOffset="5545" SrcFileId="2" StartOffset="5533"/>
</LocList>
<BasicStmnt CovItemId="S31" CovItemPrefix="org.codecover.simplejavaapp.view.AppView.java" Intrnl_Id="332">
<LocList>
<Loc EndOffset="5194" SrcFileId="2" StartOffset="5152"/>
</LocList>
</BasicStmnt>
<BasicStmnt CovItemId="S32" CovItemPrefix="org.codecover.simplejavaapp.view.AppView.java" Intrnl_Id="333">
<LocList>
<Loc EndOffset="5251" SrcFileId="2" StartOffset="5203"/>
</LocList>
</BasicStmnt>
<BasicStmnt CovItemId="S33" CovItemPrefix="org.codecover.simplejavaapp.view.AppView.java" Intrnl_Id="334">
<LocList>
<Loc EndOffset="5291" SrcFileId="2" StartOffset="5260"/>
</LocList>
</BasicStmnt>
<BasicStmnt CovItemId="S34" CovItemPrefix="org.codecover.simplejavaapp.view.AppView.java" Intrnl_Id="335">
<LocList>
<Loc EndOffset="5354" SrcFileId="2" StartOffset="5300"/>
</LocList>
</BasicStmnt>
<CondStmnt CovItemId="S35" CovItemPrefix="org.codecover.simplejavaapp.view.AppView.java" Intrnl_Id="336">
<Branch CovItemId="B5" CovItemPrefix="org.codecover.simplejavaapp.view.AppView.java" Implct="false" Intrnl_Id="337">
<Cond/>
<LocList>
<Loc EndOffset="5523" SrcFileId="2" StartOffset="5448"/>
</LocList>
<StmntSeq Intrnl_Id="338">
<LocList>
<Loc EndOffset="5513" SrcFileId="2" StartOffset="5462"/>
</LocList>
<BasicStmnt CovItemId="S36" CovItemPrefix="org.codecover.simplejavaapp.view.AppView.java" Intrnl_Id="339">
<LocList>
<Loc EndOffset="5513" SrcFileId="2" StartOffset="5462"/>
</LocList>
</BasicStmnt>
</StmntSeq>
</Branch>
<Branch CovItemId="B6" CovItemPrefix="org.codecover.simplejavaapp.view.AppView.java" Implct="true" Intrnl_Id="340">
<Cond/>
<LocList/>
<StmntSeq Intrnl_Id="341">
<LocList/>
</StmntSeq>
</Branch>
<Keyword EndOffset="5366" SrcFileId="2" StartOffset="5364"/>
<LocList>
<Loc EndOffset="5523" SrcFileId="2" StartOffset="5364"/>
</LocList>
<RootTerm CovItemId="C3" CovItemPrefix="org.codecover.simplejavaapp.view.AppView.java" Intrnl_Id="342">
<BasicBoolTerm Intrnl_Id="343">
<LocList>
<Loc EndOffset="5446" SrcFileId="2" StartOffset="5368"/>
</LocList>
</BasicBoolTerm>
</RootTerm>
</CondStmnt>
<BasicStmnt CovItemId="S37" CovItemPrefix="org.codecover.simplejavaapp.view.AppView.java" Intrnl_Id="344">
<LocList>
<Loc EndOffset="5545" SrcFileId="2" StartOffset="5533"/>
</LocList>
</BasicStmnt>
</StmntSeq>
</HierarchyLvl>
<HierarchyLvl HierarchyLvlId="367" HierarchyLvlTypeId="13" Intrnl_Id="345" Name="getWindowFromId">
<Header>
<Loc EndOffset="5605" SrcFileId="2" StartOffset="5557"/>
</Header>
<LocList>
<Loc EndOffset="5657" SrcFileId="2" StartOffset="5557"/>
</LocList>
<StmntSeq Intrnl_Id="346">
<LocList>
<Loc EndOffset="5651" SrcFileId="2" StartOffset="5616"/>
</LocList>
<BasicStmnt CovItemId="S38" CovItemPrefix="org.codecover.simplejavaapp.view.AppView.java" Intrnl_Id="347">
<LocList>
<Loc EndOffset="5651" SrcFileId="2" StartOffset="5616"/>
</LocList>
</BasicStmnt>
</StmntSeq>
</HierarchyLvl>
<HierarchyLvl HierarchyLvlId="368" HierarchyLvlTypeId="13" Intrnl_Id="348" Name="getAllFileIds">
<Header>
<Loc EndOffset="5687" SrcFileId="2" StartOffset="5663"/>
</Header>
<LocList>
<Loc EndOffset="5847" SrcFileId="2" StartOffset="5663"/>
</LocList>
<StmntSeq Intrnl_Id="349">
<LocList>
<Loc EndOffset="5743" SrcFileId="2" StartOffset="5698"/>
<Loc EndOffset="5792" SrcFileId="2" StartOffset="5752"/>
<Loc EndOffset="5820" SrcFileId="2" StartOffset="5801"/>
<Loc EndOffset="5841" SrcFileId="2" StartOffset="5830"/>
</LocList>
<BasicStmnt CovItemId="S39" CovItemPrefix="org.codecover.simplejavaapp.view.AppView.java" Intrnl_Id="350">
<LocList>
<Loc EndOffset="5743" SrcFileId="2" StartOffset="5698"/>
</LocList>
</BasicStmnt>
<BasicStmnt CovItemId="S40" CovItemPrefix="org.codecover.simplejavaapp.view.AppView.java" Intrnl_Id="351">
<LocList>
<Loc EndOffset="5792" SrcFileId="2" StartOffset="5752"/>
</LocList>
</BasicStmnt>
<BasicStmnt CovItemId="S41" CovItemPrefix="org.codecover.simplejavaapp.view.AppView.java" Intrnl_Id="352">
<LocList>
<Loc EndOffset="5820" SrcFileId="2" StartOffset="5801"/>
</LocList>
</BasicStmnt>
<BasicStmnt CovItemId="S42" CovItemPrefix="org.codecover.simplejavaapp.view.AppView.java" Intrnl_Id="353">
<LocList>
<Loc EndOffset="5841" SrcFileId="2" StartOffset="5830"/>
</LocList>
</BasicStmnt>
</StmntSeq>
</HierarchyLvl>
<HierarchyLvl HierarchyLvlId="371" HierarchyLvlTypeId="15" Intrnl_Id="354" Name="ViewListener">
<Header>
<Loc EndOffset="6067" SrcFileId="2" StartOffset="6038"/>
</Header>
<LocList>
<Loc EndOffset="6243" SrcFileId="2" StartOffset="6038"/>
<Loc EndOffset="7546" SrcFileId="2" StartOffset="7125"/>
</LocList>
<HierarchyLvl HierarchyLvlId="369" HierarchyLvlTypeId="10" Intrnl_Id="355" Name="ViewEvent">
<Header>
<Loc EndOffset="6257" SrcFileId="2" StartOffset="6243"/>
</Header>
<LocList>
<Loc EndOffset="7125" SrcFileId="2" StartOffset="6243"/>
</LocList>
</HierarchyLvl>
<HierarchyLvl HierarchyLvlId="370" HierarchyLvlTypeId="13" Intrnl_Id="356" Name="update">
<Header>
<Loc EndOffset="7539" SrcFileId="2" StartOffset="7472"/>
</Header>
<LocList>
<Loc EndOffset="7540" SrcFileId="2" StartOffset="7472"/>
</LocList>
</HierarchyLvl>
</HierarchyLvl>
</HierarchyLvl>
</HierarchyLvl>
<HierarchyLvl HierarchyLvlId="452" HierarchyLvlTypeId="11" Intrnl_Id="357" Name="model">
<Header/>
<LocList/>
<HierarchyLvl HierarchyLvlId="390" HierarchyLvlTypeId="12" Intrnl_Id="358" Name="Book">
<Header>
<Loc EndOffset="301" SrcFileId="3" StartOffset="284"/>
</Header>
<LocList>
<Loc EndOffset="4698" SrcFileId="3" StartOffset="284"/>
<Loc EndOffset="4871" SrcFileId="3" StartOffset="4869"/>
</LocList>
<StmntSeq Intrnl_Id="359">
<LocList>
<Loc EndOffset="350" SrcFileId="3" StartOffset="308"/>
<Loc EndOffset="398" SrcFileId="3" StartOffset="356"/>
<Loc EndOffset="446" SrcFileId="3" StartOffset="404"/>
<Loc EndOffset="490" SrcFileId="3" StartOffset="452"/>
<Loc EndOffset="542" SrcFileId="3" StartOffset="496"/>
<Loc EndOffset="607" SrcFileId="3" StartOffset="578"/>
<Loc EndOffset="646" SrcFileId="3" StartOffset="613"/>
<Loc EndOffset="676" SrcFileId="3" StartOffset="652"/>
<Loc EndOffset="711" SrcFileId="3" StartOffset="682"/>
</LocList>
<BasicStmnt CovItemId="S1" CovItemPrefix="org.codecover.simplejavaapp.model.Book.java" Intrnl_Id="360">
<LocList>
<Loc EndOffset="350" SrcFileId="3" StartOffset="308"/>
</LocList>
</BasicStmnt>
<BasicStmnt CovItemId="S2" CovItemPrefix="org.codecover.simplejavaapp.model.Book.java" Intrnl_Id="361">
<LocList>
<Loc EndOffset="398" SrcFileId="3" StartOffset="356"/>
</LocList>
</BasicStmnt>
<BasicStmnt CovItemId="S3" CovItemPrefix="org.codecover.simplejavaapp.model.Book.java" Intrnl_Id="362">
<LocList>
<Loc EndOffset="446" SrcFileId="3" StartOffset="404"/>
</LocList>
</BasicStmnt>
<BasicStmnt CovItemId="S4" CovItemPrefix="org.codecover.simplejavaapp.model.Book.java" Intrnl_Id="363">
<LocList>
<Loc EndOffset="490" SrcFileId="3" StartOffset="452"/>
</LocList>
</BasicStmnt>
<BasicStmnt CovItemId="S5" CovItemPrefix="org.codecover.simplejavaapp.model.Book.java" Intrnl_Id="364">
<LocList>
<Loc EndOffset="542" SrcFileId="3" StartOffset="496"/>
</LocList>
</BasicStmnt>
<BasicStmnt CovItemId="S6" CovItemPrefix="org.codecover.simplejavaapp.model.Book.java" Intrnl_Id="365">
<LocList>
<Loc EndOffset="607" SrcFileId="3" StartOffset="578"/>
</LocList>
</BasicStmnt>
<BasicStmnt CovItemId="S7" CovItemPrefix="org.codecover.simplejavaapp.model.Book.java" Intrnl_Id="366">
<LocList>
<Loc EndOffset="646" SrcFileId="3" StartOffset="613"/>
</LocList>
</BasicStmnt>
<BasicStmnt CovItemId="S8" CovItemPrefix="org.codecover.simplejavaapp.model.Book.java" Intrnl_Id="367">
<LocList>
<Loc EndOffset="676" SrcFileId="3" StartOffset="652"/>
</LocList>
</BasicStmnt>
<BasicStmnt CovItemId="S9" CovItemPrefix="org.codecover.simplejavaapp.model.Book.java" Intrnl_Id="368">
<LocList>
<Loc EndOffset="711" SrcFileId="3" StartOffset="682"/>
</LocList>
</BasicStmnt>
</StmntSeq>
<HierarchyLvl HierarchyLvlId="373" HierarchyLvlTypeId="13" Intrnl_Id="369" Name="Book">
<Header>
<Loc EndOffset="935" SrcFileId="3" StartOffset="913"/>
</Header>
<LocList>
<Loc EndOffset="965" SrcFileId="3" StartOffset="913"/>
</LocList>
<StmntSeq Intrnl_Id="370">
<LocList>
<Loc EndOffset="959" SrcFileId="3" StartOffset="946"/>
</LocList>
<BasicStmnt CovItemId="S10" CovItemPrefix="org.codecover.simplejavaapp.model.Book.java" Intrnl_Id="371">
<LocList>
<Loc EndOffset="959" SrcFileId="3" StartOffset="946"/>
</LocList>
</BasicStmnt>
</StmntSeq>
</HierarchyLvl>
<HierarchyLvl HierarchyLvlId="374" HierarchyLvlTypeId="13" Intrnl_Id="372" Name="Book">
<Header>
<Loc EndOffset="1063" SrcFileId="3" StartOffset="1050"/>
</Header>
<LocList>
<Loc EndOffset="1115" SrcFileId="3" StartOffset="1050"/>
</LocList>
<StmntSeq Intrnl_Id="373">
<LocList>
<Loc EndOffset="1109" SrcFileId="3" StartOffset="1074"/>
</LocList>
<BasicStmnt CovItemId="S11" CovItemPrefix="org.codecover.simplejavaapp.model.Book.java" Intrnl_Id="374">
<LocList>
<Loc EndOffset="1109" SrcFileId="3" StartOffset="1074"/>
</LocList>
</BasicStmnt>
</StmntSeq>
</HierarchyLvl>
<HierarchyLvl HierarchyLvlId="375" HierarchyLvlTypeId="13" Intrnl_Id="375" Name="getId">
<Header>
<Loc EndOffset="1208" SrcFileId="3" StartOffset="1187"/>
</Header>
<LocList>
<Loc EndOffset="1240" SrcFileId="3" StartOffset="1187"/>
</LocList>
<StmntSeq Intrnl_Id="376">
<LocList>
<Loc EndOffset="1234" SrcFileId="3" StartOffset="1219"/>
</LocList>
<BasicStmnt CovItemId="S12" CovItemPrefix="org.codecover.simplejavaapp.model.Book.java" Intrnl_Id="377">
<LocList>
<Loc EndOffset="1234" SrcFileId="3" StartOffset="1219"/>
</LocList>
</BasicStmnt>
</StmntSeq>
</HierarchyLvl>
<HierarchyLvl HierarchyLvlId="376" HierarchyLvlTypeId="13" Intrnl_Id="378" Name="getName">
<Header>
<Loc EndOffset="1339" SrcFileId="3" StartOffset="1316"/>
</Header>
<LocList>
<Loc EndOffset="1373" SrcFileId="3" StartOffset="1316"/>
</LocList>
<StmntSeq Intrnl_Id="379">
<LocList>
<Loc EndOffset="1367" SrcFileId="3" StartOffset="1350"/>
</LocList>
<BasicStmnt CovItemId="S13" CovItemPrefix="org.codecover.simplejavaapp.model.Book.java" Intrnl_Id="380">
<LocList>
<Loc EndOffset="1367" SrcFileId="3" StartOffset="1350"/>
</LocList>
</BasicStmnt>
</StmntSeq>
</HierarchyLvl>
<HierarchyLvl HierarchyLvlId="377" HierarchyLvlTypeId="13" Intrnl_Id="381" Name="getAuthor">
<Header>
<Loc EndOffset="1478" SrcFileId="3" StartOffset="1453"/>
</Header>
<LocList>
<Loc EndOffset="1514" SrcFileId="3" StartOffset="1453"/>
</LocList>
<StmntSeq Intrnl_Id="382">
<LocList>
<Loc EndOffset="1508" SrcFileId="3" StartOffset="1489"/>
</LocList>
<BasicStmnt CovItemId="S14" CovItemPrefix="org.codecover.simplejavaapp.model.Book.java" Intrnl_Id="383">
<LocList>
<Loc EndOffset="1508" SrcFileId="3" StartOffset="1489"/>
</LocList>
</BasicStmnt>
</StmntSeq>
</HierarchyLvl>
<HierarchyLvl HierarchyLvlId="378" HierarchyLvlTypeId="13" Intrnl_Id="384" Name="getYear">
<Header>
<Loc EndOffset="1610" SrcFileId="3" StartOffset="1590"/>
</Header>
<LocList>
<Loc EndOffset="1644" SrcFileId="3" StartOffset="1590"/>
</LocList>
<StmntSeq Intrnl_Id="385">
<LocList>
<Loc EndOffset="1638" SrcFileId="3" StartOffset="1621"/>
</LocList>
<BasicStmnt CovItemId="S15" CovItemPrefix="org.codecover.simplejavaapp.model.Book.java" Intrnl_Id="386">
<LocList>
<Loc EndOffset="1638" SrcFileId="3" StartOffset="1621"/>
</LocList>
</BasicStmnt>
</StmntSeq>
</HierarchyLvl>
<HierarchyLvl HierarchyLvlId="379" HierarchyLvlTypeId="13" Intrnl_Id="387" Name="getIsbn">
<Header>
<Loc EndOffset="1743" SrcFileId="3" StartOffset="1720"/>
</Header>
<LocList>
<Loc EndOffset="1777" SrcFileId="3" StartOffset="1720"/>
</LocList>
<StmntSeq Intrnl_Id="388">
<LocList>
<Loc EndOffset="1771" SrcFileId="3" StartOffset="1754"/>
</LocList>
<BasicStmnt CovItemId="S16" CovItemPrefix="org.codecover.simplejavaapp.model.Book.java" Intrnl_Id="389">
<LocList>
<Loc EndOffset="1771" SrcFileId="3" StartOffset="1754"/>
</LocList>
</BasicStmnt>
</StmntSeq>
</HierarchyLvl>
<HierarchyLvl HierarchyLvlId="380" HierarchyLvlTypeId="13" Intrnl_Id="390" Name="setName">
<Header>
<Loc EndOffset="1914" SrcFileId="3" StartOffset="1882"/>
</Header>
<LocList>
<Loc EndOffset="1973" SrcFileId="3" StartOffset="1882"/>
</LocList>
<StmntSeq Intrnl_Id="391">
<LocList>
<Loc EndOffset="1942" SrcFileId="3" StartOffset="1925"/>
<Loc EndOffset="1967" SrcFileId="3" StartOffset="1951"/>
</LocList>
<BasicStmnt CovItemId="S17" CovItemPrefix="org.codecover.simplejavaapp.model.Book.java" Intrnl_Id="392">
<LocList>
<Loc EndOffset="1942" SrcFileId="3" StartOffset="1925"/>
</LocList>
</BasicStmnt>
<BasicStmnt CovItemId="S18" CovItemPrefix="org.codecover.simplejavaapp.model.Book.java" Intrnl_Id="393">
<LocList>
<Loc EndOffset="1967" SrcFileId="3" StartOffset="1951"/>
</LocList>
</BasicStmnt>
</StmntSeq>
</HierarchyLvl>
<HierarchyLvl HierarchyLvlId="381" HierarchyLvlTypeId="13" Intrnl_Id="394" Name="setAuthor">
<Header>
<Loc EndOffset="2120" SrcFileId="3" StartOffset="2084"/>
</Header>
<LocList>
<Loc EndOffset="2183" SrcFileId="3" StartOffset="2084"/>
</LocList>
<StmntSeq Intrnl_Id="395">
<LocList>
<Loc EndOffset="2152" SrcFileId="3" StartOffset="2131"/>
<Loc EndOffset="2177" SrcFileId="3" StartOffset="2161"/>
</LocList>
<BasicStmnt CovItemId="S19" CovItemPrefix="org.codecover.simplejavaapp.model.Book.java" Intrnl_Id="396">
<LocList>
<Loc EndOffset="2152" SrcFileId="3" StartOffset="2131"/>
</LocList>
</BasicStmnt>
<BasicStmnt CovItemId="S20" CovItemPrefix="org.codecover.simplejavaapp.model.Book.java" Intrnl_Id="397">
<LocList>
<Loc EndOffset="2177" SrcFileId="3" StartOffset="2161"/>
</LocList>
</BasicStmnt>
</StmntSeq>
</HierarchyLvl>
<HierarchyLvl HierarchyLvlId="382" HierarchyLvlTypeId="13" Intrnl_Id="398" Name="setYear">
<Header>
<Loc EndOffset="2317" SrcFileId="3" StartOffset="2288"/>
</Header>
<LocList>
<Loc EndOffset="2376" SrcFileId="3" StartOffset="2288"/>
</LocList>
<StmntSeq Intrnl_Id="399">
<LocList>
<Loc EndOffset="2345" SrcFileId="3" StartOffset="2328"/>
<Loc EndOffset="2370" SrcFileId="3" StartOffset="2354"/>
</LocList>
<BasicStmnt CovItemId="S21" CovItemPrefix="org.codecover.simplejavaapp.model.Book.java" Intrnl_Id="400">
<LocList>
<Loc EndOffset="2345" SrcFileId="3" StartOffset="2328"/>
</LocList>
</BasicStmnt>
<BasicStmnt CovItemId="S22" CovItemPrefix="org.codecover.simplejavaapp.model.Book.java" Intrnl_Id="401">
<LocList>
<Loc EndOffset="2370" SrcFileId="3" StartOffset="2354"/>
</LocList>
</BasicStmnt>
</StmntSeq>
</HierarchyLvl>
<HierarchyLvl HierarchyLvlId="383" HierarchyLvlTypeId="13" Intrnl_Id="402" Name="setIsbn">
<Header>
<Loc EndOffset="2513" SrcFileId="3" StartOffset="2481"/>
</Header>
<LocList>
<Loc EndOffset="2572" SrcFileId="3" StartOffset="2481"/>
</LocList>
<StmntSeq Intrnl_Id="403">
<LocList>
<Loc EndOffset="2541" SrcFileId="3" StartOffset="2524"/>
<Loc EndOffset="2566" SrcFileId="3" StartOffset="2550"/>
</LocList>
<BasicStmnt CovItemId="S23" CovItemPrefix="org.codecover.simplejavaapp.model.Book.java" Intrnl_Id="404">
<LocList>
<Loc EndOffset="2541" SrcFileId="3" StartOffset="2524"/>
</LocList>
</BasicStmnt>
<BasicStmnt CovItemId="S24" CovItemPrefix="org.codecover.simplejavaapp.model.Book.java" Intrnl_Id="405">
<LocList>
<Loc EndOffset="2566" SrcFileId="3" StartOffset="2550"/>
</LocList>
</BasicStmnt>
</StmntSeq>
</HierarchyLvl>
<HierarchyLvl HierarchyLvlId="384" HierarchyLvlTypeId="13" Intrnl_Id="406" Name="notifiyChange">
<Header>
<Loc EndOffset="2606" SrcFileId="3" StartOffset="2578"/>
</Header>
<LocList>
<Loc EndOffset="2721" SrcFileId="3" StartOffset="2578"/>
</LocList>
<StmntSeq Intrnl_Id="407">
<LocList>
<Loc EndOffset="2675" SrcFileId="3" StartOffset="2617"/>
<Loc EndOffset="2715" SrcFileId="3" StartOffset="2685"/>
</LocList>
<CondStmnt CovItemId="S25" CovItemPrefix="org.codecover.simplejavaapp.model.Book.java" Intrnl_Id="408">
<Branch CovItemId="B1" CovItemPrefix="org.codecover.simplejavaapp.model.Book.java" Implct="false" Intrnl_Id="409">
<Cond/>
<LocList>
<Loc EndOffset="2675" SrcFileId="3" StartOffset="2644"/>
</LocList>
<StmntSeq Intrnl_Id="410">
<LocList>
<Loc EndOffset="2665" SrcFileId="3" StartOffset="2658"/>
</LocList>
<BasicStmnt CovItemId="S26" CovItemPrefix="org.codecover.simplejavaapp.model.Book.java" Intrnl_Id="411">
<LocList>
<Loc EndOffset="2665" SrcFileId="3" StartOffset="2658"/>
</LocList>
</BasicStmnt>
</StmntSeq>
</Branch>
<Branch CovItemId="B2" CovItemPrefix="org.codecover.simplejavaapp.model.Book.java" Implct="true" Intrnl_Id="412">
<Cond/>
<LocList/>
<StmntSeq Intrnl_Id="413">
<LocList/>
</StmntSeq>
</Branch>
<Keyword EndOffset="2619" SrcFileId="3" StartOffset="2617"/>
<LocList>
<Loc EndOffset="2675" SrcFileId="3" StartOffset="2617"/>
</LocList>
<RootTerm CovItemId="C1" CovItemPrefix="org.codecover.simplejavaapp.model.Book.java" Intrnl_Id="414">
<BasicBoolTerm Intrnl_Id="415">
<LocList>
<Loc EndOffset="2642" SrcFileId="3" StartOffset="2621"/>
</LocList>
</BasicBoolTerm>
</RootTerm>
</CondStmnt>
<BasicStmnt CovItemId="S27" CovItemPrefix="org.codecover.simplejavaapp.model.Book.java" Intrnl_Id="416">
<LocList>
<Loc EndOffset="2715" SrcFileId="3" StartOffset="2685"/>
</LocList>
</BasicStmnt>
</StmntSeq>
</HierarchyLvl>
<HierarchyLvl HierarchyLvlId="385" HierarchyLvlTypeId="13" Intrnl_Id="417" Name="setBookModifyListener">
<Header>
<Loc EndOffset="2976" SrcFileId="3" StartOffset="2914"/>
</Header>
<LocList>
<Loc EndOffset="3018" SrcFileId="3" StartOffset="2914"/>
</LocList>
<StmntSeq Intrnl_Id="418">
<LocList>
<Loc EndOffset="3012" SrcFileId="3" StartOffset="2987"/>
</LocList>
<BasicStmnt CovItemId="S28" CovItemPrefix="org.codecover.simplejavaapp.model.Book.java" Intrnl_Id="419">
<LocList>
<Loc EndOffset="3012" SrcFileId="3" StartOffset="2987"/>
</LocList>
</BasicStmnt>
</StmntSeq>
</HierarchyLvl>
<HierarchyLvl HierarchyLvlId="386" HierarchyLvlTypeId="13" Intrnl_Id="420" Name="getXMLRepresentation">
<Header>
<Loc EndOffset="3347" SrcFileId="3" StartOffset="3295"/>
</Header>
<LocList>
<Loc EndOffset="3821" SrcFileId="3" StartOffset="3295"/>
</LocList>
<StmntSeq Intrnl_Id="421">
<LocList>
<Loc EndOffset="3451" SrcFileId="3" StartOffset="3358"/>
<Loc EndOffset="3512" SrcFileId="3" StartOffset="3461"/>
<Loc EndOffset="3568" SrcFileId="3" StartOffset="3522"/>
<Loc EndOffset="3615" SrcFileId="3" StartOffset="3577"/>
<Loc EndOffset="3666" SrcFileId="3" StartOffset="3624"/>
<Loc EndOffset="3717" SrcFileId="3" StartOffset="3675"/>
<Loc EndOffset="3786" SrcFileId="3" StartOffset="3726"/>
<Loc EndOffset="3815" SrcFileId="3" StartOffset="3796"/>
</LocList>
<CondStmnt CovItemId="S29" CovItemPrefix="org.codecover.simplejavaapp.model.Book.java" Intrnl_Id="422">
<Branch CovItemId="B3" CovItemPrefix="org.codecover.simplejavaapp.model.Book.java" Implct="false" Intrnl_Id="423">
<Cond/>
<LocList>
<Loc EndOffset="3451" SrcFileId="3" StartOffset="3378"/>
</LocList>
<StmntSeq Intrnl_Id="424">
<LocList>
<Loc EndOffset="3441" SrcFileId="3" StartOffset="3392"/>
</LocList>
<BasicStmnt CovItemId="S30" CovItemPrefix="org.codecover.simplejavaapp.model.Book.java" Intrnl_Id="425">
<LocList>
<Loc EndOffset="3441" SrcFileId="3" StartOffset="3392"/>
</LocList>
</BasicStmnt>
</StmntSeq>
</Branch>
<Branch CovItemId="B4" CovItemPrefix="org.codecover.simplejavaapp.model.Book.java" Implct="true" Intrnl_Id="426">
<Cond/>
<LocList/>
<StmntSeq Intrnl_Id="427">
<LocList/>
</StmntSeq>
</Branch>
<Keyword EndOffset="3360" SrcFileId="3" StartOffset="3358"/>
<LocList>
<Loc EndOffset="3451" SrcFileId="3" StartOffset="3358"/>
</LocList>
<RootTerm CovItemId="C2" CovItemPrefix="org.codecover.simplejavaapp.model.Book.java" Intrnl_Id="428">
<BasicBoolTerm Intrnl_Id="429">
<LocList>
<Loc EndOffset="3376" SrcFileId="3" StartOffset="3362"/>
</LocList>
</BasicBoolTerm>
</RootTerm>
</CondStmnt>
<BasicStmnt CovItemId="S31" CovItemPrefix="org.codecover.simplejavaapp.model.Book.java" Intrnl_Id="430">
<LocList>
<Loc EndOffset="3512" SrcFileId="3" StartOffset="3461"/>
</LocList>
</BasicStmnt>
<BasicStmnt CovItemId="S32" CovItemPrefix="org.codecover.simplejavaapp.model.Book.java" Intrnl_Id="431">
<LocList>
<Loc EndOffset="3568" SrcFileId="3" StartOffset="3522"/>
</LocList>
</BasicStmnt>
<BasicStmnt CovItemId="S33" CovItemPrefix="org.codecover.simplejavaapp.model.Book.java" Intrnl_Id="432">
<LocList>
<Loc EndOffset="3615" SrcFileId="3" StartOffset="3577"/>
</LocList>
</BasicStmnt>
<BasicStmnt CovItemId="S34" CovItemPrefix="org.codecover.simplejavaapp.model.Book.java" Intrnl_Id="433">
<LocList>
<Loc EndOffset="3666" SrcFileId="3" StartOffset="3624"/>
</LocList>
</BasicStmnt>
<BasicStmnt CovItemId="S35" CovItemPrefix="org.codecover.simplejavaapp.model.Book.java" Intrnl_Id="434">
<LocList>
<Loc EndOffset="3717" SrcFileId="3" StartOffset="3675"/>
</LocList>
</BasicStmnt>
<BasicStmnt CovItemId="S36" CovItemPrefix="org.codecover.simplejavaapp.model.Book.java" Intrnl_Id="435">
<LocList>
<Loc EndOffset="3786" SrcFileId="3" StartOffset="3726"/>
</LocList>
</BasicStmnt>
<BasicStmnt CovItemId="S37" CovItemPrefix="org.codecover.simplejavaapp.model.Book.java" Intrnl_Id="436">
<LocList>
<Loc EndOffset="3815" SrcFileId="3" StartOffset="3796"/>
</LocList>
</BasicStmnt>
</StmntSeq>
</HierarchyLvl>
<HierarchyLvl HierarchyLvlId="387" HierarchyLvlTypeId="13" Intrnl_Id="437" Name="getBookFromXML">
<Header>
<Loc EndOffset="4100" SrcFileId="3" StartOffset="4050"/>
</Header>
<LocList>
<Loc EndOffset="4550" SrcFileId="3" StartOffset="4050"/>
</LocList>
<StmntSeq Intrnl_Id="438">
<LocList>
<Loc EndOffset="4156" SrcFileId="3" StartOffset="4111"/>
<Loc EndOffset="4202" SrcFileId="3" StartOffset="4165"/>
<Loc EndOffset="4252" SrcFileId="3" StartOffset="4211"/>
<Loc EndOffset="4302" SrcFileId="3" StartOffset="4261"/>
<Loc EndOffset="4352" SrcFileId="3" StartOffset="4311"/>
<Loc EndOffset="4387" SrcFileId="3" StartOffset="4362"/>
<Loc EndOffset="4420" SrcFileId="3" StartOffset="4397"/>
<Loc EndOffset="4448" SrcFileId="3" StartOffset="4429"/>
<Loc EndOffset="4476" SrcFileId="3" StartOffset="4457"/>
<Loc EndOffset="4522" SrcFileId="3" StartOffset="4485"/>
<Loc EndOffset="4544" SrcFileId="3" StartOffset="4532"/>
</LocList>
<BasicStmnt CovItemId="S38" CovItemPrefix="org.codecover.simplejavaapp.model.Book.java" Intrnl_Id="439">
<LocList>
<Loc EndOffset="4156" SrcFileId="3" StartOffset="4111"/>
</LocList>
</BasicStmnt>
<BasicStmnt CovItemId="S39" CovItemPrefix="org.codecover.simplejavaapp.model.Book.java" Intrnl_Id="440">
<LocList>
<Loc EndOffset="4202" SrcFileId="3" StartOffset="4165"/>
</LocList>
</BasicStmnt>
<BasicStmnt CovItemId="S40" CovItemPrefix="org.codecover.simplejavaapp.model.Book.java" Intrnl_Id="441">
<LocList>
<Loc EndOffset="4252" SrcFileId="3" StartOffset="4211"/>
</LocList>
</BasicStmnt>
<BasicStmnt CovItemId="S41" CovItemPrefix="org.codecover.simplejavaapp.model.Book.java" Intrnl_Id="442">
<LocList>
<Loc EndOffset="4302" SrcFileId="3" StartOffset="4261"/>
</LocList>
</BasicStmnt>
<BasicStmnt CovItemId="S42" CovItemPrefix="org.codecover.simplejavaapp.model.Book.java" Intrnl_Id="443">
<LocList>
<Loc EndOffset="4352" SrcFileId="3" StartOffset="4311"/>
</LocList>
</BasicStmnt>
<BasicStmnt CovItemId="S43" CovItemPrefix="org.codecover.simplejavaapp.model.Book.java" Intrnl_Id="444">
<LocList>
<Loc EndOffset="4387" SrcFileId="3" StartOffset="4362"/>
</LocList>
</BasicStmnt>
<BasicStmnt CovItemId="S44" CovItemPrefix="org.codecover.simplejavaapp.model.Book.java" Intrnl_Id="445">
<LocList>
<Loc EndOffset="4420" SrcFileId="3" StartOffset="4397"/>
</LocList>
</BasicStmnt>
<BasicStmnt CovItemId="S45" CovItemPrefix="org.codecover.simplejavaapp.model.Book.java" Intrnl_Id="446">
<LocList>
<Loc EndOffset="4448" SrcFileId="3" StartOffset="4429"/>
</LocList>
</BasicStmnt>
<BasicStmnt CovItemId="S46" CovItemPrefix="org.codecover.simplejavaapp.model.Book.java" Intrnl_Id="447">
<LocList>
<Loc EndOffset="4476" SrcFileId="3" StartOffset="4457"/>
</LocList>
</BasicStmnt>
<BasicStmnt CovItemId="S47" CovItemPrefix="org.codecover.simplejavaapp.model.Book.java" Intrnl_Id="448">
<LocList>
<Loc EndOffset="4522" SrcFileId="3" StartOffset="4485"/>
</LocList>
</BasicStmnt>
<BasicStmnt CovItemId="S48" CovItemPrefix="org.codecover.simplejavaapp.model.Book.java" Intrnl_Id="449">
<LocList>
<Loc EndOffset="4544" SrcFileId="3" StartOffset="4532"/>
</LocList>
</BasicStmnt>
</StmntSeq>
</HierarchyLvl>
<HierarchyLvl HierarchyLvlId="389" HierarchyLvlTypeId="15" Intrnl_Id="450" Name="BookModifyListener">
<Header>
<Loc EndOffset="4733" SrcFileId="3" StartOffset="4698"/>
</Header>
<LocList>
<Loc EndOffset="4869" SrcFileId="3" StartOffset="4698"/>
</LocList>
<HierarchyLvl HierarchyLvlId="388" HierarchyLvlTypeId="13" Intrnl_Id="451" Name="stateModified">
<Header>
<Loc EndOffset="4862" SrcFileId="3" StartOffset="4835"/>
</Header>
<LocList>
<Loc EndOffset="4863" SrcFileId="3" StartOffset="4835"/>
</LocList>
</HierarchyLvl>
</HierarchyLvl>
</HierarchyLvl>
<HierarchyLvl HierarchyLvlId="409" HierarchyLvlTypeId="12" Intrnl_Id="452" Name="AppModel">
<Header>
<Loc EndOffset="414" SrcFileId="4" StartOffset="393"/>
</Header>
<LocList>
<Loc EndOffset="8002" SrcFileId="4" StartOffset="393"/>
<Loc EndOffset="8438" SrcFileId="4" StartOffset="8436"/>
</LocList>
<HierarchyLvl HierarchyLvlId="391" HierarchyLvlTypeId="13" Intrnl_Id="453" Name="getInstance">
<Header>
<Loc EndOffset="695" SrcFileId="4" StartOffset="659"/>
</Header>
<LocList>
<Loc EndOffset="810" SrcFileId="4" StartOffset="659"/>
</LocList>
<StmntSeq Intrnl_Id="454">
<LocList>
<Loc EndOffset="778" SrcFileId="4" StartOffset="706"/>
<Loc EndOffset="804" SrcFileId="4" StartOffset="788"/>
</LocList>
<CondStmnt CovItemId="S1" CovItemPrefix="org.codecover.simplejavaapp.model.AppModel.java" Intrnl_Id="455">
<Branch CovItemId="B1" CovItemPrefix="org.codecover.simplejavaapp.model.AppModel.java" Implct="false" Intrnl_Id="456">
<Cond/>
<LocList>
<Loc EndOffset="778" SrcFileId="4" StartOffset="728"/>
</LocList>
<StmntSeq Intrnl_Id="457">
<LocList>
<Loc EndOffset="768" SrcFileId="4" StartOffset="742"/>
</LocList>
<BasicStmnt CovItemId="S2" CovItemPrefix="org.codecover.simplejavaapp.model.AppModel.java" Intrnl_Id="458">
<LocList>
<Loc EndOffset="768" SrcFileId="4" StartOffset="742"/>
</LocList>
</BasicStmnt>
</StmntSeq>
</Branch>
<Branch CovItemId="B2" CovItemPrefix="org.codecover.simplejavaapp.model.AppModel.java" Implct="true" Intrnl_Id="459">
<Cond/>
<LocList/>
<StmntSeq Intrnl_Id="460">
<LocList/>
</StmntSeq>
</Branch>
<Keyword EndOffset="708" SrcFileId="4" StartOffset="706"/>
<LocList>
<Loc EndOffset="778" SrcFileId="4" StartOffset="706"/>
</LocList>
<RootTerm CovItemId="C1" CovItemPrefix="org.codecover.simplejavaapp.model.AppModel.java" Intrnl_Id="461">
<BasicBoolTerm Intrnl_Id="462">
<LocList>
<Loc EndOffset="726" SrcFileId="4" StartOffset="710"/>
</LocList>
</BasicBoolTerm>
</RootTerm>
</CondStmnt>
<BasicStmnt CovItemId="S3" CovItemPrefix="org.codecover.simplejavaapp.model.AppModel.java" Intrnl_Id="463">
<LocList>
<Loc EndOffset="804" SrcFileId="4" StartOffset="788"/>
</LocList>
</BasicStmnt>
</StmntSeq>
</HierarchyLvl>
<HierarchyLvl HierarchyLvlId="392" HierarchyLvlTypeId="13" Intrnl_Id="464" Name="AppModel">
<Header>
<Loc EndOffset="834" SrcFileId="4" StartOffset="816"/>
</Header>
<LocList>
<Loc EndOffset="898" SrcFileId="4" StartOffset="816"/>
</LocList>
<StmntSeq Intrnl_Id="465">
<LocList>
<Loc EndOffset="892" SrcFileId="4" StartOffset="845"/>
</LocList>
<BasicStmnt CovItemId="S4" CovItemPrefix="org.codecover.simplejavaapp.model.AppModel.java" Intrnl_Id="466">
<LocList>
<Loc EndOffset="892" SrcFileId="4" StartOffset="845"/>
</LocList>
</BasicStmnt>
</StmntSeq>
</HierarchyLvl>
<HierarchyLvl HierarchyLvlId="393" HierarchyLvlTypeId="13" Intrnl_Id="467" Name="newFile">
<Header>
<Loc EndOffset="1064" SrcFileId="4" StartOffset="1041"/>
</Header>
<LocList>
<Loc EndOffset="1179" SrcFileId="4" StartOffset="1041"/>
</LocList>
<StmntSeq Intrnl_Id="468">
<LocList>
<Loc EndOffset="1111" SrcFileId="4" StartOffset="1075"/>
<Loc EndOffset="1140" SrcFileId="4" StartOffset="1120"/>
<Loc EndOffset="1173" SrcFileId="4" StartOffset="1150"/>
</LocList>
<BasicStmnt CovItemId="S5" CovItemPrefix="org.codecover.simplejavaapp.model.AppModel.java" Intrnl_Id="469">
<LocList>
<Loc EndOffset="1111" SrcFileId="4" StartOffset="1075"/>
</LocList>
</BasicStmnt>
<BasicStmnt CovItemId="S6" CovItemPrefix="org.codecover.simplejavaapp.model.AppModel.java" Intrnl_Id="470">
<LocList>
<Loc EndOffset="1140" SrcFileId="4" StartOffset="1120"/>
</LocList>
</BasicStmnt>
<BasicStmnt CovItemId="S7" CovItemPrefix="org.codecover.simplejavaapp.model.AppModel.java" Intrnl_Id="471">
<LocList>
<Loc EndOffset="1173" SrcFileId="4" StartOffset="1150"/>
</LocList>
</BasicStmnt>
</StmntSeq>
</HierarchyLvl>
<HierarchyLvl HierarchyLvlId="394" HierarchyLvlTypeId="13" Intrnl_Id="472" Name="loadFile">
<Header>
<Loc EndOffset="1606" SrcFileId="4" StartOffset="1498"/>
</Header>
<LocList>
<Loc EndOffset="1828" SrcFileId="4" StartOffset="1498"/>
</LocList>
<StmntSeq Intrnl_Id="473">
<LocList>
<Loc EndOffset="1706" SrcFileId="4" StartOffset="1617"/>
<Loc EndOffset="1760" SrcFileId="4" StartOffset="1716"/>
<Loc EndOffset="1789" SrcFileId="4" StartOffset="1769"/>
<Loc EndOffset="1822" SrcFileId="4" StartOffset="1799"/>
</LocList>
<CondStmnt CovItemId="S8" CovItemPrefix="org.codecover.simplejavaapp.model.AppModel.java" Intrnl_Id="474">
<Branch CovItemId="B3" CovItemPrefix="org.codecover.simplejavaapp.model.AppModel.java" Implct="false" Intrnl_Id="475">
<Cond/>
<LocList>
<Loc EndOffset="1706" SrcFileId="4" StartOffset="1635"/>
</LocList>
<StmntSeq Intrnl_Id="476">
<LocList>
<Loc EndOffset="1696" SrcFileId="4" StartOffset="1649"/>
</LocList>
<BasicStmnt CovItemId="S9" CovItemPrefix="org.codecover.simplejavaapp.model.AppModel.java" Intrnl_Id="477">
<LocList>
<Loc EndOffset="1696" SrcFileId="4" StartOffset="1649"/>
</LocList>
</BasicStmnt>
</StmntSeq>
</Branch>
<Branch CovItemId="B4" CovItemPrefix="org.codecover.simplejavaapp.model.AppModel.java" Implct="true" Intrnl_Id="478">
<Cond/>
<LocList/>
<StmntSeq Intrnl_Id="479">
<LocList/>
</StmntSeq>
</Branch>
<Keyword EndOffset="1619" SrcFileId="4" StartOffset="1617"/>
<LocList>
<Loc EndOffset="1706" SrcFileId="4" StartOffset="1617"/>
</LocList>
<RootTerm CovItemId="C2" CovItemPrefix="org.codecover.simplejavaapp.model.AppModel.java" Intrnl_Id="480">
<BasicBoolTerm Intrnl_Id="481">
<LocList>
<Loc EndOffset="1633" SrcFileId="4" StartOffset="1621"/>
</LocList>
</BasicBoolTerm>
</RootTerm>
</CondStmnt>
<BasicStmnt CovItemId="S10" CovItemPrefix="org.codecover.simplejavaapp.model.AppModel.java" Intrnl_Id="482">
<LocList>
<Loc EndOffset="1760" SrcFileId="4" StartOffset="1716"/>
</LocList>
</BasicStmnt>
<BasicStmnt CovItemId="S11" CovItemPrefix="org.codecover.simplejavaapp.model.AppModel.java" Intrnl_Id="483">
<LocList>
<Loc EndOffset="1789" SrcFileId="4" StartOffset="1769"/>
</LocList>
</BasicStmnt>
<BasicStmnt CovItemId="S12" CovItemPrefix="org.codecover.simplejavaapp.model.AppModel.java" Intrnl_Id="484">
<LocList>
<Loc EndOffset="1822" SrcFileId="4" StartOffset="1799"/>
</LocList>
</BasicStmnt>
</StmntSeq>
</HierarchyLvl>
<HierarchyLvl HierarchyLvlId="395" HierarchyLvlTypeId="13" Intrnl_Id="485" Name="saveFile">
<Header>
<Loc EndOffset="2327" SrcFileId="4" StartOffset="2186"/>
</Header>
<LocList>
<Loc EndOffset="2516" SrcFileId="4" StartOffset="2186"/>
</LocList>
<StmntSeq Intrnl_Id="486">
<LocList>
<Loc EndOffset="2427" SrcFileId="4" StartOffset="2338"/>
<Loc EndOffset="2474" SrcFileId="4" StartOffset="2437"/>
<Loc EndOffset="2510" SrcFileId="4" StartOffset="2484"/>
</LocList>
<CondStmnt CovItemId="S13" CovItemPrefix="org.codecover.simplejavaapp.model.AppModel.java" Intrnl_Id="487">
<Branch CovItemId="B5" CovItemPrefix="org.codecover.simplejavaapp.model.AppModel.java" Implct="false" Intrnl_Id="488">
<Cond/>
<LocList>
<Loc EndOffset="2427" SrcFileId="4" StartOffset="2356"/>
</LocList>
<StmntSeq Intrnl_Id="489">
<LocList>
<Loc EndOffset="2417" SrcFileId="4" StartOffset="2370"/>
</LocList>
<BasicStmnt CovItemId="S14" CovItemPrefix="org.codecover.simplejavaapp.model.AppModel.java" Intrnl_Id="490">
<LocList>
<Loc EndOffset="2417" SrcFileId="4" StartOffset="2370"/>
</LocList>
</BasicStmnt>
</StmntSeq>
</Branch>
<Branch CovItemId="B6" CovItemPrefix="org.codecover.simplejavaapp.model.AppModel.java" Implct="true" Intrnl_Id="491">
<Cond/>
<LocList/>
<StmntSeq Intrnl_Id="492">
<LocList/>
</StmntSeq>
</Branch>
<Keyword EndOffset="2340" SrcFileId="4" StartOffset="2338"/>
<LocList>
<Loc EndOffset="2427" SrcFileId="4" StartOffset="2338"/>
</LocList>
<RootTerm CovItemId="C3" CovItemPrefix="org.codecover.simplejavaapp.model.AppModel.java" Intrnl_Id="493">
<BasicBoolTerm Intrnl_Id="494">
<LocList>
<Loc EndOffset="2354" SrcFileId="4" StartOffset="2342"/>
</LocList>
</BasicBoolTerm>
</RootTerm>
</CondStmnt>
<BasicStmnt CovItemId="S15" CovItemPrefix="org.codecover.simplejavaapp.model.AppModel.java" Intrnl_Id="495">
<LocList>
<Loc EndOffset="2474" SrcFileId="4" StartOffset="2437"/>
</LocList>
</BasicStmnt>
<BasicStmnt CovItemId="S16" CovItemPrefix="org.codecover.simplejavaapp.model.AppModel.java" Intrnl_Id="496">
<LocList>
<Loc EndOffset="2510" SrcFileId="4" StartOffset="2484"/>
</LocList>
</BasicStmnt>
</StmntSeq>
</HierarchyLvl>
<HierarchyLvl HierarchyLvlId="396" HierarchyLvlTypeId="13" Intrnl_Id="497" Name="closeFile">
<Header>
<Loc EndOffset="3029" SrcFileId="4" StartOffset="2975"/>
</Header>
<LocList>
<Loc EndOffset="3181" SrcFileId="4" StartOffset="2975"/>
</LocList>
<StmntSeq Intrnl_Id="498">
<LocList>
<Loc EndOffset="3115" SrcFileId="4" StartOffset="3040"/>
<Loc EndOffset="3154" SrcFileId="4" StartOffset="3125"/>
<Loc EndOffset="3175" SrcFileId="4" StartOffset="3163"/>
</LocList>
<CondStmnt CovItemId="S17" CovItemPrefix="org.codecover.simplejavaapp.model.AppModel.java" Intrnl_Id="499">
<Branch CovItemId="B7" CovItemPrefix="org.codecover.simplejavaapp.model.AppModel.java" Implct="false" Intrnl_Id="500">
<Cond/>
<LocList>
<Loc EndOffset="3115" SrcFileId="4" StartOffset="3078"/>
</LocList>
<StmntSeq Intrnl_Id="501">
<LocList>
<Loc EndOffset="3105" SrcFileId="4" StartOffset="3092"/>
</LocList>
<BasicStmnt CovItemId="S18" CovItemPrefix="org.codecover.simplejavaapp.model.AppModel.java" Intrnl_Id="502">
<LocList>
<Loc EndOffset="3105" SrcFileId="4" StartOffset="3092"/>
</LocList>
</BasicStmnt>
</StmntSeq>
</Branch>
<Branch CovItemId="B8" CovItemPrefix="org.codecover.simplejavaapp.model.AppModel.java" Implct="true" Intrnl_Id="503">
<Cond/>
<LocList/>
<StmntSeq Intrnl_Id="504">
<LocList/>
</StmntSeq>
</Branch>
<Keyword EndOffset="3042" SrcFileId="4" StartOffset="3040"/>
<LocList>
<Loc EndOffset="3115" SrcFileId="4" StartOffset="3040"/>
</LocList>
<RootTerm CovItemId="C4" CovItemPrefix="org.codecover.simplejavaapp.model.AppModel.java" Intrnl_Id="505">
<OpTerm BooleanOpId="9" Intrnl_Id="506">
<BasicBoolTerm Intrnl_Id="507">
<LocList>
<Loc EndOffset="3066" SrcFileId="4" StartOffset="3044"/>
</LocList>
</BasicBoolTerm>
<OpTerm BooleanOpId="8" Intrnl_Id="508">
<BasicBoolTerm Intrnl_Id="509">
<LocList>
<Loc EndOffset="3076" SrcFileId="4" StartOffset="3071"/>
</LocList>
</BasicBoolTerm>
<LocList>
<Loc EndOffset="3071" SrcFileId="4" StartOffset="3070"/>
</LocList>
</OpTerm>
<LocList>
<Loc EndOffset="3069" SrcFileId="4" StartOffset="3067"/>
</LocList>
</OpTerm>
</RootTerm>
</CondStmnt>
<BasicStmnt CovItemId="S19" CovItemPrefix="org.codecover.simplejavaapp.model.AppModel.java" Intrnl_Id="510">
<LocList>
<Loc EndOffset="3154" SrcFileId="4" StartOffset="3125"/>
</LocList>
</BasicStmnt>
<BasicStmnt CovItemId="S20" CovItemPrefix="org.codecover.simplejavaapp.model.AppModel.java" Intrnl_Id="511">
<LocList>
<Loc EndOffset="3175" SrcFileId="4" StartOffset="3163"/>
</LocList>
</BasicStmnt>
</StmntSeq>
</HierarchyLvl>
<HierarchyLvl HierarchyLvlId="397" HierarchyLvlTypeId="13" Intrnl_Id="512" Name="putAppFile">
<Header>
<Loc EndOffset="3265" SrcFileId="4" StartOffset="3225"/>
</Header>
<LocList>
<Loc EndOffset="3326" SrcFileId="4" StartOffset="3225"/>
</LocList>
<StmntSeq Intrnl_Id="513">
<LocList>
<Loc EndOffset="3320" SrcFileId="4" StartOffset="3276"/>
</LocList>
<BasicStmnt CovItemId="S21" CovItemPrefix="org.codecover.simplejavaapp.model.AppModel.java" Intrnl_Id="514">
<LocList>
<Loc EndOffset="3320" SrcFileId="4" StartOffset="3276"/>
</LocList>
</BasicStmnt>
</StmntSeq>
</HierarchyLvl>
<HierarchyLvl HierarchyLvlId="398" HierarchyLvlTypeId="13" Intrnl_Id="515" Name="getBooksInFile">
<Header>
<Loc EndOffset="3608" SrcFileId="4" StartOffset="3561"/>
</Header>
<LocList>
<Loc EndOffset="3698" SrcFileId="4" StartOffset="3561"/>
</LocList>
<StmntSeq Intrnl_Id="516">
<LocList>
<Loc EndOffset="3656" SrcFileId="4" StartOffset="3619"/>
<Loc EndOffset="3692" SrcFileId="4" StartOffset="3666"/>
</LocList>
<BasicStmnt CovItemId="S22" CovItemPrefix="org.codecover.simplejavaapp.model.AppModel.java" Intrnl_Id="517">
<LocList>
<Loc EndOffset="3656" SrcFileId="4" StartOffset="3619"/>
</LocList>
</BasicStmnt>
<BasicStmnt CovItemId="S23" CovItemPrefix="org.codecover.simplejavaapp.model.AppModel.java" Intrnl_Id="518">
<LocList>
<Loc EndOffset="3692" SrcFileId="4" StartOffset="3666"/>
</LocList>
</BasicStmnt>
</StmntSeq>
</HierarchyLvl>
<HierarchyLvl HierarchyLvlId="399" HierarchyLvlTypeId="13" Intrnl_Id="519" Name="getBooksInFile">
<Header>
<Loc EndOffset="4112" SrcFileId="4" StartOffset="4056"/>
</Header>
<LocList>
<Loc EndOffset="4310" SrcFileId="4" StartOffset="4056"/>
</LocList>
<StmntSeq Intrnl_Id="520">
<LocList>
<Loc EndOffset="4216" SrcFileId="4" StartOffset="4123"/>
<Loc EndOffset="4263" SrcFileId="4" StartOffset="4226"/>
<Loc EndOffset="4304" SrcFileId="4" StartOffset="4273"/>
</LocList>
<CondStmnt CovItemId="S24" CovItemPrefix="org.codecover.simplejavaapp.model.AppModel.java" Intrnl_Id="521">
<Branch CovItemId="B9" CovItemPrefix="org.codecover.simplejavaapp.model.AppModel.java" Implct="false" Intrnl_Id="522">
<Cond/>
<LocList>
<Loc EndOffset="4216" SrcFileId="4" StartOffset="4143"/>
</LocList>
<StmntSeq Intrnl_Id="523">
<LocList>
<Loc EndOffset="4206" SrcFileId="4" StartOffset="4157"/>
</LocList>
<BasicStmnt CovItemId="S25" CovItemPrefix="org.codecover.simplejavaapp.model.AppModel.java" Intrnl_Id="524">
<LocList>
<Loc EndOffset="4206" SrcFileId="4" StartOffset="4157"/>
</LocList>
</BasicStmnt>
</StmntSeq>
</Branch>
<Branch CovItemId="B10" CovItemPrefix="org.codecover.simplejavaapp.model.AppModel.java" Implct="true" Intrnl_Id="525">
<Cond/>
<LocList/>
<StmntSeq Intrnl_Id="526">
<LocList/>
</StmntSeq>
</Branch>
<Keyword EndOffset="4125" SrcFileId="4" StartOffset="4123"/>
<LocList>
<Loc EndOffset="4216" SrcFileId="4" StartOffset="4123"/>
</LocList>
<RootTerm CovItemId="C5" CovItemPrefix="org.codecover.simplejavaapp.model.AppModel.java" Intrnl_Id="527">
<BasicBoolTerm Intrnl_Id="528">
<LocList>
<Loc EndOffset="4141" SrcFileId="4" StartOffset="4127"/>
</LocList>
</BasicBoolTerm>
</RootTerm>
</CondStmnt>
<BasicStmnt CovItemId="S26" CovItemPrefix="org.codecover.simplejavaapp.model.AppModel.java" Intrnl_Id="529">
<LocList>
<Loc EndOffset="4263" SrcFileId="4" StartOffset="4226"/>
</LocList>
</BasicStmnt>
<BasicStmnt CovItemId="S27" CovItemPrefix="org.codecover.simplejavaapp.model.AppModel.java" Intrnl_Id="530">
<LocList>
<Loc EndOffset="4304" SrcFileId="4" StartOffset="4273"/>
</LocList>
</BasicStmnt>
</StmntSeq>
</HierarchyLvl>
<HierarchyLvl HierarchyLvlId="400" HierarchyLvlTypeId="13" Intrnl_Id="531" Name="addBookToFile">
<Header>
<Loc EndOffset="4604" SrcFileId="4" StartOffset="4553"/>
</Header>
<LocList>
<Loc EndOffset="4789" SrcFileId="4" StartOffset="4553"/>
</LocList>
<StmntSeq Intrnl_Id="532">
<LocList>
<Loc EndOffset="4704" SrcFileId="4" StartOffset="4615"/>
<Loc EndOffset="4751" SrcFileId="4" StartOffset="4714"/>
<Loc EndOffset="4783" SrcFileId="4" StartOffset="4761"/>
</LocList>
<CondStmnt CovItemId="S28" CovItemPrefix="org.codecover.simplejavaapp.model.AppModel.java" Intrnl_Id="533">
<Branch CovItemId="B11" CovItemPrefix="org.codecover.simplejavaapp.model.AppModel.java" Implct="false" Intrnl_Id="534">
<Cond/>
<LocList>
<Loc EndOffset="4704" SrcFileId="4" StartOffset="4633"/>
</LocList>
<StmntSeq Intrnl_Id="535">
<LocList>
<Loc EndOffset="4694" SrcFileId="4" StartOffset="4647"/>
</LocList>
<BasicStmnt CovItemId="S29" CovItemPrefix="org.codecover.simplejavaapp.model.AppModel.java" Intrnl_Id="536">
<LocList>
<Loc EndOffset="4694" SrcFileId="4" StartOffset="4647"/>
</LocList>
</BasicStmnt>
</StmntSeq>
</Branch>
<Branch CovItemId="B12" CovItemPrefix="org.codecover.simplejavaapp.model.AppModel.java" Implct="true" Intrnl_Id="537">
<Cond/>
<LocList/>
<StmntSeq Intrnl_Id="538">
<LocList/>
</StmntSeq>
</Branch>
<Keyword EndOffset="4617" SrcFileId="4" StartOffset="4615"/>
<LocList>
<Loc EndOffset="4704" SrcFileId="4" StartOffset="4615"/>
</LocList>
<RootTerm CovItemId="C6" CovItemPrefix="org.codecover.simplejavaapp.model.AppModel.java" Intrnl_Id="539">
<BasicBoolTerm Intrnl_Id="540">
<LocList>
<Loc EndOffset="4631" SrcFileId="4" StartOffset="4619"/>
</LocList>
</BasicBoolTerm>
</RootTerm>
</CondStmnt>
<BasicStmnt CovItemId="S30" CovItemPrefix="org.codecover.simplejavaapp.model.AppModel.java" Intrnl_Id="541">
<LocList>
<Loc EndOffset="4751" SrcFileId="4" StartOffset="4714"/>
</LocList>
</BasicStmnt>
<BasicStmnt CovItemId="S31" CovItemPrefix="org.codecover.simplejavaapp.model.AppModel.java" Intrnl_Id="542">
<LocList>
<Loc EndOffset="4783" SrcFileId="4" StartOffset="4761"/>
</LocList>
</BasicStmnt>
</StmntSeq>
</HierarchyLvl>
<HierarchyLvl HierarchyLvlId="401" HierarchyLvlTypeId="13" Intrnl_Id="543" Name="removeBookFromFile">
<Header>
<Loc EndOffset="5116" SrcFileId="4" StartOffset="5056"/>
</Header>
<LocList>
<Loc EndOffset="5310" SrcFileId="4" StartOffset="5056"/>
</LocList>
<StmntSeq Intrnl_Id="544">
<LocList>
<Loc EndOffset="5220" SrcFileId="4" StartOffset="5127"/>
<Loc EndOffset="5267" SrcFileId="4" StartOffset="5230"/>
<Loc EndOffset="5304" SrcFileId="4" StartOffset="5277"/>
</LocList>
<CondStmnt CovItemId="S32" CovItemPrefix="org.codecover.simplejavaapp.model.AppModel.java" Intrnl_Id="545">
<Branch CovItemId="B13" CovItemPrefix="org.codecover.simplejavaapp.model.AppModel.java" Implct="false" Intrnl_Id="546">
<Cond/>
<LocList>
<Loc EndOffset="5220" SrcFileId="4" StartOffset="5147"/>
</LocList>
<StmntSeq Intrnl_Id="547">
<LocList>
<Loc EndOffset="5210" SrcFileId="4" StartOffset="5161"/>
</LocList>
<BasicStmnt CovItemId="S33" CovItemPrefix="org.codecover.simplejavaapp.model.AppModel.java" Intrnl_Id="548">
<LocList>
<Loc EndOffset="5210" SrcFileId="4" StartOffset="5161"/>
</LocList>
</BasicStmnt>
</StmntSeq>
</Branch>
<Branch CovItemId="B14" CovItemPrefix="org.codecover.simplejavaapp.model.AppModel.java" Implct="true" Intrnl_Id="549">
<Cond/>
<LocList/>
<StmntSeq Intrnl_Id="550">
<LocList/>
</StmntSeq>
</Branch>
<Keyword EndOffset="5129" SrcFileId="4" StartOffset="5127"/>
<LocList>
<Loc EndOffset="5220" SrcFileId="4" StartOffset="5127"/>
</LocList>
<RootTerm CovItemId="C7" CovItemPrefix="org.codecover.simplejavaapp.model.AppModel.java" Intrnl_Id="551">
<BasicBoolTerm Intrnl_Id="552">
<LocList>
<Loc EndOffset="5145" SrcFileId="4" StartOffset="5131"/>
</LocList>
</BasicBoolTerm>
</RootTerm>
</CondStmnt>
<BasicStmnt CovItemId="S34" CovItemPrefix="org.codecover.simplejavaapp.model.AppModel.java" Intrnl_Id="553">
<LocList>
<Loc EndOffset="5267" SrcFileId="4" StartOffset="5230"/>
</LocList>
</BasicStmnt>
<BasicStmnt CovItemId="S35" CovItemPrefix="org.codecover.simplejavaapp.model.AppModel.java" Intrnl_Id="554">
<LocList>
<Loc EndOffset="5304" SrcFileId="4" StartOffset="5277"/>
</LocList>
</BasicStmnt>
</StmntSeq>
</HierarchyLvl>
<HierarchyLvl HierarchyLvlId="402" HierarchyLvlTypeId="13" Intrnl_Id="555" Name="isFileModified">
<Header>
<Loc EndOffset="5616" SrcFileId="4" StartOffset="5572"/>
</Header>
<LocList>
<Loc EndOffset="5708" SrcFileId="4" StartOffset="5572"/>
</LocList>
<StmntSeq Intrnl_Id="556">
<LocList>
<Loc EndOffset="5664" SrcFileId="4" StartOffset="5627"/>
<Loc EndOffset="5702" SrcFileId="4" StartOffset="5674"/>
</LocList>
<BasicStmnt CovItemId="S36" CovItemPrefix="org.codecover.simplejavaapp.model.AppModel.java" Intrnl_Id="557">
<LocList>
<Loc EndOffset="5664" SrcFileId="4" StartOffset="5627"/>
</LocList>
</BasicStmnt>
<BasicStmnt CovItemId="S37" CovItemPrefix="org.codecover.simplejavaapp.model.AppModel.java" Intrnl_Id="558">
<LocList>
<Loc EndOffset="5702" SrcFileId="4" StartOffset="5674"/>
</LocList>
</BasicStmnt>
</StmntSeq>
</HierarchyLvl>
<HierarchyLvl HierarchyLvlId="403" HierarchyLvlTypeId="13" Intrnl_Id="559" Name="getPathOfFile">
<Header>
<Loc EndOffset="6027" SrcFileId="4" StartOffset="5985"/>
</Header>
<LocList>
<Loc EndOffset="6116" SrcFileId="4" StartOffset="5985"/>
</LocList>
<StmntSeq Intrnl_Id="560">
<LocList>
<Loc EndOffset="6075" SrcFileId="4" StartOffset="6038"/>
<Loc EndOffset="6110" SrcFileId="4" StartOffset="6085"/>
</LocList>
<BasicStmnt CovItemId="S38" CovItemPrefix="org.codecover.simplejavaapp.model.AppModel.java" Intrnl_Id="561">
<LocList>
<Loc EndOffset="6075" SrcFileId="4" StartOffset="6038"/>
</LocList>
</BasicStmnt>
<BasicStmnt CovItemId="S39" CovItemPrefix="org.codecover.simplejavaapp.model.AppModel.java" Intrnl_Id="562">
<LocList>
<Loc EndOffset="6110" SrcFileId="4" StartOffset="6085"/>
</LocList>
</BasicStmnt>
</StmntSeq>
</HierarchyLvl>
<HierarchyLvl HierarchyLvlId="404" HierarchyLvlTypeId="13" Intrnl_Id="563" Name="addAppModelModifyListenerToFile">
<Header>
<Loc EndOffset="6503" SrcFileId="4" StartOffset="6400"/>
</Header>
<LocList>
<Loc EndOffset="6718" SrcFileId="4" StartOffset="6400"/>
</LocList>
<StmntSeq Intrnl_Id="564">
<LocList>
<Loc EndOffset="6611" SrcFileId="4" StartOffset="6514"/>
<Loc EndOffset="6658" SrcFileId="4" StartOffset="6621"/>
<Loc EndOffset="6712" SrcFileId="4" StartOffset="6668"/>
</LocList>
<CondStmnt CovItemId="S40" CovItemPrefix="org.codecover.simplejavaapp.model.AppModel.java" Intrnl_Id="565">
<Branch CovItemId="B15" CovItemPrefix="org.codecover.simplejavaapp.model.AppModel.java" Implct="false" Intrnl_Id="566">
<Cond/>
<LocList>
<Loc EndOffset="6611" SrcFileId="4" StartOffset="6536"/>
</LocList>
<StmntSeq Intrnl_Id="567">
<LocList>
<Loc EndOffset="6601" SrcFileId="4" StartOffset="6550"/>
</LocList>
<BasicStmnt CovItemId="S41" CovItemPrefix="org.codecover.simplejavaapp.model.AppModel.java" Intrnl_Id="568">
<LocList>
<Loc EndOffset="6601" SrcFileId="4" StartOffset="6550"/>
</LocList>
</BasicStmnt>
</StmntSeq>
</Branch>
<Branch CovItemId="B16" CovItemPrefix="org.codecover.simplejavaapp.model.AppModel.java" Implct="true" Intrnl_Id="569">
<Cond/>
<LocList/>
<StmntSeq Intrnl_Id="570">
<LocList/>
</StmntSeq>
</Branch>
<Keyword EndOffset="6516" SrcFileId="4" StartOffset="6514"/>
<LocList>
<Loc EndOffset="6611" SrcFileId="4" StartOffset="6514"/>
</LocList>
<RootTerm CovItemId="C8" CovItemPrefix="org.codecover.simplejavaapp.model.AppModel.java" Intrnl_Id="571">
<BasicBoolTerm Intrnl_Id="572">
<LocList>
<Loc EndOffset="6534" SrcFileId="4" StartOffset="6518"/>
</LocList>
</BasicBoolTerm>
</RootTerm>
</CondStmnt>
<BasicStmnt CovItemId="S42" CovItemPrefix="org.codecover.simplejavaapp.model.AppModel.java" Intrnl_Id="573">
<LocList>
<Loc EndOffset="6658" SrcFileId="4" StartOffset="6621"/>
</LocList>
</BasicStmnt>
<BasicStmnt CovItemId="S43" CovItemPrefix="org.codecover.simplejavaapp.model.AppModel.java" Intrnl_Id="574">
<LocList>
<Loc EndOffset="6712" SrcFileId="4" StartOffset="6668"/>
</LocList>
</BasicStmnt>
</StmntSeq>
</HierarchyLvl>
<HierarchyLvl HierarchyLvlId="405" HierarchyLvlTypeId="13" Intrnl_Id="575" Name="removeAppModelModifyListener">
<Header>
<Loc EndOffset="7107" SrcFileId="4" StartOffset="7007"/>
</Header>
<LocList>
<Loc EndOffset="7325" SrcFileId="4" StartOffset="7007"/>
</LocList>
<StmntSeq Intrnl_Id="576">
<LocList>
<Loc EndOffset="7215" SrcFileId="4" StartOffset="7118"/>
<Loc EndOffset="7262" SrcFileId="4" StartOffset="7225"/>
<Loc EndOffset="7319" SrcFileId="4" StartOffset="7272"/>
</LocList>
<CondStmnt CovItemId="S44" CovItemPrefix="org.codecover.simplejavaapp.model.AppModel.java" Intrnl_Id="577">
<Branch CovItemId="B17" CovItemPrefix="org.codecover.simplejavaapp.model.AppModel.java" Implct="false" Intrnl_Id="578">
<Cond/>
<LocList>
<Loc EndOffset="7215" SrcFileId="4" StartOffset="7140"/>
</LocList>
<StmntSeq Intrnl_Id="579">
<LocList>
<Loc EndOffset="7205" SrcFileId="4" StartOffset="7154"/>
</LocList>
<BasicStmnt CovItemId="S45" CovItemPrefix="org.codecover.simplejavaapp.model.AppModel.java" Intrnl_Id="580">
<LocList>
<Loc EndOffset="7205" SrcFileId="4" StartOffset="7154"/>
</LocList>
</BasicStmnt>
</StmntSeq>
</Branch>
<Branch CovItemId="B18" CovItemPrefix="org.codecover.simplejavaapp.model.AppModel.java" Implct="true" Intrnl_Id="581">
<Cond/>
<LocList/>
<StmntSeq Intrnl_Id="582">
<LocList/>
</StmntSeq>
</Branch>
<Keyword EndOffset="7120" SrcFileId="4" StartOffset="7118"/>
<LocList>
<Loc EndOffset="7215" SrcFileId="4" StartOffset="7118"/>
</LocList>
<RootTerm CovItemId="C9" CovItemPrefix="org.codecover.simplejavaapp.model.AppModel.java" Intrnl_Id="583">
<BasicBoolTerm Intrnl_Id="584">
<LocList>
<Loc EndOffset="7138" SrcFileId="4" StartOffset="7122"/>
</LocList>
</BasicBoolTerm>
</RootTerm>
</CondStmnt>
<BasicStmnt CovItemId="S46" CovItemPrefix="org.codecover.simplejavaapp.model.AppModel.java" Intrnl_Id="585">
<LocList>
<Loc EndOffset="7262" SrcFileId="4" StartOffset="7225"/>
</LocList>
</BasicStmnt>
<BasicStmnt CovItemId="S47" CovItemPrefix="org.codecover.simplejavaapp.model.AppModel.java" Intrnl_Id="586">
<LocList>
<Loc EndOffset="7319" SrcFileId="4" StartOffset="7272"/>
</LocList>
</BasicStmnt>
</StmntSeq>
</HierarchyLvl>
<HierarchyLvl HierarchyLvlId="406" HierarchyLvlTypeId="13" Intrnl_Id="587" Name="getAppFile">
<Header>
<Loc EndOffset="7578" SrcFileId="4" StartOffset="7537"/>
</Header>
<LocList>
<Loc EndOffset="7920" SrcFileId="4" StartOffset="7537"/>
</LocList>
<StmntSeq Intrnl_Id="588">
<LocList>
<Loc EndOffset="7682" SrcFileId="4" StartOffset="7589"/>
<Loc EndOffset="7736" SrcFileId="4" StartOffset="7692"/>
<Loc EndOffset="7890" SrcFileId="4" StartOffset="7746"/>
<Loc EndOffset="7914" SrcFileId="4" StartOffset="7899"/>
</LocList>
<CondStmnt CovItemId="S48" CovItemPrefix="org.codecover.simplejavaapp.model.AppModel.java" Intrnl_Id="589">
<Branch CovItemId="B19" CovItemPrefix="org.codecover.simplejavaapp.model.AppModel.java" Implct="false" Intrnl_Id="590">
<Cond/>
<LocList>
<Loc EndOffset="7682" SrcFileId="4" StartOffset="7609"/>
</LocList>
<StmntSeq Intrnl_Id="591">
<LocList>
<Loc EndOffset="7672" SrcFileId="4" StartOffset="7623"/>
</LocList>
<BasicStmnt CovItemId="S49" CovItemPrefix="org.codecover.simplejavaapp.model.AppModel.java" Intrnl_Id="592">
<LocList>
<Loc EndOffset="7672" SrcFileId="4" StartOffset="7623"/>
</LocList>
</BasicStmnt>
</StmntSeq>
</Branch>
<Branch CovItemId="B20" CovItemPrefix="org.codecover.simplejavaapp.model.AppModel.java" Implct="true" Intrnl_Id="593">
<Cond/>
<LocList/>
<StmntSeq Intrnl_Id="594">
<LocList/>
</StmntSeq>
</Branch>
<Keyword EndOffset="7591" SrcFileId="4" StartOffset="7589"/>
<LocList>
<Loc EndOffset="7682" SrcFileId="4" StartOffset="7589"/>
</LocList>
<RootTerm CovItemId="C10" CovItemPrefix="org.codecover.simplejavaapp.model.AppModel.java" Intrnl_Id="595">
<BasicBoolTerm Intrnl_Id="596">
<LocList>
<Loc EndOffset="7607" SrcFileId="4" StartOffset="7593"/>
</LocList>
</BasicBoolTerm>
</RootTerm>
</CondStmnt>
<BasicStmnt CovItemId="S50" CovItemPrefix="org.codecover.simplejavaapp.model.AppModel.java" Intrnl_Id="597">
<LocList>
<Loc EndOffset="7736" SrcFileId="4" StartOffset="7692"/>
</LocList>
</BasicStmnt>
<CondStmnt CovItemId="S51" CovItemPrefix="org.codecover.simplejavaapp.model.AppModel.java" Intrnl_Id="598">
<Branch CovItemId="B21" CovItemPrefix="org.codecover.simplejavaapp.model.AppModel.java" Implct="false" Intrnl_Id="599">
<Cond/>
<LocList>
<Loc EndOffset="7890" SrcFileId="4" StartOffset="7767"/>
</LocList>
<StmntSeq Intrnl_Id="600">
<LocList>
<Loc EndOffset="7880" SrcFileId="4" StartOffset="7781"/>
</LocList>
<BasicStmnt CovItemId="S52" CovItemPrefix="org.codecover.simplejavaapp.model.AppModel.java" Intrnl_Id="601">
<LocList>
<Loc EndOffset="7880" SrcFileId="4" StartOffset="7781"/>
</LocList>
</BasicStmnt>
</StmntSeq>
</Branch>
<Branch CovItemId="B22" CovItemPrefix="org.codecover.simplejavaapp.model.AppModel.java" Implct="true" Intrnl_Id="602">
<Cond/>
<LocList/>
<StmntSeq Intrnl_Id="603">
<LocList/>
</StmntSeq>
</Branch>
<Keyword EndOffset="7748" SrcFileId="4" StartOffset="7746"/>
<LocList>
<Loc EndOffset="7890" SrcFileId="4" StartOffset="7746"/>
</LocList>
<RootTerm CovItemId="C11" CovItemPrefix="org.codecover.simplejavaapp.model.AppModel.java" Intrnl_Id="604">
<BasicBoolTerm Intrnl_Id="605">
<LocList>
<Loc EndOffset="7765" SrcFileId="4" StartOffset="7750"/>
</LocList>
</BasicBoolTerm>
</RootTerm>
</CondStmnt>
<BasicStmnt CovItemId="S53" CovItemPrefix="org.codecover.simplejavaapp.model.AppModel.java" Intrnl_Id="606">
<LocList>
<Loc EndOffset="7914" SrcFileId="4" StartOffset="7899"/>
</LocList>
</BasicStmnt>
</StmntSeq>
</HierarchyLvl>
<HierarchyLvl HierarchyLvlId="408" HierarchyLvlTypeId="15" Intrnl_Id="607" Name="AppModelModifyListener">
<Header>
<Loc EndOffset="8041" SrcFileId="4" StartOffset="8002"/>
</Header>
<LocList>
<Loc EndOffset="8436" SrcFileId="4" StartOffset="8002"/>
</LocList>
<HierarchyLvl HierarchyLvlId="407" HierarchyLvlTypeId="13" Intrnl_Id="608" Name="appFileModified">
<Header>
<Loc EndOffset="8429" SrcFileId="4" StartOffset="8369"/>
</Header>
<LocList>
<Loc EndOffset="8430" SrcFileId="4" StartOffset="8369"/>
</LocList>
</HierarchyLvl>
</HierarchyLvl>
</HierarchyLvl>
<HierarchyLvl HierarchyLvlId="433" HierarchyLvlTypeId="12" Intrnl_Id="609" Name="AppFile">
<Header>
<Loc EndOffset="1112" SrcFileId="5" StartOffset="1092"/>
</Header>
<LocList>
<Loc EndOffset="8001" SrcFileId="5" StartOffset="1092"/>
<Loc EndOffset="8779" SrcFileId="5" StartOffset="8773"/>
<Loc EndOffset="9095" SrcFileId="5" StartOffset="9093"/>
</LocList>
<StmntSeq Intrnl_Id="610">
<LocList>
<Loc EndOffset="1336" SrcFileId="5" StartOffset="1303"/>
</LocList>
<BasicStmnt CovItemId="S1" CovItemPrefix="org.codecover.simplejavaapp.model.AppFile.java" Intrnl_Id="611">
<LocList>
<Loc EndOffset="1336" SrcFileId="5" StartOffset="1303"/>
</LocList>
</BasicStmnt>
</StmntSeq>
<HierarchyLvl HierarchyLvlId="412" HierarchyLvlTypeId="13" Intrnl_Id="612" Name="AppFile">
<Header>
<Loc EndOffset="1421" SrcFileId="5" StartOffset="1404"/>
</Header>
<LocList>
<Loc EndOffset="1793" SrcFileId="5" StartOffset="1404"/>
</LocList>
<StmntSeq Intrnl_Id="613">
<LocList>
<Loc EndOffset="1471" SrcFileId="5" StartOffset="1432"/>
<Loc EndOffset="1519" SrcFileId="5" StartOffset="1480"/>
<Loc EndOffset="1567" SrcFileId="5" StartOffset="1528"/>
<Loc EndOffset="1715" SrcFileId="5" StartOffset="1713"/>
<Loc EndOffset="1787" SrcFileId="5" StartOffset="1724"/>
</LocList>
<BasicStmnt CovItemId="S2" CovItemPrefix="org.codecover.simplejavaapp.model.AppFile.java" Intrnl_Id="614">
<LocList>
<Loc EndOffset="1471" SrcFileId="5" StartOffset="1432"/>
</LocList>
</BasicStmnt>
<BasicStmnt CovItemId="S3" CovItemPrefix="org.codecover.simplejavaapp.model.AppFile.java" Intrnl_Id="615">
<LocList>
<Loc EndOffset="1519" SrcFileId="5" StartOffset="1480"/>
</LocList>
</BasicStmnt>
<BasicStmnt CovItemId="S4" CovItemPrefix="org.codecover.simplejavaapp.model.AppFile.java" Intrnl_Id="616">
<LocList>
<Loc EndOffset="1567" SrcFileId="5" StartOffset="1528"/>
<Loc EndOffset="1715" SrcFileId="5" StartOffset="1713"/>
</LocList>
</BasicStmnt>
<BasicStmnt CovItemId="S6" CovItemPrefix="org.codecover.simplejavaapp.model.AppFile.java" Intrnl_Id="617">
<LocList>
<Loc EndOffset="1787" SrcFileId="5" StartOffset="1724"/>
</LocList>
</BasicStmnt>
</StmntSeq>
<HierarchyLvl HierarchyLvlId="411" HierarchyLvlTypeId="16" Intrnl_Id="618" Name="Comparator&lt;String&gt;">
<Header>
<Loc EndOffset="1591" SrcFileId="5" StartOffset="1571"/>
</Header>
<LocList>
<Loc EndOffset="1713" SrcFileId="5" StartOffset="1567"/>
</LocList>
<HierarchyLvl HierarchyLvlId="410" HierarchyLvlTypeId="13" Intrnl_Id="619" Name="compare">
<Header>
<Loc EndOffset="1646" SrcFileId="5" StartOffset="1606"/>
</Header>
<LocList>
<Loc EndOffset="1703" SrcFileId="5" StartOffset="1606"/>
</LocList>
<StmntSeq Intrnl_Id="620">
<LocList>
<Loc EndOffset="1689" SrcFileId="5" StartOffset="1665"/>
</LocList>
<BasicStmnt CovItemId="S5" CovItemPrefix="org.codecover.simplejavaapp.model.AppFile.java" Intrnl_Id="621">
<LocList>
<Loc EndOffset="1689" SrcFileId="5" StartOffset="1665"/>
</LocList>
</BasicStmnt>
</StmntSeq>
</HierarchyLvl>
</HierarchyLvl>
</HierarchyLvl>
<HierarchyLvl HierarchyLvlId="413" HierarchyLvlTypeId="13" Intrnl_Id="622" Name="newFile">
<Header>
<Loc EndOffset="1937" SrcFileId="5" StartOffset="1913"/>
</Header>
<LocList>
<Loc EndOffset="1975" SrcFileId="5" StartOffset="1913"/>
</LocList>
<StmntSeq Intrnl_Id="623">
<LocList>
<Loc EndOffset="1969" SrcFileId="5" StartOffset="1948"/>
</LocList>
<BasicStmnt CovItemId="S7" CovItemPrefix="org.codecover.simplejavaapp.model.AppFile.java" Intrnl_Id="624">
<LocList>
<Loc EndOffset="1969" SrcFileId="5" StartOffset="1948"/>
</LocList>
</BasicStmnt>
</StmntSeq>
</HierarchyLvl>
<HierarchyLvl HierarchyLvlId="414" HierarchyLvlTypeId="13" Intrnl_Id="625" Name="getBooks">
<Header>
<Loc EndOffset="2144" SrcFileId="5" StartOffset="2123"/>
</Header>
<LocList>
<Loc EndOffset="2210" SrcFileId="5" StartOffset="2123"/>
</LocList>
<StmntSeq Intrnl_Id="626">
<LocList>
<Loc EndOffset="2204" SrcFileId="5" StartOffset="2155"/>
</LocList>
<BasicStmnt CovItemId="S8" CovItemPrefix="org.codecover.simplejavaapp.model.AppFile.java" Intrnl_Id="627">
<LocList>
<Loc EndOffset="2204" SrcFileId="5" StartOffset="2155"/>
</LocList>
</BasicStmnt>
</StmntSeq>
</HierarchyLvl>
<HierarchyLvl HierarchyLvlId="415" HierarchyLvlTypeId="13" Intrnl_Id="628" Name="getBook">
<Header>
<Loc EndOffset="2473" SrcFileId="5" StartOffset="2450"/>
</Header>
<LocList>
<Loc EndOffset="2516" SrcFileId="5" StartOffset="2450"/>
</LocList>
<StmntSeq Intrnl_Id="629">
<LocList>
<Loc EndOffset="2510" SrcFileId="5" StartOffset="2484"/>
</LocList>
<BasicStmnt CovItemId="S9" CovItemPrefix="org.codecover.simplejavaapp.model.AppFile.java" Intrnl_Id="630">
<LocList>
<Loc EndOffset="2510" SrcFileId="5" StartOffset="2484"/>
</LocList>
</BasicStmnt>
</StmntSeq>
</HierarchyLvl>
<HierarchyLvl HierarchyLvlId="416" HierarchyLvlTypeId="13" Intrnl_Id="631" Name="addBook">
<Header>
<Loc EndOffset="2710" SrcFileId="5" StartOffset="2687"/>
</Header>
<LocList>
<Loc EndOffset="2845" SrcFileId="5" StartOffset="2687"/>
</LocList>
<StmntSeq Intrnl_Id="632">
<LocList>
<Loc EndOffset="2756" SrcFileId="5" StartOffset="2721"/>
<Loc EndOffset="2811" SrcFileId="5" StartOffset="2765"/>
<Loc EndOffset="2839" SrcFileId="5" StartOffset="2821"/>
</LocList>
<BasicStmnt CovItemId="S10" CovItemPrefix="org.codecover.simplejavaapp.model.AppFile.java" Intrnl_Id="633">
<LocList>
<Loc EndOffset="2756" SrcFileId="5" StartOffset="2721"/>
</LocList>
</BasicStmnt>
<BasicStmnt CovItemId="S11" CovItemPrefix="org.codecover.simplejavaapp.model.AppFile.java" Intrnl_Id="634">
<LocList>
<Loc EndOffset="2811" SrcFileId="5" StartOffset="2765"/>
</LocList>
</BasicStmnt>
<BasicStmnt CovItemId="S12" CovItemPrefix="org.codecover.simplejavaapp.model.AppFile.java" Intrnl_Id="635">
<LocList>
<Loc EndOffset="2839" SrcFileId="5" StartOffset="2821"/>
</LocList>
</BasicStmnt>
</StmntSeq>
</HierarchyLvl>
<HierarchyLvl HierarchyLvlId="417" HierarchyLvlTypeId="13" Intrnl_Id="636" Name="removeBook">
<Header>
<Loc EndOffset="3028" SrcFileId="5" StartOffset="2998"/>
</Header>
<LocList>
<Loc EndOffset="3099" SrcFileId="5" StartOffset="2998"/>
</LocList>
<StmntSeq Intrnl_Id="637">
<LocList>
<Loc EndOffset="3065" SrcFileId="5" StartOffset="3039"/>
<Loc EndOffset="3093" SrcFileId="5" StartOffset="3075"/>
</LocList>
<BasicStmnt CovItemId="S13" CovItemPrefix="org.codecover.simplejavaapp.model.AppFile.java" Intrnl_Id="638">
<LocList>
<Loc EndOffset="3065" SrcFileId="5" StartOffset="3039"/>
</LocList>
</BasicStmnt>
<BasicStmnt CovItemId="S14" CovItemPrefix="org.codecover.simplejavaapp.model.AppFile.java" Intrnl_Id="639">
<LocList>
<Loc EndOffset="3093" SrcFileId="5" StartOffset="3075"/>
</LocList>
</BasicStmnt>
</StmntSeq>
</HierarchyLvl>
<HierarchyLvl HierarchyLvlId="418" HierarchyLvlTypeId="13" Intrnl_Id="640" Name="getId">
<Header>
<Loc EndOffset="3210" SrcFileId="5" StartOffset="3196"/>
</Header>
<LocList>
<Loc EndOffset="3242" SrcFileId="5" StartOffset="3196"/>
</LocList>
<StmntSeq Intrnl_Id="641">
<LocList>
<Loc EndOffset="3236" SrcFileId="5" StartOffset="3221"/>
</LocList>
<BasicStmnt CovItemId="S15" CovItemPrefix="org.codecover.simplejavaapp.model.AppFile.java" Intrnl_Id="642">
<LocList>
<Loc EndOffset="3236" SrcFileId="5" StartOffset="3221"/>
</LocList>
</BasicStmnt>
</StmntSeq>
</HierarchyLvl>
<HierarchyLvl HierarchyLvlId="419" HierarchyLvlTypeId="13" Intrnl_Id="643" Name="isModified">
<Header>
<Loc EndOffset="3346" SrcFileId="5" StartOffset="3326"/>
</Header>
<LocList>
<Loc EndOffset="3384" SrcFileId="5" StartOffset="3326"/>
</LocList>
<StmntSeq Intrnl_Id="644">
<LocList>
<Loc EndOffset="3378" SrcFileId="5" StartOffset="3357"/>
</LocList>
<BasicStmnt CovItemId="S16" CovItemPrefix="org.codecover.simplejavaapp.model.AppFile.java" Intrnl_Id="645">
<LocList>
<Loc EndOffset="3378" SrcFileId="5" StartOffset="3357"/>
</LocList>
</BasicStmnt>
</StmntSeq>
</HierarchyLvl>
<HierarchyLvl HierarchyLvlId="420" HierarchyLvlTypeId="13" Intrnl_Id="646" Name="setModified">
<Header>
<Loc EndOffset="3535" SrcFileId="5" StartOffset="3501"/>
</Header>
<LocList>
<Loc EndOffset="3604" SrcFileId="5" StartOffset="3501"/>
</LocList>
<StmntSeq Intrnl_Id="647">
<LocList>
<Loc EndOffset="3571" SrcFileId="5" StartOffset="3546"/>
<Loc EndOffset="3598" SrcFileId="5" StartOffset="3580"/>
</LocList>
<BasicStmnt CovItemId="S17" CovItemPrefix="org.codecover.simplejavaapp.model.AppFile.java" Intrnl_Id="648">
<LocList>
<Loc EndOffset="3571" SrcFileId="5" StartOffset="3546"/>
</LocList>
</BasicStmnt>
<BasicStmnt CovItemId="S18" CovItemPrefix="org.codecover.simplejavaapp.model.AppFile.java" Intrnl_Id="649">
<LocList>
<Loc EndOffset="3598" SrcFileId="5" StartOffset="3580"/>
</LocList>
</BasicStmnt>
</StmntSeq>
</HierarchyLvl>
<HierarchyLvl HierarchyLvlId="421" HierarchyLvlTypeId="13" Intrnl_Id="650" Name="addAppModelModifyListener">
<Header>
<Loc EndOffset="3857" SrcFileId="5" StartOffset="3794"/>
</Header>
<LocList>
<Loc EndOffset="3908" SrcFileId="5" StartOffset="3794"/>
</LocList>
<StmntSeq Intrnl_Id="651">
<LocList>
<Loc EndOffset="3902" SrcFileId="5" StartOffset="3868"/>
</LocList>
<BasicStmnt CovItemId="S19" CovItemPrefix="org.codecover.simplejavaapp.model.AppFile.java" Intrnl_Id="652">
<LocList>
<Loc EndOffset="3902" SrcFileId="5" StartOffset="3868"/>
</LocList>
</BasicStmnt>
</StmntSeq>
</HierarchyLvl>
<HierarchyLvl HierarchyLvlId="422" HierarchyLvlTypeId="13" Intrnl_Id="653" Name="removeAppModelModifyListener">
<Header>
<Loc EndOffset="4176" SrcFileId="5" StartOffset="4110"/>
</Header>
<LocList>
<Loc EndOffset="4230" SrcFileId="5" StartOffset="4110"/>
</LocList>
<StmntSeq Intrnl_Id="654">
<LocList>
<Loc EndOffset="4224" SrcFileId="5" StartOffset="4187"/>
</LocList>
<BasicStmnt CovItemId="S20" CovItemPrefix="org.codecover.simplejavaapp.model.AppFile.java" Intrnl_Id="655">
<LocList>
<Loc EndOffset="4224" SrcFileId="5" StartOffset="4187"/>
</LocList>
</BasicStmnt>
</StmntSeq>
</HierarchyLvl>
<HierarchyLvl HierarchyLvlId="423" HierarchyLvlTypeId="13" Intrnl_Id="656" Name="notifyListeners">
<Header>
<Loc EndOffset="4266" SrcFileId="5" StartOffset="4236"/>
</Header>
<LocList>
<Loc EndOffset="4415" SrcFileId="5" StartOffset="4236"/>
</LocList>
<StmntSeq Intrnl_Id="657">
<LocList>
<Loc EndOffset="4409" SrcFileId="5" StartOffset="4277"/>
</LocList>
<LoopStmnt CovItemId="S21" CovItemPrefix="org.codecover.simplejavaapp.model.AppFile.java" Intrnl_Id="658" MltplExecId="L1-2" MltplExecPrefix="org.codecover.simplejavaapp.model.AppFile.java" NvrExecId="L1-0" NvrExecPrefix="org.codecover.simplejavaapp.model.AppFile.java" OnceExecutedId="L1-1" OnceExecutedPrefix="org.codecover.simplejavaapp.model.AppFile.java" OptBodyExec="true">
<StmntSeq Intrnl_Id="659">
<LocList>
<Loc EndOffset="4399" SrcFileId="5" StartOffset="4351"/>
</LocList>
<BasicStmnt CovItemId="S22" CovItemPrefix="org.codecover.simplejavaapp.model.AppFile.java" Intrnl_Id="660">
<LocList>
<Loc EndOffset="4399" SrcFileId="5" StartOffset="4351"/>
</LocList>
</BasicStmnt>
</StmntSeq>
<Keyword EndOffset="4280" SrcFileId="5" StartOffset="4277"/>
<LocList>
<Loc EndOffset="4409" SrcFileId="5" StartOffset="4277"/>
</LocList>
</LoopStmnt>
</StmntSeq>
</HierarchyLvl>
<HierarchyLvl HierarchyLvlId="424" HierarchyLvlTypeId="13" Intrnl_Id="661" Name="setPath">
<Header>
<Loc EndOffset="4553" SrcFileId="5" StartOffset="4520"/>
</Header>
<LocList>
<Loc EndOffset="4614" SrcFileId="5" StartOffset="4520"/>
</LocList>
<StmntSeq Intrnl_Id="662">
<LocList>
<Loc EndOffset="4581" SrcFileId="5" StartOffset="4564"/>
<Loc EndOffset="4608" SrcFileId="5" StartOffset="4590"/>
</LocList>
<BasicStmnt CovItemId="S23" CovItemPrefix="org.codecover.simplejavaapp.model.AppFile.java" Intrnl_Id="663">
<LocList>
<Loc EndOffset="4581" SrcFileId="5" StartOffset="4564"/>
</LocList>
</BasicStmnt>
<BasicStmnt CovItemId="S24" CovItemPrefix="org.codecover.simplejavaapp.model.AppFile.java" Intrnl_Id="664">
<LocList>
<Loc EndOffset="4608" SrcFileId="5" StartOffset="4590"/>
</LocList>
</BasicStmnt>
</StmntSeq>
</HierarchyLvl>
<HierarchyLvl HierarchyLvlId="425" HierarchyLvlTypeId="13" Intrnl_Id="665" Name="getPath">
<Header>
<Loc EndOffset="4706" SrcFileId="5" StartOffset="4690"/>
</Header>
<LocList>
<Loc EndOffset="4740" SrcFileId="5" StartOffset="4690"/>
</LocList>
<StmntSeq Intrnl_Id="666">
<LocList>
<Loc EndOffset="4734" SrcFileId="5" StartOffset="4717"/>
</LocList>
<BasicStmnt CovItemId="S25" CovItemPrefix="org.codecover.simplejavaapp.model.AppFile.java" Intrnl_Id="667">
<LocList>
<Loc EndOffset="4734" SrcFileId="5" StartOffset="4717"/>
</LocList>
</BasicStmnt>
</StmntSeq>
</HierarchyLvl>
<HierarchyLvl HierarchyLvlId="426" HierarchyLvlTypeId="13" Intrnl_Id="668" Name="saveAppFile">
<Header>
<Loc EndOffset="5115" SrcFileId="5" StartOffset="5005"/>
</Header>
<LocList>
<Loc EndOffset="6688" SrcFileId="5" StartOffset="5005"/>
</LocList>
<StmntSeq Intrnl_Id="669">
<LocList>
<Loc EndOffset="5149" SrcFileId="5" StartOffset="5126"/>
<Loc EndOffset="5280" SrcFileId="5" StartOffset="5233"/>
<Loc EndOffset="5321" SrcFileId="5" StartOffset="5289"/>
<Loc EndOffset="5370" SrcFileId="5" StartOffset="5330"/>
<Loc EndOffset="5411" SrcFileId="5" StartOffset="5379"/>
<Loc EndOffset="5848" SrcFileId="5" StartOffset="5421"/>
<Loc EndOffset="5908" SrcFileId="5" StartOffset="5858"/>
<Loc EndOffset="5979" SrcFileId="5" StartOffset="5935"/>
<Loc EndOffset="6042" SrcFileId="5" StartOffset="5992"/>
<Loc EndOffset="6112" SrcFileId="5" StartOffset="6055"/>
<Loc EndOffset="6170" SrcFileId="5" StartOffset="6125"/>
<Loc EndOffset="6242" SrcFileId="5" StartOffset="6183"/>
<Loc EndOffset="6310" SrcFileId="5" StartOffset="6255"/>
<Loc EndOffset="6369" SrcFileId="5" StartOffset="6323"/>
<Loc EndOffset="6394" SrcFileId="5" StartOffset="6382"/>
<Loc EndOffset="6577" SrcFileId="5" StartOffset="6553"/>
<Loc EndOffset="6627" SrcFileId="5" StartOffset="6590"/>
<Loc EndOffset="6637" SrcFileId="5" StartOffset="5917"/>
<Loc EndOffset="6672" SrcFileId="5" StartOffset="6660"/>
</LocList>
<BasicStmnt CovItemId="S26" CovItemPrefix="org.codecover.simplejavaapp.model.AppFile.java" Intrnl_Id="670">
<LocList>
<Loc EndOffset="5149" SrcFileId="5" StartOffset="5126"/>
</LocList>
</BasicStmnt>
<BasicStmnt CovItemId="S27" CovItemPrefix="org.codecover.simplejavaapp.model.AppFile.java" Intrnl_Id="671">
<LocList>
<Loc EndOffset="5280" SrcFileId="5" StartOffset="5233"/>
</LocList>
</BasicStmnt>
<BasicStmnt CovItemId="S28" CovItemPrefix="org.codecover.simplejavaapp.model.AppFile.java" Intrnl_Id="672">
<LocList>
<Loc EndOffset="5321" SrcFileId="5" StartOffset="5289"/>
</LocList>
</BasicStmnt>
<BasicStmnt CovItemId="S29" CovItemPrefix="org.codecover.simplejavaapp.model.AppFile.java" Intrnl_Id="673">
<LocList>
<Loc EndOffset="5370" SrcFileId="5" StartOffset="5330"/>
</LocList>
</BasicStmnt>
<BasicStmnt CovItemId="S30" CovItemPrefix="org.codecover.simplejavaapp.model.AppFile.java" Intrnl_Id="674">
<LocList>
<Loc EndOffset="5411" SrcFileId="5" StartOffset="5379"/>
</LocList>
</BasicStmnt>
<CondStmnt CovItemId="S31" CovItemPrefix="org.codecover.simplejavaapp.model.AppFile.java" Intrnl_Id="675">
<Branch CovItemId="B1" CovItemPrefix="org.codecover.simplejavaapp.model.AppFile.java" Implct="false" Intrnl_Id="676">
<Cond/>
<LocList>
<Loc EndOffset="5848" SrcFileId="5" StartOffset="5441"/>
</LocList>
<StmntSeq Intrnl_Id="677">
<LocList>
<Loc EndOffset="5519" SrcFileId="5" StartOffset="5455"/>
<Loc EndOffset="5568" SrcFileId="5" StartOffset="5532"/>
<Loc EndOffset="5641" SrcFileId="5" StartOffset="5582"/>
<Loc EndOffset="5779" SrcFileId="5" StartOffset="5655"/>
<Loc EndOffset="5838" SrcFileId="5" StartOffset="5793"/>
</LocList>
<BasicStmnt CovItemId="S32" CovItemPrefix="org.codecover.simplejavaapp.model.AppFile.java" Intrnl_Id="678">
<LocList>
<Loc EndOffset="5519" SrcFileId="5" StartOffset="5455"/>
</LocList>
</BasicStmnt>
<BasicStmnt CovItemId="S33" CovItemPrefix="org.codecover.simplejavaapp.model.AppFile.java" Intrnl_Id="679">
<LocList>
<Loc EndOffset="5568" SrcFileId="5" StartOffset="5532"/>
</LocList>
</BasicStmnt>
<BasicStmnt CovItemId="S34" CovItemPrefix="org.codecover.simplejavaapp.model.AppFile.java" Intrnl_Id="680">
<LocList>
<Loc EndOffset="5641" SrcFileId="5" StartOffset="5582"/>
</LocList>
</BasicStmnt>
<LoopStmnt CovItemId="S35" CovItemPrefix="org.codecover.simplejavaapp.model.AppFile.java" Intrnl_Id="681" MltplExecId="L2-2" MltplExecPrefix="org.codecover.simplejavaapp.model.AppFile.java" NvrExecId="L2-0" NvrExecPrefix="org.codecover.simplejavaapp.model.AppFile.java" OnceExecutedId="L2-1" OnceExecutedPrefix="org.codecover.simplejavaapp.model.AppFile.java" OptBodyExec="true">
<StmntSeq Intrnl_Id="682">
<LocList>
<Loc EndOffset="5765" SrcFileId="5" StartOffset="5702"/>
</LocList>
<BasicStmnt CovItemId="S36" CovItemPrefix="org.codecover.simplejavaapp.model.AppFile.java" Intrnl_Id="683">
<LocList>
<Loc EndOffset="5765" SrcFileId="5" StartOffset="5702"/>
</LocList>
</BasicStmnt>
</StmntSeq>
<Keyword EndOffset="5658" SrcFileId="5" StartOffset="5655"/>
<LocList>
<Loc EndOffset="5779" SrcFileId="5" StartOffset="5655"/>
</LocList>
</LoopStmnt>
<BasicStmnt CovItemId="S37" CovItemPrefix="org.codecover.simplejavaapp.model.AppFile.java" Intrnl_Id="684">
<LocList>
<Loc EndOffset="5838" SrcFileId="5" StartOffset="5793"/>
</LocList>
</BasicStmnt>
</StmntSeq>
</Branch>
<Branch CovItemId="B2" CovItemPrefix="org.codecover.simplejavaapp.model.AppFile.java" Implct="true" Intrnl_Id="685">
<Cond/>
<LocList/>
<StmntSeq Intrnl_Id="686">
<LocList/>
</StmntSeq>
</Branch>
<Keyword EndOffset="5423" SrcFileId="5" StartOffset="5421"/>
<LocList>
<Loc EndOffset="5848" SrcFileId="5" StartOffset="5421"/>
</LocList>
<RootTerm CovItemId="C1" CovItemPrefix="org.codecover.simplejavaapp.model.AppFile.java" Intrnl_Id="687">
<BasicBoolTerm Intrnl_Id="688">
<LocList>
<Loc EndOffset="5439" SrcFileId="5" StartOffset="5425"/>
</LocList>
</BasicBoolTerm>
</RootTerm>
</CondStmnt>
<BasicStmnt CovItemId="S38" CovItemPrefix="org.codecover.simplejavaapp.model.AppFile.java" Intrnl_Id="689">
<LocList>
<Loc EndOffset="5908" SrcFileId="5" StartOffset="5858"/>
</LocList>
</BasicStmnt>
<BasicStmnt CovItemId="S40" CovItemPrefix="org.codecover.simplejavaapp.model.AppFile.java" Intrnl_Id="690">
<LocList>
<Loc EndOffset="5979" SrcFileId="5" StartOffset="5935"/>
</LocList>
</BasicStmnt>
<BasicStmnt CovItemId="S41" CovItemPrefix="org.codecover.simplejavaapp.model.AppFile.java" Intrnl_Id="691">
<LocList>
<Loc EndOffset="6042" SrcFileId="5" StartOffset="5992"/>
</LocList>
</BasicStmnt>
<BasicStmnt CovItemId="S42" CovItemPrefix="org.codecover.simplejavaapp.model.AppFile.java" Intrnl_Id="692">
<LocList>
<Loc EndOffset="6112" SrcFileId="5" StartOffset="6055"/>
</LocList>
</BasicStmnt>
<BasicStmnt CovItemId="S43" CovItemPrefix="org.codecover.simplejavaapp.model.AppFile.java" Intrnl_Id="693">
<LocList>
<Loc EndOffset="6170" SrcFileId="5" StartOffset="6125"/>
</LocList>
</BasicStmnt>
<BasicStmnt CovItemId="S44" CovItemPrefix="org.codecover.simplejavaapp.model.AppFile.java" Intrnl_Id="694">
<LocList>
<Loc EndOffset="6242" SrcFileId="5" StartOffset="6183"/>
</LocList>
</BasicStmnt>
<BasicStmnt CovItemId="S45" CovItemPrefix="org.codecover.simplejavaapp.model.AppFile.java" Intrnl_Id="695">
<LocList>
<Loc EndOffset="6310" SrcFileId="5" StartOffset="6255"/>
</LocList>
</BasicStmnt>
<BasicStmnt CovItemId="S46" CovItemPrefix="org.codecover.simplejavaapp.model.AppFile.java" Intrnl_Id="696">
<LocList>
<Loc EndOffset="6369" SrcFileId="5" StartOffset="6323"/>
</LocList>
</BasicStmnt>
<BasicStmnt CovItemId="S47" CovItemPrefix="org.codecover.simplejavaapp.model.AppFile.java" Intrnl_Id="697">
<LocList>
<Loc EndOffset="6394" SrcFileId="5" StartOffset="6382"/>
</LocList>
</BasicStmnt>
<BasicStmnt CovItemId="S48" CovItemPrefix="org.codecover.simplejavaapp.model.AppFile.java" Intrnl_Id="698">
<LocList>
<Loc EndOffset="6577" SrcFileId="5" StartOffset="6553"/>
</LocList>
</BasicStmnt>
<BasicStmnt CovItemId="S49" CovItemPrefix="org.codecover.simplejavaapp.model.AppFile.java" Intrnl_Id="699">
<LocList>
<Loc EndOffset="6627" SrcFileId="5" StartOffset="6590"/>
</LocList>
</BasicStmnt>
<CondStmnt CovItemId="S39" CovItemPrefix="org.codecover.simplejavaapp.model.AppFile.java" Intrnl_Id="700">
<Branch CovItemId="B3" CovItemPrefix="org.codecover.simplejavaapp.model.AppFile.java" Implct="true" Intrnl_Id="701">
<Cond/>
<LocList/>
<StmntSeq Intrnl_Id="702">
<LocList/>
</StmntSeq>
</Branch>
<Keyword EndOffset="5920" SrcFileId="5" StartOffset="5917"/>
<LocList>
<Loc EndOffset="6637" SrcFileId="5" StartOffset="5917"/>
</LocList>
</CondStmnt>
<BasicStmnt CovItemId="S50" CovItemPrefix="org.codecover.simplejavaapp.model.AppFile.java" Intrnl_Id="703">
<LocList>
<Loc EndOffset="6672" SrcFileId="5" StartOffset="6660"/>
</LocList>
</BasicStmnt>
</StmntSeq>
</HierarchyLvl>
<HierarchyLvl HierarchyLvlId="427" HierarchyLvlTypeId="13" Intrnl_Id="704" Name="loadAppFile">
<Header>
<Loc EndOffset="7119" SrcFileId="5" StartOffset="7007"/>
</Header>
<LocList>
<Loc EndOffset="7995" SrcFileId="5" StartOffset="7007"/>
</LocList>
<StmntSeq Intrnl_Id="705">
<LocList>
<Loc EndOffset="7166" SrcFileId="5" StartOffset="7130"/>
<Loc EndOffset="7246" SrcFileId="5" StartOffset="7176"/>
<Loc EndOffset="7287" SrcFileId="5" StartOffset="7255"/>
<Loc EndOffset="7359" SrcFileId="5" StartOffset="7296"/>
<Loc EndOffset="7414" SrcFileId="5" StartOffset="7368"/>
<Loc EndOffset="7470" SrcFileId="5" StartOffset="7424"/>
<Loc EndOffset="7604" SrcFileId="5" StartOffset="7480"/>
<Loc EndOffset="7878" SrcFileId="5" StartOffset="7613"/>
<Loc EndOffset="7915" SrcFileId="5" StartOffset="7888"/>
<Loc EndOffset="7964" SrcFileId="5" StartOffset="7924"/>
<Loc EndOffset="7989" SrcFileId="5" StartOffset="7974"/>
</LocList>
<BasicStmnt CovItemId="S51" CovItemPrefix="org.codecover.simplejavaapp.model.AppFile.java" Intrnl_Id="706">
<LocList>
<Loc EndOffset="7166" SrcFileId="5" StartOffset="7130"/>
</LocList>
</BasicStmnt>
<BasicStmnt CovItemId="S52" CovItemPrefix="org.codecover.simplejavaapp.model.AppFile.java" Intrnl_Id="707">
<LocList>
<Loc EndOffset="7246" SrcFileId="5" StartOffset="7176"/>
</LocList>
</BasicStmnt>
<BasicStmnt CovItemId="S53" CovItemPrefix="org.codecover.simplejavaapp.model.AppFile.java" Intrnl_Id="708">
<LocList>
<Loc EndOffset="7287" SrcFileId="5" StartOffset="7255"/>
</LocList>
</BasicStmnt>
<BasicStmnt CovItemId="S54" CovItemPrefix="org.codecover.simplejavaapp.model.AppFile.java" Intrnl_Id="709">
<LocList>
<Loc EndOffset="7359" SrcFileId="5" StartOffset="7296"/>
</LocList>
</BasicStmnt>
<BasicStmnt CovItemId="S55" CovItemPrefix="org.codecover.simplejavaapp.model.AppFile.java" Intrnl_Id="710">
<LocList>
<Loc EndOffset="7414" SrcFileId="5" StartOffset="7368"/>
</LocList>
</BasicStmnt>
<BasicStmnt CovItemId="S56" CovItemPrefix="org.codecover.simplejavaapp.model.AppFile.java" Intrnl_Id="711">
<LocList>
<Loc EndOffset="7470" SrcFileId="5" StartOffset="7424"/>
</LocList>
</BasicStmnt>
<BasicStmnt CovItemId="S57" CovItemPrefix="org.codecover.simplejavaapp.model.AppFile.java" Intrnl_Id="712">
<LocList>
<Loc EndOffset="7604" SrcFileId="5" StartOffset="7480"/>
</LocList>
</BasicStmnt>
<LoopStmnt CovItemId="S58" CovItemPrefix="org.codecover.simplejavaapp.model.AppFile.java" Intrnl_Id="713" MltplExecId="L3-2" MltplExecPrefix="org.codecover.simplejavaapp.model.AppFile.java" NvrExecId="L3-0" NvrExecPrefix="org.codecover.simplejavaapp.model.AppFile.java" OnceExecutedId="L3-1" OnceExecutedPrefix="org.codecover.simplejavaapp.model.AppFile.java" OptBodyExec="true">
<StmntSeq Intrnl_Id="714">
<LocList>
<Loc EndOffset="7868" SrcFileId="5" StartOffset="7662"/>
</LocList>
<LoopStmnt CovItemId="S59" CovItemPrefix="org.codecover.simplejavaapp.model.AppFile.java" Intrnl_Id="715" MltplExecId="L4-2" MltplExecPrefix="org.codecover.simplejavaapp.model.AppFile.java" NvrExecId="L4-0" NvrExecPrefix="org.codecover.simplejavaapp.model.AppFile.java" OnceExecutedId="L4-1" OnceExecutedPrefix="org.codecover.simplejavaapp.model.AppFile.java" OptBodyExec="true">
<StmntSeq Intrnl_Id="716">
<LocList>
<Loc EndOffset="7854" SrcFileId="5" StartOffset="7798"/>
</LocList>
<BasicStmnt CovItemId="S60" CovItemPrefix="org.codecover.simplejavaapp.model.AppFile.java" Intrnl_Id="717">
<LocList>
<Loc EndOffset="7854" SrcFileId="5" StartOffset="7798"/>
</LocList>
</BasicStmnt>
</StmntSeq>
<Keyword EndOffset="7665" SrcFileId="5" StartOffset="7662"/>
<LocList>
<Loc EndOffset="7868" SrcFileId="5" StartOffset="7662"/>
</LocList>
</LoopStmnt>
</StmntSeq>
<Keyword EndOffset="7616" SrcFileId="5" StartOffset="7613"/>
<LocList>
<Loc EndOffset="7878" SrcFileId="5" StartOffset="7613"/>
</LocList>
</LoopStmnt>
<BasicStmnt CovItemId="S61" CovItemPrefix="org.codecover.simplejavaapp.model.AppFile.java" Intrnl_Id="718">
<LocList>
<Loc EndOffset="7915" SrcFileId="5" StartOffset="7888"/>
</LocList>
</BasicStmnt>
<BasicStmnt CovItemId="S62" CovItemPrefix="org.codecover.simplejavaapp.model.AppFile.java" Intrnl_Id="719">
<LocList>
<Loc EndOffset="7964" SrcFileId="5" StartOffset="7924"/>
</LocList>
</BasicStmnt>
<BasicStmnt CovItemId="S63" CovItemPrefix="org.codecover.simplejavaapp.model.AppFile.java" Intrnl_Id="720">
<LocList>
<Loc EndOffset="7989" SrcFileId="5" StartOffset="7974"/>
</LocList>
</BasicStmnt>
</StmntSeq>
</HierarchyLvl>
<HierarchyLvl HierarchyLvlId="430" HierarchyLvlTypeId="12" Intrnl_Id="721" Name="NodeListIterable">
<Header>
<Loc EndOffset="8063" SrcFileId="5" StartOffset="8001"/>
</Header>
<LocList>
<Loc EndOffset="8773" SrcFileId="5" StartOffset="8001"/>
</LocList>
<HierarchyLvl HierarchyLvlId="428" HierarchyLvlTypeId="13" Intrnl_Id="722" Name="NodeListIterable">
<Header>
<Loc EndOffset="8380" SrcFileId="5" StartOffset="8338"/>
</Header>
<LocList>
<Loc EndOffset="8565" SrcFileId="5" StartOffset="8338"/>
</LocList>
<StmntSeq Intrnl_Id="723">
<LocList>
<Loc EndOffset="8430" SrcFileId="5" StartOffset="8395"/>
<Loc EndOffset="8555" SrcFileId="5" StartOffset="8444"/>
</LocList>
<BasicStmnt CovItemId="S64" CovItemPrefix="org.codecover.simplejavaapp.model.AppFile.java" Intrnl_Id="724">
<LocList>
<Loc EndOffset="8430" SrcFileId="5" StartOffset="8395"/>
</LocList>
</BasicStmnt>
<LoopStmnt CovItemId="S65" CovItemPrefix="org.codecover.simplejavaapp.model.AppFile.java" Intrnl_Id="725" MltplExecId="L5-2" MltplExecPrefix="org.codecover.simplejavaapp.model.AppFile.java" NvrExecId="L5-0" NvrExecPrefix="org.codecover.simplejavaapp.model.AppFile.java" OnceExecutedId="L5-1" OnceExecutedPrefix="org.codecover.simplejavaapp.model.AppFile.java" OptBodyExec="true">
<StmntSeq Intrnl_Id="726">
<LocList>
<Loc EndOffset="8541" SrcFileId="5" StartOffset="8509"/>
</LocList>
<BasicStmnt CovItemId="S66" CovItemPrefix="org.codecover.simplejavaapp.model.AppFile.java" Intrnl_Id="727">
<LocList>
<Loc EndOffset="8541" SrcFileId="5" StartOffset="8509"/>
</LocList>
</BasicStmnt>
</StmntSeq>
<Keyword EndOffset="8447" SrcFileId="5" StartOffset="8444"/>
<LocList>
<Loc EndOffset="8555" SrcFileId="5" StartOffset="8444"/>
</LocList>
<RootTerm CovItemId="C2" CovItemPrefix="org.codecover.simplejavaapp.model.AppFile.java" Intrnl_Id="728">
<BasicBoolTerm Intrnl_Id="729">
<LocList>
<Loc EndOffset="8484" SrcFileId="5" StartOffset="8460"/>
</LocList>
</BasicBoolTerm>
</RootTerm>
</LoopStmnt>
</StmntSeq>
</HierarchyLvl>
<HierarchyLvl HierarchyLvlId="429" HierarchyLvlTypeId="13" Intrnl_Id="730" Name="iterator">
<Header>
<Loc EndOffset="8714" SrcFileId="5" StartOffset="8682"/>
</Header>
<LocList>
<Loc EndOffset="8767" SrcFileId="5" StartOffset="8682"/>
</LocList>
<StmntSeq Intrnl_Id="731">
<LocList>
<Loc EndOffset="8757" SrcFileId="5" StartOffset="8729"/>
</LocList>
<BasicStmnt CovItemId="S67" CovItemPrefix="org.codecover.simplejavaapp.model.AppFile.java" Intrnl_Id="732">
<LocList>
<Loc EndOffset="8757" SrcFileId="5" StartOffset="8729"/>
</LocList>
</BasicStmnt>
</StmntSeq>
</HierarchyLvl>
</HierarchyLvl>
<HierarchyLvl HierarchyLvlId="432" HierarchyLvlTypeId="12" Intrnl_Id="733" Name="BookListener">
<Header>
<Loc EndOffset="8841" SrcFileId="5" StartOffset="8779"/>
</Header>
<LocList>
<Loc EndOffset="9093" SrcFileId="5" StartOffset="8779"/>
</LocList>
<HierarchyLvl HierarchyLvlId="431" HierarchyLvlTypeId="13" Intrnl_Id="734" Name="stateModified">
<Header>
<Loc EndOffset="9031" SrcFileId="5" StartOffset="9004"/>
</Header>
<LocList>
<Loc EndOffset="9087" SrcFileId="5" StartOffset="9004"/>
</LocList>
<StmntSeq Intrnl_Id="735">
<LocList>
<Loc EndOffset="9077" SrcFileId="5" StartOffset="9046"/>
</LocList>
<BasicStmnt CovItemId="S68" CovItemPrefix="org.codecover.simplejavaapp.model.AppFile.java" Intrnl_Id="736">
<LocList>
<Loc EndOffset="9077" SrcFileId="5" StartOffset="9046"/>
</LocList>
</BasicStmnt>
</StmntSeq>
</HierarchyLvl>
</HierarchyLvl>
</HierarchyLvl>
</HierarchyLvl>
<HierarchyLvl HierarchyLvlId="453" HierarchyLvlTypeId="11" Intrnl_Id="737" Name="controller">
<Header/>
<LocList/>
<HierarchyLvl HierarchyLvlId="448" HierarchyLvlTypeId="12" Intrnl_Id="738" Name="AppController">
<Header>
<Loc EndOffset="565" SrcFileId="6" StartOffset="539"/>
</Header>
<LocList>
<Loc EndOffset="5731" SrcFileId="6" StartOffset="539"/>
<Loc EndOffset="7033" SrcFileId="6" StartOffset="7031"/>
</LocList>
<StmntSeq Intrnl_Id="739">
<LocList>
<Loc EndOffset="633" SrcFileId="6" StartOffset="572"/>
<Loc EndOffset="697" SrcFileId="6" StartOffset="639"/>
</LocList>
<BasicStmnt CovItemId="S1" CovItemPrefix="org.codecover.simplejavaapp.controller.AppController.java" Intrnl_Id="740">
<LocList>
<Loc EndOffset="633" SrcFileId="6" StartOffset="572"/>
</LocList>
</BasicStmnt>
<BasicStmnt CovItemId="S2" CovItemPrefix="org.codecover.simplejavaapp.controller.AppController.java" Intrnl_Id="741">
<LocList>
<Loc EndOffset="697" SrcFileId="6" StartOffset="639"/>
</LocList>
</BasicStmnt>
</StmntSeq>
<HierarchyLvl HierarchyLvlId="434" HierarchyLvlTypeId="13" Intrnl_Id="742" Name="getInstance">
<Header>
<Loc EndOffset="947" SrcFileId="6" StartOffset="906"/>
</Header>
<LocList>
<Loc EndOffset="1067" SrcFileId="6" StartOffset="906"/>
</LocList>
<StmntSeq Intrnl_Id="743">
<LocList>
<Loc EndOffset="1035" SrcFileId="6" StartOffset="958"/>
<Loc EndOffset="1061" SrcFileId="6" StartOffset="1045"/>
</LocList>
<CondStmnt CovItemId="S3" CovItemPrefix="org.codecover.simplejavaapp.controller.AppController.java" Intrnl_Id="744">
<Branch CovItemId="B1" CovItemPrefix="org.codecover.simplejavaapp.controller.AppController.java" Implct="false" Intrnl_Id="745">
<Cond/>
<LocList>
<Loc EndOffset="1035" SrcFileId="6" StartOffset="980"/>
</LocList>
<StmntSeq Intrnl_Id="746">
<LocList>
<Loc EndOffset="1025" SrcFileId="6" StartOffset="994"/>
</LocList>
<BasicStmnt CovItemId="S4" CovItemPrefix="org.codecover.simplejavaapp.controller.AppController.java" Intrnl_Id="747">
<LocList>
<Loc EndOffset="1025" SrcFileId="6" StartOffset="994"/>
</LocList>
</BasicStmnt>
</StmntSeq>
</Branch>
<Branch CovItemId="B2" CovItemPrefix="org.codecover.simplejavaapp.controller.AppController.java" Implct="true" Intrnl_Id="748">
<Cond/>
<LocList/>
<StmntSeq Intrnl_Id="749">
<LocList/>
</StmntSeq>
</Branch>
<Keyword EndOffset="960" SrcFileId="6" StartOffset="958"/>
<LocList>
<Loc EndOffset="1035" SrcFileId="6" StartOffset="958"/>
</LocList>
<RootTerm CovItemId="C1" CovItemPrefix="org.codecover.simplejavaapp.controller.AppController.java" Intrnl_Id="750">
<BasicBoolTerm Intrnl_Id="751">
<LocList>
<Loc EndOffset="978" SrcFileId="6" StartOffset="962"/>
</LocList>
</BasicBoolTerm>
</RootTerm>
</CondStmnt>
<BasicStmnt CovItemId="S5" CovItemPrefix="org.codecover.simplejavaapp.controller.AppController.java" Intrnl_Id="752">
<LocList>
<Loc EndOffset="1061" SrcFileId="6" StartOffset="1045"/>
</LocList>
</BasicStmnt>
</StmntSeq>
</HierarchyLvl>
<HierarchyLvl HierarchyLvlId="435" HierarchyLvlTypeId="13" Intrnl_Id="753" Name="AppController">
<Header>
<Loc EndOffset="1096" SrcFileId="6" StartOffset="1073"/>
</Header>
<LocList>
<Loc EndOffset="1156" SrcFileId="6" StartOffset="1073"/>
</LocList>
<StmntSeq Intrnl_Id="754">
<LocList>
<Loc EndOffset="1150" SrcFileId="6" StartOffset="1107"/>
</LocList>
<BasicStmnt CovItemId="S6" CovItemPrefix="org.codecover.simplejavaapp.controller.AppController.java" Intrnl_Id="755">
<LocList>
<Loc EndOffset="1150" SrcFileId="6" StartOffset="1107"/>
</LocList>
</BasicStmnt>
</StmntSeq>
</HierarchyLvl>
<HierarchyLvl HierarchyLvlId="436" HierarchyLvlTypeId="13" Intrnl_Id="756" Name="initialize">
<Header>
<Loc EndOffset="1260" SrcFileId="6" StartOffset="1229"/>
</Header>
<LocList>
<Loc EndOffset="1377" SrcFileId="6" StartOffset="1229"/>
</LocList>
<StmntSeq Intrnl_Id="757">
<LocList>
<Loc EndOffset="1329" SrcFileId="6" StartOffset="1271"/>
<Loc EndOffset="1371" SrcFileId="6" StartOffset="1339"/>
</LocList>
<BasicStmnt CovItemId="S7" CovItemPrefix="org.codecover.simplejavaapp.controller.AppController.java" Intrnl_Id="758">
<LocList>
<Loc EndOffset="1329" SrcFileId="6" StartOffset="1271"/>
</LocList>
</BasicStmnt>
<BasicStmnt CovItemId="S8" CovItemPrefix="org.codecover.simplejavaapp.controller.AppController.java" Intrnl_Id="759">
<LocList>
<Loc EndOffset="1371" SrcFileId="6" StartOffset="1339"/>
</LocList>
</BasicStmnt>
</StmntSeq>
</HierarchyLvl>
<HierarchyLvl HierarchyLvlId="437" HierarchyLvlTypeId="13" Intrnl_Id="760" Name="onOpenNewWindow">
<Header>
<Loc EndOffset="1413" SrcFileId="6" StartOffset="1383"/>
</Header>
<LocList>
<Loc EndOffset="1496" SrcFileId="6" StartOffset="1383"/>
</LocList>
<StmntSeq Intrnl_Id="761">
<LocList>
<Loc EndOffset="1456" SrcFileId="6" StartOffset="1424"/>
<Loc EndOffset="1490" SrcFileId="6" StartOffset="1466"/>
</LocList>
<BasicStmnt CovItemId="S9" CovItemPrefix="org.codecover.simplejavaapp.controller.AppController.java" Intrnl_Id="762">
<LocList>
<Loc EndOffset="1456" SrcFileId="6" StartOffset="1424"/>
</LocList>
</BasicStmnt>
<BasicStmnt CovItemId="S10" CovItemPrefix="org.codecover.simplejavaapp.controller.AppController.java" Intrnl_Id="763">
<LocList>
<Loc EndOffset="1490" SrcFileId="6" StartOffset="1466"/>
</LocList>
</BasicStmnt>
</StmntSeq>
</HierarchyLvl>
<HierarchyLvl HierarchyLvlId="438" HierarchyLvlTypeId="13" Intrnl_Id="764" Name="onNewBook">
<Header>
<Loc EndOffset="1539" SrcFileId="6" StartOffset="1502"/>
</Header>
<LocList>
<Loc EndOffset="1623" SrcFileId="6" StartOffset="1502"/>
</LocList>
<StmntSeq Intrnl_Id="765">
<LocList>
<Loc EndOffset="1573" SrcFileId="6" StartOffset="1550"/>
<Loc EndOffset="1617" SrcFileId="6" StartOffset="1583"/>
</LocList>
<BasicStmnt CovItemId="S11" CovItemPrefix="org.codecover.simplejavaapp.controller.AppController.java" Intrnl_Id="766">
<LocList>
<Loc EndOffset="1573" SrcFileId="6" StartOffset="1550"/>
</LocList>
</BasicStmnt>
<BasicStmnt CovItemId="S12" CovItemPrefix="org.codecover.simplejavaapp.controller.AppController.java" Intrnl_Id="767">
<LocList>
<Loc EndOffset="1617" SrcFileId="6" StartOffset="1583"/>
</LocList>
</BasicStmnt>
</StmntSeq>
</HierarchyLvl>
<HierarchyLvl HierarchyLvlId="439" HierarchyLvlTypeId="13" Intrnl_Id="768" Name="onCloseWindow">
<Header>
<Loc EndOffset="1673" SrcFileId="6" StartOffset="1629"/>
</Header>
<LocList>
<Loc EndOffset="2517" SrcFileId="6" StartOffset="1629"/>
</LocList>
<StmntSeq Intrnl_Id="769">
<LocList>
<Loc EndOffset="2416" SrcFileId="6" StartOffset="1684"/>
<Loc EndOffset="2451" SrcFileId="6" StartOffset="2426"/>
<Loc EndOffset="2490" SrcFileId="6" StartOffset="2460"/>
<Loc EndOffset="2511" SrcFileId="6" StartOffset="2499"/>
</LocList>
<CondStmnt CovItemId="S13" CovItemPrefix="org.codecover.simplejavaapp.controller.AppController.java" Intrnl_Id="770">
<Branch CovItemId="B3" CovItemPrefix="org.codecover.simplejavaapp.controller.AppController.java" Implct="false" Intrnl_Id="771">
<Cond/>
<LocList>
<Loc EndOffset="2416" SrcFileId="6" StartOffset="1718"/>
</LocList>
<StmntSeq Intrnl_Id="772">
<LocList>
<Loc EndOffset="1877" SrcFileId="6" StartOffset="1732"/>
<Loc EndOffset="2406" SrcFileId="6" StartOffset="1891"/>
</LocList>
<BasicStmnt CovItemId="S14" CovItemPrefix="org.codecover.simplejavaapp.controller.AppController.java" Intrnl_Id="773">
<LocList>
<Loc EndOffset="1877" SrcFileId="6" StartOffset="1732"/>
</LocList>
</BasicStmnt>
<CondStmnt CovItemId="S15" CovItemPrefix="org.codecover.simplejavaapp.controller.AppController.java" Intrnl_Id="774">
<Branch CovItemId="B5" CovItemPrefix="org.codecover.simplejavaapp.controller.AppController.java" Implct="false" Intrnl_Id="775">
<Cond>
<Loc EndOffset="1952" SrcFileId="6" StartOffset="1925"/>
</Cond>
<LocList>
<Loc EndOffset="2163" SrcFileId="6" StartOffset="1974"/>
</LocList>
<StmntSeq Intrnl_Id="776">
<LocList>
<Loc EndOffset="2136" SrcFileId="6" StartOffset="1974"/>
<Loc EndOffset="2163" SrcFileId="6" StartOffset="2157"/>
</LocList>
<CondStmnt CovItemId="S16" CovItemPrefix="org.codecover.simplejavaapp.controller.AppController.java" Intrnl_Id="777">
<Branch CovItemId="B6" CovItemPrefix="org.codecover.simplejavaapp.controller.AppController.java" Implct="false" Intrnl_Id="778">
<Cond/>
<LocList>
<Loc EndOffset="2136" SrcFileId="6" StartOffset="1995"/>
</LocList>
<StmntSeq Intrnl_Id="779">
<LocList>
<Loc EndOffset="2114" SrcFileId="6" StartOffset="2101"/>
</LocList>
<BasicStmnt CovItemId="S17" CovItemPrefix="org.codecover.simplejavaapp.controller.AppController.java" Intrnl_Id="780">
<LocList>
<Loc EndOffset="2114" SrcFileId="6" StartOffset="2101"/>
</LocList>
</BasicStmnt>
</StmntSeq>
</Branch>
<Branch CovItemId="B7" CovItemPrefix="org.codecover.simplejavaapp.controller.AppController.java" Implct="true" Intrnl_Id="781">
<Cond/>
<LocList/>
<StmntSeq Intrnl_Id="782">
<LocList/>
</StmntSeq>
</Branch>
<Keyword EndOffset="1976" SrcFileId="6" StartOffset="1974"/>
<LocList>
<Loc EndOffset="2136" SrcFileId="6" StartOffset="1974"/>
</LocList>
<RootTerm CovItemId="C3" CovItemPrefix="org.codecover.simplejavaapp.controller.AppController.java" Intrnl_Id="783">
<OpTerm BooleanOpId="8" Intrnl_Id="784">
<BasicBoolTerm Intrnl_Id="785">
<LocList>
<Loc EndOffset="1993" SrcFileId="6" StartOffset="1979"/>
</LocList>
</BasicBoolTerm>
<LocList>
<Loc EndOffset="1979" SrcFileId="6" StartOffset="1978"/>
</LocList>
</OpTerm>
</RootTerm>
</CondStmnt>
<BasicStmnt CovItemId="S18" CovItemPrefix="org.codecover.simplejavaapp.controller.AppController.java" Intrnl_Id="786">
<LocList>
<Loc EndOffset="2163" SrcFileId="6" StartOffset="2157"/>
</LocList>
</BasicStmnt>
</StmntSeq>
</Branch>
<Branch CovItemId="B8" CovItemPrefix="org.codecover.simplejavaapp.controller.AppController.java" Implct="false" Intrnl_Id="787">
<Cond>
<Loc EndOffset="2206" SrcFileId="6" StartOffset="2180"/>
</Cond>
<LocList>
<Loc EndOffset="2234" SrcFileId="6" StartOffset="2228"/>
</LocList>
<StmntSeq Intrnl_Id="788">
<LocList>
<Loc EndOffset="2234" SrcFileId="6" StartOffset="2228"/>
</LocList>
<BasicStmnt CovItemId="S19" CovItemPrefix="org.codecover.simplejavaapp.controller.AppController.java" Intrnl_Id="789">
<LocList>
<Loc EndOffset="2234" SrcFileId="6" StartOffset="2228"/>
</LocList>
</BasicStmnt>
</StmntSeq>
</Branch>
<Branch CovItemId="B9" CovItemPrefix="org.codecover.simplejavaapp.controller.AppController.java" Implct="false" Intrnl_Id="790">
<Cond>
<Loc EndOffset="2281" SrcFileId="6" StartOffset="2251"/>
</Cond>
<LocList>
<Loc EndOffset="2392" SrcFileId="6" StartOffset="2379"/>
</LocList>
<StmntSeq Intrnl_Id="791">
<LocList>
<Loc EndOffset="2392" SrcFileId="6" StartOffset="2379"/>
</LocList>
<BasicStmnt CovItemId="S20" CovItemPrefix="org.codecover.simplejavaapp.controller.AppController.java" Intrnl_Id="792">
<LocList>
<Loc EndOffset="2392" SrcFileId="6" StartOffset="2379"/>
</LocList>
</BasicStmnt>
</StmntSeq>
</Branch>
<Branch CovItemId="B10" CovItemPrefix="org.codecover.simplejavaapp.controller.AppController.java" Implct="true" Intrnl_Id="793">
<Cond/>
<LocList/>
<StmntSeq Intrnl_Id="794">
<LocList/>
</StmntSeq>
</Branch>
<Keyword EndOffset="1897" SrcFileId="6" StartOffset="1891"/>
<LocList>
<Loc EndOffset="2406" SrcFileId="6" StartOffset="1891"/>
</LocList>
</CondStmnt>
</StmntSeq>
</Branch>
<Branch CovItemId="B4" CovItemPrefix="org.codecover.simplejavaapp.controller.AppController.java" Implct="true" Intrnl_Id="795">
<Cond/>
<LocList/>
<StmntSeq Intrnl_Id="796">
<LocList/>
</StmntSeq>
</Branch>
<Keyword EndOffset="1686" SrcFileId="6" StartOffset="1684"/>
<LocList>
<Loc EndOffset="2416" SrcFileId="6" StartOffset="1684"/>
</LocList>
<RootTerm CovItemId="C2" CovItemPrefix="org.codecover.simplejavaapp.controller.AppController.java" Intrnl_Id="797">
<BasicBoolTerm Intrnl_Id="798">
<LocList>
<Loc EndOffset="1716" SrcFileId="6" StartOffset="1688"/>
</LocList>
</BasicBoolTerm>
</RootTerm>
</CondStmnt>
<BasicStmnt CovItemId="S21" CovItemPrefix="org.codecover.simplejavaapp.controller.AppController.java" Intrnl_Id="799">
<LocList>
<Loc EndOffset="2451" SrcFileId="6" StartOffset="2426"/>
</LocList>
</BasicStmnt>
<BasicStmnt CovItemId="S22" CovItemPrefix="org.codecover.simplejavaapp.controller.AppController.java" Intrnl_Id="800">
<LocList>
<Loc EndOffset="2490" SrcFileId="6" StartOffset="2460"/>
</LocList>
</BasicStmnt>
<BasicStmnt CovItemId="S23" CovItemPrefix="org.codecover.simplejavaapp.controller.AppController.java" Intrnl_Id="801">
<LocList>
<Loc EndOffset="2511" SrcFileId="6" StartOffset="2499"/>
</LocList>
</BasicStmnt>
</StmntSeq>
</HierarchyLvl>
<HierarchyLvl HierarchyLvlId="440" HierarchyLvlTypeId="13" Intrnl_Id="802" Name="onDelete">
<Header>
<Loc EndOffset="2577" SrcFileId="6" StartOffset="2523"/>
</Header>
<LocList>
<Loc EndOffset="3093" SrcFileId="6" StartOffset="2523"/>
</LocList>
<StmntSeq Intrnl_Id="803">
<LocList>
<Loc EndOffset="2643" SrcFileId="6" StartOffset="2588"/>
<Loc EndOffset="2775" SrcFileId="6" StartOffset="2661"/>
<Loc EndOffset="3087" SrcFileId="6" StartOffset="2784"/>
</LocList>
<CondStmnt CovItemId="S24" CovItemPrefix="org.codecover.simplejavaapp.controller.AppController.java" Intrnl_Id="804">
<Branch CovItemId="B11" CovItemPrefix="org.codecover.simplejavaapp.controller.AppController.java" Implct="false" Intrnl_Id="805">
<Cond/>
<LocList>
<Loc EndOffset="2643" SrcFileId="6" StartOffset="2612"/>
</LocList>
<StmntSeq Intrnl_Id="806">
<LocList>
<Loc EndOffset="2633" SrcFileId="6" StartOffset="2626"/>
</LocList>
<BasicStmnt CovItemId="S25" CovItemPrefix="org.codecover.simplejavaapp.controller.AppController.java" Intrnl_Id="807">
<LocList>
<Loc EndOffset="2633" SrcFileId="6" StartOffset="2626"/>
</LocList>
</BasicStmnt>
</StmntSeq>
</Branch>
<Branch CovItemId="B12" CovItemPrefix="org.codecover.simplejavaapp.controller.AppController.java" Implct="true" Intrnl_Id="808">
<Cond/>
<LocList/>
<StmntSeq Intrnl_Id="809">
<LocList/>
</StmntSeq>
</Branch>
<Keyword EndOffset="2590" SrcFileId="6" StartOffset="2588"/>
<LocList>
<Loc EndOffset="2643" SrcFileId="6" StartOffset="2588"/>
</LocList>
<RootTerm CovItemId="C4" CovItemPrefix="org.codecover.simplejavaapp.controller.AppController.java" Intrnl_Id="810">
<BasicBoolTerm Intrnl_Id="811">
<LocList>
<Loc EndOffset="2610" SrcFileId="6" StartOffset="2591"/>
</LocList>
</BasicBoolTerm>
</RootTerm>
</CondStmnt>
<BasicStmnt CovItemId="S26" CovItemPrefix="org.codecover.simplejavaapp.controller.AppController.java" Intrnl_Id="812">
<LocList>
<Loc EndOffset="2775" SrcFileId="6" StartOffset="2661"/>
</LocList>
</BasicStmnt>
<CondStmnt CovItemId="S27" CovItemPrefix="org.codecover.simplejavaapp.controller.AppController.java" Intrnl_Id="813">
<Branch CovItemId="B13" CovItemPrefix="org.codecover.simplejavaapp.controller.AppController.java" Implct="false" Intrnl_Id="814">
<Cond>
<Loc EndOffset="2841" SrcFileId="6" StartOffset="2814"/>
</Cond>
<LocList>
<Loc EndOffset="2993" SrcFileId="6" StartOffset="2859"/>
</LocList>
<StmntSeq Intrnl_Id="815">
<LocList>
<Loc EndOffset="2970" SrcFileId="6" StartOffset="2859"/>
<Loc EndOffset="2993" SrcFileId="6" StartOffset="2987"/>
</LocList>
<LoopStmnt CovItemId="S28" CovItemPrefix="org.codecover.simplejavaapp.controller.AppController.java" Intrnl_Id="816" MltplExecId="L1-2" MltplExecPrefix="org.codecover.simplejavaapp.controller.AppController.java" NvrExecId="L1-0" NvrExecPrefix="org.codecover.simplejavaapp.controller.AppController.java" OnceExecutedId="L1-1" OnceExecutedPrefix="org.codecover.simplejavaapp.controller.AppController.java" OptBodyExec="true">
<StmntSeq Intrnl_Id="817">
<LocList>
<Loc EndOffset="2952" SrcFileId="6" StartOffset="2911"/>
</LocList>
<BasicStmnt CovItemId="S29" CovItemPrefix="org.codecover.simplejavaapp.controller.AppController.java" Intrnl_Id="818">
<LocList>
<Loc EndOffset="2952" SrcFileId="6" StartOffset="2911"/>
</LocList>
</BasicStmnt>
</StmntSeq>
<Keyword EndOffset="2862" SrcFileId="6" StartOffset="2859"/>
<LocList>
<Loc EndOffset="2970" SrcFileId="6" StartOffset="2859"/>
</LocList>
</LoopStmnt>
<BasicStmnt CovItemId="S30" CovItemPrefix="org.codecover.simplejavaapp.controller.AppController.java" Intrnl_Id="819">
<LocList>
<Loc EndOffset="2993" SrcFileId="6" StartOffset="2987"/>
</LocList>
</BasicStmnt>
</StmntSeq>
</Branch>
<Branch CovItemId="B14" CovItemPrefix="org.codecover.simplejavaapp.controller.AppController.java" Implct="false" Intrnl_Id="820">
<Cond>
<Loc EndOffset="3032" SrcFileId="6" StartOffset="3006"/>
</Cond>
<LocList/>
<StmntSeq Intrnl_Id="821">
<LocList/>
</StmntSeq>
</Branch>
<Branch CovItemId="B15" CovItemPrefix="org.codecover.simplejavaapp.controller.AppController.java" Implct="false" Intrnl_Id="822">
<Cond>
<Loc EndOffset="3076" SrcFileId="6" StartOffset="3046"/>
</Cond>
<LocList/>
<StmntSeq Intrnl_Id="823">
<LocList/>
</StmntSeq>
</Branch>
<Branch CovItemId="B16" CovItemPrefix="org.codecover.simplejavaapp.controller.AppController.java" Implct="true" Intrnl_Id="824">
<Cond/>
<LocList/>
<StmntSeq Intrnl_Id="825">
<LocList/>
</StmntSeq>
</Branch>
<Keyword EndOffset="2790" SrcFileId="6" StartOffset="2784"/>
<LocList>
<Loc EndOffset="3087" SrcFileId="6" StartOffset="2784"/>
</LocList>
</CondStmnt>
</StmntSeq>
</HierarchyLvl>
<HierarchyLvl HierarchyLvlId="441" HierarchyLvlTypeId="13" Intrnl_Id="826" Name="onOpen">
<Header>
<Loc EndOffset="3133" SrcFileId="6" StartOffset="3099"/>
</Header>
<LocList>
<Loc EndOffset="4479" SrcFileId="6" StartOffset="3099"/>
</LocList>
<StmntSeq Intrnl_Id="827">
<LocList>
<Loc EndOffset="3864" SrcFileId="6" StartOffset="3144"/>
<Loc EndOffset="3916" SrcFileId="6" StartOffset="3874"/>
<Loc EndOffset="3975" SrcFileId="6" StartOffset="3926"/>
<Loc EndOffset="4053" SrcFileId="6" StartOffset="4003"/>
<Loc EndOffset="4108" SrcFileId="6" StartOffset="4067"/>
<Loc EndOffset="4151" SrcFileId="6" StartOffset="4121"/>
<Loc EndOffset="4473" SrcFileId="6" StartOffset="3985"/>
</LocList>
<CondStmnt CovItemId="S31" CovItemPrefix="org.codecover.simplejavaapp.controller.AppController.java" Intrnl_Id="828">
<Branch CovItemId="B17" CovItemPrefix="org.codecover.simplejavaapp.controller.AppController.java" Implct="false" Intrnl_Id="829">
<Cond/>
<LocList>
<Loc EndOffset="3864" SrcFileId="6" StartOffset="3178"/>
</LocList>
<StmntSeq Intrnl_Id="830">
<LocList>
<Loc EndOffset="3337" SrcFileId="6" StartOffset="3192"/>
<Loc EndOffset="3854" SrcFileId="6" StartOffset="3351"/>
</LocList>
<BasicStmnt CovItemId="S32" CovItemPrefix="org.codecover.simplejavaapp.controller.AppController.java" Intrnl_Id="831">
<LocList>
<Loc EndOffset="3337" SrcFileId="6" StartOffset="3192"/>
</LocList>
</BasicStmnt>
<CondStmnt CovItemId="S33" CovItemPrefix="org.codecover.simplejavaapp.controller.AppController.java" Intrnl_Id="832">
<Branch CovItemId="B19" CovItemPrefix="org.codecover.simplejavaapp.controller.AppController.java" Implct="false" Intrnl_Id="833">
<Cond>
<Loc EndOffset="3412" SrcFileId="6" StartOffset="3385"/>
</Cond>
<LocList>
<Loc EndOffset="3617" SrcFileId="6" StartOffset="3434"/>
</LocList>
<StmntSeq Intrnl_Id="834">
<LocList>
<Loc EndOffset="3590" SrcFileId="6" StartOffset="3434"/>
<Loc EndOffset="3617" SrcFileId="6" StartOffset="3611"/>
</LocList>
<CondStmnt CovItemId="S34" CovItemPrefix="org.codecover.simplejavaapp.controller.AppController.java" Intrnl_Id="835">
<Branch CovItemId="B20" CovItemPrefix="org.codecover.simplejavaapp.controller.AppController.java" Implct="false" Intrnl_Id="836">
<Cond/>
<LocList>
<Loc EndOffset="3590" SrcFileId="6" StartOffset="3455"/>
</LocList>
<StmntSeq Intrnl_Id="837">
<LocList>
<Loc EndOffset="3568" SrcFileId="6" StartOffset="3561"/>
</LocList>
<BasicStmnt CovItemId="S35" CovItemPrefix="org.codecover.simplejavaapp.controller.AppController.java" Intrnl_Id="838">
<LocList>
<Loc EndOffset="3568" SrcFileId="6" StartOffset="3561"/>
</LocList>
</BasicStmnt>
</StmntSeq>
</Branch>
<Branch CovItemId="B21" CovItemPrefix="org.codecover.simplejavaapp.controller.AppController.java" Implct="true" Intrnl_Id="839">
<Cond/>
<LocList/>
<StmntSeq Intrnl_Id="840">
<LocList/>
</StmntSeq>
</Branch>
<Keyword EndOffset="3436" SrcFileId="6" StartOffset="3434"/>
<LocList>
<Loc EndOffset="3590" SrcFileId="6" StartOffset="3434"/>
</LocList>
<RootTerm CovItemId="C6" CovItemPrefix="org.codecover.simplejavaapp.controller.AppController.java" Intrnl_Id="841">
<OpTerm BooleanOpId="8" Intrnl_Id="842">
<BasicBoolTerm Intrnl_Id="843">
<LocList>
<Loc EndOffset="3453" SrcFileId="6" StartOffset="3439"/>
</LocList>
</BasicBoolTerm>
<LocList>
<Loc EndOffset="3439" SrcFileId="6" StartOffset="3438"/>
</LocList>
</OpTerm>
</RootTerm>
</CondStmnt>
<BasicStmnt CovItemId="S36" CovItemPrefix="org.codecover.simplejavaapp.controller.AppController.java" Intrnl_Id="844">
<LocList>
<Loc EndOffset="3617" SrcFileId="6" StartOffset="3611"/>
</LocList>
</BasicStmnt>
</StmntSeq>
</Branch>
<Branch CovItemId="B22" CovItemPrefix="org.codecover.simplejavaapp.controller.AppController.java" Implct="false" Intrnl_Id="845">
<Cond>
<Loc EndOffset="3660" SrcFileId="6" StartOffset="3634"/>
</Cond>
<LocList>
<Loc EndOffset="3688" SrcFileId="6" StartOffset="3682"/>
</LocList>
<StmntSeq Intrnl_Id="846">
<LocList>
<Loc EndOffset="3688" SrcFileId="6" StartOffset="3682"/>
</LocList>
<BasicStmnt CovItemId="S37" CovItemPrefix="org.codecover.simplejavaapp.controller.AppController.java" Intrnl_Id="847">
<LocList>
<Loc EndOffset="3688" SrcFileId="6" StartOffset="3682"/>
</LocList>
</BasicStmnt>
</StmntSeq>
</Branch>
<Branch CovItemId="B23" CovItemPrefix="org.codecover.simplejavaapp.controller.AppController.java" Implct="false" Intrnl_Id="848">
<Cond>
<Loc EndOffset="3735" SrcFileId="6" StartOffset="3705"/>
</Cond>
<LocList>
<Loc EndOffset="3840" SrcFileId="6" StartOffset="3833"/>
</LocList>
<StmntSeq Intrnl_Id="849">
<LocList>
<Loc EndOffset="3840" SrcFileId="6" StartOffset="3833"/>
</LocList>
<BasicStmnt CovItemId="S38" CovItemPrefix="org.codecover.simplejavaapp.controller.AppController.java" Intrnl_Id="850">
<LocList>
<Loc EndOffset="3840" SrcFileId="6" StartOffset="3833"/>
</LocList>
</BasicStmnt>
</StmntSeq>
</Branch>
<Branch CovItemId="B24" CovItemPrefix="org.codecover.simplejavaapp.controller.AppController.java" Implct="true" Intrnl_Id="851">
<Cond/>
<LocList/>
<StmntSeq Intrnl_Id="852">
<LocList/>
</StmntSeq>
</Branch>
<Keyword EndOffset="3357" SrcFileId="6" StartOffset="3351"/>
<LocList>
<Loc EndOffset="3854" SrcFileId="6" StartOffset="3351"/>
</LocList>
</CondStmnt>
</StmntSeq>
</Branch>
<Branch CovItemId="B18" CovItemPrefix="org.codecover.simplejavaapp.controller.AppController.java" Implct="true" Intrnl_Id="853">
<Cond/>
<LocList/>
<StmntSeq Intrnl_Id="854">
<LocList/>
</StmntSeq>
</Branch>
<Keyword EndOffset="3146" SrcFileId="6" StartOffset="3144"/>
<LocList>
<Loc EndOffset="3864" SrcFileId="6" StartOffset="3144"/>
</LocList>
<RootTerm CovItemId="C5" CovItemPrefix="org.codecover.simplejavaapp.controller.AppController.java" Intrnl_Id="855">
<BasicBoolTerm Intrnl_Id="856">
<LocList>
<Loc EndOffset="3176" SrcFileId="6" StartOffset="3148"/>
</LocList>
</BasicBoolTerm>
</RootTerm>
</CondStmnt>
<BasicStmnt CovItemId="S39" CovItemPrefix="org.codecover.simplejavaapp.controller.AppController.java" Intrnl_Id="857">
<LocList>
<Loc EndOffset="3916" SrcFileId="6" StartOffset="3874"/>
</LocList>
</BasicStmnt>
<CondStmnt CovItemId="S40" CovItemPrefix="org.codecover.simplejavaapp.controller.AppController.java" Intrnl_Id="858">
<Branch CovItemId="B25" CovItemPrefix="org.codecover.simplejavaapp.controller.AppController.java" Implct="false" Intrnl_Id="859">
<Cond/>
<LocList>
<Loc EndOffset="3975" SrcFileId="6" StartOffset="3944"/>
</LocList>
<StmntSeq Intrnl_Id="860">
<LocList>
<Loc EndOffset="3965" SrcFileId="6" StartOffset="3958"/>
</LocList>
<BasicStmnt CovItemId="S41" CovItemPrefix="org.codecover.simplejavaapp.controller.AppController.java" Intrnl_Id="861">
<LocList>
<Loc EndOffset="3965" SrcFileId="6" StartOffset="3958"/>
</LocList>
</BasicStmnt>
</StmntSeq>
</Branch>
<Branch CovItemId="B26" CovItemPrefix="org.codecover.simplejavaapp.controller.AppController.java" Implct="true" Intrnl_Id="862">
<Cond/>
<LocList/>
<StmntSeq Intrnl_Id="863">
<LocList/>
</StmntSeq>
</Branch>
<Keyword EndOffset="3928" SrcFileId="6" StartOffset="3926"/>
<LocList>
<Loc EndOffset="3975" SrcFileId="6" StartOffset="3926"/>
</LocList>
<RootTerm CovItemId="C7" CovItemPrefix="org.codecover.simplejavaapp.controller.AppController.java" Intrnl_Id="864">
<BasicBoolTerm Intrnl_Id="865">
<LocList>
<Loc EndOffset="3942" SrcFileId="6" StartOffset="3930"/>
</LocList>
</BasicBoolTerm>
</RootTerm>
</CondStmnt>
<BasicStmnt CovItemId="S43" CovItemPrefix="org.codecover.simplejavaapp.controller.AppController.java" Intrnl_Id="866">
<LocList>
<Loc EndOffset="4053" SrcFileId="6" StartOffset="4003"/>
</LocList>
</BasicStmnt>
<BasicStmnt CovItemId="S44" CovItemPrefix="org.codecover.simplejavaapp.controller.AppController.java" Intrnl_Id="867">
<LocList>
<Loc EndOffset="4108" SrcFileId="6" StartOffset="4067"/>
</LocList>
</BasicStmnt>
<BasicStmnt CovItemId="S45" CovItemPrefix="org.codecover.simplejavaapp.controller.AppController.java" Intrnl_Id="868">
<LocList>
<Loc EndOffset="4151" SrcFileId="6" StartOffset="4121"/>
</LocList>
</BasicStmnt>
<CondStmnt CovItemId="S42" CovItemPrefix="org.codecover.simplejavaapp.controller.AppController.java" Intrnl_Id="869">
<Branch CovItemId="B27" CovItemPrefix="org.codecover.simplejavaapp.controller.AppController.java" Implct="true" Intrnl_Id="870">
<Cond/>
<LocList/>
<StmntSeq Intrnl_Id="871">
<LocList/>
</StmntSeq>
</Branch>
<Branch CovItemId="B28" CovItemPrefix="org.codecover.simplejavaapp.controller.AppController.java" Implct="false" Intrnl_Id="872">
<Cond>
<Loc EndOffset="4200" SrcFileId="6" StartOffset="4162"/>
</Cond>
<LocList>
<Loc EndOffset="4276" SrcFileId="6" StartOffset="4201"/>
</LocList>
<StmntSeq Intrnl_Id="873">
<LocList>
<Loc EndOffset="4266" SrcFileId="6" StartOffset="4215"/>
</LocList>
<BasicStmnt CovItemId="S46" CovItemPrefix="org.codecover.simplejavaapp.controller.AppController.java" Intrnl_Id="874">
<LocList>
<Loc EndOffset="4266" SrcFileId="6" StartOffset="4215"/>
</LocList>
</BasicStmnt>
</StmntSeq>
</Branch>
<Branch CovItemId="B29" CovItemPrefix="org.codecover.simplejavaapp.controller.AppController.java" Implct="false" Intrnl_Id="875">
<Cond>
<Loc EndOffset="4299" SrcFileId="6" StartOffset="4277"/>
</Cond>
<LocList>
<Loc EndOffset="4375" SrcFileId="6" StartOffset="4300"/>
</LocList>
<StmntSeq Intrnl_Id="876">
<LocList>
<Loc EndOffset="4365" SrcFileId="6" StartOffset="4314"/>
</LocList>
<BasicStmnt CovItemId="S47" CovItemPrefix="org.codecover.simplejavaapp.controller.AppController.java" Intrnl_Id="877">
<LocList>
<Loc EndOffset="4365" SrcFileId="6" StartOffset="4314"/>
</LocList>
</BasicStmnt>
</StmntSeq>
</Branch>
<Branch CovItemId="B30" CovItemPrefix="org.codecover.simplejavaapp.controller.AppController.java" Implct="false" Intrnl_Id="878">
<Cond>
<Loc EndOffset="4397" SrcFileId="6" StartOffset="4376"/>
</Cond>
<LocList>
<Loc EndOffset="4473" SrcFileId="6" StartOffset="4398"/>
</LocList>
<StmntSeq Intrnl_Id="879">
<LocList>
<Loc EndOffset="4463" SrcFileId="6" StartOffset="4412"/>
</LocList>
<BasicStmnt CovItemId="S48" CovItemPrefix="org.codecover.simplejavaapp.controller.AppController.java" Intrnl_Id="880">
<LocList>
<Loc EndOffset="4463" SrcFileId="6" StartOffset="4412"/>
</LocList>
</BasicStmnt>
</StmntSeq>
</Branch>
<Keyword EndOffset="3988" SrcFileId="6" StartOffset="3985"/>
<LocList>
<Loc EndOffset="4473" SrcFileId="6" StartOffset="3985"/>
</LocList>
</CondStmnt>
</StmntSeq>
</HierarchyLvl>
<HierarchyLvl HierarchyLvlId="442" HierarchyLvlTypeId="13" Intrnl_Id="881" Name="onQuit">
<Header>
<Loc EndOffset="4540" SrcFileId="6" StartOffset="4485"/>
</Header>
<LocList>
<Loc EndOffset="4768" SrcFileId="6" StartOffset="4485"/>
</LocList>
<StmntSeq Intrnl_Id="882">
<LocList>
<Loc EndOffset="4667" SrcFileId="6" StartOffset="4551"/>
<Loc EndOffset="4762" SrcFileId="6" StartOffset="4747"/>
</LocList>
<LoopStmnt CovItemId="S49" CovItemPrefix="org.codecover.simplejavaapp.controller.AppController.java" Intrnl_Id="883" MltplExecId="L2-2" MltplExecPrefix="org.codecover.simplejavaapp.controller.AppController.java" NvrExecId="L2-0" NvrExecPrefix="org.codecover.simplejavaapp.controller.AppController.java" OnceExecutedId="L2-1" OnceExecutedPrefix="org.codecover.simplejavaapp.controller.AppController.java" OptBodyExec="true">
<StmntSeq Intrnl_Id="884">
<LocList>
<Loc EndOffset="4657" SrcFileId="6" StartOffset="4594"/>
</LocList>
<CondStmnt CovItemId="S50" CovItemPrefix="org.codecover.simplejavaapp.controller.AppController.java" Intrnl_Id="885">
<Branch CovItemId="B31" CovItemPrefix="org.codecover.simplejavaapp.controller.AppController.java" Implct="false" Intrnl_Id="886">
<Cond/>
<LocList>
<Loc EndOffset="4657" SrcFileId="6" StartOffset="4618"/>
</LocList>
<StmntSeq Intrnl_Id="887">
<LocList>
<Loc EndOffset="4643" SrcFileId="6" StartOffset="4636"/>
</LocList>
<BasicStmnt CovItemId="S51" CovItemPrefix="org.codecover.simplejavaapp.controller.AppController.java" Intrnl_Id="888">
<LocList>
<Loc EndOffset="4643" SrcFileId="6" StartOffset="4636"/>
</LocList>
</BasicStmnt>
</StmntSeq>
</Branch>
<Branch CovItemId="B32" CovItemPrefix="org.codecover.simplejavaapp.controller.AppController.java" Implct="true" Intrnl_Id="889">
<Cond/>
<LocList/>
<StmntSeq Intrnl_Id="890">
<LocList/>
</StmntSeq>
</Branch>
<Keyword EndOffset="4596" SrcFileId="6" StartOffset="4594"/>
<LocList>
<Loc EndOffset="4657" SrcFileId="6" StartOffset="4594"/>
</LocList>
<RootTerm CovItemId="C8" CovItemPrefix="org.codecover.simplejavaapp.controller.AppController.java" Intrnl_Id="891">
<OpTerm BooleanOpId="8" Intrnl_Id="892">
<BasicBoolTerm Intrnl_Id="893">
<LocList>
<Loc EndOffset="4616" SrcFileId="6" StartOffset="4599"/>
</LocList>
</BasicBoolTerm>
<LocList>
<Loc EndOffset="4599" SrcFileId="6" StartOffset="4598"/>
</LocList>
</OpTerm>
</RootTerm>
</CondStmnt>
</StmntSeq>
<Keyword EndOffset="4554" SrcFileId="6" StartOffset="4551"/>
<LocList>
<Loc EndOffset="4667" SrcFileId="6" StartOffset="4551"/>
</LocList>
</LoopStmnt>
<BasicStmnt CovItemId="S52" CovItemPrefix="org.codecover.simplejavaapp.controller.AppController.java" Intrnl_Id="894">
<LocList>
<Loc EndOffset="4762" SrcFileId="6" StartOffset="4747"/>
</LocList>
</BasicStmnt>
</StmntSeq>
</HierarchyLvl>
<HierarchyLvl HierarchyLvlId="443" HierarchyLvlTypeId="13" Intrnl_Id="895" Name="onSave">
<Header>
<Loc EndOffset="4811" SrcFileId="6" StartOffset="4774"/>
</Header>
<LocList>
<Loc EndOffset="5030" SrcFileId="6" StartOffset="4774"/>
</LocList>
<StmntSeq Intrnl_Id="896">
<LocList>
<Loc EndOffset="4864" SrcFileId="6" StartOffset="4822"/>
<Loc EndOffset="5024" SrcFileId="6" StartOffset="4874"/>
</LocList>
<BasicStmnt CovItemId="S53" CovItemPrefix="org.codecover.simplejavaapp.controller.AppController.java" Intrnl_Id="897">
<LocList>
<Loc EndOffset="4864" SrcFileId="6" StartOffset="4822"/>
</LocList>
</BasicStmnt>
<CondStmnt CovItemId="S54" CovItemPrefix="org.codecover.simplejavaapp.controller.AppController.java" Intrnl_Id="898">
<Branch CovItemId="B33" CovItemPrefix="org.codecover.simplejavaapp.controller.AppController.java" Implct="false" Intrnl_Id="899">
<Cond/>
<LocList>
<Loc EndOffset="4940" SrcFileId="6" StartOffset="4892"/>
</LocList>
<StmntSeq Intrnl_Id="900">
<LocList>
<Loc EndOffset="4930" SrcFileId="6" StartOffset="4906"/>
</LocList>
<BasicStmnt CovItemId="S55" CovItemPrefix="org.codecover.simplejavaapp.controller.AppController.java" Intrnl_Id="901">
<LocList>
<Loc EndOffset="4930" SrcFileId="6" StartOffset="4906"/>
</LocList>
</BasicStmnt>
</StmntSeq>
</Branch>
<Branch CovItemId="B34" CovItemPrefix="org.codecover.simplejavaapp.controller.AppController.java" Implct="false" Intrnl_Id="902">
<Cond>
<Loc EndOffset="4945" SrcFileId="6" StartOffset="4941"/>
</Cond>
<LocList>
<Loc EndOffset="5024" SrcFileId="6" StartOffset="4946"/>
</LocList>
<StmntSeq Intrnl_Id="903">
<LocList>
<Loc EndOffset="4989" SrcFileId="6" StartOffset="4960"/>
<Loc EndOffset="5014" SrcFileId="6" StartOffset="5002"/>
</LocList>
<BasicStmnt CovItemId="S56" CovItemPrefix="org.codecover.simplejavaapp.controller.AppController.java" Intrnl_Id="904">
<LocList>
<Loc EndOffset="4989" SrcFileId="6" StartOffset="4960"/>
</LocList>
</BasicStmnt>
<BasicStmnt CovItemId="S57" CovItemPrefix="org.codecover.simplejavaapp.controller.AppController.java" Intrnl_Id="905">
<LocList>
<Loc EndOffset="5014" SrcFileId="6" StartOffset="5002"/>
</LocList>
</BasicStmnt>
</StmntSeq>
</Branch>
<Keyword EndOffset="4876" SrcFileId="6" StartOffset="4874"/>
<LocList>
<Loc EndOffset="5024" SrcFileId="6" StartOffset="4874"/>
</LocList>
<RootTerm CovItemId="C9" CovItemPrefix="org.codecover.simplejavaapp.controller.AppController.java" Intrnl_Id="906">
<BasicBoolTerm Intrnl_Id="907">
<LocList>
<Loc EndOffset="4890" SrcFileId="6" StartOffset="4878"/>
</LocList>
</BasicBoolTerm>
</RootTerm>
</CondStmnt>
</StmntSeq>
</HierarchyLvl>
<HierarchyLvl HierarchyLvlId="444" HierarchyLvlTypeId="13" Intrnl_Id="908" Name="onSaveAs">
<Header>
<Loc EndOffset="5075" SrcFileId="6" StartOffset="5036"/>
</Header>
<LocList>
<Loc EndOffset="5285" SrcFileId="6" StartOffset="5036"/>
</LocList>
<StmntSeq Intrnl_Id="909">
<LocList>
<Loc EndOffset="5130" SrcFileId="6" StartOffset="5086"/>
<Loc EndOffset="5279" SrcFileId="6" StartOffset="5140"/>
</LocList>
<BasicStmnt CovItemId="S58" CovItemPrefix="org.codecover.simplejavaapp.controller.AppController.java" Intrnl_Id="910">
<LocList>
<Loc EndOffset="5130" SrcFileId="6" StartOffset="5086"/>
</LocList>
</BasicStmnt>
<CondStmnt CovItemId="S59" CovItemPrefix="org.codecover.simplejavaapp.controller.AppController.java" Intrnl_Id="911">
<Branch CovItemId="B35" CovItemPrefix="org.codecover.simplejavaapp.controller.AppController.java" Implct="false" Intrnl_Id="912">
<Cond/>
<LocList>
<Loc EndOffset="5195" SrcFileId="6" StartOffset="5158"/>
</LocList>
<StmntSeq Intrnl_Id="913">
<LocList>
<Loc EndOffset="5185" SrcFileId="6" StartOffset="5172"/>
</LocList>
<BasicStmnt CovItemId="S60" CovItemPrefix="org.codecover.simplejavaapp.controller.AppController.java" Intrnl_Id="914">
<LocList>
<Loc EndOffset="5185" SrcFileId="6" StartOffset="5172"/>
</LocList>
</BasicStmnt>
</StmntSeq>
</Branch>
<Branch CovItemId="B36" CovItemPrefix="org.codecover.simplejavaapp.controller.AppController.java" Implct="false" Intrnl_Id="915">
<Cond>
<Loc EndOffset="5200" SrcFileId="6" StartOffset="5196"/>
</Cond>
<LocList>
<Loc EndOffset="5279" SrcFileId="6" StartOffset="5201"/>
</LocList>
<StmntSeq Intrnl_Id="916">
<LocList>
<Loc EndOffset="5244" SrcFileId="6" StartOffset="5215"/>
<Loc EndOffset="5269" SrcFileId="6" StartOffset="5257"/>
</LocList>
<BasicStmnt CovItemId="S61" CovItemPrefix="org.codecover.simplejavaapp.controller.AppController.java" Intrnl_Id="917">
<LocList>
<Loc EndOffset="5244" SrcFileId="6" StartOffset="5215"/>
</LocList>
</BasicStmnt>
<BasicStmnt CovItemId="S62" CovItemPrefix="org.codecover.simplejavaapp.controller.AppController.java" Intrnl_Id="918">
<LocList>
<Loc EndOffset="5269" SrcFileId="6" StartOffset="5257"/>
</LocList>
</BasicStmnt>
</StmntSeq>
</Branch>
<Keyword EndOffset="5142" SrcFileId="6" StartOffset="5140"/>
<LocList>
<Loc EndOffset="5279" SrcFileId="6" StartOffset="5140"/>
</LocList>
<RootTerm CovItemId="C10" CovItemPrefix="org.codecover.simplejavaapp.controller.AppController.java" Intrnl_Id="919">
<BasicBoolTerm Intrnl_Id="920">
<LocList>
<Loc EndOffset="5156" SrcFileId="6" StartOffset="5144"/>
</LocList>
</BasicBoolTerm>
</RootTerm>
</CondStmnt>
</StmntSeq>
</HierarchyLvl>
<HierarchyLvl HierarchyLvlId="445" HierarchyLvlTypeId="13" Intrnl_Id="921" Name="save">
<Header>
<Loc EndOffset="5334" SrcFileId="6" StartOffset="5291"/>
</Header>
<LocList>
<Loc EndOffset="5725" SrcFileId="6" StartOffset="5291"/>
</LocList>
<StmntSeq Intrnl_Id="922">
<LocList>
<Loc EndOffset="5392" SrcFileId="6" StartOffset="5363"/>
<Loc EndOffset="5719" SrcFileId="6" StartOffset="5345"/>
</LocList>
<BasicStmnt CovItemId="S64" CovItemPrefix="org.codecover.simplejavaapp.controller.AppController.java" Intrnl_Id="923">
<LocList>
<Loc EndOffset="5392" SrcFileId="6" StartOffset="5363"/>
</LocList>
</BasicStmnt>
<CondStmnt CovItemId="S63" CovItemPrefix="org.codecover.simplejavaapp.controller.AppController.java" Intrnl_Id="924">
<Branch CovItemId="B37" CovItemPrefix="org.codecover.simplejavaapp.controller.AppController.java" Implct="true" Intrnl_Id="925">
<Cond/>
<LocList/>
<StmntSeq Intrnl_Id="926">
<LocList/>
</StmntSeq>
</Branch>
<Branch CovItemId="B38" CovItemPrefix="org.codecover.simplejavaapp.controller.AppController.java" Implct="false" Intrnl_Id="927">
<Cond>
<Loc EndOffset="5441" SrcFileId="6" StartOffset="5403"/>
</Cond>
<LocList>
<Loc EndOffset="5516" SrcFileId="6" StartOffset="5442"/>
</LocList>
<StmntSeq Intrnl_Id="928">
<LocList>
<Loc EndOffset="5506" SrcFileId="6" StartOffset="5456"/>
</LocList>
<BasicStmnt CovItemId="S65" CovItemPrefix="org.codecover.simplejavaapp.controller.AppController.java" Intrnl_Id="929">
<LocList>
<Loc EndOffset="5506" SrcFileId="6" StartOffset="5456"/>
</LocList>
</BasicStmnt>
</StmntSeq>
</Branch>
<Branch CovItemId="B39" CovItemPrefix="org.codecover.simplejavaapp.controller.AppController.java" Implct="false" Intrnl_Id="930">
<Cond>
<Loc EndOffset="5547" SrcFileId="6" StartOffset="5517"/>
</Cond>
<LocList>
<Loc EndOffset="5622" SrcFileId="6" StartOffset="5548"/>
</LocList>
<StmntSeq Intrnl_Id="931">
<LocList>
<Loc EndOffset="5612" SrcFileId="6" StartOffset="5562"/>
</LocList>
<BasicStmnt CovItemId="S66" CovItemPrefix="org.codecover.simplejavaapp.controller.AppController.java" Intrnl_Id="932">
<LocList>
<Loc EndOffset="5612" SrcFileId="6" StartOffset="5562"/>
</LocList>
</BasicStmnt>
</StmntSeq>
</Branch>
<Branch CovItemId="B40" CovItemPrefix="org.codecover.simplejavaapp.controller.AppController.java" Implct="false" Intrnl_Id="933">
<Cond>
<Loc EndOffset="5644" SrcFileId="6" StartOffset="5623"/>
</Cond>
<LocList>
<Loc EndOffset="5719" SrcFileId="6" StartOffset="5645"/>
</LocList>
<StmntSeq Intrnl_Id="934">
<LocList>
<Loc EndOffset="5709" SrcFileId="6" StartOffset="5659"/>
</LocList>
<BasicStmnt CovItemId="S67" CovItemPrefix="org.codecover.simplejavaapp.controller.AppController.java" Intrnl_Id="935">
<LocList>
<Loc EndOffset="5709" SrcFileId="6" StartOffset="5659"/>
</LocList>
</BasicStmnt>
</StmntSeq>
</Branch>
<Keyword EndOffset="5348" SrcFileId="6" StartOffset="5345"/>
<LocList>
<Loc EndOffset="5719" SrcFileId="6" StartOffset="5345"/>
</LocList>
</CondStmnt>
</StmntSeq>
</HierarchyLvl>
<HierarchyLvl HierarchyLvlId="447" HierarchyLvlTypeId="12" Intrnl_Id="936" Name="AppViewListener">
<Header>
<Loc EndOffset="5790" SrcFileId="6" StartOffset="5731"/>
</Header>
<LocList>
<Loc EndOffset="7031" SrcFileId="6" StartOffset="5731"/>
</LocList>
<HierarchyLvl HierarchyLvlId="446" HierarchyLvlTypeId="13" Intrnl_Id="937" Name="update">
<Header>
<Loc EndOffset="6124" SrcFileId="6" StartOffset="6057"/>
</Header>
<LocList>
<Loc EndOffset="7025" SrcFileId="6" StartOffset="6057"/>
</LocList>
<StmntSeq Intrnl_Id="938">
<LocList>
<Loc EndOffset="7015" SrcFileId="6" StartOffset="6139"/>
</LocList>
<CondStmnt CovItemId="S68" CovItemPrefix="org.codecover.simplejavaapp.controller.AppController.java" Intrnl_Id="939">
<Branch CovItemId="B41" CovItemPrefix="org.codecover.simplejavaapp.controller.AppController.java" Implct="false" Intrnl_Id="940">
<Cond>
<Loc EndOffset="6199" SrcFileId="6" StartOffset="6176"/>
</Cond>
<LocList>
<Loc EndOffset="6270" SrcFileId="6" StartOffset="6221"/>
</LocList>
<StmntSeq Intrnl_Id="941">
<LocList>
<Loc EndOffset="6243" SrcFileId="6" StartOffset="6221"/>
<Loc EndOffset="6270" SrcFileId="6" StartOffset="6264"/>
</LocList>
<BasicStmnt CovItemId="S69" CovItemPrefix="org.codecover.simplejavaapp.controller.AppController.java" Intrnl_Id="942">
<LocList>
<Loc EndOffset="6243" SrcFileId="6" StartOffset="6221"/>
</LocList>
</BasicStmnt>
<BasicStmnt CovItemId="S70" CovItemPrefix="org.codecover.simplejavaapp.controller.AppController.java" Intrnl_Id="943">
<LocList>
<Loc EndOffset="6270" SrcFileId="6" StartOffset="6264"/>
</LocList>
</BasicStmnt>
</StmntSeq>
</Branch>
<Branch CovItemId="B42" CovItemPrefix="org.codecover.simplejavaapp.controller.AppController.java" Implct="false" Intrnl_Id="944">
<Cond>
<Loc EndOffset="6304" SrcFileId="6" StartOffset="6287"/>
</Cond>
<LocList>
<Loc EndOffset="6387" SrcFileId="6" StartOffset="6326"/>
</LocList>
<StmntSeq Intrnl_Id="945">
<LocList>
<Loc EndOffset="6360" SrcFileId="6" StartOffset="6326"/>
<Loc EndOffset="6387" SrcFileId="6" StartOffset="6381"/>
</LocList>
<BasicStmnt CovItemId="S71" CovItemPrefix="org.codecover.simplejavaapp.controller.AppController.java" Intrnl_Id="946">
<LocList>
<Loc EndOffset="6360" SrcFileId="6" StartOffset="6326"/>
</LocList>
</BasicStmnt>
<BasicStmnt CovItemId="S72" CovItemPrefix="org.codecover.simplejavaapp.controller.AppController.java" Intrnl_Id="947">
<LocList>
<Loc EndOffset="6387" SrcFileId="6" StartOffset="6381"/>
</LocList>
</BasicStmnt>
</StmntSeq>
</Branch>
<Branch CovItemId="B43" CovItemPrefix="org.codecover.simplejavaapp.controller.AppController.java" Implct="false" Intrnl_Id="948">
<Cond>
<Loc EndOffset="6423" SrcFileId="6" StartOffset="6404"/>
</Cond>
<LocList>
<Loc EndOffset="6490" SrcFileId="6" StartOffset="6445"/>
</LocList>
<StmntSeq Intrnl_Id="949">
<LocList>
<Loc EndOffset="6463" SrcFileId="6" StartOffset="6445"/>
<Loc EndOffset="6490" SrcFileId="6" StartOffset="6484"/>
</LocList>
<BasicStmnt CovItemId="S73" CovItemPrefix="org.codecover.simplejavaapp.controller.AppController.java" Intrnl_Id="950">
<LocList>
<Loc EndOffset="6463" SrcFileId="6" StartOffset="6445"/>
</LocList>
</BasicStmnt>
<BasicStmnt CovItemId="S74" CovItemPrefix="org.codecover.simplejavaapp.controller.AppController.java" Intrnl_Id="951">
<LocList>
<Loc EndOffset="6490" SrcFileId="6" StartOffset="6484"/>
</LocList>
</BasicStmnt>
</StmntSeq>
</Branch>
<Branch CovItemId="B44" CovItemPrefix="org.codecover.simplejavaapp.controller.AppController.java" Implct="false" Intrnl_Id="952">
<Cond>
<Loc EndOffset="6528" SrcFileId="6" StartOffset="6507"/>
</Cond>
<LocList>
<Loc EndOffset="6595" SrcFileId="6" StartOffset="6550"/>
</LocList>
<StmntSeq Intrnl_Id="953">
<LocList>
<Loc EndOffset="6568" SrcFileId="6" StartOffset="6550"/>
<Loc EndOffset="6595" SrcFileId="6" StartOffset="6589"/>
</LocList>
<BasicStmnt CovItemId="S75" CovItemPrefix="org.codecover.simplejavaapp.controller.AppController.java" Intrnl_Id="954">
<LocList>
<Loc EndOffset="6568" SrcFileId="6" StartOffset="6550"/>
</LocList>
</BasicStmnt>
<BasicStmnt CovItemId="S76" CovItemPrefix="org.codecover.simplejavaapp.controller.AppController.java" Intrnl_Id="955">
<LocList>
<Loc EndOffset="6595" SrcFileId="6" StartOffset="6589"/>
</LocList>
</BasicStmnt>
</StmntSeq>
</Branch>
<Branch CovItemId="B45" CovItemPrefix="org.codecover.simplejavaapp.controller.AppController.java" Implct="false" Intrnl_Id="956">
<Cond>
<Loc EndOffset="6627" SrcFileId="6" StartOffset="6612"/>
</Cond>
<LocList>
<Loc EndOffset="6691" SrcFileId="6" StartOffset="6649"/>
</LocList>
<StmntSeq Intrnl_Id="957">
<LocList>
<Loc EndOffset="6664" SrcFileId="6" StartOffset="6649"/>
<Loc EndOffset="6691" SrcFileId="6" StartOffset="6685"/>
</LocList>
<BasicStmnt CovItemId="S77" CovItemPrefix="org.codecover.simplejavaapp.controller.AppController.java" Intrnl_Id="958">
<LocList>
<Loc EndOffset="6664" SrcFileId="6" StartOffset="6649"/>
</LocList>
</BasicStmnt>
<BasicStmnt CovItemId="S78" CovItemPrefix="org.codecover.simplejavaapp.controller.AppController.java" Intrnl_Id="959">
<LocList>
<Loc EndOffset="6691" SrcFileId="6" StartOffset="6685"/>
</LocList>
</BasicStmnt>
</StmntSeq>
</Branch>
<Branch CovItemId="B46" CovItemPrefix="org.codecover.simplejavaapp.controller.AppController.java" Implct="false" Intrnl_Id="960">
<Cond>
<Loc EndOffset="6723" SrcFileId="6" StartOffset="6708"/>
</Cond>
<LocList>
<Loc EndOffset="6804" SrcFileId="6" StartOffset="6745"/>
</LocList>
<StmntSeq Intrnl_Id="961">
<LocList>
<Loc EndOffset="6777" SrcFileId="6" StartOffset="6745"/>
<Loc EndOffset="6804" SrcFileId="6" StartOffset="6798"/>
</LocList>
<BasicStmnt CovItemId="S79" CovItemPrefix="org.codecover.simplejavaapp.controller.AppController.java" Intrnl_Id="962">
<LocList>
<Loc EndOffset="6777" SrcFileId="6" StartOffset="6745"/>
</LocList>
</BasicStmnt>
<BasicStmnt CovItemId="S80" CovItemPrefix="org.codecover.simplejavaapp.controller.AppController.java" Intrnl_Id="963">
<LocList>
<Loc EndOffset="6804" SrcFileId="6" StartOffset="6798"/>
</LocList>
</BasicStmnt>
</StmntSeq>
</Branch>
<Branch CovItemId="B47" CovItemPrefix="org.codecover.simplejavaapp.controller.AppController.java" Implct="false" Intrnl_Id="964">
<Cond>
<Loc EndOffset="6836" SrcFileId="6" StartOffset="6821"/>
</Cond>
<LocList>
<Loc EndOffset="6900" SrcFileId="6" StartOffset="6858"/>
</LocList>
<StmntSeq Intrnl_Id="965">
<LocList>
<Loc EndOffset="6873" SrcFileId="6" StartOffset="6858"/>
<Loc EndOffset="6900" SrcFileId="6" StartOffset="6894"/>
</LocList>
<BasicStmnt CovItemId="S81" CovItemPrefix="org.codecover.simplejavaapp.controller.AppController.java" Intrnl_Id="966">
<LocList>
<Loc EndOffset="6873" SrcFileId="6" StartOffset="6858"/>
</LocList>
</BasicStmnt>
<BasicStmnt CovItemId="S82" CovItemPrefix="org.codecover.simplejavaapp.controller.AppController.java" Intrnl_Id="967">
<LocList>
<Loc EndOffset="6900" SrcFileId="6" StartOffset="6894"/>
</LocList>
</BasicStmnt>
</StmntSeq>
</Branch>
<Branch CovItemId="B48" CovItemPrefix="org.codecover.simplejavaapp.controller.AppController.java" Implct="false" Intrnl_Id="968">
<Cond>
<Loc EndOffset="6935" SrcFileId="6" StartOffset="6917"/>
</Cond>
<LocList>
<Loc EndOffset="7001" SrcFileId="6" StartOffset="6957"/>
</LocList>
<StmntSeq Intrnl_Id="969">
<LocList>
<Loc EndOffset="6974" SrcFileId="6" StartOffset="6957"/>
<Loc EndOffset="7001" SrcFileId="6" StartOffset="6995"/>
</LocList>
<BasicStmnt CovItemId="S83" CovItemPrefix="org.codecover.simplejavaapp.controller.AppController.java" Intrnl_Id="970">
<LocList>
<Loc EndOffset="6974" SrcFileId="6" StartOffset="6957"/>
</LocList>
</BasicStmnt>
<BasicStmnt CovItemId="S84" CovItemPrefix="org.codecover.simplejavaapp.controller.AppController.java" Intrnl_Id="971">
<LocList>
<Loc EndOffset="7001" SrcFileId="6" StartOffset="6995"/>
</LocList>
</BasicStmnt>
</StmntSeq>
</Branch>
<Branch CovItemId="B49" CovItemPrefix="org.codecover.simplejavaapp.controller.AppController.java" Implct="true" Intrnl_Id="972">
<Cond/>
<LocList/>
<StmntSeq Intrnl_Id="973">
<LocList/>
</StmntSeq>
</Branch>
<Keyword EndOffset="6145" SrcFileId="6" StartOffset="6139"/>
<LocList>
<Loc EndOffset="7015" SrcFileId="6" StartOffset="6139"/>
</LocList>
</CondStmnt>
</StmntSeq>
</HierarchyLvl>
</HierarchyLvl>
</HierarchyLvl>
</HierarchyLvl>
<HierarchyLvl HierarchyLvlId="450" HierarchyLvlTypeId="12" Intrnl_Id="974" Name="SimpleJavaApp">
<Header>
<Loc EndOffset="186" SrcFileId="7" StartOffset="160"/>
</Header>
<LocList>
<Loc EndOffset="509" SrcFileId="7" StartOffset="160"/>
</LocList>
<StmntSeq Intrnl_Id="975">
<LocList>
<Loc EndOffset="269" SrcFileId="7" StartOffset="193"/>
</LocList>
<BasicStmnt CovItemId="S1" CovItemPrefix="org.codecover.simplejavaapp.SimpleJavaApp.java" Intrnl_Id="976">
<LocList>
<Loc EndOffset="269" SrcFileId="7" StartOffset="193"/>
</LocList>
</BasicStmnt>
</StmntSeq>
<HierarchyLvl HierarchyLvlId="449" HierarchyLvlTypeId="13" Intrnl_Id="977" Name="main">
<Header>
<Loc EndOffset="348" SrcFileId="7" StartOffset="310"/>
</Header>
<LocList>
<Loc EndOffset="507" SrcFileId="7" StartOffset="310"/>
</LocList>
<StmntSeq Intrnl_Id="978">
<LocList>
<Loc EndOffset="456" SrcFileId="7" StartOffset="359"/>
<Loc EndOffset="501" SrcFileId="7" StartOffset="474"/>
</LocList>
<CondStmnt CovItemId="S2" CovItemPrefix="org.codecover.simplejavaapp.SimpleJavaApp.java" Intrnl_Id="979">
<Branch CovItemId="B1" CovItemPrefix="org.codecover.simplejavaapp.SimpleJavaApp.java" Implct="false" Intrnl_Id="980">
<Cond/>
<LocList>
<Loc EndOffset="456" SrcFileId="7" StartOffset="375"/>
</LocList>
<StmntSeq Intrnl_Id="981">
<LocList>
<Loc EndOffset="446" SrcFileId="7" StartOffset="389"/>
</LocList>
<BasicStmnt CovItemId="S3" CovItemPrefix="org.codecover.simplejavaapp.SimpleJavaApp.java" Intrnl_Id="982">
<LocList>
<Loc EndOffset="446" SrcFileId="7" StartOffset="389"/>
</LocList>
</BasicStmnt>
</StmntSeq>
</Branch>
<Branch CovItemId="B2" CovItemPrefix="org.codecover.simplejavaapp.SimpleJavaApp.java" Implct="true" Intrnl_Id="983">
<Cond/>
<LocList/>
<StmntSeq Intrnl_Id="984">
<LocList/>
</StmntSeq>
</Branch>
<Keyword EndOffset="361" SrcFileId="7" StartOffset="359"/>
<LocList>
<Loc EndOffset="456" SrcFileId="7" StartOffset="359"/>
</LocList>
<RootTerm CovItemId="C1" CovItemPrefix="org.codecover.simplejavaapp.SimpleJavaApp.java" Intrnl_Id="985">
<BasicBoolTerm Intrnl_Id="986">
<LocList>
<Loc EndOffset="373" SrcFileId="7" StartOffset="363"/>
</LocList>
</BasicBoolTerm>
</RootTerm>
</CondStmnt>
<BasicStmnt CovItemId="S4" CovItemPrefix="org.codecover.simplejavaapp.SimpleJavaApp.java" Intrnl_Id="987">
<LocList>
<Loc EndOffset="501" SrcFileId="7" StartOffset="474"/>
</LocList>
</BasicStmnt>
</StmntSeq>
</HierarchyLvl>
</HierarchyLvl>
</HierarchyLvl>
</HierarchyLvl>
</HierarchyLvl>
</HierarchyLvl>
</MASTRoot>
</TestSessionContainer>
