<?xml version="1.0" encoding="UTF-8"?>
<TestSessionContainer xmlns="http://www.codecover.org/xml/testsession-container" Date="1357516827148" TestSessionContainerId="c6650155-2ecc-41b7-844f-1c7b54d24702" version="1.0">
<SrcFileList>
<SrcFile Content="package org.codecover.simplejavaapp.model;&#10;&#10;import java.util.UUID;&#10;&#10;import org.w3c.dom.Document;&#10;import org.w3c.dom.Element;&#10;&#10;/**&#10; * A model class holding the data of a book. Also contains methods for&#10; * persistent storage.&#10; * &#10; * @author Markus Wittlinger&#10; * @version 1.0 ($Id$)&#10; */&#10;public class Book {&#10;    private static final String YEAR = &quot;year&quot;;&#10;&#10;    private static final String NAME = &quot;name&quot;;&#10;&#10;    private static final String ISBN = &quot;isbn&quot;;&#10;&#10;    private static final String ID = &quot;id&quot;;&#10;&#10;    private static final String AUTHOR = &quot;author&quot;;&#10;&#10;    private final String id;&#10;&#10;    private String name = &quot;name&quot;;&#10;&#10;    private String author = &quot;author&quot;;&#10;&#10;    private int year = 2007;&#10;&#10;    private String isbn = &quot;isbn&quot;;&#10;&#10;    private BookModifyListener listener;&#10;&#10;    /**&#10;     * Constructor, which creates a {@link Book} with the given id.&#10;     * &#10;     * @param id&#10;     *            the id of the {@link Book}&#10;     */&#10;    public Book(String id) {&#10;        this.id = id;&#10;    }&#10;&#10;    /**&#10;     * Constructor, which gives this {@link Book} a random id.&#10;     */&#10;    public Book() {&#10;        this(UUID.randomUUID().toString());&#10;    }&#10;&#10;    /**&#10;     * Gets the id.&#10;     * &#10;     * @return the id&#10;     */&#10;    public String getId() {&#10;        return this.id;&#10;    }&#10;&#10;    /**&#10;     * Gets the name.&#10;     * &#10;     * @return the name&#10;     */&#10;    public String getName() {&#10;        return this.name;&#10;    }&#10;&#10;    /**&#10;     * Gets the author.&#10;     * &#10;     * @return the author&#10;     */&#10;    public String getAuthor() {&#10;        return this.author;&#10;    }&#10;&#10;    /**&#10;     * Gets the year.&#10;     * &#10;     * @return the year&#10;     */&#10;    public int getYear() {&#10;        return this.year;&#10;    }&#10;&#10;    /**&#10;     * Gets the isbn.&#10;     * &#10;     * @return the isbn&#10;     */&#10;    public String getIsbn() {&#10;        return this.isbn;&#10;    }&#10;&#10;    /**&#10;     * Sets the name.&#10;     * &#10;     * @param name&#10;     *            the name to set&#10;     */&#10;    public void setName(String name) {&#10;        this.name = name;&#10;        notifiyChange();&#10;    }&#10;&#10;    /**&#10;     * Sets the author.&#10;     * &#10;     * @param author&#10;     *            the author to set&#10;     */&#10;    public void setAuthor(String author) {&#10;        this.author = author;&#10;        notifiyChange();&#10;    }&#10;&#10;    /**&#10;     * Sets the year.&#10;     * &#10;     * @param year&#10;     *            the year to set&#10;     */&#10;    public void setYear(int year) {&#10;        this.year = year;&#10;        notifiyChange();&#10;    }&#10;&#10;    /**&#10;     * Sets the isbn.&#10;     * &#10;     * @param isbn&#10;     *            the isbn to set&#10;     */&#10;    public void setIsbn(String isbn) {&#10;        this.isbn = isbn;&#10;        notifiyChange();&#10;    }&#10;&#10;    private void notifiyChange() {&#10;        if (this.listener == null) {&#10;            return;&#10;        }&#10;&#10;        this.listener.stateModified();&#10;    }&#10;&#10;    /**&#10;     * Sets the {@link BookModifyListener}, that is notified, when a change&#10;     * occurs.&#10;     * &#10;     * @param listener&#10;     *            the {@link BookModifyListener}&#10;     */&#10;    public void setBookModifyListener(BookModifyListener listener) {&#10;        this.listener = listener;&#10;    }&#10;&#10;    /**&#10;     * Return a DOM {@link Element}, which holds all the data of this instance&#10;     * of {@link Book}.&#10;     * &#10;     * @param xmlDoc&#10;     *            the document, in which the {@link Element} is to be created.&#10;     * @return the created {@link Element}.&#10;     */&#10;    public Element getXMLRepresentation(Document xmlDoc) {&#10;        if (xmlDoc == null) {&#10;            throw new NullPointerException(&quot;xmlDoc == null&quot;);&#10;        }&#10;&#10;        Element bookElement = xmlDoc.createElement(&quot;Book&quot;);&#10;&#10;        bookElement.setAttribute(AUTHOR, getAuthor());&#10;        bookElement.setAttribute(ID, getId());&#10;        bookElement.setAttribute(ISBN, getIsbn());&#10;        bookElement.setAttribute(NAME, getName());&#10;        bookElement.setAttribute(YEAR, Integer.toString(getYear()));&#10;&#10;        return bookElement;&#10;    }&#10;&#10;    /**&#10;     * Gets the book, that is contained this the given DOM {@link Element}&#10;     * &#10;     * @param element&#10;     *            the DOM {@link Element} holding the data.&#10;     * @return the extracted {@link Book}&#10;     */&#10;    public static Book getBookFromXML(Element element) {&#10;        String author = element.getAttribute(AUTHOR);&#10;        String id = element.getAttribute(ID);&#10;        String isbn = element.getAttribute(ISBN);&#10;        String name = element.getAttribute(NAME);&#10;        String year = element.getAttribute(YEAR);&#10;&#10;        Book book = new Book(id);&#10;&#10;        book.setAuthor(author);&#10;        book.setIsbn(isbn);&#10;        book.setName(name);&#10;        book.setYear(Integer.parseInt(year));&#10;&#10;        return book;&#10;    }&#10;&#10;    /**&#10;     * A listener to monitor changes in the {@link Book}.&#10;     * &#10;     * @author Markus Wittlinger&#10;     * @version 1.0 ($Id$)&#10;     */&#10;    public interface BookModifyListener {&#10;        /**&#10;         * Is called every time a property of the book is changed.&#10;         */&#10;        public void stateModified();&#10;    }&#10;}&#10;" Filename="Book.java" Intrnl_Id="1"/>
<SrcFile Content="package org.codecover.simplejavaapp.model;&#10;&#10;import java.io.File;&#10;import java.io.IOException;&#10;import java.util.Collection;&#10;import java.util.HashMap;&#10;import java.util.List;&#10;import java.util.Map;&#10;&#10;import javax.xml.parsers.ParserConfigurationException;&#10;import javax.xml.transform.TransformerException;&#10;&#10;import org.xml.sax.SAXException;&#10;&#10;/**&#10; * @author Markus Wittlinger&#10; * @version 1.0 ($Id$)&#10; */&#10;public class AppModel {&#10;    private static AppModel instance;&#10;&#10;    private final Map&lt;String, AppFile&gt; appFiles;&#10;&#10;    /**&#10;     * Singleton-Pattern method to get the instance of {@link AppModel}.&#10;     * &#10;     * @return the instance of the {@link AppModel}&#10;     */&#10;    public static AppModel getInstance() {&#10;        if (instance == null) {&#10;            instance = new AppModel();&#10;        }&#10;&#10;        return instance;&#10;    }&#10;&#10;    private AppModel() {&#10;        this.appFiles = new HashMap&lt;String, AppFile&gt;();&#10;    }&#10;&#10;    /**&#10;     * Adds a new {@link AppFile} to the model and returns its id.&#10;     * &#10;     * @return the id of the {@link AppFile}.&#10;     */&#10;    public String newFile() {&#10;        AppFile appFile = AppFile.newFile();&#10;        putAppFile(appFile);&#10;&#10;        return appFile.getId();&#10;    }&#10;&#10;    /**&#10;     * Loads an {@link AppFile} from the given location.&#10;     * &#10;     * @param file&#10;     *            the location of the persistently saved {@link AppFile}&#10;     * @return the read {@link AppFile}.&#10;     * @throws ParserConfigurationException&#10;     * @throws SAXException&#10;     * @throws IOException&#10;     */&#10;    public String loadFile(File file) throws ParserConfigurationException,&#10;            SAXException, IOException {&#10;        if (file == null) {&#10;            throw new NullPointerException(&quot;file == null&quot;);&#10;        }&#10;&#10;        AppFile appFile = AppFile.loadAppFile(file);&#10;        putAppFile(appFile);&#10;&#10;        return appFile.getId();&#10;    }&#10;&#10;    /**&#10;     * Saves the {@link AppFile} with the given id as a XML file to the given&#10;     * location.&#10;     * &#10;     * @param fileId&#10;     *            the id of the {@link AppFile}&#10;     * @param file&#10;     *            the given location.&#10;     * @throws ParserConfigurationException&#10;     * @throws TransformerException&#10;     * @throws IOException&#10;     */&#10;    public void saveFile(String fileId, File file)&#10;            throws ParserConfigurationException, TransformerException,&#10;            IOException {&#10;        if (file == null) {&#10;            throw new NullPointerException(&quot;file == null&quot;);&#10;        }&#10;&#10;        AppFile appFile = getAppFile(fileId);&#10;&#10;        appFile.saveAppFile(file);&#10;    }&#10;&#10;    /**&#10;     * Closes the {@link AppFile} with the given id.&#10;     * &#10;     * @param fileId&#10;     *            the id of the {@link AppFile}.&#10;     * @param force&#10;     *            if this is set to true, the file is closed even with&#10;     *            modification&#10;     * @return true &amp;rarr; the {@link AppFile} was not modified and is now&#10;     *         closed. &lt;/br&gt; false &amp;rarr; the {@link AppFile} was modified and&#10;     *         is still open.&#10;     */&#10;    public boolean closeFile(String fileId, boolean force) {&#10;        if (isFileModified(fileId) &amp;&amp; !force) {&#10;            return false;&#10;        }&#10;&#10;        this.appFiles.remove(fileId);&#10;        return true;&#10;    }&#10;&#10;    /**&#10;     * @param appFile&#10;     */&#10;    private void putAppFile(AppFile appFile) {&#10;        this.appFiles.put(appFile.getId(), appFile);&#10;    }&#10;&#10;    /**&#10;     * Gets the {@link Book}s stored in the {@link AppFile} with the given id.&#10;     * &#10;     * @param fileId&#10;     *            the id of the {@link AppFile}.&#10;     * @return the {@link Collection} of {@link Book}s.&#10;     */&#10;    public List&lt;Book&gt; getBooksInFile(String fileId) {&#10;        AppFile appFile = getAppFile(fileId);&#10;&#10;        return appFile.getBooks();&#10;    }&#10;&#10;    /**&#10;     * Gets the {@link Book} stored in the {@link AppFile} with the given id.&#10;     * &#10;     * @param fileId&#10;     *            the id of the {@link AppFile}.&#10;     * @param bookId&#10;     *            the id of the {@link Book}.&#10;     * @return the {@link Book} with the given id, or &lt;code&gt;null&lt;/code&gt;, if&#10;     *         no such book existed.&#10;     */&#10;    public Book getBooksInFile(String fileId, String bookId) {&#10;        if (bookId == null) {&#10;            throw new NullPointerException(&quot;bookId == null&quot;);&#10;        }&#10;&#10;        AppFile appFile = getAppFile(fileId);&#10;&#10;        return appFile.getBook(bookId);&#10;    }&#10;&#10;    /**&#10;     * Adds the given {@link Book} to the {@link AppFile} with the given id.&#10;     * &#10;     * @param fileId&#10;     *            the id of the {@link AppFile}&#10;     * @param book&#10;     *            the {@link Book} to be added.&#10;     */&#10;    public void addBookToFile(String fileId, Book book) {&#10;        if (book == null) {&#10;            throw new NullPointerException(&quot;book == null&quot;);&#10;        }&#10;&#10;        AppFile appFile = getAppFile(fileId);&#10;&#10;        appFile.addBook(book);&#10;    }&#10;&#10;    /**&#10;     * Removes the {@link Book} with the given id from the {@link AppFile} with&#10;     * the given id.&#10;     * &#10;     * @param fileId&#10;     *            the id of the {@link AppFile}&#10;     * @param bookId&#10;     *            the id of the {@link Book}.&#10;     */&#10;    public void removeBookFromFile(String fileId, String bookId) {&#10;        if (bookId == null) {&#10;            throw new NullPointerException(&quot;bookId == null&quot;);&#10;        }&#10;&#10;        AppFile appFile = getAppFile(fileId);&#10;&#10;        appFile.removeBook(bookId);&#10;    }&#10;&#10;    /**&#10;     * Returns, whether or not the {@link AppFile} with the given id, is in it's&#10;     * modified state.&#10;     * &#10;     * @param fileId&#10;     *            the id of the {@link AppFile}.&#10;     * @return the modified state of the {@link AppFile}.&#10;     */&#10;    public boolean isFileModified(String fileId) {&#10;        AppFile appFile = getAppFile(fileId);&#10;&#10;        return appFile.isModified();&#10;    }&#10;&#10;    /**&#10;     * Gets the previously set path used to save the {@link AppFile}.&#10;     * &#10;     * @param fileId&#10;     *            the if of the {@link AppFile}&#10;     * @return the path or &lt;code&gt;null&lt;/code&gt;, if the {@link AppFile} was&#10;     *         never saved before.&#10;     */&#10;    public String getPathOfFile(String fileId) {&#10;        AppFile appFile = getAppFile(fileId);&#10;&#10;        return appFile.getPath();&#10;    }&#10;&#10;    /**&#10;     * Adds the given {@link AppModelModifyListener} to the {@link AppFile} with&#10;     * the given id.&#10;     * &#10;     * @param fileId&#10;     *            the id of the {@link AppFile}.&#10;     * @param listener&#10;     *            the given {@link AppModelModifyListener}&#10;     */&#10;    public void addAppModelModifyListenerToFile(String fileId,&#10;            AppModelModifyListener listener) {&#10;        if (listener == null) {&#10;            throw new NullPointerException(&quot;listener == null&quot;);&#10;        }&#10;&#10;        AppFile appFile = getAppFile(fileId);&#10;&#10;        appFile.addAppModelModifyListener(listener);&#10;    }&#10;&#10;    /**&#10;     * Removes the given {@link AppModelModifyListener} from the {@link AppFile}&#10;     * with the given id.&#10;     * &#10;     * @param fileId&#10;     *            the id of the {@link AppFile}.&#10;     * @param listener&#10;     *            the given {@link AppModelModifyListener}&#10;     */&#10;    public void removeAppModelModifyListener(String fileId,&#10;            AppModelModifyListener listener) {&#10;        if (listener == null) {&#10;            throw new NullPointerException(&quot;listener == null&quot;);&#10;        }&#10;&#10;        AppFile appFile = getAppFile(fileId);&#10;&#10;        appFile.removeAppModelModifyListener(listener);&#10;    }&#10;&#10;    /**&#10;     * Gets the {@link AppFile} with the given id and handles all exceptions&#10;     * &#10;     * @param fileId&#10;     *            the id of the {@link AppFile}&#10;     * @return the {@link AppFile};&#10;     */&#10;    private AppFile getAppFile(String fileId) {&#10;        if (fileId == null) {&#10;            throw new NullPointerException(&quot;fileId == null&quot;);&#10;        }&#10;&#10;        AppFile appFile = this.appFiles.get(fileId);&#10;&#10;        if (appFile == null) {&#10;            throw new IllegalArgumentException(&#10;                    &quot;No file with the given id in the model!&quot;);&#10;        }&#10;        return appFile;&#10;    }&#10;&#10;    /**&#10;     * @author Markus Wittlinger&#10;     * @version 1.0 ($Id$)&#10;     */&#10;    public interface AppModelModifyListener {&#10;        /**&#10;         * Notifies, that the modified state of the {@link AppFile} with the&#10;         * given id, has changed.&#10;         * &#10;         * @param fileId&#10;         *            the id of the {@link AppFile}.&#10;         * @param modified&#10;         *            the new modified state of {@link AppFile}.&#10;         */&#10;        public void appFileModified(String fileId, boolean modified);&#10;    }&#10;}&#10;" Filename="AppModel.java" Intrnl_Id="2"/>
<SrcFile Content="package org.codecover.simplejavaapp.model;&#10;&#10;import java.io.File;&#10;import java.io.FileOutputStream;&#10;import java.io.IOException;&#10;import java.util.Collection;&#10;import java.util.Comparator;&#10;import java.util.Iterator;&#10;import java.util.LinkedList;&#10;import java.util.List;&#10;import java.util.Map;&#10;import java.util.TreeMap;&#10;import java.util.UUID;&#10;&#10;import javax.xml.parsers.DocumentBuilder;&#10;import javax.xml.parsers.DocumentBuilderFactory;&#10;import javax.xml.parsers.ParserConfigurationException;&#10;import javax.xml.transform.OutputKeys;&#10;import javax.xml.transform.Transformer;&#10;import javax.xml.transform.TransformerException;&#10;import javax.xml.transform.TransformerFactory;&#10;import javax.xml.transform.dom.DOMSource;&#10;import javax.xml.transform.stream.StreamResult;&#10;&#10;import org.codecover.simplejavaapp.model.AppModel.AppModelModifyListener;&#10;import org.codecover.simplejavaapp.model.Book.BookModifyListener;&#10;import org.w3c.dom.Document;&#10;import org.w3c.dom.Element;&#10;import org.w3c.dom.Node;&#10;import org.w3c.dom.NodeList;&#10;import org.xml.sax.SAXException;&#10;&#10;/**&#10; * @author Markus Wittlinger&#10; * @version 1.0 ($Id$)&#10; */&#10;public class AppFile {&#10;    private final String id;&#10;&#10;    private final Map&lt;String, Book&gt; books;&#10;&#10;    private final BookListener bookListener;&#10;&#10;    private final List&lt;AppModelModifyListener&gt; modifyListener;&#10;&#10;    private boolean modified = false;&#10;&#10;    private String path;&#10;&#10;    /**&#10;     * Constructor.&#10;     */&#10;    private AppFile() {&#10;        this.id = UUID.randomUUID().toString();&#10;        this.bookListener = new BookListener();&#10;        this.books = new TreeMap&lt;String, Book&gt;(new Comparator&lt;String&gt;() {&#10;            public int compare(String o1, String o2) {&#10;                return o1.compareTo(o2);&#10;            }&#10;        });&#10;        this.modifyListener = new LinkedList&lt;AppModelModifyListener&gt;();&#10;    }&#10;&#10;    /**&#10;     * Creates and returns a new {@link AppFile}.&#10;     * &#10;     * @return the new {@link AppFile}.&#10;     */&#10;    static AppFile newFile() {&#10;        return new AppFile();&#10;    }&#10;&#10;    /**&#10;     * Gets all {@link Book Books} contained in this {@link AppFile}.&#10;     * &#10;     * @return the {@link Collection} of books.&#10;     */&#10;    List&lt;Book&gt; getBooks() {&#10;        return new LinkedList&lt;Book&gt;(this.books.values());&#10;    }&#10;&#10;    /**&#10;     * Gets the {@link Book} with the given id.&#10;     * &#10;     * @param id&#10;     *            the given id.&#10;     * @return the {@link Book} with the given id, or &lt;code&gt;null&lt;/code&gt;, if&#10;     *         no such book existed.&#10;     */&#10;    Book getBook(String id) {&#10;        return this.books.get(id);&#10;    }&#10;&#10;    /**&#10;     * Adds the given {@link Book} to this {@link AppFile}&#10;     * &#10;     * @param book&#10;     *            the given {@link Book}, that is to be added.&#10;     */&#10;    void addBook(Book book) {&#10;        this.books.put(book.getId(), book);&#10;        book.setBookModifyListener(this.bookListener);&#10;&#10;        setModified(true);&#10;    }&#10;&#10;    /**&#10;     * Removes the {@link Book} with the given id.&#10;     * &#10;     * @param bookId&#10;     *            the id of the book {@link Book}.&#10;     */&#10;    void removeBook(String bookId) {&#10;        this.books.remove(bookId);&#10;&#10;        setModified(true);&#10;    }&#10;&#10;    /**&#10;     * Gets the id of this {@link AppFile}.&#10;     * &#10;     * @return the id.&#10;     */&#10;    String getId() {&#10;        return this.id;&#10;    }&#10;&#10;    /**&#10;     * Gets the modified.&#10;     * &#10;     * @return the modified&#10;     */&#10;    boolean isModified() {&#10;        return this.modified;&#10;    }&#10;&#10;    /**&#10;     * Sets the modified.&#10;     * &#10;     * @param modified&#10;     *            the modified to set&#10;     */&#10;    void setModified(boolean modified) {&#10;        this.modified = modified;&#10;        notifyListeners();&#10;    }&#10;&#10;    /**&#10;     * Adds the given {@link AppModelModifyListener} to the list of listeners&#10;     * &#10;     * @param listener&#10;     *            the given {@link AppModelModifyListener}&#10;     */&#10;    void addAppModelModifyListener(AppModelModifyListener listener) {&#10;        this.modifyListener.add(listener);&#10;    }&#10;&#10;    /**&#10;     * Removes the given {@link AppModelModifyListener} from the list of&#10;     * listeners&#10;     * &#10;     * @param listener&#10;     *            the given {@link AppModelModifyListener}&#10;     */&#10;    void removeAppModelModifyListener(AppModelModifyListener listener) {&#10;        this.modifyListener.remove(listener);&#10;    }&#10;&#10;    private void notifyListeners() {&#10;        for (AppModelModifyListener listener : this.modifyListener) {&#10;            listener.appFileModified(getId(), isModified());&#10;        }&#10;    }&#10;&#10;    /**&#10;     * Sets the path.&#10;     * &#10;     * @param path&#10;     *            the path to set&#10;     */&#10;    private void setPath(String path) {&#10;        this.path = path;&#10;        notifyListeners();&#10;    }&#10;&#10;    /**&#10;     * Gets the path.&#10;     * &#10;     * @return the path&#10;     */&#10;    String getPath() {&#10;        return this.path;&#10;    }&#10;&#10;    /**&#10;     * Saves this {@link AppFile} as a XML file to the given location.&#10;     * &#10;     * @param file&#10;     *            the given location.&#10;     * @throws ParserConfigurationException&#10;     * @throws TransformerException&#10;     * @throws IOException&#10;     */&#10;    void saveAppFile(File file) throws ParserConfigurationException,&#10;            TransformerException, IOException {&#10;        Document xmlDoc = null;&#10;        DocumentBuilderFactory docBFac;&#10;        DocumentBuilder docBuild;&#10;&#10;        docBFac = DocumentBuilderFactory.newInstance();&#10;        docBFac.setNamespaceAware(true);&#10;        docBuild = docBFac.newDocumentBuilder();&#10;        xmlDoc = docBuild.newDocument();&#10;&#10;        if (xmlDoc != null) {&#10;            Element documentElement = xmlDoc.createElement(&quot;SimpleJavaApp&quot;);&#10;            xmlDoc.appendChild(documentElement);&#10;&#10;            Element bookListElement = xmlDoc.createElement(&quot;BookList&quot;);&#10;&#10;            for (Book book : getBooks()) {&#10;                bookListElement.appendChild(book.getXMLRepresentation(xmlDoc));&#10;            }&#10;&#10;            documentElement.appendChild(bookListElement);&#10;        }&#10;&#10;        FileOutputStream out = new FileOutputStream(file);&#10;        try {&#10;            DOMSource domSource = new DOMSource(xmlDoc);&#10;            StreamResult streamResult = new StreamResult(out);&#10;            TransformerFactory tf = TransformerFactory.newInstance();&#10;            Transformer serializer = tf.newTransformer();&#10;            serializer.setOutputProperty(OutputKeys.ENCODING, &quot;UTF-8&quot;);&#10;            serializer.setOutputProperty(OutputKeys.INDENT, &quot;yes&quot;);&#10;            serializer.transform(domSource, streamResult);&#10;            out.flush();&#10;&#10;            /*&#10;             * All saving operations were successful, so the AppFile can be set&#10;             * to 'not modified'.&#10;             */&#10;            this.setModified(false);&#10;            this.setPath(file.getAbsolutePath());&#10;        } finally {&#10;            out.close();&#10;        }&#10;    }&#10;&#10;    /**&#10;     * Loads an {@link AppFile} from the given location.&#10;     * &#10;     * @param file&#10;     *            the location of the persistently saved {@link AppFile}&#10;     * @return the read {@link AppFile}.&#10;     * @throws ParserConfigurationException&#10;     * @throws SAXException&#10;     * @throws IOException&#10;     */&#10;    static AppFile loadAppFile(File file) throws ParserConfigurationException,&#10;            SAXException, IOException {&#10;        AppFile appFile = AppFile.newFile();&#10;&#10;        DocumentBuilderFactory factory = DocumentBuilderFactory.newInstance();&#10;        factory.setNamespaceAware(true);&#10;        DocumentBuilder DocumentBuilder = factory.newDocumentBuilder();&#10;        Document xmlDoc = DocumentBuilder.parse(file);&#10;&#10;        Element element = xmlDoc.getDocumentElement();&#10;&#10;        NodeListIterable nodeListIterable = appFile.new NodeListIterable(&#10;                element.getElementsByTagName(&quot;BookList&quot;));&#10;        for (Node node : nodeListIterable) {&#10;            for (Node subNode : appFile.new NodeListIterable(((Element) node)&#10;                    .getElementsByTagName(&quot;Book&quot;))) {&#10;                appFile.addBook(Book.getBookFromXML((Element) subNode));&#10;            }&#10;        }&#10;&#10;        appFile.setModified(false);&#10;        appFile.setPath(file.getAbsolutePath());&#10;&#10;        return appFile;&#10;    }&#10;&#10;    private final class NodeListIterable implements Iterable&lt;Node&gt; {&#10;        private final List&lt;Node&gt; list;&#10;&#10;        /**&#10;         * Initializes this class with the {@link NodeList} it is supposed to&#10;         * encapsulate.&#10;         * &#10;         * @param nodeList&#10;         *            the {@link NodeList} to encapsulate.&#10;         */&#10;        public NodeListIterable(NodeList nodeList) {&#10;            this.list = new LinkedList&lt;Node&gt;();&#10;&#10;            for (int i = 0; i &lt; nodeList.getLength(); i++) {&#10;                this.list.add(nodeList.item(i));&#10;            }&#10;        }&#10;&#10;        /**&#10;         * (non-Javadoc)&#10;         * &#10;         * @see java.lang.Iterable#iterator()&#10;         */&#10;        public Iterator&lt;Node&gt; iterator() {&#10;            return this.list.iterator();&#10;        }&#10;    }&#10;&#10;    private final class BookListener implements BookModifyListener {&#10;&#10;        /**&#10;         * (non-Javadoc)&#10;         * &#10;         * @see org.codecover.simplejavaapp.model.Book.BookModifyListener#stateModified()&#10;         */&#10;        public void stateModified() {&#10;            AppFile.this.setModified(true);&#10;        }&#10;    }&#10;}&#10;" Filename="AppFile.java" Intrnl_Id="3"/>
<SrcFile Content="package org.codecover.simplejavaapp.controller;&#10;&#10;import java.io.File;&#10;import java.io.IOException;&#10;&#10;import javax.swing.JOptionPane;&#10;import javax.xml.parsers.ParserConfigurationException;&#10;import javax.xml.transform.TransformerException;&#10;&#10;import org.codecover.simplejavaapp.model.AppModel;&#10;import org.codecover.simplejavaapp.model.Book;&#10;import org.codecover.simplejavaapp.view.AppView;&#10;import org.codecover.simplejavaapp.view.AppView.ViewListener;&#10;import org.xml.sax.SAXException;&#10;&#10;/**&#10; * @author Markus Wittlinger&#10; * @version 1.0 ($Id$)&#10; */&#10;public class AppController {&#10;    private static final AppModel model = AppModel.getInstance();&#10;&#10;    private static final AppView view = AppView.getInstance();&#10;&#10;    private static AppController instance;&#10;&#10;    /**&#10;     * Singleton-Pattern method to get the instance of {@link AppController}.&#10;     * &#10;     * @return the instance of the {@link AppController}&#10;     */&#10;    public static AppController getInstance() {&#10;        if (instance == null) {&#10;            instance = new AppController();&#10;        }&#10;&#10;        return instance;&#10;    }&#10;&#10;    private AppController() {&#10;        view.addViewListener(new AppViewListener());&#10;    }&#10;&#10;    /**&#10;     * Opens the application in its initial state.&#10;     */&#10;    public static void initialize() {&#10;        AppController appController = AppController.getInstance();&#10;&#10;        appController.onOpenNewWindow();&#10;    }&#10;&#10;    private void onOpenNewWindow() {&#10;        String fileId = model.newFile();&#10;&#10;        view.openWindow(fileId);&#10;    }&#10;&#10;    private void onNewBook(String fileId) {&#10;        Book book = new Book();&#10;&#10;        model.addBookToFile(fileId, book);&#10;    }&#10;&#10;    private boolean onCloseWindow(String fileId) {&#10;        if (model.isFileModified(fileId)) {&#10;            int result = view.showConfirmationDialog(&#10;                    &quot;The file has modifications. Save before proceeding?&quot;,&#10;                    fileId);&#10;&#10;            switch (result) {&#10;                case JOptionPane.YES_OPTION:&#10;                    if (!onSave(fileId)) {&#10;                        /* Saving was aborted or failed, so we don't proceed */&#10;                        return false;&#10;                    }&#10;                    break;&#10;                case JOptionPane.NO_OPTION:&#10;                    break;&#10;                case JOptionPane.CANCEL_OPTION:&#10;                    /* Saving was aborted or failed, so we don't proceed */&#10;                    return false;&#10;            }&#10;        }&#10;&#10;        view.closeWindow(fileId);&#10;        model.closeFile(fileId, true);&#10;        return true;&#10;    }&#10;&#10;    private void onDelete(String fileId, String[] bookIds) {&#10;        if(bookIds.length == 0) {&#10;            return;&#10;        }&#10;        &#10;        int result = view.showConfirmationDialog(&#10;                &quot;Are you sure you want to delete these books?&quot;, fileId);&#10;        switch (result) {&#10;            case JOptionPane.YES_OPTION:&#10;                for (String bookId : bookIds) {&#10;                    model.removeBookFromFile(fileId, bookId);&#10;                }&#10;                break;&#10;            case JOptionPane.NO_OPTION:&#10;            case JOptionPane.CANCEL_OPTION:&#10;        }&#10;    }&#10;&#10;    private void onOpen(String fileId) {&#10;        if (model.isFileModified(fileId)) {&#10;            int result = view.showConfirmationDialog(&#10;                    &quot;The file has modifications. Save before proceeding?&quot;,&#10;                    fileId);&#10;&#10;            switch (result) {&#10;                case JOptionPane.YES_OPTION:&#10;                    if (!onSave(fileId)) {&#10;                        /* Saving was aborted or failed, so we don't proceed */&#10;                        return;&#10;                    }&#10;                    break;&#10;                case JOptionPane.NO_OPTION:&#10;                    break;&#10;                case JOptionPane.CANCEL_OPTION:&#10;                    /* Saving was aborted or failed, so we don't proceed */&#10;                    return;&#10;            }&#10;        }&#10;&#10;        String path = view.showOpenDialog(fileId);&#10;&#10;        if (path == null) {&#10;            return;&#10;        }&#10;&#10;        try {&#10;            String newFileId = model.loadFile(new File(path));&#10;&#10;            view.openFileInWindow(fileId, newFileId);&#10;            model.closeFile(fileId, true);&#10;        } catch (ParserConfigurationException e) {&#10;            view.showErrorDialog(&quot;Error loading file&quot;, fileId);&#10;        } catch (SAXException e) {&#10;            view.showErrorDialog(&quot;Error loading file&quot;, fileId);&#10;        } catch (IOException e) {&#10;            view.showErrorDialog(&quot;Error loading file&quot;, fileId);&#10;        }&#10;    }&#10;&#10;    private void onQuit(String fileId, String[] allFileIds) {&#10;        for (String id : allFileIds) {&#10;            if (!onCloseWindow(id)) {&#10;                return;&#10;            }&#10;        }&#10;&#10;        /* All windows were closed so we can exit the application. */&#10;        System.exit(0);&#10;    }&#10;&#10;    private boolean onSave(String fileId) {&#10;        String path = model.getPathOfFile(fileId);&#10;&#10;        if (path == null) {&#10;            return onSaveAs(fileId);&#10;        } else {&#10;            save(fileId, new File(path));&#10;            return true;&#10;        }&#10;    }&#10;&#10;    private boolean onSaveAs(String fileId) {&#10;        String path = view.showSaveAsDialog(fileId);&#10;&#10;        if (path == null) {&#10;            return false;&#10;        } else {&#10;            save(fileId, new File(path));&#10;            return true;&#10;        }&#10;    }&#10;&#10;    private void save(String fileId, File file) {&#10;        try {&#10;            model.saveFile(fileId, file);&#10;        } catch (ParserConfigurationException e) {&#10;            view.showErrorDialog(&quot;Error saving file&quot;, fileId);&#10;        } catch (TransformerException e) {&#10;            view.showErrorDialog(&quot;Error saving file&quot;, fileId);&#10;        } catch (IOException e) {&#10;            view.showErrorDialog(&quot;Error saving file&quot;, fileId);&#10;        }&#10;    }&#10;&#10;    private final class AppViewListener implements ViewListener {&#10;&#10;        /**&#10;         * (non-Javadoc)&#10;         * &#10;         * @see org.codecover.simplejavaapp.view.AppView.ViewListener#update(org.codecover.simplejavaapp.view.AppView.ViewListener.ViewEvent,&#10;         *      java.lang.String, java.lang.Object)&#10;         */&#10;        public void update(ViewEvent viewEvent, String fileId, Object args) {&#10;            switch (viewEvent) {&#10;                case EVENT_CLOSE_WINDOW:&#10;                    onCloseWindow(fileId);&#10;                    break;&#10;                case EVENT_DELETE:&#10;                    onDelete(fileId, (String[]) args);&#10;                    break;&#10;                case EVENT_NEW_BOOK:&#10;                    onNewBook(fileId);&#10;                    break;&#10;                case EVENT_NEW_WINDOW:&#10;                    onOpenNewWindow();&#10;                    break;&#10;                case EVENT_OPEN:&#10;                    onOpen(fileId);&#10;                    break;&#10;                case EVENT_QUIT:&#10;                    onQuit(fileId, (String[]) args);&#10;                    break;&#10;                case EVENT_SAVE:&#10;                    onSave(fileId);&#10;                    break;&#10;                case EVENT_SAVE_AS:&#10;                    onSaveAs(fileId);&#10;                    break;&#10;            }&#10;        }&#10;    }&#10;}&#10;" Filename="AppController.java" Intrnl_Id="4"/>
<SrcFile Content="package org.codecover.simplejavaapp;&#10;&#10;import org.codecover.simplejavaapp.controller.AppController;&#10;&#10;/**&#10; * @author Markus Wittlinger&#10; * @version 1.0 ($Id$)&#10; */&#10;public class SimpleJavaApp {&#10;    final static boolean thisIsAMac = System.getProperty(&quot;mrj.version&quot;) != null;&#10;&#10;    /**&#10;     * @param args&#10;     */&#10;    public static void main(String[] args) {&#10;        if (thisIsAMac) {&#10;            System.setProperty(&quot;apple.laf.useScreenMenuBar&quot;, &quot;true&quot;);&#10;        }&#10;        &#10;        AppController.initialize();&#10;    }&#10;}&#10;" Filename="SimpleJavaApp.java" Intrnl_Id="5"/>
</SrcFileList>
<CritList>
<CritListEntry Name="org.codecover.model.utils.criteria.LoopCoverage" PluginName="org.codecover"/>
<CritListEntry Name="org.codecover.model.utils.criteria.BranchCoverage" PluginName="org.codecover"/>
<CritListEntry Name="org.codecover.model.utils.criteria.ConditionCoverage" PluginName="org.codecover"/>
<CritListEntry Name="org.codecover.model.utils.criteria.StatementCoverage" PluginName="org.codecover"/>
</CritList>
<BoolOpList>
<BoolOp Arity="1" Intrnl_Id="6" Name="not (!)">
<BoolAssgnmntBoolMapList>
<MapEntry BoolAssgnmnt="0" Value="true"/>
<MapEntry BoolAssgnmnt="1" Value="false"/>
</BoolAssgnmntBoolMapList>
</BoolOp>
<BoolOp Arity="2" Intrnl_Id="7" Name="conditional and (&amp;&amp;)">
<BoolAssgnmntBoolMapList>
<MapEntry BoolAssgnmnt="10" Value="false"/>
<MapEntry BoolAssgnmnt="02" Value="false"/>
<MapEntry BoolAssgnmnt="11" Value="true"/>
</BoolAssgnmntBoolMapList>
</BoolOp>
</BoolOpList>
<HierarchyLvlTypeList>
<HierarchyLvlType EnglishName="package" IntrnlName="package" Intrnl_Id="8"/>
<HierarchyLvlType EnglishName="class" IntrnlName="class" Intrnl_Id="9"/>
<HierarchyLvlType EnglishName="method" IntrnlName="method" Intrnl_Id="10"/>
<HierarchyLvlType EnglishName="default package" IntrnlName="default package" Intrnl_Id="11"/>
<HierarchyLvlType EnglishName="interface" IntrnlName="interface" Intrnl_Id="12"/>
<HierarchyLvlType EnglishName="anonymous class" IntrnlName="class" Intrnl_Id="13"/>
</HierarchyLvlTypeList>
<MASTRoot>
<HierarchyLvl HierarchyLvlId="1073" HierarchyLvlTypeId="11" Intrnl_Id="14" Name="default package">
<Header/>
<LocList/>
<HierarchyLvl HierarchyLvlId="1072" HierarchyLvlTypeId="8" Intrnl_Id="15" Name="org">
<Header/>
<LocList/>
<HierarchyLvl HierarchyLvlId="1071" HierarchyLvlTypeId="8" Intrnl_Id="16" Name="codecover">
<Header/>
<LocList/>
<HierarchyLvl HierarchyLvlId="1070" HierarchyLvlTypeId="8" Intrnl_Id="17" Name="simplejavaapp">
<Header/>
<LocList/>
<HierarchyLvl HierarchyLvlId="1068" HierarchyLvlTypeId="8" Intrnl_Id="18" Name="model">
<Header/>
<LocList/>
<HierarchyLvl HierarchyLvlId="1007" HierarchyLvlTypeId="9" Intrnl_Id="19" Name="Book">
<Header>
<Loc EndOffset="301" SrcFileId="1" StartOffset="284"/>
</Header>
<LocList>
<Loc EndOffset="4698" SrcFileId="1" StartOffset="284"/>
<Loc EndOffset="4871" SrcFileId="1" StartOffset="4869"/>
</LocList>
<StmntSeq Intrnl_Id="20">
<LocList>
<Loc EndOffset="350" SrcFileId="1" StartOffset="308"/>
<Loc EndOffset="398" SrcFileId="1" StartOffset="356"/>
<Loc EndOffset="446" SrcFileId="1" StartOffset="404"/>
<Loc EndOffset="490" SrcFileId="1" StartOffset="452"/>
<Loc EndOffset="542" SrcFileId="1" StartOffset="496"/>
<Loc EndOffset="607" SrcFileId="1" StartOffset="578"/>
<Loc EndOffset="646" SrcFileId="1" StartOffset="613"/>
<Loc EndOffset="676" SrcFileId="1" StartOffset="652"/>
<Loc EndOffset="711" SrcFileId="1" StartOffset="682"/>
</LocList>
<BasicStmnt CovItemId="S1" CovItemPrefix="org.codecover.simplejavaapp.model.Book.java" Intrnl_Id="21">
<LocList>
<Loc EndOffset="350" SrcFileId="1" StartOffset="308"/>
</LocList>
</BasicStmnt>
<BasicStmnt CovItemId="S2" CovItemPrefix="org.codecover.simplejavaapp.model.Book.java" Intrnl_Id="22">
<LocList>
<Loc EndOffset="398" SrcFileId="1" StartOffset="356"/>
</LocList>
</BasicStmnt>
<BasicStmnt CovItemId="S3" CovItemPrefix="org.codecover.simplejavaapp.model.Book.java" Intrnl_Id="23">
<LocList>
<Loc EndOffset="446" SrcFileId="1" StartOffset="404"/>
</LocList>
</BasicStmnt>
<BasicStmnt CovItemId="S4" CovItemPrefix="org.codecover.simplejavaapp.model.Book.java" Intrnl_Id="24">
<LocList>
<Loc EndOffset="490" SrcFileId="1" StartOffset="452"/>
</LocList>
</BasicStmnt>
<BasicStmnt CovItemId="S5" CovItemPrefix="org.codecover.simplejavaapp.model.Book.java" Intrnl_Id="25">
<LocList>
<Loc EndOffset="542" SrcFileId="1" StartOffset="496"/>
</LocList>
</BasicStmnt>
<BasicStmnt CovItemId="S6" CovItemPrefix="org.codecover.simplejavaapp.model.Book.java" Intrnl_Id="26">
<LocList>
<Loc EndOffset="607" SrcFileId="1" StartOffset="578"/>
</LocList>
</BasicStmnt>
<BasicStmnt CovItemId="S7" CovItemPrefix="org.codecover.simplejavaapp.model.Book.java" Intrnl_Id="27">
<LocList>
<Loc EndOffset="646" SrcFileId="1" StartOffset="613"/>
</LocList>
</BasicStmnt>
<BasicStmnt CovItemId="S8" CovItemPrefix="org.codecover.simplejavaapp.model.Book.java" Intrnl_Id="28">
<LocList>
<Loc EndOffset="676" SrcFileId="1" StartOffset="652"/>
</LocList>
</BasicStmnt>
<BasicStmnt CovItemId="S9" CovItemPrefix="org.codecover.simplejavaapp.model.Book.java" Intrnl_Id="29">
<LocList>
<Loc EndOffset="711" SrcFileId="1" StartOffset="682"/>
</LocList>
</BasicStmnt>
</StmntSeq>
<HierarchyLvl HierarchyLvlId="990" HierarchyLvlTypeId="10" Intrnl_Id="30" Name="Book">
<Header>
<Loc EndOffset="935" SrcFileId="1" StartOffset="913"/>
</Header>
<LocList>
<Loc EndOffset="965" SrcFileId="1" StartOffset="913"/>
</LocList>
<StmntSeq Intrnl_Id="31">
<LocList>
<Loc EndOffset="959" SrcFileId="1" StartOffset="946"/>
</LocList>
<BasicStmnt CovItemId="S10" CovItemPrefix="org.codecover.simplejavaapp.model.Book.java" Intrnl_Id="32">
<LocList>
<Loc EndOffset="959" SrcFileId="1" StartOffset="946"/>
</LocList>
</BasicStmnt>
</StmntSeq>
</HierarchyLvl>
<HierarchyLvl HierarchyLvlId="991" HierarchyLvlTypeId="10" Intrnl_Id="33" Name="Book">
<Header>
<Loc EndOffset="1063" SrcFileId="1" StartOffset="1050"/>
</Header>
<LocList>
<Loc EndOffset="1115" SrcFileId="1" StartOffset="1050"/>
</LocList>
<StmntSeq Intrnl_Id="34">
<LocList>
<Loc EndOffset="1109" SrcFileId="1" StartOffset="1074"/>
</LocList>
<BasicStmnt CovItemId="S11" CovItemPrefix="org.codecover.simplejavaapp.model.Book.java" Intrnl_Id="35">
<LocList>
<Loc EndOffset="1109" SrcFileId="1" StartOffset="1074"/>
</LocList>
</BasicStmnt>
</StmntSeq>
</HierarchyLvl>
<HierarchyLvl HierarchyLvlId="992" HierarchyLvlTypeId="10" Intrnl_Id="36" Name="getId">
<Header>
<Loc EndOffset="1208" SrcFileId="1" StartOffset="1187"/>
</Header>
<LocList>
<Loc EndOffset="1240" SrcFileId="1" StartOffset="1187"/>
</LocList>
<StmntSeq Intrnl_Id="37">
<LocList>
<Loc EndOffset="1234" SrcFileId="1" StartOffset="1219"/>
</LocList>
<BasicStmnt CovItemId="S12" CovItemPrefix="org.codecover.simplejavaapp.model.Book.java" Intrnl_Id="38">
<LocList>
<Loc EndOffset="1234" SrcFileId="1" StartOffset="1219"/>
</LocList>
</BasicStmnt>
</StmntSeq>
</HierarchyLvl>
<HierarchyLvl HierarchyLvlId="993" HierarchyLvlTypeId="10" Intrnl_Id="39" Name="getName">
<Header>
<Loc EndOffset="1339" SrcFileId="1" StartOffset="1316"/>
</Header>
<LocList>
<Loc EndOffset="1373" SrcFileId="1" StartOffset="1316"/>
</LocList>
<StmntSeq Intrnl_Id="40">
<LocList>
<Loc EndOffset="1367" SrcFileId="1" StartOffset="1350"/>
</LocList>
<BasicStmnt CovItemId="S13" CovItemPrefix="org.codecover.simplejavaapp.model.Book.java" Intrnl_Id="41">
<LocList>
<Loc EndOffset="1367" SrcFileId="1" StartOffset="1350"/>
</LocList>
</BasicStmnt>
</StmntSeq>
</HierarchyLvl>
<HierarchyLvl HierarchyLvlId="994" HierarchyLvlTypeId="10" Intrnl_Id="42" Name="getAuthor">
<Header>
<Loc EndOffset="1478" SrcFileId="1" StartOffset="1453"/>
</Header>
<LocList>
<Loc EndOffset="1514" SrcFileId="1" StartOffset="1453"/>
</LocList>
<StmntSeq Intrnl_Id="43">
<LocList>
<Loc EndOffset="1508" SrcFileId="1" StartOffset="1489"/>
</LocList>
<BasicStmnt CovItemId="S14" CovItemPrefix="org.codecover.simplejavaapp.model.Book.java" Intrnl_Id="44">
<LocList>
<Loc EndOffset="1508" SrcFileId="1" StartOffset="1489"/>
</LocList>
</BasicStmnt>
</StmntSeq>
</HierarchyLvl>
<HierarchyLvl HierarchyLvlId="995" HierarchyLvlTypeId="10" Intrnl_Id="45" Name="getYear">
<Header>
<Loc EndOffset="1610" SrcFileId="1" StartOffset="1590"/>
</Header>
<LocList>
<Loc EndOffset="1644" SrcFileId="1" StartOffset="1590"/>
</LocList>
<StmntSeq Intrnl_Id="46">
<LocList>
<Loc EndOffset="1638" SrcFileId="1" StartOffset="1621"/>
</LocList>
<BasicStmnt CovItemId="S15" CovItemPrefix="org.codecover.simplejavaapp.model.Book.java" Intrnl_Id="47">
<LocList>
<Loc EndOffset="1638" SrcFileId="1" StartOffset="1621"/>
</LocList>
</BasicStmnt>
</StmntSeq>
</HierarchyLvl>
<HierarchyLvl HierarchyLvlId="996" HierarchyLvlTypeId="10" Intrnl_Id="48" Name="getIsbn">
<Header>
<Loc EndOffset="1743" SrcFileId="1" StartOffset="1720"/>
</Header>
<LocList>
<Loc EndOffset="1777" SrcFileId="1" StartOffset="1720"/>
</LocList>
<StmntSeq Intrnl_Id="49">
<LocList>
<Loc EndOffset="1771" SrcFileId="1" StartOffset="1754"/>
</LocList>
<BasicStmnt CovItemId="S16" CovItemPrefix="org.codecover.simplejavaapp.model.Book.java" Intrnl_Id="50">
<LocList>
<Loc EndOffset="1771" SrcFileId="1" StartOffset="1754"/>
</LocList>
</BasicStmnt>
</StmntSeq>
</HierarchyLvl>
<HierarchyLvl HierarchyLvlId="997" HierarchyLvlTypeId="10" Intrnl_Id="51" Name="setName">
<Header>
<Loc EndOffset="1914" SrcFileId="1" StartOffset="1882"/>
</Header>
<LocList>
<Loc EndOffset="1973" SrcFileId="1" StartOffset="1882"/>
</LocList>
<StmntSeq Intrnl_Id="52">
<LocList>
<Loc EndOffset="1942" SrcFileId="1" StartOffset="1925"/>
<Loc EndOffset="1967" SrcFileId="1" StartOffset="1951"/>
</LocList>
<BasicStmnt CovItemId="S17" CovItemPrefix="org.codecover.simplejavaapp.model.Book.java" Intrnl_Id="53">
<LocList>
<Loc EndOffset="1942" SrcFileId="1" StartOffset="1925"/>
</LocList>
</BasicStmnt>
<BasicStmnt CovItemId="S18" CovItemPrefix="org.codecover.simplejavaapp.model.Book.java" Intrnl_Id="54">
<LocList>
<Loc EndOffset="1967" SrcFileId="1" StartOffset="1951"/>
</LocList>
</BasicStmnt>
</StmntSeq>
</HierarchyLvl>
<HierarchyLvl HierarchyLvlId="998" HierarchyLvlTypeId="10" Intrnl_Id="55" Name="setAuthor">
<Header>
<Loc EndOffset="2120" SrcFileId="1" StartOffset="2084"/>
</Header>
<LocList>
<Loc EndOffset="2183" SrcFileId="1" StartOffset="2084"/>
</LocList>
<StmntSeq Intrnl_Id="56">
<LocList>
<Loc EndOffset="2152" SrcFileId="1" StartOffset="2131"/>
<Loc EndOffset="2177" SrcFileId="1" StartOffset="2161"/>
</LocList>
<BasicStmnt CovItemId="S19" CovItemPrefix="org.codecover.simplejavaapp.model.Book.java" Intrnl_Id="57">
<LocList>
<Loc EndOffset="2152" SrcFileId="1" StartOffset="2131"/>
</LocList>
</BasicStmnt>
<BasicStmnt CovItemId="S20" CovItemPrefix="org.codecover.simplejavaapp.model.Book.java" Intrnl_Id="58">
<LocList>
<Loc EndOffset="2177" SrcFileId="1" StartOffset="2161"/>
</LocList>
</BasicStmnt>
</StmntSeq>
</HierarchyLvl>
<HierarchyLvl HierarchyLvlId="999" HierarchyLvlTypeId="10" Intrnl_Id="59" Name="setYear">
<Header>
<Loc EndOffset="2317" SrcFileId="1" StartOffset="2288"/>
</Header>
<LocList>
<Loc EndOffset="2376" SrcFileId="1" StartOffset="2288"/>
</LocList>
<StmntSeq Intrnl_Id="60">
<LocList>
<Loc EndOffset="2345" SrcFileId="1" StartOffset="2328"/>
<Loc EndOffset="2370" SrcFileId="1" StartOffset="2354"/>
</LocList>
<BasicStmnt CovItemId="S21" CovItemPrefix="org.codecover.simplejavaapp.model.Book.java" Intrnl_Id="61">
<LocList>
<Loc EndOffset="2345" SrcFileId="1" StartOffset="2328"/>
</LocList>
</BasicStmnt>
<BasicStmnt CovItemId="S22" CovItemPrefix="org.codecover.simplejavaapp.model.Book.java" Intrnl_Id="62">
<LocList>
<Loc EndOffset="2370" SrcFileId="1" StartOffset="2354"/>
</LocList>
</BasicStmnt>
</StmntSeq>
</HierarchyLvl>
<HierarchyLvl HierarchyLvlId="1000" HierarchyLvlTypeId="10" Intrnl_Id="63" Name="setIsbn">
<Header>
<Loc EndOffset="2513" SrcFileId="1" StartOffset="2481"/>
</Header>
<LocList>
<Loc EndOffset="2572" SrcFileId="1" StartOffset="2481"/>
</LocList>
<StmntSeq Intrnl_Id="64">
<LocList>
<Loc EndOffset="2541" SrcFileId="1" StartOffset="2524"/>
<Loc EndOffset="2566" SrcFileId="1" StartOffset="2550"/>
</LocList>
<BasicStmnt CovItemId="S23" CovItemPrefix="org.codecover.simplejavaapp.model.Book.java" Intrnl_Id="65">
<LocList>
<Loc EndOffset="2541" SrcFileId="1" StartOffset="2524"/>
</LocList>
</BasicStmnt>
<BasicStmnt CovItemId="S24" CovItemPrefix="org.codecover.simplejavaapp.model.Book.java" Intrnl_Id="66">
<LocList>
<Loc EndOffset="2566" SrcFileId="1" StartOffset="2550"/>
</LocList>
</BasicStmnt>
</StmntSeq>
</HierarchyLvl>
<HierarchyLvl HierarchyLvlId="1001" HierarchyLvlTypeId="10" Intrnl_Id="67" Name="notifiyChange">
<Header>
<Loc EndOffset="2606" SrcFileId="1" StartOffset="2578"/>
</Header>
<LocList>
<Loc EndOffset="2721" SrcFileId="1" StartOffset="2578"/>
</LocList>
<StmntSeq Intrnl_Id="68">
<LocList>
<Loc EndOffset="2675" SrcFileId="1" StartOffset="2617"/>
<Loc EndOffset="2715" SrcFileId="1" StartOffset="2685"/>
</LocList>
<CondStmnt CovItemId="S25" CovItemPrefix="org.codecover.simplejavaapp.model.Book.java" Intrnl_Id="69">
<Branch CovItemId="B1" CovItemPrefix="org.codecover.simplejavaapp.model.Book.java" Implct="false" Intrnl_Id="70">
<Cond/>
<LocList>
<Loc EndOffset="2675" SrcFileId="1" StartOffset="2644"/>
</LocList>
<StmntSeq Intrnl_Id="71">
<LocList>
<Loc EndOffset="2665" SrcFileId="1" StartOffset="2658"/>
</LocList>
<BasicStmnt CovItemId="S26" CovItemPrefix="org.codecover.simplejavaapp.model.Book.java" Intrnl_Id="72">
<LocList>
<Loc EndOffset="2665" SrcFileId="1" StartOffset="2658"/>
</LocList>
</BasicStmnt>
</StmntSeq>
</Branch>
<Branch CovItemId="B2" CovItemPrefix="org.codecover.simplejavaapp.model.Book.java" Implct="true" Intrnl_Id="73">
<Cond/>
<LocList/>
<StmntSeq Intrnl_Id="74">
<LocList/>
</StmntSeq>
</Branch>
<Keyword EndOffset="2619" SrcFileId="1" StartOffset="2617"/>
<LocList>
<Loc EndOffset="2675" SrcFileId="1" StartOffset="2617"/>
</LocList>
<RootTerm CovItemId="C1" CovItemPrefix="org.codecover.simplejavaapp.model.Book.java" Intrnl_Id="75">
<BasicBoolTerm Intrnl_Id="76">
<LocList>
<Loc EndOffset="2642" SrcFileId="1" StartOffset="2621"/>
</LocList>
</BasicBoolTerm>
</RootTerm>
</CondStmnt>
<BasicStmnt CovItemId="S27" CovItemPrefix="org.codecover.simplejavaapp.model.Book.java" Intrnl_Id="77">
<LocList>
<Loc EndOffset="2715" SrcFileId="1" StartOffset="2685"/>
</LocList>
</BasicStmnt>
</StmntSeq>
</HierarchyLvl>
<HierarchyLvl HierarchyLvlId="1002" HierarchyLvlTypeId="10" Intrnl_Id="78" Name="setBookModifyListener">
<Header>
<Loc EndOffset="2976" SrcFileId="1" StartOffset="2914"/>
</Header>
<LocList>
<Loc EndOffset="3018" SrcFileId="1" StartOffset="2914"/>
</LocList>
<StmntSeq Intrnl_Id="79">
<LocList>
<Loc EndOffset="3012" SrcFileId="1" StartOffset="2987"/>
</LocList>
<BasicStmnt CovItemId="S28" CovItemPrefix="org.codecover.simplejavaapp.model.Book.java" Intrnl_Id="80">
<LocList>
<Loc EndOffset="3012" SrcFileId="1" StartOffset="2987"/>
</LocList>
</BasicStmnt>
</StmntSeq>
</HierarchyLvl>
<HierarchyLvl HierarchyLvlId="1003" HierarchyLvlTypeId="10" Intrnl_Id="81" Name="getXMLRepresentation">
<Header>
<Loc EndOffset="3347" SrcFileId="1" StartOffset="3295"/>
</Header>
<LocList>
<Loc EndOffset="3821" SrcFileId="1" StartOffset="3295"/>
</LocList>
<StmntSeq Intrnl_Id="82">
<LocList>
<Loc EndOffset="3451" SrcFileId="1" StartOffset="3358"/>
<Loc EndOffset="3512" SrcFileId="1" StartOffset="3461"/>
<Loc EndOffset="3568" SrcFileId="1" StartOffset="3522"/>
<Loc EndOffset="3615" SrcFileId="1" StartOffset="3577"/>
<Loc EndOffset="3666" SrcFileId="1" StartOffset="3624"/>
<Loc EndOffset="3717" SrcFileId="1" StartOffset="3675"/>
<Loc EndOffset="3786" SrcFileId="1" StartOffset="3726"/>
<Loc EndOffset="3815" SrcFileId="1" StartOffset="3796"/>
</LocList>
<CondStmnt CovItemId="S29" CovItemPrefix="org.codecover.simplejavaapp.model.Book.java" Intrnl_Id="83">
<Branch CovItemId="B3" CovItemPrefix="org.codecover.simplejavaapp.model.Book.java" Implct="false" Intrnl_Id="84">
<Cond/>
<LocList>
<Loc EndOffset="3451" SrcFileId="1" StartOffset="3378"/>
</LocList>
<StmntSeq Intrnl_Id="85">
<LocList>
<Loc EndOffset="3441" SrcFileId="1" StartOffset="3392"/>
</LocList>
<BasicStmnt CovItemId="S30" CovItemPrefix="org.codecover.simplejavaapp.model.Book.java" Intrnl_Id="86">
<LocList>
<Loc EndOffset="3441" SrcFileId="1" StartOffset="3392"/>
</LocList>
</BasicStmnt>
</StmntSeq>
</Branch>
<Branch CovItemId="B4" CovItemPrefix="org.codecover.simplejavaapp.model.Book.java" Implct="true" Intrnl_Id="87">
<Cond/>
<LocList/>
<StmntSeq Intrnl_Id="88">
<LocList/>
</StmntSeq>
</Branch>
<Keyword EndOffset="3360" SrcFileId="1" StartOffset="3358"/>
<LocList>
<Loc EndOffset="3451" SrcFileId="1" StartOffset="3358"/>
</LocList>
<RootTerm CovItemId="C2" CovItemPrefix="org.codecover.simplejavaapp.model.Book.java" Intrnl_Id="89">
<BasicBoolTerm Intrnl_Id="90">
<LocList>
<Loc EndOffset="3376" SrcFileId="1" StartOffset="3362"/>
</LocList>
</BasicBoolTerm>
</RootTerm>
</CondStmnt>
<BasicStmnt CovItemId="S31" CovItemPrefix="org.codecover.simplejavaapp.model.Book.java" Intrnl_Id="91">
<LocList>
<Loc EndOffset="3512" SrcFileId="1" StartOffset="3461"/>
</LocList>
</BasicStmnt>
<BasicStmnt CovItemId="S32" CovItemPrefix="org.codecover.simplejavaapp.model.Book.java" Intrnl_Id="92">
<LocList>
<Loc EndOffset="3568" SrcFileId="1" StartOffset="3522"/>
</LocList>
</BasicStmnt>
<BasicStmnt CovItemId="S33" CovItemPrefix="org.codecover.simplejavaapp.model.Book.java" Intrnl_Id="93">
<LocList>
<Loc EndOffset="3615" SrcFileId="1" StartOffset="3577"/>
</LocList>
</BasicStmnt>
<BasicStmnt CovItemId="S34" CovItemPrefix="org.codecover.simplejavaapp.model.Book.java" Intrnl_Id="94">
<LocList>
<Loc EndOffset="3666" SrcFileId="1" StartOffset="3624"/>
</LocList>
</BasicStmnt>
<BasicStmnt CovItemId="S35" CovItemPrefix="org.codecover.simplejavaapp.model.Book.java" Intrnl_Id="95">
<LocList>
<Loc EndOffset="3717" SrcFileId="1" StartOffset="3675"/>
</LocList>
</BasicStmnt>
<BasicStmnt CovItemId="S36" CovItemPrefix="org.codecover.simplejavaapp.model.Book.java" Intrnl_Id="96">
<LocList>
<Loc EndOffset="3786" SrcFileId="1" StartOffset="3726"/>
</LocList>
</BasicStmnt>
<BasicStmnt CovItemId="S37" CovItemPrefix="org.codecover.simplejavaapp.model.Book.java" Intrnl_Id="97">
<LocList>
<Loc EndOffset="3815" SrcFileId="1" StartOffset="3796"/>
</LocList>
</BasicStmnt>
</StmntSeq>
</HierarchyLvl>
<HierarchyLvl HierarchyLvlId="1004" HierarchyLvlTypeId="10" Intrnl_Id="98" Name="getBookFromXML">
<Header>
<Loc EndOffset="4100" SrcFileId="1" StartOffset="4050"/>
</Header>
<LocList>
<Loc EndOffset="4550" SrcFileId="1" StartOffset="4050"/>
</LocList>
<StmntSeq Intrnl_Id="99">
<LocList>
<Loc EndOffset="4156" SrcFileId="1" StartOffset="4111"/>
<Loc EndOffset="4202" SrcFileId="1" StartOffset="4165"/>
<Loc EndOffset="4252" SrcFileId="1" StartOffset="4211"/>
<Loc EndOffset="4302" SrcFileId="1" StartOffset="4261"/>
<Loc EndOffset="4352" SrcFileId="1" StartOffset="4311"/>
<Loc EndOffset="4387" SrcFileId="1" StartOffset="4362"/>
<Loc EndOffset="4420" SrcFileId="1" StartOffset="4397"/>
<Loc EndOffset="4448" SrcFileId="1" StartOffset="4429"/>
<Loc EndOffset="4476" SrcFileId="1" StartOffset="4457"/>
<Loc EndOffset="4522" SrcFileId="1" StartOffset="4485"/>
<Loc EndOffset="4544" SrcFileId="1" StartOffset="4532"/>
</LocList>
<BasicStmnt CovItemId="S38" CovItemPrefix="org.codecover.simplejavaapp.model.Book.java" Intrnl_Id="100">
<LocList>
<Loc EndOffset="4156" SrcFileId="1" StartOffset="4111"/>
</LocList>
</BasicStmnt>
<BasicStmnt CovItemId="S39" CovItemPrefix="org.codecover.simplejavaapp.model.Book.java" Intrnl_Id="101">
<LocList>
<Loc EndOffset="4202" SrcFileId="1" StartOffset="4165"/>
</LocList>
</BasicStmnt>
<BasicStmnt CovItemId="S40" CovItemPrefix="org.codecover.simplejavaapp.model.Book.java" Intrnl_Id="102">
<LocList>
<Loc EndOffset="4252" SrcFileId="1" StartOffset="4211"/>
</LocList>
</BasicStmnt>
<BasicStmnt CovItemId="S41" CovItemPrefix="org.codecover.simplejavaapp.model.Book.java" Intrnl_Id="103">
<LocList>
<Loc EndOffset="4302" SrcFileId="1" StartOffset="4261"/>
</LocList>
</BasicStmnt>
<BasicStmnt CovItemId="S42" CovItemPrefix="org.codecover.simplejavaapp.model.Book.java" Intrnl_Id="104">
<LocList>
<Loc EndOffset="4352" SrcFileId="1" StartOffset="4311"/>
</LocList>
</BasicStmnt>
<BasicStmnt CovItemId="S43" CovItemPrefix="org.codecover.simplejavaapp.model.Book.java" Intrnl_Id="105">
<LocList>
<Loc EndOffset="4387" SrcFileId="1" StartOffset="4362"/>
</LocList>
</BasicStmnt>
<BasicStmnt CovItemId="S44" CovItemPrefix="org.codecover.simplejavaapp.model.Book.java" Intrnl_Id="106">
<LocList>
<Loc EndOffset="4420" SrcFileId="1" StartOffset="4397"/>
</LocList>
</BasicStmnt>
<BasicStmnt CovItemId="S45" CovItemPrefix="org.codecover.simplejavaapp.model.Book.java" Intrnl_Id="107">
<LocList>
<Loc EndOffset="4448" SrcFileId="1" StartOffset="4429"/>
</LocList>
</BasicStmnt>
<BasicStmnt CovItemId="S46" CovItemPrefix="org.codecover.simplejavaapp.model.Book.java" Intrnl_Id="108">
<LocList>
<Loc EndOffset="4476" SrcFileId="1" StartOffset="4457"/>
</LocList>
</BasicStmnt>
<BasicStmnt CovItemId="S47" CovItemPrefix="org.codecover.simplejavaapp.model.Book.java" Intrnl_Id="109">
<LocList>
<Loc EndOffset="4522" SrcFileId="1" StartOffset="4485"/>
</LocList>
</BasicStmnt>
<BasicStmnt CovItemId="S48" CovItemPrefix="org.codecover.simplejavaapp.model.Book.java" Intrnl_Id="110">
<LocList>
<Loc EndOffset="4544" SrcFileId="1" StartOffset="4532"/>
</LocList>
</BasicStmnt>
</StmntSeq>
</HierarchyLvl>
<HierarchyLvl HierarchyLvlId="1006" HierarchyLvlTypeId="12" Intrnl_Id="111" Name="BookModifyListener">
<Header>
<Loc EndOffset="4733" SrcFileId="1" StartOffset="4698"/>
</Header>
<LocList>
<Loc EndOffset="4869" SrcFileId="1" StartOffset="4698"/>
</LocList>
<HierarchyLvl HierarchyLvlId="1005" HierarchyLvlTypeId="10" Intrnl_Id="112" Name="stateModified">
<Header>
<Loc EndOffset="4862" SrcFileId="1" StartOffset="4835"/>
</Header>
<LocList>
<Loc EndOffset="4863" SrcFileId="1" StartOffset="4835"/>
</LocList>
</HierarchyLvl>
</HierarchyLvl>
</HierarchyLvl>
<HierarchyLvl HierarchyLvlId="1026" HierarchyLvlTypeId="9" Intrnl_Id="113" Name="AppModel">
<Header>
<Loc EndOffset="414" SrcFileId="2" StartOffset="393"/>
</Header>
<LocList>
<Loc EndOffset="8002" SrcFileId="2" StartOffset="393"/>
<Loc EndOffset="8438" SrcFileId="2" StartOffset="8436"/>
</LocList>
<HierarchyLvl HierarchyLvlId="1008" HierarchyLvlTypeId="10" Intrnl_Id="114" Name="getInstance">
<Header>
<Loc EndOffset="695" SrcFileId="2" StartOffset="659"/>
</Header>
<LocList>
<Loc EndOffset="810" SrcFileId="2" StartOffset="659"/>
</LocList>
<StmntSeq Intrnl_Id="115">
<LocList>
<Loc EndOffset="778" SrcFileId="2" StartOffset="706"/>
<Loc EndOffset="804" SrcFileId="2" StartOffset="788"/>
</LocList>
<CondStmnt CovItemId="S1" CovItemPrefix="org.codecover.simplejavaapp.model.AppModel.java" Intrnl_Id="116">
<Branch CovItemId="B1" CovItemPrefix="org.codecover.simplejavaapp.model.AppModel.java" Implct="false" Intrnl_Id="117">
<Cond/>
<LocList>
<Loc EndOffset="778" SrcFileId="2" StartOffset="728"/>
</LocList>
<StmntSeq Intrnl_Id="118">
<LocList>
<Loc EndOffset="768" SrcFileId="2" StartOffset="742"/>
</LocList>
<BasicStmnt CovItemId="S2" CovItemPrefix="org.codecover.simplejavaapp.model.AppModel.java" Intrnl_Id="119">
<LocList>
<Loc EndOffset="768" SrcFileId="2" StartOffset="742"/>
</LocList>
</BasicStmnt>
</StmntSeq>
</Branch>
<Branch CovItemId="B2" CovItemPrefix="org.codecover.simplejavaapp.model.AppModel.java" Implct="true" Intrnl_Id="120">
<Cond/>
<LocList/>
<StmntSeq Intrnl_Id="121">
<LocList/>
</StmntSeq>
</Branch>
<Keyword EndOffset="708" SrcFileId="2" StartOffset="706"/>
<LocList>
<Loc EndOffset="778" SrcFileId="2" StartOffset="706"/>
</LocList>
<RootTerm CovItemId="C1" CovItemPrefix="org.codecover.simplejavaapp.model.AppModel.java" Intrnl_Id="122">
<BasicBoolTerm Intrnl_Id="123">
<LocList>
<Loc EndOffset="726" SrcFileId="2" StartOffset="710"/>
</LocList>
</BasicBoolTerm>
</RootTerm>
</CondStmnt>
<BasicStmnt CovItemId="S3" CovItemPrefix="org.codecover.simplejavaapp.model.AppModel.java" Intrnl_Id="124">
<LocList>
<Loc EndOffset="804" SrcFileId="2" StartOffset="788"/>
</LocList>
</BasicStmnt>
</StmntSeq>
</HierarchyLvl>
<HierarchyLvl HierarchyLvlId="1009" HierarchyLvlTypeId="10" Intrnl_Id="125" Name="AppModel">
<Header>
<Loc EndOffset="834" SrcFileId="2" StartOffset="816"/>
</Header>
<LocList>
<Loc EndOffset="898" SrcFileId="2" StartOffset="816"/>
</LocList>
<StmntSeq Intrnl_Id="126">
<LocList>
<Loc EndOffset="892" SrcFileId="2" StartOffset="845"/>
</LocList>
<BasicStmnt CovItemId="S4" CovItemPrefix="org.codecover.simplejavaapp.model.AppModel.java" Intrnl_Id="127">
<LocList>
<Loc EndOffset="892" SrcFileId="2" StartOffset="845"/>
</LocList>
</BasicStmnt>
</StmntSeq>
</HierarchyLvl>
<HierarchyLvl HierarchyLvlId="1010" HierarchyLvlTypeId="10" Intrnl_Id="128" Name="newFile">
<Header>
<Loc EndOffset="1064" SrcFileId="2" StartOffset="1041"/>
</Header>
<LocList>
<Loc EndOffset="1179" SrcFileId="2" StartOffset="1041"/>
</LocList>
<StmntSeq Intrnl_Id="129">
<LocList>
<Loc EndOffset="1111" SrcFileId="2" StartOffset="1075"/>
<Loc EndOffset="1140" SrcFileId="2" StartOffset="1120"/>
<Loc EndOffset="1173" SrcFileId="2" StartOffset="1150"/>
</LocList>
<BasicStmnt CovItemId="S5" CovItemPrefix="org.codecover.simplejavaapp.model.AppModel.java" Intrnl_Id="130">
<LocList>
<Loc EndOffset="1111" SrcFileId="2" StartOffset="1075"/>
</LocList>
</BasicStmnt>
<BasicStmnt CovItemId="S6" CovItemPrefix="org.codecover.simplejavaapp.model.AppModel.java" Intrnl_Id="131">
<LocList>
<Loc EndOffset="1140" SrcFileId="2" StartOffset="1120"/>
</LocList>
</BasicStmnt>
<BasicStmnt CovItemId="S7" CovItemPrefix="org.codecover.simplejavaapp.model.AppModel.java" Intrnl_Id="132">
<LocList>
<Loc EndOffset="1173" SrcFileId="2" StartOffset="1150"/>
</LocList>
</BasicStmnt>
</StmntSeq>
</HierarchyLvl>
<HierarchyLvl HierarchyLvlId="1011" HierarchyLvlTypeId="10" Intrnl_Id="133" Name="loadFile">
<Header>
<Loc EndOffset="1606" SrcFileId="2" StartOffset="1498"/>
</Header>
<LocList>
<Loc EndOffset="1828" SrcFileId="2" StartOffset="1498"/>
</LocList>
<StmntSeq Intrnl_Id="134">
<LocList>
<Loc EndOffset="1706" SrcFileId="2" StartOffset="1617"/>
<Loc EndOffset="1760" SrcFileId="2" StartOffset="1716"/>
<Loc EndOffset="1789" SrcFileId="2" StartOffset="1769"/>
<Loc EndOffset="1822" SrcFileId="2" StartOffset="1799"/>
</LocList>
<CondStmnt CovItemId="S8" CovItemPrefix="org.codecover.simplejavaapp.model.AppModel.java" Intrnl_Id="135">
<Branch CovItemId="B3" CovItemPrefix="org.codecover.simplejavaapp.model.AppModel.java" Implct="false" Intrnl_Id="136">
<Cond/>
<LocList>
<Loc EndOffset="1706" SrcFileId="2" StartOffset="1635"/>
</LocList>
<StmntSeq Intrnl_Id="137">
<LocList>
<Loc EndOffset="1696" SrcFileId="2" StartOffset="1649"/>
</LocList>
<BasicStmnt CovItemId="S9" CovItemPrefix="org.codecover.simplejavaapp.model.AppModel.java" Intrnl_Id="138">
<LocList>
<Loc EndOffset="1696" SrcFileId="2" StartOffset="1649"/>
</LocList>
</BasicStmnt>
</StmntSeq>
</Branch>
<Branch CovItemId="B4" CovItemPrefix="org.codecover.simplejavaapp.model.AppModel.java" Implct="true" Intrnl_Id="139">
<Cond/>
<LocList/>
<StmntSeq Intrnl_Id="140">
<LocList/>
</StmntSeq>
</Branch>
<Keyword EndOffset="1619" SrcFileId="2" StartOffset="1617"/>
<LocList>
<Loc EndOffset="1706" SrcFileId="2" StartOffset="1617"/>
</LocList>
<RootTerm CovItemId="C2" CovItemPrefix="org.codecover.simplejavaapp.model.AppModel.java" Intrnl_Id="141">
<BasicBoolTerm Intrnl_Id="142">
<LocList>
<Loc EndOffset="1633" SrcFileId="2" StartOffset="1621"/>
</LocList>
</BasicBoolTerm>
</RootTerm>
</CondStmnt>
<BasicStmnt CovItemId="S10" CovItemPrefix="org.codecover.simplejavaapp.model.AppModel.java" Intrnl_Id="143">
<LocList>
<Loc EndOffset="1760" SrcFileId="2" StartOffset="1716"/>
</LocList>
</BasicStmnt>
<BasicStmnt CovItemId="S11" CovItemPrefix="org.codecover.simplejavaapp.model.AppModel.java" Intrnl_Id="144">
<LocList>
<Loc EndOffset="1789" SrcFileId="2" StartOffset="1769"/>
</LocList>
</BasicStmnt>
<BasicStmnt CovItemId="S12" CovItemPrefix="org.codecover.simplejavaapp.model.AppModel.java" Intrnl_Id="145">
<LocList>
<Loc EndOffset="1822" SrcFileId="2" StartOffset="1799"/>
</LocList>
</BasicStmnt>
</StmntSeq>
</HierarchyLvl>
<HierarchyLvl HierarchyLvlId="1012" HierarchyLvlTypeId="10" Intrnl_Id="146" Name="saveFile">
<Header>
<Loc EndOffset="2327" SrcFileId="2" StartOffset="2186"/>
</Header>
<LocList>
<Loc EndOffset="2516" SrcFileId="2" StartOffset="2186"/>
</LocList>
<StmntSeq Intrnl_Id="147">
<LocList>
<Loc EndOffset="2427" SrcFileId="2" StartOffset="2338"/>
<Loc EndOffset="2474" SrcFileId="2" StartOffset="2437"/>
<Loc EndOffset="2510" SrcFileId="2" StartOffset="2484"/>
</LocList>
<CondStmnt CovItemId="S13" CovItemPrefix="org.codecover.simplejavaapp.model.AppModel.java" Intrnl_Id="148">
<Branch CovItemId="B5" CovItemPrefix="org.codecover.simplejavaapp.model.AppModel.java" Implct="false" Intrnl_Id="149">
<Cond/>
<LocList>
<Loc EndOffset="2427" SrcFileId="2" StartOffset="2356"/>
</LocList>
<StmntSeq Intrnl_Id="150">
<LocList>
<Loc EndOffset="2417" SrcFileId="2" StartOffset="2370"/>
</LocList>
<BasicStmnt CovItemId="S14" CovItemPrefix="org.codecover.simplejavaapp.model.AppModel.java" Intrnl_Id="151">
<LocList>
<Loc EndOffset="2417" SrcFileId="2" StartOffset="2370"/>
</LocList>
</BasicStmnt>
</StmntSeq>
</Branch>
<Branch CovItemId="B6" CovItemPrefix="org.codecover.simplejavaapp.model.AppModel.java" Implct="true" Intrnl_Id="152">
<Cond/>
<LocList/>
<StmntSeq Intrnl_Id="153">
<LocList/>
</StmntSeq>
</Branch>
<Keyword EndOffset="2340" SrcFileId="2" StartOffset="2338"/>
<LocList>
<Loc EndOffset="2427" SrcFileId="2" StartOffset="2338"/>
</LocList>
<RootTerm CovItemId="C3" CovItemPrefix="org.codecover.simplejavaapp.model.AppModel.java" Intrnl_Id="154">
<BasicBoolTerm Intrnl_Id="155">
<LocList>
<Loc EndOffset="2354" SrcFileId="2" StartOffset="2342"/>
</LocList>
</BasicBoolTerm>
</RootTerm>
</CondStmnt>
<BasicStmnt CovItemId="S15" CovItemPrefix="org.codecover.simplejavaapp.model.AppModel.java" Intrnl_Id="156">
<LocList>
<Loc EndOffset="2474" SrcFileId="2" StartOffset="2437"/>
</LocList>
</BasicStmnt>
<BasicStmnt CovItemId="S16" CovItemPrefix="org.codecover.simplejavaapp.model.AppModel.java" Intrnl_Id="157">
<LocList>
<Loc EndOffset="2510" SrcFileId="2" StartOffset="2484"/>
</LocList>
</BasicStmnt>
</StmntSeq>
</HierarchyLvl>
<HierarchyLvl HierarchyLvlId="1013" HierarchyLvlTypeId="10" Intrnl_Id="158" Name="closeFile">
<Header>
<Loc EndOffset="3029" SrcFileId="2" StartOffset="2975"/>
</Header>
<LocList>
<Loc EndOffset="3181" SrcFileId="2" StartOffset="2975"/>
</LocList>
<StmntSeq Intrnl_Id="159">
<LocList>
<Loc EndOffset="3115" SrcFileId="2" StartOffset="3040"/>
<Loc EndOffset="3154" SrcFileId="2" StartOffset="3125"/>
<Loc EndOffset="3175" SrcFileId="2" StartOffset="3163"/>
</LocList>
<CondStmnt CovItemId="S17" CovItemPrefix="org.codecover.simplejavaapp.model.AppModel.java" Intrnl_Id="160">
<Branch CovItemId="B7" CovItemPrefix="org.codecover.simplejavaapp.model.AppModel.java" Implct="false" Intrnl_Id="161">
<Cond/>
<LocList>
<Loc EndOffset="3115" SrcFileId="2" StartOffset="3078"/>
</LocList>
<StmntSeq Intrnl_Id="162">
<LocList>
<Loc EndOffset="3105" SrcFileId="2" StartOffset="3092"/>
</LocList>
<BasicStmnt CovItemId="S18" CovItemPrefix="org.codecover.simplejavaapp.model.AppModel.java" Intrnl_Id="163">
<LocList>
<Loc EndOffset="3105" SrcFileId="2" StartOffset="3092"/>
</LocList>
</BasicStmnt>
</StmntSeq>
</Branch>
<Branch CovItemId="B8" CovItemPrefix="org.codecover.simplejavaapp.model.AppModel.java" Implct="true" Intrnl_Id="164">
<Cond/>
<LocList/>
<StmntSeq Intrnl_Id="165">
<LocList/>
</StmntSeq>
</Branch>
<Keyword EndOffset="3042" SrcFileId="2" StartOffset="3040"/>
<LocList>
<Loc EndOffset="3115" SrcFileId="2" StartOffset="3040"/>
</LocList>
<RootTerm CovItemId="C4" CovItemPrefix="org.codecover.simplejavaapp.model.AppModel.java" Intrnl_Id="166">
<OpTerm BooleanOpId="7" Intrnl_Id="167">
<BasicBoolTerm Intrnl_Id="168">
<LocList>
<Loc EndOffset="3066" SrcFileId="2" StartOffset="3044"/>
</LocList>
</BasicBoolTerm>
<OpTerm BooleanOpId="6" Intrnl_Id="169">
<BasicBoolTerm Intrnl_Id="170">
<LocList>
<Loc EndOffset="3076" SrcFileId="2" StartOffset="3071"/>
</LocList>
</BasicBoolTerm>
<LocList>
<Loc EndOffset="3071" SrcFileId="2" StartOffset="3070"/>
</LocList>
</OpTerm>
<LocList>
<Loc EndOffset="3069" SrcFileId="2" StartOffset="3067"/>
</LocList>
</OpTerm>
</RootTerm>
</CondStmnt>
<BasicStmnt CovItemId="S19" CovItemPrefix="org.codecover.simplejavaapp.model.AppModel.java" Intrnl_Id="171">
<LocList>
<Loc EndOffset="3154" SrcFileId="2" StartOffset="3125"/>
</LocList>
</BasicStmnt>
<BasicStmnt CovItemId="S20" CovItemPrefix="org.codecover.simplejavaapp.model.AppModel.java" Intrnl_Id="172">
<LocList>
<Loc EndOffset="3175" SrcFileId="2" StartOffset="3163"/>
</LocList>
</BasicStmnt>
</StmntSeq>
</HierarchyLvl>
<HierarchyLvl HierarchyLvlId="1014" HierarchyLvlTypeId="10" Intrnl_Id="173" Name="putAppFile">
<Header>
<Loc EndOffset="3265" SrcFileId="2" StartOffset="3225"/>
</Header>
<LocList>
<Loc EndOffset="3326" SrcFileId="2" StartOffset="3225"/>
</LocList>
<StmntSeq Intrnl_Id="174">
<LocList>
<Loc EndOffset="3320" SrcFileId="2" StartOffset="3276"/>
</LocList>
<BasicStmnt CovItemId="S21" CovItemPrefix="org.codecover.simplejavaapp.model.AppModel.java" Intrnl_Id="175">
<LocList>
<Loc EndOffset="3320" SrcFileId="2" StartOffset="3276"/>
</LocList>
</BasicStmnt>
</StmntSeq>
</HierarchyLvl>
<HierarchyLvl HierarchyLvlId="1015" HierarchyLvlTypeId="10" Intrnl_Id="176" Name="getBooksInFile">
<Header>
<Loc EndOffset="3608" SrcFileId="2" StartOffset="3561"/>
</Header>
<LocList>
<Loc EndOffset="3698" SrcFileId="2" StartOffset="3561"/>
</LocList>
<StmntSeq Intrnl_Id="177">
<LocList>
<Loc EndOffset="3656" SrcFileId="2" StartOffset="3619"/>
<Loc EndOffset="3692" SrcFileId="2" StartOffset="3666"/>
</LocList>
<BasicStmnt CovItemId="S22" CovItemPrefix="org.codecover.simplejavaapp.model.AppModel.java" Intrnl_Id="178">
<LocList>
<Loc EndOffset="3656" SrcFileId="2" StartOffset="3619"/>
</LocList>
</BasicStmnt>
<BasicStmnt CovItemId="S23" CovItemPrefix="org.codecover.simplejavaapp.model.AppModel.java" Intrnl_Id="179">
<LocList>
<Loc EndOffset="3692" SrcFileId="2" StartOffset="3666"/>
</LocList>
</BasicStmnt>
</StmntSeq>
</HierarchyLvl>
<HierarchyLvl HierarchyLvlId="1016" HierarchyLvlTypeId="10" Intrnl_Id="180" Name="getBooksInFile">
<Header>
<Loc EndOffset="4112" SrcFileId="2" StartOffset="4056"/>
</Header>
<LocList>
<Loc EndOffset="4310" SrcFileId="2" StartOffset="4056"/>
</LocList>
<StmntSeq Intrnl_Id="181">
<LocList>
<Loc EndOffset="4216" SrcFileId="2" StartOffset="4123"/>
<Loc EndOffset="4263" SrcFileId="2" StartOffset="4226"/>
<Loc EndOffset="4304" SrcFileId="2" StartOffset="4273"/>
</LocList>
<CondStmnt CovItemId="S24" CovItemPrefix="org.codecover.simplejavaapp.model.AppModel.java" Intrnl_Id="182">
<Branch CovItemId="B9" CovItemPrefix="org.codecover.simplejavaapp.model.AppModel.java" Implct="false" Intrnl_Id="183">
<Cond/>
<LocList>
<Loc EndOffset="4216" SrcFileId="2" StartOffset="4143"/>
</LocList>
<StmntSeq Intrnl_Id="184">
<LocList>
<Loc EndOffset="4206" SrcFileId="2" StartOffset="4157"/>
</LocList>
<BasicStmnt CovItemId="S25" CovItemPrefix="org.codecover.simplejavaapp.model.AppModel.java" Intrnl_Id="185">
<LocList>
<Loc EndOffset="4206" SrcFileId="2" StartOffset="4157"/>
</LocList>
</BasicStmnt>
</StmntSeq>
</Branch>
<Branch CovItemId="B10" CovItemPrefix="org.codecover.simplejavaapp.model.AppModel.java" Implct="true" Intrnl_Id="186">
<Cond/>
<LocList/>
<StmntSeq Intrnl_Id="187">
<LocList/>
</StmntSeq>
</Branch>
<Keyword EndOffset="4125" SrcFileId="2" StartOffset="4123"/>
<LocList>
<Loc EndOffset="4216" SrcFileId="2" StartOffset="4123"/>
</LocList>
<RootTerm CovItemId="C5" CovItemPrefix="org.codecover.simplejavaapp.model.AppModel.java" Intrnl_Id="188">
<BasicBoolTerm Intrnl_Id="189">
<LocList>
<Loc EndOffset="4141" SrcFileId="2" StartOffset="4127"/>
</LocList>
</BasicBoolTerm>
</RootTerm>
</CondStmnt>
<BasicStmnt CovItemId="S26" CovItemPrefix="org.codecover.simplejavaapp.model.AppModel.java" Intrnl_Id="190">
<LocList>
<Loc EndOffset="4263" SrcFileId="2" StartOffset="4226"/>
</LocList>
</BasicStmnt>
<BasicStmnt CovItemId="S27" CovItemPrefix="org.codecover.simplejavaapp.model.AppModel.java" Intrnl_Id="191">
<LocList>
<Loc EndOffset="4304" SrcFileId="2" StartOffset="4273"/>
</LocList>
</BasicStmnt>
</StmntSeq>
</HierarchyLvl>
<HierarchyLvl HierarchyLvlId="1017" HierarchyLvlTypeId="10" Intrnl_Id="192" Name="addBookToFile">
<Header>
<Loc EndOffset="4604" SrcFileId="2" StartOffset="4553"/>
</Header>
<LocList>
<Loc EndOffset="4789" SrcFileId="2" StartOffset="4553"/>
</LocList>
<StmntSeq Intrnl_Id="193">
<LocList>
<Loc EndOffset="4704" SrcFileId="2" StartOffset="4615"/>
<Loc EndOffset="4751" SrcFileId="2" StartOffset="4714"/>
<Loc EndOffset="4783" SrcFileId="2" StartOffset="4761"/>
</LocList>
<CondStmnt CovItemId="S28" CovItemPrefix="org.codecover.simplejavaapp.model.AppModel.java" Intrnl_Id="194">
<Branch CovItemId="B11" CovItemPrefix="org.codecover.simplejavaapp.model.AppModel.java" Implct="false" Intrnl_Id="195">
<Cond/>
<LocList>
<Loc EndOffset="4704" SrcFileId="2" StartOffset="4633"/>
</LocList>
<StmntSeq Intrnl_Id="196">
<LocList>
<Loc EndOffset="4694" SrcFileId="2" StartOffset="4647"/>
</LocList>
<BasicStmnt CovItemId="S29" CovItemPrefix="org.codecover.simplejavaapp.model.AppModel.java" Intrnl_Id="197">
<LocList>
<Loc EndOffset="4694" SrcFileId="2" StartOffset="4647"/>
</LocList>
</BasicStmnt>
</StmntSeq>
</Branch>
<Branch CovItemId="B12" CovItemPrefix="org.codecover.simplejavaapp.model.AppModel.java" Implct="true" Intrnl_Id="198">
<Cond/>
<LocList/>
<StmntSeq Intrnl_Id="199">
<LocList/>
</StmntSeq>
</Branch>
<Keyword EndOffset="4617" SrcFileId="2" StartOffset="4615"/>
<LocList>
<Loc EndOffset="4704" SrcFileId="2" StartOffset="4615"/>
</LocList>
<RootTerm CovItemId="C6" CovItemPrefix="org.codecover.simplejavaapp.model.AppModel.java" Intrnl_Id="200">
<BasicBoolTerm Intrnl_Id="201">
<LocList>
<Loc EndOffset="4631" SrcFileId="2" StartOffset="4619"/>
</LocList>
</BasicBoolTerm>
</RootTerm>
</CondStmnt>
<BasicStmnt CovItemId="S30" CovItemPrefix="org.codecover.simplejavaapp.model.AppModel.java" Intrnl_Id="202">
<LocList>
<Loc EndOffset="4751" SrcFileId="2" StartOffset="4714"/>
</LocList>
</BasicStmnt>
<BasicStmnt CovItemId="S31" CovItemPrefix="org.codecover.simplejavaapp.model.AppModel.java" Intrnl_Id="203">
<LocList>
<Loc EndOffset="4783" SrcFileId="2" StartOffset="4761"/>
</LocList>
</BasicStmnt>
</StmntSeq>
</HierarchyLvl>
<HierarchyLvl HierarchyLvlId="1018" HierarchyLvlTypeId="10" Intrnl_Id="204" Name="removeBookFromFile">
<Header>
<Loc EndOffset="5116" SrcFileId="2" StartOffset="5056"/>
</Header>
<LocList>
<Loc EndOffset="5310" SrcFileId="2" StartOffset="5056"/>
</LocList>
<StmntSeq Intrnl_Id="205">
<LocList>
<Loc EndOffset="5220" SrcFileId="2" StartOffset="5127"/>
<Loc EndOffset="5267" SrcFileId="2" StartOffset="5230"/>
<Loc EndOffset="5304" SrcFileId="2" StartOffset="5277"/>
</LocList>
<CondStmnt CovItemId="S32" CovItemPrefix="org.codecover.simplejavaapp.model.AppModel.java" Intrnl_Id="206">
<Branch CovItemId="B13" CovItemPrefix="org.codecover.simplejavaapp.model.AppModel.java" Implct="false" Intrnl_Id="207">
<Cond/>
<LocList>
<Loc EndOffset="5220" SrcFileId="2" StartOffset="5147"/>
</LocList>
<StmntSeq Intrnl_Id="208">
<LocList>
<Loc EndOffset="5210" SrcFileId="2" StartOffset="5161"/>
</LocList>
<BasicStmnt CovItemId="S33" CovItemPrefix="org.codecover.simplejavaapp.model.AppModel.java" Intrnl_Id="209">
<LocList>
<Loc EndOffset="5210" SrcFileId="2" StartOffset="5161"/>
</LocList>
</BasicStmnt>
</StmntSeq>
</Branch>
<Branch CovItemId="B14" CovItemPrefix="org.codecover.simplejavaapp.model.AppModel.java" Implct="true" Intrnl_Id="210">
<Cond/>
<LocList/>
<StmntSeq Intrnl_Id="211">
<LocList/>
</StmntSeq>
</Branch>
<Keyword EndOffset="5129" SrcFileId="2" StartOffset="5127"/>
<LocList>
<Loc EndOffset="5220" SrcFileId="2" StartOffset="5127"/>
</LocList>
<RootTerm CovItemId="C7" CovItemPrefix="org.codecover.simplejavaapp.model.AppModel.java" Intrnl_Id="212">
<BasicBoolTerm Intrnl_Id="213">
<LocList>
<Loc EndOffset="5145" SrcFileId="2" StartOffset="5131"/>
</LocList>
</BasicBoolTerm>
</RootTerm>
</CondStmnt>
<BasicStmnt CovItemId="S34" CovItemPrefix="org.codecover.simplejavaapp.model.AppModel.java" Intrnl_Id="214">
<LocList>
<Loc EndOffset="5267" SrcFileId="2" StartOffset="5230"/>
</LocList>
</BasicStmnt>
<BasicStmnt CovItemId="S35" CovItemPrefix="org.codecover.simplejavaapp.model.AppModel.java" Intrnl_Id="215">
<LocList>
<Loc EndOffset="5304" SrcFileId="2" StartOffset="5277"/>
</LocList>
</BasicStmnt>
</StmntSeq>
</HierarchyLvl>
<HierarchyLvl HierarchyLvlId="1019" HierarchyLvlTypeId="10" Intrnl_Id="216" Name="isFileModified">
<Header>
<Loc EndOffset="5616" SrcFileId="2" StartOffset="5572"/>
</Header>
<LocList>
<Loc EndOffset="5708" SrcFileId="2" StartOffset="5572"/>
</LocList>
<StmntSeq Intrnl_Id="217">
<LocList>
<Loc EndOffset="5664" SrcFileId="2" StartOffset="5627"/>
<Loc EndOffset="5702" SrcFileId="2" StartOffset="5674"/>
</LocList>
<BasicStmnt CovItemId="S36" CovItemPrefix="org.codecover.simplejavaapp.model.AppModel.java" Intrnl_Id="218">
<LocList>
<Loc EndOffset="5664" SrcFileId="2" StartOffset="5627"/>
</LocList>
</BasicStmnt>
<BasicStmnt CovItemId="S37" CovItemPrefix="org.codecover.simplejavaapp.model.AppModel.java" Intrnl_Id="219">
<LocList>
<Loc EndOffset="5702" SrcFileId="2" StartOffset="5674"/>
</LocList>
</BasicStmnt>
</StmntSeq>
</HierarchyLvl>
<HierarchyLvl HierarchyLvlId="1020" HierarchyLvlTypeId="10" Intrnl_Id="220" Name="getPathOfFile">
<Header>
<Loc EndOffset="6027" SrcFileId="2" StartOffset="5985"/>
</Header>
<LocList>
<Loc EndOffset="6116" SrcFileId="2" StartOffset="5985"/>
</LocList>
<StmntSeq Intrnl_Id="221">
<LocList>
<Loc EndOffset="6075" SrcFileId="2" StartOffset="6038"/>
<Loc EndOffset="6110" SrcFileId="2" StartOffset="6085"/>
</LocList>
<BasicStmnt CovItemId="S38" CovItemPrefix="org.codecover.simplejavaapp.model.AppModel.java" Intrnl_Id="222">
<LocList>
<Loc EndOffset="6075" SrcFileId="2" StartOffset="6038"/>
</LocList>
</BasicStmnt>
<BasicStmnt CovItemId="S39" CovItemPrefix="org.codecover.simplejavaapp.model.AppModel.java" Intrnl_Id="223">
<LocList>
<Loc EndOffset="6110" SrcFileId="2" StartOffset="6085"/>
</LocList>
</BasicStmnt>
</StmntSeq>
</HierarchyLvl>
<HierarchyLvl HierarchyLvlId="1021" HierarchyLvlTypeId="10" Intrnl_Id="224" Name="addAppModelModifyListenerToFile">
<Header>
<Loc EndOffset="6503" SrcFileId="2" StartOffset="6400"/>
</Header>
<LocList>
<Loc EndOffset="6718" SrcFileId="2" StartOffset="6400"/>
</LocList>
<StmntSeq Intrnl_Id="225">
<LocList>
<Loc EndOffset="6611" SrcFileId="2" StartOffset="6514"/>
<Loc EndOffset="6658" SrcFileId="2" StartOffset="6621"/>
<Loc EndOffset="6712" SrcFileId="2" StartOffset="6668"/>
</LocList>
<CondStmnt CovItemId="S40" CovItemPrefix="org.codecover.simplejavaapp.model.AppModel.java" Intrnl_Id="226">
<Branch CovItemId="B15" CovItemPrefix="org.codecover.simplejavaapp.model.AppModel.java" Implct="false" Intrnl_Id="227">
<Cond/>
<LocList>
<Loc EndOffset="6611" SrcFileId="2" StartOffset="6536"/>
</LocList>
<StmntSeq Intrnl_Id="228">
<LocList>
<Loc EndOffset="6601" SrcFileId="2" StartOffset="6550"/>
</LocList>
<BasicStmnt CovItemId="S41" CovItemPrefix="org.codecover.simplejavaapp.model.AppModel.java" Intrnl_Id="229">
<LocList>
<Loc EndOffset="6601" SrcFileId="2" StartOffset="6550"/>
</LocList>
</BasicStmnt>
</StmntSeq>
</Branch>
<Branch CovItemId="B16" CovItemPrefix="org.codecover.simplejavaapp.model.AppModel.java" Implct="true" Intrnl_Id="230">
<Cond/>
<LocList/>
<StmntSeq Intrnl_Id="231">
<LocList/>
</StmntSeq>
</Branch>
<Keyword EndOffset="6516" SrcFileId="2" StartOffset="6514"/>
<LocList>
<Loc EndOffset="6611" SrcFileId="2" StartOffset="6514"/>
</LocList>
<RootTerm CovItemId="C8" CovItemPrefix="org.codecover.simplejavaapp.model.AppModel.java" Intrnl_Id="232">
<BasicBoolTerm Intrnl_Id="233">
<LocList>
<Loc EndOffset="6534" SrcFileId="2" StartOffset="6518"/>
</LocList>
</BasicBoolTerm>
</RootTerm>
</CondStmnt>
<BasicStmnt CovItemId="S42" CovItemPrefix="org.codecover.simplejavaapp.model.AppModel.java" Intrnl_Id="234">
<LocList>
<Loc EndOffset="6658" SrcFileId="2" StartOffset="6621"/>
</LocList>
</BasicStmnt>
<BasicStmnt CovItemId="S43" CovItemPrefix="org.codecover.simplejavaapp.model.AppModel.java" Intrnl_Id="235">
<LocList>
<Loc EndOffset="6712" SrcFileId="2" StartOffset="6668"/>
</LocList>
</BasicStmnt>
</StmntSeq>
</HierarchyLvl>
<HierarchyLvl HierarchyLvlId="1022" HierarchyLvlTypeId="10" Intrnl_Id="236" Name="removeAppModelModifyListener">
<Header>
<Loc EndOffset="7107" SrcFileId="2" StartOffset="7007"/>
</Header>
<LocList>
<Loc EndOffset="7325" SrcFileId="2" StartOffset="7007"/>
</LocList>
<StmntSeq Intrnl_Id="237">
<LocList>
<Loc EndOffset="7215" SrcFileId="2" StartOffset="7118"/>
<Loc EndOffset="7262" SrcFileId="2" StartOffset="7225"/>
<Loc EndOffset="7319" SrcFileId="2" StartOffset="7272"/>
</LocList>
<CondStmnt CovItemId="S44" CovItemPrefix="org.codecover.simplejavaapp.model.AppModel.java" Intrnl_Id="238">
<Branch CovItemId="B17" CovItemPrefix="org.codecover.simplejavaapp.model.AppModel.java" Implct="false" Intrnl_Id="239">
<Cond/>
<LocList>
<Loc EndOffset="7215" SrcFileId="2" StartOffset="7140"/>
</LocList>
<StmntSeq Intrnl_Id="240">
<LocList>
<Loc EndOffset="7205" SrcFileId="2" StartOffset="7154"/>
</LocList>
<BasicStmnt CovItemId="S45" CovItemPrefix="org.codecover.simplejavaapp.model.AppModel.java" Intrnl_Id="241">
<LocList>
<Loc EndOffset="7205" SrcFileId="2" StartOffset="7154"/>
</LocList>
</BasicStmnt>
</StmntSeq>
</Branch>
<Branch CovItemId="B18" CovItemPrefix="org.codecover.simplejavaapp.model.AppModel.java" Implct="true" Intrnl_Id="242">
<Cond/>
<LocList/>
<StmntSeq Intrnl_Id="243">
<LocList/>
</StmntSeq>
</Branch>
<Keyword EndOffset="7120" SrcFileId="2" StartOffset="7118"/>
<LocList>
<Loc EndOffset="7215" SrcFileId="2" StartOffset="7118"/>
</LocList>
<RootTerm CovItemId="C9" CovItemPrefix="org.codecover.simplejavaapp.model.AppModel.java" Intrnl_Id="244">
<BasicBoolTerm Intrnl_Id="245">
<LocList>
<Loc EndOffset="7138" SrcFileId="2" StartOffset="7122"/>
</LocList>
</BasicBoolTerm>
</RootTerm>
</CondStmnt>
<BasicStmnt CovItemId="S46" CovItemPrefix="org.codecover.simplejavaapp.model.AppModel.java" Intrnl_Id="246">
<LocList>
<Loc EndOffset="7262" SrcFileId="2" StartOffset="7225"/>
</LocList>
</BasicStmnt>
<BasicStmnt CovItemId="S47" CovItemPrefix="org.codecover.simplejavaapp.model.AppModel.java" Intrnl_Id="247">
<LocList>
<Loc EndOffset="7319" SrcFileId="2" StartOffset="7272"/>
</LocList>
</BasicStmnt>
</StmntSeq>
</HierarchyLvl>
<HierarchyLvl HierarchyLvlId="1023" HierarchyLvlTypeId="10" Intrnl_Id="248" Name="getAppFile">
<Header>
<Loc EndOffset="7578" SrcFileId="2" StartOffset="7537"/>
</Header>
<LocList>
<Loc EndOffset="7920" SrcFileId="2" StartOffset="7537"/>
</LocList>
<StmntSeq Intrnl_Id="249">
<LocList>
<Loc EndOffset="7682" SrcFileId="2" StartOffset="7589"/>
<Loc EndOffset="7736" SrcFileId="2" StartOffset="7692"/>
<Loc EndOffset="7890" SrcFileId="2" StartOffset="7746"/>
<Loc EndOffset="7914" SrcFileId="2" StartOffset="7899"/>
</LocList>
<CondStmnt CovItemId="S48" CovItemPrefix="org.codecover.simplejavaapp.model.AppModel.java" Intrnl_Id="250">
<Branch CovItemId="B19" CovItemPrefix="org.codecover.simplejavaapp.model.AppModel.java" Implct="false" Intrnl_Id="251">
<Cond/>
<LocList>
<Loc EndOffset="7682" SrcFileId="2" StartOffset="7609"/>
</LocList>
<StmntSeq Intrnl_Id="252">
<LocList>
<Loc EndOffset="7672" SrcFileId="2" StartOffset="7623"/>
</LocList>
<BasicStmnt CovItemId="S49" CovItemPrefix="org.codecover.simplejavaapp.model.AppModel.java" Intrnl_Id="253">
<LocList>
<Loc EndOffset="7672" SrcFileId="2" StartOffset="7623"/>
</LocList>
</BasicStmnt>
</StmntSeq>
</Branch>
<Branch CovItemId="B20" CovItemPrefix="org.codecover.simplejavaapp.model.AppModel.java" Implct="true" Intrnl_Id="254">
<Cond/>
<LocList/>
<StmntSeq Intrnl_Id="255">
<LocList/>
</StmntSeq>
</Branch>
<Keyword EndOffset="7591" SrcFileId="2" StartOffset="7589"/>
<LocList>
<Loc EndOffset="7682" SrcFileId="2" StartOffset="7589"/>
</LocList>
<RootTerm CovItemId="C10" CovItemPrefix="org.codecover.simplejavaapp.model.AppModel.java" Intrnl_Id="256">
<BasicBoolTerm Intrnl_Id="257">
<LocList>
<Loc EndOffset="7607" SrcFileId="2" StartOffset="7593"/>
</LocList>
</BasicBoolTerm>
</RootTerm>
</CondStmnt>
<BasicStmnt CovItemId="S50" CovItemPrefix="org.codecover.simplejavaapp.model.AppModel.java" Intrnl_Id="258">
<LocList>
<Loc EndOffset="7736" SrcFileId="2" StartOffset="7692"/>
</LocList>
</BasicStmnt>
<CondStmnt CovItemId="S51" CovItemPrefix="org.codecover.simplejavaapp.model.AppModel.java" Intrnl_Id="259">
<Branch CovItemId="B21" CovItemPrefix="org.codecover.simplejavaapp.model.AppModel.java" Implct="false" Intrnl_Id="260">
<Cond/>
<LocList>
<Loc EndOffset="7890" SrcFileId="2" StartOffset="7767"/>
</LocList>
<StmntSeq Intrnl_Id="261">
<LocList>
<Loc EndOffset="7880" SrcFileId="2" StartOffset="7781"/>
</LocList>
<BasicStmnt CovItemId="S52" CovItemPrefix="org.codecover.simplejavaapp.model.AppModel.java" Intrnl_Id="262">
<LocList>
<Loc EndOffset="7880" SrcFileId="2" StartOffset="7781"/>
</LocList>
</BasicStmnt>
</StmntSeq>
</Branch>
<Branch CovItemId="B22" CovItemPrefix="org.codecover.simplejavaapp.model.AppModel.java" Implct="true" Intrnl_Id="263">
<Cond/>
<LocList/>
<StmntSeq Intrnl_Id="264">
<LocList/>
</StmntSeq>
</Branch>
<Keyword EndOffset="7748" SrcFileId="2" StartOffset="7746"/>
<LocList>
<Loc EndOffset="7890" SrcFileId="2" StartOffset="7746"/>
</LocList>
<RootTerm CovItemId="C11" CovItemPrefix="org.codecover.simplejavaapp.model.AppModel.java" Intrnl_Id="265">
<BasicBoolTerm Intrnl_Id="266">
<LocList>
<Loc EndOffset="7765" SrcFileId="2" StartOffset="7750"/>
</LocList>
</BasicBoolTerm>
</RootTerm>
</CondStmnt>
<BasicStmnt CovItemId="S53" CovItemPrefix="org.codecover.simplejavaapp.model.AppModel.java" Intrnl_Id="267">
<LocList>
<Loc EndOffset="7914" SrcFileId="2" StartOffset="7899"/>
</LocList>
</BasicStmnt>
</StmntSeq>
</HierarchyLvl>
<HierarchyLvl HierarchyLvlId="1025" HierarchyLvlTypeId="12" Intrnl_Id="268" Name="AppModelModifyListener">
<Header>
<Loc EndOffset="8041" SrcFileId="2" StartOffset="8002"/>
</Header>
<LocList>
<Loc EndOffset="8436" SrcFileId="2" StartOffset="8002"/>
</LocList>
<HierarchyLvl HierarchyLvlId="1024" HierarchyLvlTypeId="10" Intrnl_Id="269" Name="appFileModified">
<Header>
<Loc EndOffset="8429" SrcFileId="2" StartOffset="8369"/>
</Header>
<LocList>
<Loc EndOffset="8430" SrcFileId="2" StartOffset="8369"/>
</LocList>
</HierarchyLvl>
</HierarchyLvl>
</HierarchyLvl>
<HierarchyLvl HierarchyLvlId="1050" HierarchyLvlTypeId="9" Intrnl_Id="270" Name="AppFile">
<Header>
<Loc EndOffset="1112" SrcFileId="3" StartOffset="1092"/>
</Header>
<LocList>
<Loc EndOffset="8001" SrcFileId="3" StartOffset="1092"/>
<Loc EndOffset="8779" SrcFileId="3" StartOffset="8773"/>
<Loc EndOffset="9095" SrcFileId="3" StartOffset="9093"/>
</LocList>
<StmntSeq Intrnl_Id="271">
<LocList>
<Loc EndOffset="1336" SrcFileId="3" StartOffset="1303"/>
</LocList>
<BasicStmnt CovItemId="S1" CovItemPrefix="org.codecover.simplejavaapp.model.AppFile.java" Intrnl_Id="272">
<LocList>
<Loc EndOffset="1336" SrcFileId="3" StartOffset="1303"/>
</LocList>
</BasicStmnt>
</StmntSeq>
<HierarchyLvl HierarchyLvlId="1029" HierarchyLvlTypeId="10" Intrnl_Id="273" Name="AppFile">
<Header>
<Loc EndOffset="1421" SrcFileId="3" StartOffset="1404"/>
</Header>
<LocList>
<Loc EndOffset="1793" SrcFileId="3" StartOffset="1404"/>
</LocList>
<StmntSeq Intrnl_Id="274">
<LocList>
<Loc EndOffset="1471" SrcFileId="3" StartOffset="1432"/>
<Loc EndOffset="1519" SrcFileId="3" StartOffset="1480"/>
<Loc EndOffset="1567" SrcFileId="3" StartOffset="1528"/>
<Loc EndOffset="1715" SrcFileId="3" StartOffset="1713"/>
<Loc EndOffset="1787" SrcFileId="3" StartOffset="1724"/>
</LocList>
<BasicStmnt CovItemId="S2" CovItemPrefix="org.codecover.simplejavaapp.model.AppFile.java" Intrnl_Id="275">
<LocList>
<Loc EndOffset="1471" SrcFileId="3" StartOffset="1432"/>
</LocList>
</BasicStmnt>
<BasicStmnt CovItemId="S3" CovItemPrefix="org.codecover.simplejavaapp.model.AppFile.java" Intrnl_Id="276">
<LocList>
<Loc EndOffset="1519" SrcFileId="3" StartOffset="1480"/>
</LocList>
</BasicStmnt>
<BasicStmnt CovItemId="S4" CovItemPrefix="org.codecover.simplejavaapp.model.AppFile.java" Intrnl_Id="277">
<LocList>
<Loc EndOffset="1567" SrcFileId="3" StartOffset="1528"/>
<Loc EndOffset="1715" SrcFileId="3" StartOffset="1713"/>
</LocList>
</BasicStmnt>
<BasicStmnt CovItemId="S6" CovItemPrefix="org.codecover.simplejavaapp.model.AppFile.java" Intrnl_Id="278">
<LocList>
<Loc EndOffset="1787" SrcFileId="3" StartOffset="1724"/>
</LocList>
</BasicStmnt>
</StmntSeq>
<HierarchyLvl HierarchyLvlId="1028" HierarchyLvlTypeId="13" Intrnl_Id="279" Name="Comparator&lt;String&gt;">
<Header>
<Loc EndOffset="1591" SrcFileId="3" StartOffset="1571"/>
</Header>
<LocList>
<Loc EndOffset="1713" SrcFileId="3" StartOffset="1567"/>
</LocList>
<HierarchyLvl HierarchyLvlId="1027" HierarchyLvlTypeId="10" Intrnl_Id="280" Name="compare">
<Header>
<Loc EndOffset="1646" SrcFileId="3" StartOffset="1606"/>
</Header>
<LocList>
<Loc EndOffset="1703" SrcFileId="3" StartOffset="1606"/>
</LocList>
<StmntSeq Intrnl_Id="281">
<LocList>
<Loc EndOffset="1689" SrcFileId="3" StartOffset="1665"/>
</LocList>
<BasicStmnt CovItemId="S5" CovItemPrefix="org.codecover.simplejavaapp.model.AppFile.java" Intrnl_Id="282">
<LocList>
<Loc EndOffset="1689" SrcFileId="3" StartOffset="1665"/>
</LocList>
</BasicStmnt>
</StmntSeq>
</HierarchyLvl>
</HierarchyLvl>
</HierarchyLvl>
<HierarchyLvl HierarchyLvlId="1030" HierarchyLvlTypeId="10" Intrnl_Id="283" Name="newFile">
<Header>
<Loc EndOffset="1937" SrcFileId="3" StartOffset="1913"/>
</Header>
<LocList>
<Loc EndOffset="1975" SrcFileId="3" StartOffset="1913"/>
</LocList>
<StmntSeq Intrnl_Id="284">
<LocList>
<Loc EndOffset="1969" SrcFileId="3" StartOffset="1948"/>
</LocList>
<BasicStmnt CovItemId="S7" CovItemPrefix="org.codecover.simplejavaapp.model.AppFile.java" Intrnl_Id="285">
<LocList>
<Loc EndOffset="1969" SrcFileId="3" StartOffset="1948"/>
</LocList>
</BasicStmnt>
</StmntSeq>
</HierarchyLvl>
<HierarchyLvl HierarchyLvlId="1031" HierarchyLvlTypeId="10" Intrnl_Id="286" Name="getBooks">
<Header>
<Loc EndOffset="2144" SrcFileId="3" StartOffset="2123"/>
</Header>
<LocList>
<Loc EndOffset="2210" SrcFileId="3" StartOffset="2123"/>
</LocList>
<StmntSeq Intrnl_Id="287">
<LocList>
<Loc EndOffset="2204" SrcFileId="3" StartOffset="2155"/>
</LocList>
<BasicStmnt CovItemId="S8" CovItemPrefix="org.codecover.simplejavaapp.model.AppFile.java" Intrnl_Id="288">
<LocList>
<Loc EndOffset="2204" SrcFileId="3" StartOffset="2155"/>
</LocList>
</BasicStmnt>
</StmntSeq>
</HierarchyLvl>
<HierarchyLvl HierarchyLvlId="1032" HierarchyLvlTypeId="10" Intrnl_Id="289" Name="getBook">
<Header>
<Loc EndOffset="2473" SrcFileId="3" StartOffset="2450"/>
</Header>
<LocList>
<Loc EndOffset="2516" SrcFileId="3" StartOffset="2450"/>
</LocList>
<StmntSeq Intrnl_Id="290">
<LocList>
<Loc EndOffset="2510" SrcFileId="3" StartOffset="2484"/>
</LocList>
<BasicStmnt CovItemId="S9" CovItemPrefix="org.codecover.simplejavaapp.model.AppFile.java" Intrnl_Id="291">
<LocList>
<Loc EndOffset="2510" SrcFileId="3" StartOffset="2484"/>
</LocList>
</BasicStmnt>
</StmntSeq>
</HierarchyLvl>
<HierarchyLvl HierarchyLvlId="1033" HierarchyLvlTypeId="10" Intrnl_Id="292" Name="addBook">
<Header>
<Loc EndOffset="2710" SrcFileId="3" StartOffset="2687"/>
</Header>
<LocList>
<Loc EndOffset="2845" SrcFileId="3" StartOffset="2687"/>
</LocList>
<StmntSeq Intrnl_Id="293">
<LocList>
<Loc EndOffset="2756" SrcFileId="3" StartOffset="2721"/>
<Loc EndOffset="2811" SrcFileId="3" StartOffset="2765"/>
<Loc EndOffset="2839" SrcFileId="3" StartOffset="2821"/>
</LocList>
<BasicStmnt CovItemId="S10" CovItemPrefix="org.codecover.simplejavaapp.model.AppFile.java" Intrnl_Id="294">
<LocList>
<Loc EndOffset="2756" SrcFileId="3" StartOffset="2721"/>
</LocList>
</BasicStmnt>
<BasicStmnt CovItemId="S11" CovItemPrefix="org.codecover.simplejavaapp.model.AppFile.java" Intrnl_Id="295">
<LocList>
<Loc EndOffset="2811" SrcFileId="3" StartOffset="2765"/>
</LocList>
</BasicStmnt>
<BasicStmnt CovItemId="S12" CovItemPrefix="org.codecover.simplejavaapp.model.AppFile.java" Intrnl_Id="296">
<LocList>
<Loc EndOffset="2839" SrcFileId="3" StartOffset="2821"/>
</LocList>
</BasicStmnt>
</StmntSeq>
</HierarchyLvl>
<HierarchyLvl HierarchyLvlId="1034" HierarchyLvlTypeId="10" Intrnl_Id="297" Name="removeBook">
<Header>
<Loc EndOffset="3028" SrcFileId="3" StartOffset="2998"/>
</Header>
<LocList>
<Loc EndOffset="3099" SrcFileId="3" StartOffset="2998"/>
</LocList>
<StmntSeq Intrnl_Id="298">
<LocList>
<Loc EndOffset="3065" SrcFileId="3" StartOffset="3039"/>
<Loc EndOffset="3093" SrcFileId="3" StartOffset="3075"/>
</LocList>
<BasicStmnt CovItemId="S13" CovItemPrefix="org.codecover.simplejavaapp.model.AppFile.java" Intrnl_Id="299">
<LocList>
<Loc EndOffset="3065" SrcFileId="3" StartOffset="3039"/>
</LocList>
</BasicStmnt>
<BasicStmnt CovItemId="S14" CovItemPrefix="org.codecover.simplejavaapp.model.AppFile.java" Intrnl_Id="300">
<LocList>
<Loc EndOffset="3093" SrcFileId="3" StartOffset="3075"/>
</LocList>
</BasicStmnt>
</StmntSeq>
</HierarchyLvl>
<HierarchyLvl HierarchyLvlId="1035" HierarchyLvlTypeId="10" Intrnl_Id="301" Name="getId">
<Header>
<Loc EndOffset="3210" SrcFileId="3" StartOffset="3196"/>
</Header>
<LocList>
<Loc EndOffset="3242" SrcFileId="3" StartOffset="3196"/>
</LocList>
<StmntSeq Intrnl_Id="302">
<LocList>
<Loc EndOffset="3236" SrcFileId="3" StartOffset="3221"/>
</LocList>
<BasicStmnt CovItemId="S15" CovItemPrefix="org.codecover.simplejavaapp.model.AppFile.java" Intrnl_Id="303">
<LocList>
<Loc EndOffset="3236" SrcFileId="3" StartOffset="3221"/>
</LocList>
</BasicStmnt>
</StmntSeq>
</HierarchyLvl>
<HierarchyLvl HierarchyLvlId="1036" HierarchyLvlTypeId="10" Intrnl_Id="304" Name="isModified">
<Header>
<Loc EndOffset="3346" SrcFileId="3" StartOffset="3326"/>
</Header>
<LocList>
<Loc EndOffset="3384" SrcFileId="3" StartOffset="3326"/>
</LocList>
<StmntSeq Intrnl_Id="305">
<LocList>
<Loc EndOffset="3378" SrcFileId="3" StartOffset="3357"/>
</LocList>
<BasicStmnt CovItemId="S16" CovItemPrefix="org.codecover.simplejavaapp.model.AppFile.java" Intrnl_Id="306">
<LocList>
<Loc EndOffset="3378" SrcFileId="3" StartOffset="3357"/>
</LocList>
</BasicStmnt>
</StmntSeq>
</HierarchyLvl>
<HierarchyLvl HierarchyLvlId="1037" HierarchyLvlTypeId="10" Intrnl_Id="307" Name="setModified">
<Header>
<Loc EndOffset="3535" SrcFileId="3" StartOffset="3501"/>
</Header>
<LocList>
<Loc EndOffset="3604" SrcFileId="3" StartOffset="3501"/>
</LocList>
<StmntSeq Intrnl_Id="308">
<LocList>
<Loc EndOffset="3571" SrcFileId="3" StartOffset="3546"/>
<Loc EndOffset="3598" SrcFileId="3" StartOffset="3580"/>
</LocList>
<BasicStmnt CovItemId="S17" CovItemPrefix="org.codecover.simplejavaapp.model.AppFile.java" Intrnl_Id="309">
<LocList>
<Loc EndOffset="3571" SrcFileId="3" StartOffset="3546"/>
</LocList>
</BasicStmnt>
<BasicStmnt CovItemId="S18" CovItemPrefix="org.codecover.simplejavaapp.model.AppFile.java" Intrnl_Id="310">
<LocList>
<Loc EndOffset="3598" SrcFileId="3" StartOffset="3580"/>
</LocList>
</BasicStmnt>
</StmntSeq>
</HierarchyLvl>
<HierarchyLvl HierarchyLvlId="1038" HierarchyLvlTypeId="10" Intrnl_Id="311" Name="addAppModelModifyListener">
<Header>
<Loc EndOffset="3857" SrcFileId="3" StartOffset="3794"/>
</Header>
<LocList>
<Loc EndOffset="3908" SrcFileId="3" StartOffset="3794"/>
</LocList>
<StmntSeq Intrnl_Id="312">
<LocList>
<Loc EndOffset="3902" SrcFileId="3" StartOffset="3868"/>
</LocList>
<BasicStmnt CovItemId="S19" CovItemPrefix="org.codecover.simplejavaapp.model.AppFile.java" Intrnl_Id="313">
<LocList>
<Loc EndOffset="3902" SrcFileId="3" StartOffset="3868"/>
</LocList>
</BasicStmnt>
</StmntSeq>
</HierarchyLvl>
<HierarchyLvl HierarchyLvlId="1039" HierarchyLvlTypeId="10" Intrnl_Id="314" Name="removeAppModelModifyListener">
<Header>
<Loc EndOffset="4176" SrcFileId="3" StartOffset="4110"/>
</Header>
<LocList>
<Loc EndOffset="4230" SrcFileId="3" StartOffset="4110"/>
</LocList>
<StmntSeq Intrnl_Id="315">
<LocList>
<Loc EndOffset="4224" SrcFileId="3" StartOffset="4187"/>
</LocList>
<BasicStmnt CovItemId="S20" CovItemPrefix="org.codecover.simplejavaapp.model.AppFile.java" Intrnl_Id="316">
<LocList>
<Loc EndOffset="4224" SrcFileId="3" StartOffset="4187"/>
</LocList>
</BasicStmnt>
</StmntSeq>
</HierarchyLvl>
<HierarchyLvl HierarchyLvlId="1040" HierarchyLvlTypeId="10" Intrnl_Id="317" Name="notifyListeners">
<Header>
<Loc EndOffset="4266" SrcFileId="3" StartOffset="4236"/>
</Header>
<LocList>
<Loc EndOffset="4415" SrcFileId="3" StartOffset="4236"/>
</LocList>
<StmntSeq Intrnl_Id="318">
<LocList>
<Loc EndOffset="4409" SrcFileId="3" StartOffset="4277"/>
</LocList>
<LoopStmnt CovItemId="S21" CovItemPrefix="org.codecover.simplejavaapp.model.AppFile.java" Intrnl_Id="319" MltplExecId="L1-2" MltplExecPrefix="org.codecover.simplejavaapp.model.AppFile.java" NvrExecId="L1-0" NvrExecPrefix="org.codecover.simplejavaapp.model.AppFile.java" OnceExecutedId="L1-1" OnceExecutedPrefix="org.codecover.simplejavaapp.model.AppFile.java" OptBodyExec="true">
<StmntSeq Intrnl_Id="320">
<LocList>
<Loc EndOffset="4399" SrcFileId="3" StartOffset="4351"/>
</LocList>
<BasicStmnt CovItemId="S22" CovItemPrefix="org.codecover.simplejavaapp.model.AppFile.java" Intrnl_Id="321">
<LocList>
<Loc EndOffset="4399" SrcFileId="3" StartOffset="4351"/>
</LocList>
</BasicStmnt>
</StmntSeq>
<Keyword EndOffset="4280" SrcFileId="3" StartOffset="4277"/>
<LocList>
<Loc EndOffset="4409" SrcFileId="3" StartOffset="4277"/>
</LocList>
</LoopStmnt>
</StmntSeq>
</HierarchyLvl>
<HierarchyLvl HierarchyLvlId="1041" HierarchyLvlTypeId="10" Intrnl_Id="322" Name="setPath">
<Header>
<Loc EndOffset="4553" SrcFileId="3" StartOffset="4520"/>
</Header>
<LocList>
<Loc EndOffset="4614" SrcFileId="3" StartOffset="4520"/>
</LocList>
<StmntSeq Intrnl_Id="323">
<LocList>
<Loc EndOffset="4581" SrcFileId="3" StartOffset="4564"/>
<Loc EndOffset="4608" SrcFileId="3" StartOffset="4590"/>
</LocList>
<BasicStmnt CovItemId="S23" CovItemPrefix="org.codecover.simplejavaapp.model.AppFile.java" Intrnl_Id="324">
<LocList>
<Loc EndOffset="4581" SrcFileId="3" StartOffset="4564"/>
</LocList>
</BasicStmnt>
<BasicStmnt CovItemId="S24" CovItemPrefix="org.codecover.simplejavaapp.model.AppFile.java" Intrnl_Id="325">
<LocList>
<Loc EndOffset="4608" SrcFileId="3" StartOffset="4590"/>
</LocList>
</BasicStmnt>
</StmntSeq>
</HierarchyLvl>
<HierarchyLvl HierarchyLvlId="1042" HierarchyLvlTypeId="10" Intrnl_Id="326" Name="getPath">
<Header>
<Loc EndOffset="4706" SrcFileId="3" StartOffset="4690"/>
</Header>
<LocList>
<Loc EndOffset="4740" SrcFileId="3" StartOffset="4690"/>
</LocList>
<StmntSeq Intrnl_Id="327">
<LocList>
<Loc EndOffset="4734" SrcFileId="3" StartOffset="4717"/>
</LocList>
<BasicStmnt CovItemId="S25" CovItemPrefix="org.codecover.simplejavaapp.model.AppFile.java" Intrnl_Id="328">
<LocList>
<Loc EndOffset="4734" SrcFileId="3" StartOffset="4717"/>
</LocList>
</BasicStmnt>
</StmntSeq>
</HierarchyLvl>
<HierarchyLvl HierarchyLvlId="1043" HierarchyLvlTypeId="10" Intrnl_Id="329" Name="saveAppFile">
<Header>
<Loc EndOffset="5115" SrcFileId="3" StartOffset="5005"/>
</Header>
<LocList>
<Loc EndOffset="6688" SrcFileId="3" StartOffset="5005"/>
</LocList>
<StmntSeq Intrnl_Id="330">
<LocList>
<Loc EndOffset="5149" SrcFileId="3" StartOffset="5126"/>
<Loc EndOffset="5280" SrcFileId="3" StartOffset="5233"/>
<Loc EndOffset="5321" SrcFileId="3" StartOffset="5289"/>
<Loc EndOffset="5370" SrcFileId="3" StartOffset="5330"/>
<Loc EndOffset="5411" SrcFileId="3" StartOffset="5379"/>
<Loc EndOffset="5848" SrcFileId="3" StartOffset="5421"/>
<Loc EndOffset="5908" SrcFileId="3" StartOffset="5858"/>
<Loc EndOffset="5979" SrcFileId="3" StartOffset="5935"/>
<Loc EndOffset="6042" SrcFileId="3" StartOffset="5992"/>
<Loc EndOffset="6112" SrcFileId="3" StartOffset="6055"/>
<Loc EndOffset="6170" SrcFileId="3" StartOffset="6125"/>
<Loc EndOffset="6242" SrcFileId="3" StartOffset="6183"/>
<Loc EndOffset="6310" SrcFileId="3" StartOffset="6255"/>
<Loc EndOffset="6369" SrcFileId="3" StartOffset="6323"/>
<Loc EndOffset="6394" SrcFileId="3" StartOffset="6382"/>
<Loc EndOffset="6577" SrcFileId="3" StartOffset="6553"/>
<Loc EndOffset="6627" SrcFileId="3" StartOffset="6590"/>
<Loc EndOffset="6637" SrcFileId="3" StartOffset="5917"/>
<Loc EndOffset="6672" SrcFileId="3" StartOffset="6660"/>
</LocList>
<BasicStmnt CovItemId="S26" CovItemPrefix="org.codecover.simplejavaapp.model.AppFile.java" Intrnl_Id="331">
<LocList>
<Loc EndOffset="5149" SrcFileId="3" StartOffset="5126"/>
</LocList>
</BasicStmnt>
<BasicStmnt CovItemId="S27" CovItemPrefix="org.codecover.simplejavaapp.model.AppFile.java" Intrnl_Id="332">
<LocList>
<Loc EndOffset="5280" SrcFileId="3" StartOffset="5233"/>
</LocList>
</BasicStmnt>
<BasicStmnt CovItemId="S28" CovItemPrefix="org.codecover.simplejavaapp.model.AppFile.java" Intrnl_Id="333">
<LocList>
<Loc EndOffset="5321" SrcFileId="3" StartOffset="5289"/>
</LocList>
</BasicStmnt>
<BasicStmnt CovItemId="S29" CovItemPrefix="org.codecover.simplejavaapp.model.AppFile.java" Intrnl_Id="334">
<LocList>
<Loc EndOffset="5370" SrcFileId="3" StartOffset="5330"/>
</LocList>
</BasicStmnt>
<BasicStmnt CovItemId="S30" CovItemPrefix="org.codecover.simplejavaapp.model.AppFile.java" Intrnl_Id="335">
<LocList>
<Loc EndOffset="5411" SrcFileId="3" StartOffset="5379"/>
</LocList>
</BasicStmnt>
<CondStmnt CovItemId="S31" CovItemPrefix="org.codecover.simplejavaapp.model.AppFile.java" Intrnl_Id="336">
<Branch CovItemId="B1" CovItemPrefix="org.codecover.simplejavaapp.model.AppFile.java" Implct="false" Intrnl_Id="337">
<Cond/>
<LocList>
<Loc EndOffset="5848" SrcFileId="3" StartOffset="5441"/>
</LocList>
<StmntSeq Intrnl_Id="338">
<LocList>
<Loc EndOffset="5519" SrcFileId="3" StartOffset="5455"/>
<Loc EndOffset="5568" SrcFileId="3" StartOffset="5532"/>
<Loc EndOffset="5641" SrcFileId="3" StartOffset="5582"/>
<Loc EndOffset="5779" SrcFileId="3" StartOffset="5655"/>
<Loc EndOffset="5838" SrcFileId="3" StartOffset="5793"/>
</LocList>
<BasicStmnt CovItemId="S32" CovItemPrefix="org.codecover.simplejavaapp.model.AppFile.java" Intrnl_Id="339">
<LocList>
<Loc EndOffset="5519" SrcFileId="3" StartOffset="5455"/>
</LocList>
</BasicStmnt>
<BasicStmnt CovItemId="S33" CovItemPrefix="org.codecover.simplejavaapp.model.AppFile.java" Intrnl_Id="340">
<LocList>
<Loc EndOffset="5568" SrcFileId="3" StartOffset="5532"/>
</LocList>
</BasicStmnt>
<BasicStmnt CovItemId="S34" CovItemPrefix="org.codecover.simplejavaapp.model.AppFile.java" Intrnl_Id="341">
<LocList>
<Loc EndOffset="5641" SrcFileId="3" StartOffset="5582"/>
</LocList>
</BasicStmnt>
<LoopStmnt CovItemId="S35" CovItemPrefix="org.codecover.simplejavaapp.model.AppFile.java" Intrnl_Id="342" MltplExecId="L2-2" MltplExecPrefix="org.codecover.simplejavaapp.model.AppFile.java" NvrExecId="L2-0" NvrExecPrefix="org.codecover.simplejavaapp.model.AppFile.java" OnceExecutedId="L2-1" OnceExecutedPrefix="org.codecover.simplejavaapp.model.AppFile.java" OptBodyExec="true">
<StmntSeq Intrnl_Id="343">
<LocList>
<Loc EndOffset="5765" SrcFileId="3" StartOffset="5702"/>
</LocList>
<BasicStmnt CovItemId="S36" CovItemPrefix="org.codecover.simplejavaapp.model.AppFile.java" Intrnl_Id="344">
<LocList>
<Loc EndOffset="5765" SrcFileId="3" StartOffset="5702"/>
</LocList>
</BasicStmnt>
</StmntSeq>
<Keyword EndOffset="5658" SrcFileId="3" StartOffset="5655"/>
<LocList>
<Loc EndOffset="5779" SrcFileId="3" StartOffset="5655"/>
</LocList>
</LoopStmnt>
<BasicStmnt CovItemId="S37" CovItemPrefix="org.codecover.simplejavaapp.model.AppFile.java" Intrnl_Id="345">
<LocList>
<Loc EndOffset="5838" SrcFileId="3" StartOffset="5793"/>
</LocList>
</BasicStmnt>
</StmntSeq>
</Branch>
<Branch CovItemId="B2" CovItemPrefix="org.codecover.simplejavaapp.model.AppFile.java" Implct="true" Intrnl_Id="346">
<Cond/>
<LocList/>
<StmntSeq Intrnl_Id="347">
<LocList/>
</StmntSeq>
</Branch>
<Keyword EndOffset="5423" SrcFileId="3" StartOffset="5421"/>
<LocList>
<Loc EndOffset="5848" SrcFileId="3" StartOffset="5421"/>
</LocList>
<RootTerm CovItemId="C1" CovItemPrefix="org.codecover.simplejavaapp.model.AppFile.java" Intrnl_Id="348">
<BasicBoolTerm Intrnl_Id="349">
<LocList>
<Loc EndOffset="5439" SrcFileId="3" StartOffset="5425"/>
</LocList>
</BasicBoolTerm>
</RootTerm>
</CondStmnt>
<BasicStmnt CovItemId="S38" CovItemPrefix="org.codecover.simplejavaapp.model.AppFile.java" Intrnl_Id="350">
<LocList>
<Loc EndOffset="5908" SrcFileId="3" StartOffset="5858"/>
</LocList>
</BasicStmnt>
<BasicStmnt CovItemId="S40" CovItemPrefix="org.codecover.simplejavaapp.model.AppFile.java" Intrnl_Id="351">
<LocList>
<Loc EndOffset="5979" SrcFileId="3" StartOffset="5935"/>
</LocList>
</BasicStmnt>
<BasicStmnt CovItemId="S41" CovItemPrefix="org.codecover.simplejavaapp.model.AppFile.java" Intrnl_Id="352">
<LocList>
<Loc EndOffset="6042" SrcFileId="3" StartOffset="5992"/>
</LocList>
</BasicStmnt>
<BasicStmnt CovItemId="S42" CovItemPrefix="org.codecover.simplejavaapp.model.AppFile.java" Intrnl_Id="353">
<LocList>
<Loc EndOffset="6112" SrcFileId="3" StartOffset="6055"/>
</LocList>
</BasicStmnt>
<BasicStmnt CovItemId="S43" CovItemPrefix="org.codecover.simplejavaapp.model.AppFile.java" Intrnl_Id="354">
<LocList>
<Loc EndOffset="6170" SrcFileId="3" StartOffset="6125"/>
</LocList>
</BasicStmnt>
<BasicStmnt CovItemId="S44" CovItemPrefix="org.codecover.simplejavaapp.model.AppFile.java" Intrnl_Id="355">
<LocList>
<Loc EndOffset="6242" SrcFileId="3" StartOffset="6183"/>
</LocList>
</BasicStmnt>
<BasicStmnt CovItemId="S45" CovItemPrefix="org.codecover.simplejavaapp.model.AppFile.java" Intrnl_Id="356">
<LocList>
<Loc EndOffset="6310" SrcFileId="3" StartOffset="6255"/>
</LocList>
</BasicStmnt>
<BasicStmnt CovItemId="S46" CovItemPrefix="org.codecover.simplejavaapp.model.AppFile.java" Intrnl_Id="357">
<LocList>
<Loc EndOffset="6369" SrcFileId="3" StartOffset="6323"/>
</LocList>
</BasicStmnt>
<BasicStmnt CovItemId="S47" CovItemPrefix="org.codecover.simplejavaapp.model.AppFile.java" Intrnl_Id="358">
<LocList>
<Loc EndOffset="6394" SrcFileId="3" StartOffset="6382"/>
</LocList>
</BasicStmnt>
<BasicStmnt CovItemId="S48" CovItemPrefix="org.codecover.simplejavaapp.model.AppFile.java" Intrnl_Id="359">
<LocList>
<Loc EndOffset="6577" SrcFileId="3" StartOffset="6553"/>
</LocList>
</BasicStmnt>
<BasicStmnt CovItemId="S49" CovItemPrefix="org.codecover.simplejavaapp.model.AppFile.java" Intrnl_Id="360">
<LocList>
<Loc EndOffset="6627" SrcFileId="3" StartOffset="6590"/>
</LocList>
</BasicStmnt>
<CondStmnt CovItemId="S39" CovItemPrefix="org.codecover.simplejavaapp.model.AppFile.java" Intrnl_Id="361">
<Branch CovItemId="B3" CovItemPrefix="org.codecover.simplejavaapp.model.AppFile.java" Implct="true" Intrnl_Id="362">
<Cond/>
<LocList/>
<StmntSeq Intrnl_Id="363">
<LocList/>
</StmntSeq>
</Branch>
<Keyword EndOffset="5920" SrcFileId="3" StartOffset="5917"/>
<LocList>
<Loc EndOffset="6637" SrcFileId="3" StartOffset="5917"/>
</LocList>
</CondStmnt>
<BasicStmnt CovItemId="S50" CovItemPrefix="org.codecover.simplejavaapp.model.AppFile.java" Intrnl_Id="364">
<LocList>
<Loc EndOffset="6672" SrcFileId="3" StartOffset="6660"/>
</LocList>
</BasicStmnt>
</StmntSeq>
</HierarchyLvl>
<HierarchyLvl HierarchyLvlId="1044" HierarchyLvlTypeId="10" Intrnl_Id="365" Name="loadAppFile">
<Header>
<Loc EndOffset="7119" SrcFileId="3" StartOffset="7007"/>
</Header>
<LocList>
<Loc EndOffset="7995" SrcFileId="3" StartOffset="7007"/>
</LocList>
<StmntSeq Intrnl_Id="366">
<LocList>
<Loc EndOffset="7166" SrcFileId="3" StartOffset="7130"/>
<Loc EndOffset="7246" SrcFileId="3" StartOffset="7176"/>
<Loc EndOffset="7287" SrcFileId="3" StartOffset="7255"/>
<Loc EndOffset="7359" SrcFileId="3" StartOffset="7296"/>
<Loc EndOffset="7414" SrcFileId="3" StartOffset="7368"/>
<Loc EndOffset="7470" SrcFileId="3" StartOffset="7424"/>
<Loc EndOffset="7604" SrcFileId="3" StartOffset="7480"/>
<Loc EndOffset="7878" SrcFileId="3" StartOffset="7613"/>
<Loc EndOffset="7915" SrcFileId="3" StartOffset="7888"/>
<Loc EndOffset="7964" SrcFileId="3" StartOffset="7924"/>
<Loc EndOffset="7989" SrcFileId="3" StartOffset="7974"/>
</LocList>
<BasicStmnt CovItemId="S51" CovItemPrefix="org.codecover.simplejavaapp.model.AppFile.java" Intrnl_Id="367">
<LocList>
<Loc EndOffset="7166" SrcFileId="3" StartOffset="7130"/>
</LocList>
</BasicStmnt>
<BasicStmnt CovItemId="S52" CovItemPrefix="org.codecover.simplejavaapp.model.AppFile.java" Intrnl_Id="368">
<LocList>
<Loc EndOffset="7246" SrcFileId="3" StartOffset="7176"/>
</LocList>
</BasicStmnt>
<BasicStmnt CovItemId="S53" CovItemPrefix="org.codecover.simplejavaapp.model.AppFile.java" Intrnl_Id="369">
<LocList>
<Loc EndOffset="7287" SrcFileId="3" StartOffset="7255"/>
</LocList>
</BasicStmnt>
<BasicStmnt CovItemId="S54" CovItemPrefix="org.codecover.simplejavaapp.model.AppFile.java" Intrnl_Id="370">
<LocList>
<Loc EndOffset="7359" SrcFileId="3" StartOffset="7296"/>
</LocList>
</BasicStmnt>
<BasicStmnt CovItemId="S55" CovItemPrefix="org.codecover.simplejavaapp.model.AppFile.java" Intrnl_Id="371">
<LocList>
<Loc EndOffset="7414" SrcFileId="3" StartOffset="7368"/>
</LocList>
</BasicStmnt>
<BasicStmnt CovItemId="S56" CovItemPrefix="org.codecover.simplejavaapp.model.AppFile.java" Intrnl_Id="372">
<LocList>
<Loc EndOffset="7470" SrcFileId="3" StartOffset="7424"/>
</LocList>
</BasicStmnt>
<BasicStmnt CovItemId="S57" CovItemPrefix="org.codecover.simplejavaapp.model.AppFile.java" Intrnl_Id="373">
<LocList>
<Loc EndOffset="7604" SrcFileId="3" StartOffset="7480"/>
</LocList>
</BasicStmnt>
<LoopStmnt CovItemId="S58" CovItemPrefix="org.codecover.simplejavaapp.model.AppFile.java" Intrnl_Id="374" MltplExecId="L3-2" MltplExecPrefix="org.codecover.simplejavaapp.model.AppFile.java" NvrExecId="L3-0" NvrExecPrefix="org.codecover.simplejavaapp.model.AppFile.java" OnceExecutedId="L3-1" OnceExecutedPrefix="org.codecover.simplejavaapp.model.AppFile.java" OptBodyExec="true">
<StmntSeq Intrnl_Id="375">
<LocList>
<Loc EndOffset="7868" SrcFileId="3" StartOffset="7662"/>
</LocList>
<LoopStmnt CovItemId="S59" CovItemPrefix="org.codecover.simplejavaapp.model.AppFile.java" Intrnl_Id="376" MltplExecId="L4-2" MltplExecPrefix="org.codecover.simplejavaapp.model.AppFile.java" NvrExecId="L4-0" NvrExecPrefix="org.codecover.simplejavaapp.model.AppFile.java" OnceExecutedId="L4-1" OnceExecutedPrefix="org.codecover.simplejavaapp.model.AppFile.java" OptBodyExec="true">
<StmntSeq Intrnl_Id="377">
<LocList>
<Loc EndOffset="7854" SrcFileId="3" StartOffset="7798"/>
</LocList>
<BasicStmnt CovItemId="S60" CovItemPrefix="org.codecover.simplejavaapp.model.AppFile.java" Intrnl_Id="378">
<LocList>
<Loc EndOffset="7854" SrcFileId="3" StartOffset="7798"/>
</LocList>
</BasicStmnt>
</StmntSeq>
<Keyword EndOffset="7665" SrcFileId="3" StartOffset="7662"/>
<LocList>
<Loc EndOffset="7868" SrcFileId="3" StartOffset="7662"/>
</LocList>
</LoopStmnt>
</StmntSeq>
<Keyword EndOffset="7616" SrcFileId="3" StartOffset="7613"/>
<LocList>
<Loc EndOffset="7878" SrcFileId="3" StartOffset="7613"/>
</LocList>
</LoopStmnt>
<BasicStmnt CovItemId="S61" CovItemPrefix="org.codecover.simplejavaapp.model.AppFile.java" Intrnl_Id="379">
<LocList>
<Loc EndOffset="7915" SrcFileId="3" StartOffset="7888"/>
</LocList>
</BasicStmnt>
<BasicStmnt CovItemId="S62" CovItemPrefix="org.codecover.simplejavaapp.model.AppFile.java" Intrnl_Id="380">
<LocList>
<Loc EndOffset="7964" SrcFileId="3" StartOffset="7924"/>
</LocList>
</BasicStmnt>
<BasicStmnt CovItemId="S63" CovItemPrefix="org.codecover.simplejavaapp.model.AppFile.java" Intrnl_Id="381">
<LocList>
<Loc EndOffset="7989" SrcFileId="3" StartOffset="7974"/>
</LocList>
</BasicStmnt>
</StmntSeq>
</HierarchyLvl>
<HierarchyLvl HierarchyLvlId="1047" HierarchyLvlTypeId="9" Intrnl_Id="382" Name="NodeListIterable">
<Header>
<Loc EndOffset="8063" SrcFileId="3" StartOffset="8001"/>
</Header>
<LocList>
<Loc EndOffset="8773" SrcFileId="3" StartOffset="8001"/>
</LocList>
<HierarchyLvl HierarchyLvlId="1045" HierarchyLvlTypeId="10" Intrnl_Id="383" Name="NodeListIterable">
<Header>
<Loc EndOffset="8380" SrcFileId="3" StartOffset="8338"/>
</Header>
<LocList>
<Loc EndOffset="8565" SrcFileId="3" StartOffset="8338"/>
</LocList>
<StmntSeq Intrnl_Id="384">
<LocList>
<Loc EndOffset="8430" SrcFileId="3" StartOffset="8395"/>
<Loc EndOffset="8555" SrcFileId="3" StartOffset="8444"/>
</LocList>
<BasicStmnt CovItemId="S64" CovItemPrefix="org.codecover.simplejavaapp.model.AppFile.java" Intrnl_Id="385">
<LocList>
<Loc EndOffset="8430" SrcFileId="3" StartOffset="8395"/>
</LocList>
</BasicStmnt>
<LoopStmnt CovItemId="S65" CovItemPrefix="org.codecover.simplejavaapp.model.AppFile.java" Intrnl_Id="386" MltplExecId="L5-2" MltplExecPrefix="org.codecover.simplejavaapp.model.AppFile.java" NvrExecId="L5-0" NvrExecPrefix="org.codecover.simplejavaapp.model.AppFile.java" OnceExecutedId="L5-1" OnceExecutedPrefix="org.codecover.simplejavaapp.model.AppFile.java" OptBodyExec="true">
<StmntSeq Intrnl_Id="387">
<LocList>
<Loc EndOffset="8541" SrcFileId="3" StartOffset="8509"/>
</LocList>
<BasicStmnt CovItemId="S66" CovItemPrefix="org.codecover.simplejavaapp.model.AppFile.java" Intrnl_Id="388">
<LocList>
<Loc EndOffset="8541" SrcFileId="3" StartOffset="8509"/>
</LocList>
</BasicStmnt>
</StmntSeq>
<Keyword EndOffset="8447" SrcFileId="3" StartOffset="8444"/>
<LocList>
<Loc EndOffset="8555" SrcFileId="3" StartOffset="8444"/>
</LocList>
<RootTerm CovItemId="C2" CovItemPrefix="org.codecover.simplejavaapp.model.AppFile.java" Intrnl_Id="389">
<BasicBoolTerm Intrnl_Id="390">
<LocList>
<Loc EndOffset="8484" SrcFileId="3" StartOffset="8460"/>
</LocList>
</BasicBoolTerm>
</RootTerm>
</LoopStmnt>
</StmntSeq>
</HierarchyLvl>
<HierarchyLvl HierarchyLvlId="1046" HierarchyLvlTypeId="10" Intrnl_Id="391" Name="iterator">
<Header>
<Loc EndOffset="8714" SrcFileId="3" StartOffset="8682"/>
</Header>
<LocList>
<Loc EndOffset="8767" SrcFileId="3" StartOffset="8682"/>
</LocList>
<StmntSeq Intrnl_Id="392">
<LocList>
<Loc EndOffset="8757" SrcFileId="3" StartOffset="8729"/>
</LocList>
<BasicStmnt CovItemId="S67" CovItemPrefix="org.codecover.simplejavaapp.model.AppFile.java" Intrnl_Id="393">
<LocList>
<Loc EndOffset="8757" SrcFileId="3" StartOffset="8729"/>
</LocList>
</BasicStmnt>
</StmntSeq>
</HierarchyLvl>
</HierarchyLvl>
<HierarchyLvl HierarchyLvlId="1049" HierarchyLvlTypeId="9" Intrnl_Id="394" Name="BookListener">
<Header>
<Loc EndOffset="8841" SrcFileId="3" StartOffset="8779"/>
</Header>
<LocList>
<Loc EndOffset="9093" SrcFileId="3" StartOffset="8779"/>
</LocList>
<HierarchyLvl HierarchyLvlId="1048" HierarchyLvlTypeId="10" Intrnl_Id="395" Name="stateModified">
<Header>
<Loc EndOffset="9031" SrcFileId="3" StartOffset="9004"/>
</Header>
<LocList>
<Loc EndOffset="9087" SrcFileId="3" StartOffset="9004"/>
</LocList>
<StmntSeq Intrnl_Id="396">
<LocList>
<Loc EndOffset="9077" SrcFileId="3" StartOffset="9046"/>
</LocList>
<BasicStmnt CovItemId="S68" CovItemPrefix="org.codecover.simplejavaapp.model.AppFile.java" Intrnl_Id="397">
<LocList>
<Loc EndOffset="9077" SrcFileId="3" StartOffset="9046"/>
</LocList>
</BasicStmnt>
</StmntSeq>
</HierarchyLvl>
</HierarchyLvl>
</HierarchyLvl>
</HierarchyLvl>
<HierarchyLvl HierarchyLvlId="1069" HierarchyLvlTypeId="8" Intrnl_Id="398" Name="controller">
<Header/>
<LocList/>
<HierarchyLvl HierarchyLvlId="1065" HierarchyLvlTypeId="9" Intrnl_Id="399" Name="AppController">
<Header>
<Loc EndOffset="565" SrcFileId="4" StartOffset="539"/>
</Header>
<LocList>
<Loc EndOffset="5732" SrcFileId="4" StartOffset="539"/>
<Loc EndOffset="7034" SrcFileId="4" StartOffset="7032"/>
</LocList>
<StmntSeq Intrnl_Id="400">
<LocList>
<Loc EndOffset="633" SrcFileId="4" StartOffset="572"/>
<Loc EndOffset="697" SrcFileId="4" StartOffset="639"/>
</LocList>
<BasicStmnt CovItemId="S1" CovItemPrefix="org.codecover.simplejavaapp.controller.AppController.java" Intrnl_Id="401">
<LocList>
<Loc EndOffset="633" SrcFileId="4" StartOffset="572"/>
</LocList>
</BasicStmnt>
<BasicStmnt CovItemId="S2" CovItemPrefix="org.codecover.simplejavaapp.controller.AppController.java" Intrnl_Id="402">
<LocList>
<Loc EndOffset="697" SrcFileId="4" StartOffset="639"/>
</LocList>
</BasicStmnt>
</StmntSeq>
<HierarchyLvl HierarchyLvlId="1051" HierarchyLvlTypeId="10" Intrnl_Id="403" Name="getInstance">
<Header>
<Loc EndOffset="947" SrcFileId="4" StartOffset="906"/>
</Header>
<LocList>
<Loc EndOffset="1067" SrcFileId="4" StartOffset="906"/>
</LocList>
<StmntSeq Intrnl_Id="404">
<LocList>
<Loc EndOffset="1035" SrcFileId="4" StartOffset="958"/>
<Loc EndOffset="1061" SrcFileId="4" StartOffset="1045"/>
</LocList>
<CondStmnt CovItemId="S3" CovItemPrefix="org.codecover.simplejavaapp.controller.AppController.java" Intrnl_Id="405">
<Branch CovItemId="B1" CovItemPrefix="org.codecover.simplejavaapp.controller.AppController.java" Implct="false" Intrnl_Id="406">
<Cond/>
<LocList>
<Loc EndOffset="1035" SrcFileId="4" StartOffset="980"/>
</LocList>
<StmntSeq Intrnl_Id="407">
<LocList>
<Loc EndOffset="1025" SrcFileId="4" StartOffset="994"/>
</LocList>
<BasicStmnt CovItemId="S4" CovItemPrefix="org.codecover.simplejavaapp.controller.AppController.java" Intrnl_Id="408">
<LocList>
<Loc EndOffset="1025" SrcFileId="4" StartOffset="994"/>
</LocList>
</BasicStmnt>
</StmntSeq>
</Branch>
<Branch CovItemId="B2" CovItemPrefix="org.codecover.simplejavaapp.controller.AppController.java" Implct="true" Intrnl_Id="409">
<Cond/>
<LocList/>
<StmntSeq Intrnl_Id="410">
<LocList/>
</StmntSeq>
</Branch>
<Keyword EndOffset="960" SrcFileId="4" StartOffset="958"/>
<LocList>
<Loc EndOffset="1035" SrcFileId="4" StartOffset="958"/>
</LocList>
<RootTerm CovItemId="C1" CovItemPrefix="org.codecover.simplejavaapp.controller.AppController.java" Intrnl_Id="411">
<BasicBoolTerm Intrnl_Id="412">
<LocList>
<Loc EndOffset="978" SrcFileId="4" StartOffset="962"/>
</LocList>
</BasicBoolTerm>
</RootTerm>
</CondStmnt>
<BasicStmnt CovItemId="S5" CovItemPrefix="org.codecover.simplejavaapp.controller.AppController.java" Intrnl_Id="413">
<LocList>
<Loc EndOffset="1061" SrcFileId="4" StartOffset="1045"/>
</LocList>
</BasicStmnt>
</StmntSeq>
</HierarchyLvl>
<HierarchyLvl HierarchyLvlId="1052" HierarchyLvlTypeId="10" Intrnl_Id="414" Name="AppController">
<Header>
<Loc EndOffset="1096" SrcFileId="4" StartOffset="1073"/>
</Header>
<LocList>
<Loc EndOffset="1157" SrcFileId="4" StartOffset="1073"/>
</LocList>
<StmntSeq Intrnl_Id="415">
<LocList>
<Loc EndOffset="1151" SrcFileId="4" StartOffset="1107"/>
</LocList>
<BasicStmnt CovItemId="S6" CovItemPrefix="org.codecover.simplejavaapp.controller.AppController.java" Intrnl_Id="416">
<LocList>
<Loc EndOffset="1151" SrcFileId="4" StartOffset="1107"/>
</LocList>
</BasicStmnt>
</StmntSeq>
</HierarchyLvl>
<HierarchyLvl HierarchyLvlId="1053" HierarchyLvlTypeId="10" Intrnl_Id="417" Name="initialize">
<Header>
<Loc EndOffset="1261" SrcFileId="4" StartOffset="1230"/>
</Header>
<LocList>
<Loc EndOffset="1378" SrcFileId="4" StartOffset="1230"/>
</LocList>
<StmntSeq Intrnl_Id="418">
<LocList>
<Loc EndOffset="1330" SrcFileId="4" StartOffset="1272"/>
<Loc EndOffset="1372" SrcFileId="4" StartOffset="1340"/>
</LocList>
<BasicStmnt CovItemId="S7" CovItemPrefix="org.codecover.simplejavaapp.controller.AppController.java" Intrnl_Id="419">
<LocList>
<Loc EndOffset="1330" SrcFileId="4" StartOffset="1272"/>
</LocList>
</BasicStmnt>
<BasicStmnt CovItemId="S8" CovItemPrefix="org.codecover.simplejavaapp.controller.AppController.java" Intrnl_Id="420">
<LocList>
<Loc EndOffset="1372" SrcFileId="4" StartOffset="1340"/>
</LocList>
</BasicStmnt>
</StmntSeq>
</HierarchyLvl>
<HierarchyLvl HierarchyLvlId="1054" HierarchyLvlTypeId="10" Intrnl_Id="421" Name="onOpenNewWindow">
<Header>
<Loc EndOffset="1414" SrcFileId="4" StartOffset="1384"/>
</Header>
<LocList>
<Loc EndOffset="1497" SrcFileId="4" StartOffset="1384"/>
</LocList>
<StmntSeq Intrnl_Id="422">
<LocList>
<Loc EndOffset="1457" SrcFileId="4" StartOffset="1425"/>
<Loc EndOffset="1491" SrcFileId="4" StartOffset="1467"/>
</LocList>
<BasicStmnt CovItemId="S9" CovItemPrefix="org.codecover.simplejavaapp.controller.AppController.java" Intrnl_Id="423">
<LocList>
<Loc EndOffset="1457" SrcFileId="4" StartOffset="1425"/>
</LocList>
</BasicStmnt>
<BasicStmnt CovItemId="S10" CovItemPrefix="org.codecover.simplejavaapp.controller.AppController.java" Intrnl_Id="424">
<LocList>
<Loc EndOffset="1491" SrcFileId="4" StartOffset="1467"/>
</LocList>
</BasicStmnt>
</StmntSeq>
</HierarchyLvl>
<HierarchyLvl HierarchyLvlId="1055" HierarchyLvlTypeId="10" Intrnl_Id="425" Name="onNewBook">
<Header>
<Loc EndOffset="1540" SrcFileId="4" StartOffset="1503"/>
</Header>
<LocList>
<Loc EndOffset="1624" SrcFileId="4" StartOffset="1503"/>
</LocList>
<StmntSeq Intrnl_Id="426">
<LocList>
<Loc EndOffset="1574" SrcFileId="4" StartOffset="1551"/>
<Loc EndOffset="1618" SrcFileId="4" StartOffset="1584"/>
</LocList>
<BasicStmnt CovItemId="S11" CovItemPrefix="org.codecover.simplejavaapp.controller.AppController.java" Intrnl_Id="427">
<LocList>
<Loc EndOffset="1574" SrcFileId="4" StartOffset="1551"/>
</LocList>
</BasicStmnt>
<BasicStmnt CovItemId="S12" CovItemPrefix="org.codecover.simplejavaapp.controller.AppController.java" Intrnl_Id="428">
<LocList>
<Loc EndOffset="1618" SrcFileId="4" StartOffset="1584"/>
</LocList>
</BasicStmnt>
</StmntSeq>
</HierarchyLvl>
<HierarchyLvl HierarchyLvlId="1056" HierarchyLvlTypeId="10" Intrnl_Id="429" Name="onCloseWindow">
<Header>
<Loc EndOffset="1674" SrcFileId="4" StartOffset="1630"/>
</Header>
<LocList>
<Loc EndOffset="2518" SrcFileId="4" StartOffset="1630"/>
</LocList>
<StmntSeq Intrnl_Id="430">
<LocList>
<Loc EndOffset="2417" SrcFileId="4" StartOffset="1685"/>
<Loc EndOffset="2452" SrcFileId="4" StartOffset="2427"/>
<Loc EndOffset="2491" SrcFileId="4" StartOffset="2461"/>
<Loc EndOffset="2512" SrcFileId="4" StartOffset="2500"/>
</LocList>
<CondStmnt CovItemId="S13" CovItemPrefix="org.codecover.simplejavaapp.controller.AppController.java" Intrnl_Id="431">
<Branch CovItemId="B3" CovItemPrefix="org.codecover.simplejavaapp.controller.AppController.java" Implct="false" Intrnl_Id="432">
<Cond/>
<LocList>
<Loc EndOffset="2417" SrcFileId="4" StartOffset="1719"/>
</LocList>
<StmntSeq Intrnl_Id="433">
<LocList>
<Loc EndOffset="1878" SrcFileId="4" StartOffset="1733"/>
<Loc EndOffset="2407" SrcFileId="4" StartOffset="1892"/>
</LocList>
<BasicStmnt CovItemId="S14" CovItemPrefix="org.codecover.simplejavaapp.controller.AppController.java" Intrnl_Id="434">
<LocList>
<Loc EndOffset="1878" SrcFileId="4" StartOffset="1733"/>
</LocList>
</BasicStmnt>
<CondStmnt CovItemId="S15" CovItemPrefix="org.codecover.simplejavaapp.controller.AppController.java" Intrnl_Id="435">
<Branch CovItemId="B5" CovItemPrefix="org.codecover.simplejavaapp.controller.AppController.java" Implct="false" Intrnl_Id="436">
<Cond>
<Loc EndOffset="1953" SrcFileId="4" StartOffset="1926"/>
</Cond>
<LocList>
<Loc EndOffset="2164" SrcFileId="4" StartOffset="1975"/>
</LocList>
<StmntSeq Intrnl_Id="437">
<LocList>
<Loc EndOffset="2137" SrcFileId="4" StartOffset="1975"/>
<Loc EndOffset="2164" SrcFileId="4" StartOffset="2158"/>
</LocList>
<CondStmnt CovItemId="S16" CovItemPrefix="org.codecover.simplejavaapp.controller.AppController.java" Intrnl_Id="438">
<Branch CovItemId="B6" CovItemPrefix="org.codecover.simplejavaapp.controller.AppController.java" Implct="false" Intrnl_Id="439">
<Cond/>
<LocList>
<Loc EndOffset="2137" SrcFileId="4" StartOffset="1996"/>
</LocList>
<StmntSeq Intrnl_Id="440">
<LocList>
<Loc EndOffset="2115" SrcFileId="4" StartOffset="2102"/>
</LocList>
<BasicStmnt CovItemId="S17" CovItemPrefix="org.codecover.simplejavaapp.controller.AppController.java" Intrnl_Id="441">
<LocList>
<Loc EndOffset="2115" SrcFileId="4" StartOffset="2102"/>
</LocList>
</BasicStmnt>
</StmntSeq>
</Branch>
<Branch CovItemId="B7" CovItemPrefix="org.codecover.simplejavaapp.controller.AppController.java" Implct="true" Intrnl_Id="442">
<Cond/>
<LocList/>
<StmntSeq Intrnl_Id="443">
<LocList/>
</StmntSeq>
</Branch>
<Keyword EndOffset="1977" SrcFileId="4" StartOffset="1975"/>
<LocList>
<Loc EndOffset="2137" SrcFileId="4" StartOffset="1975"/>
</LocList>
<RootTerm CovItemId="C3" CovItemPrefix="org.codecover.simplejavaapp.controller.AppController.java" Intrnl_Id="444">
<OpTerm BooleanOpId="6" Intrnl_Id="445">
<BasicBoolTerm Intrnl_Id="446">
<LocList>
<Loc EndOffset="1994" SrcFileId="4" StartOffset="1980"/>
</LocList>
</BasicBoolTerm>
<LocList>
<Loc EndOffset="1980" SrcFileId="4" StartOffset="1979"/>
</LocList>
</OpTerm>
</RootTerm>
</CondStmnt>
<BasicStmnt CovItemId="S18" CovItemPrefix="org.codecover.simplejavaapp.controller.AppController.java" Intrnl_Id="447">
<LocList>
<Loc EndOffset="2164" SrcFileId="4" StartOffset="2158"/>
</LocList>
</BasicStmnt>
</StmntSeq>
</Branch>
<Branch CovItemId="B8" CovItemPrefix="org.codecover.simplejavaapp.controller.AppController.java" Implct="false" Intrnl_Id="448">
<Cond>
<Loc EndOffset="2207" SrcFileId="4" StartOffset="2181"/>
</Cond>
<LocList>
<Loc EndOffset="2235" SrcFileId="4" StartOffset="2229"/>
</LocList>
<StmntSeq Intrnl_Id="449">
<LocList>
<Loc EndOffset="2235" SrcFileId="4" StartOffset="2229"/>
</LocList>
<BasicStmnt CovItemId="S19" CovItemPrefix="org.codecover.simplejavaapp.controller.AppController.java" Intrnl_Id="450">
<LocList>
<Loc EndOffset="2235" SrcFileId="4" StartOffset="2229"/>
</LocList>
</BasicStmnt>
</StmntSeq>
</Branch>
<Branch CovItemId="B9" CovItemPrefix="org.codecover.simplejavaapp.controller.AppController.java" Implct="false" Intrnl_Id="451">
<Cond>
<Loc EndOffset="2282" SrcFileId="4" StartOffset="2252"/>
</Cond>
<LocList>
<Loc EndOffset="2393" SrcFileId="4" StartOffset="2380"/>
</LocList>
<StmntSeq Intrnl_Id="452">
<LocList>
<Loc EndOffset="2393" SrcFileId="4" StartOffset="2380"/>
</LocList>
<BasicStmnt CovItemId="S20" CovItemPrefix="org.codecover.simplejavaapp.controller.AppController.java" Intrnl_Id="453">
<LocList>
<Loc EndOffset="2393" SrcFileId="4" StartOffset="2380"/>
</LocList>
</BasicStmnt>
</StmntSeq>
</Branch>
<Branch CovItemId="B10" CovItemPrefix="org.codecover.simplejavaapp.controller.AppController.java" Implct="true" Intrnl_Id="454">
<Cond/>
<LocList/>
<StmntSeq Intrnl_Id="455">
<LocList/>
</StmntSeq>
</Branch>
<Keyword EndOffset="1898" SrcFileId="4" StartOffset="1892"/>
<LocList>
<Loc EndOffset="2407" SrcFileId="4" StartOffset="1892"/>
</LocList>
</CondStmnt>
</StmntSeq>
</Branch>
<Branch CovItemId="B4" CovItemPrefix="org.codecover.simplejavaapp.controller.AppController.java" Implct="true" Intrnl_Id="456">
<Cond/>
<LocList/>
<StmntSeq Intrnl_Id="457">
<LocList/>
</StmntSeq>
</Branch>
<Keyword EndOffset="1687" SrcFileId="4" StartOffset="1685"/>
<LocList>
<Loc EndOffset="2417" SrcFileId="4" StartOffset="1685"/>
</LocList>
<RootTerm CovItemId="C2" CovItemPrefix="org.codecover.simplejavaapp.controller.AppController.java" Intrnl_Id="458">
<BasicBoolTerm Intrnl_Id="459">
<LocList>
<Loc EndOffset="1717" SrcFileId="4" StartOffset="1689"/>
</LocList>
</BasicBoolTerm>
</RootTerm>
</CondStmnt>
<BasicStmnt CovItemId="S21" CovItemPrefix="org.codecover.simplejavaapp.controller.AppController.java" Intrnl_Id="460">
<LocList>
<Loc EndOffset="2452" SrcFileId="4" StartOffset="2427"/>
</LocList>
</BasicStmnt>
<BasicStmnt CovItemId="S22" CovItemPrefix="org.codecover.simplejavaapp.controller.AppController.java" Intrnl_Id="461">
<LocList>
<Loc EndOffset="2491" SrcFileId="4" StartOffset="2461"/>
</LocList>
</BasicStmnt>
<BasicStmnt CovItemId="S23" CovItemPrefix="org.codecover.simplejavaapp.controller.AppController.java" Intrnl_Id="462">
<LocList>
<Loc EndOffset="2512" SrcFileId="4" StartOffset="2500"/>
</LocList>
</BasicStmnt>
</StmntSeq>
</HierarchyLvl>
<HierarchyLvl HierarchyLvlId="1057" HierarchyLvlTypeId="10" Intrnl_Id="463" Name="onDelete">
<Header>
<Loc EndOffset="2578" SrcFileId="4" StartOffset="2524"/>
</Header>
<LocList>
<Loc EndOffset="3094" SrcFileId="4" StartOffset="2524"/>
</LocList>
<StmntSeq Intrnl_Id="464">
<LocList>
<Loc EndOffset="2644" SrcFileId="4" StartOffset="2589"/>
<Loc EndOffset="2776" SrcFileId="4" StartOffset="2662"/>
<Loc EndOffset="3088" SrcFileId="4" StartOffset="2785"/>
</LocList>
<CondStmnt CovItemId="S24" CovItemPrefix="org.codecover.simplejavaapp.controller.AppController.java" Intrnl_Id="465">
<Branch CovItemId="B11" CovItemPrefix="org.codecover.simplejavaapp.controller.AppController.java" Implct="false" Intrnl_Id="466">
<Cond/>
<LocList>
<Loc EndOffset="2644" SrcFileId="4" StartOffset="2613"/>
</LocList>
<StmntSeq Intrnl_Id="467">
<LocList>
<Loc EndOffset="2634" SrcFileId="4" StartOffset="2627"/>
</LocList>
<BasicStmnt CovItemId="S25" CovItemPrefix="org.codecover.simplejavaapp.controller.AppController.java" Intrnl_Id="468">
<LocList>
<Loc EndOffset="2634" SrcFileId="4" StartOffset="2627"/>
</LocList>
</BasicStmnt>
</StmntSeq>
</Branch>
<Branch CovItemId="B12" CovItemPrefix="org.codecover.simplejavaapp.controller.AppController.java" Implct="true" Intrnl_Id="469">
<Cond/>
<LocList/>
<StmntSeq Intrnl_Id="470">
<LocList/>
</StmntSeq>
</Branch>
<Keyword EndOffset="2591" SrcFileId="4" StartOffset="2589"/>
<LocList>
<Loc EndOffset="2644" SrcFileId="4" StartOffset="2589"/>
</LocList>
<RootTerm CovItemId="C4" CovItemPrefix="org.codecover.simplejavaapp.controller.AppController.java" Intrnl_Id="471">
<BasicBoolTerm Intrnl_Id="472">
<LocList>
<Loc EndOffset="2611" SrcFileId="4" StartOffset="2592"/>
</LocList>
</BasicBoolTerm>
</RootTerm>
</CondStmnt>
<BasicStmnt CovItemId="S26" CovItemPrefix="org.codecover.simplejavaapp.controller.AppController.java" Intrnl_Id="473">
<LocList>
<Loc EndOffset="2776" SrcFileId="4" StartOffset="2662"/>
</LocList>
</BasicStmnt>
<CondStmnt CovItemId="S27" CovItemPrefix="org.codecover.simplejavaapp.controller.AppController.java" Intrnl_Id="474">
<Branch CovItemId="B13" CovItemPrefix="org.codecover.simplejavaapp.controller.AppController.java" Implct="false" Intrnl_Id="475">
<Cond>
<Loc EndOffset="2842" SrcFileId="4" StartOffset="2815"/>
</Cond>
<LocList>
<Loc EndOffset="2994" SrcFileId="4" StartOffset="2860"/>
</LocList>
<StmntSeq Intrnl_Id="476">
<LocList>
<Loc EndOffset="2971" SrcFileId="4" StartOffset="2860"/>
<Loc EndOffset="2994" SrcFileId="4" StartOffset="2988"/>
</LocList>
<LoopStmnt CovItemId="S28" CovItemPrefix="org.codecover.simplejavaapp.controller.AppController.java" Intrnl_Id="477" MltplExecId="L1-2" MltplExecPrefix="org.codecover.simplejavaapp.controller.AppController.java" NvrExecId="L1-0" NvrExecPrefix="org.codecover.simplejavaapp.controller.AppController.java" OnceExecutedId="L1-1" OnceExecutedPrefix="org.codecover.simplejavaapp.controller.AppController.java" OptBodyExec="true">
<StmntSeq Intrnl_Id="478">
<LocList>
<Loc EndOffset="2953" SrcFileId="4" StartOffset="2912"/>
</LocList>
<BasicStmnt CovItemId="S29" CovItemPrefix="org.codecover.simplejavaapp.controller.AppController.java" Intrnl_Id="479">
<LocList>
<Loc EndOffset="2953" SrcFileId="4" StartOffset="2912"/>
</LocList>
</BasicStmnt>
</StmntSeq>
<Keyword EndOffset="2863" SrcFileId="4" StartOffset="2860"/>
<LocList>
<Loc EndOffset="2971" SrcFileId="4" StartOffset="2860"/>
</LocList>
</LoopStmnt>
<BasicStmnt CovItemId="S30" CovItemPrefix="org.codecover.simplejavaapp.controller.AppController.java" Intrnl_Id="480">
<LocList>
<Loc EndOffset="2994" SrcFileId="4" StartOffset="2988"/>
</LocList>
</BasicStmnt>
</StmntSeq>
</Branch>
<Branch CovItemId="B14" CovItemPrefix="org.codecover.simplejavaapp.controller.AppController.java" Implct="false" Intrnl_Id="481">
<Cond>
<Loc EndOffset="3033" SrcFileId="4" StartOffset="3007"/>
</Cond>
<LocList/>
<StmntSeq Intrnl_Id="482">
<LocList/>
</StmntSeq>
</Branch>
<Branch CovItemId="B15" CovItemPrefix="org.codecover.simplejavaapp.controller.AppController.java" Implct="false" Intrnl_Id="483">
<Cond>
<Loc EndOffset="3077" SrcFileId="4" StartOffset="3047"/>
</Cond>
<LocList/>
<StmntSeq Intrnl_Id="484">
<LocList/>
</StmntSeq>
</Branch>
<Branch CovItemId="B16" CovItemPrefix="org.codecover.simplejavaapp.controller.AppController.java" Implct="true" Intrnl_Id="485">
<Cond/>
<LocList/>
<StmntSeq Intrnl_Id="486">
<LocList/>
</StmntSeq>
</Branch>
<Keyword EndOffset="2791" SrcFileId="4" StartOffset="2785"/>
<LocList>
<Loc EndOffset="3088" SrcFileId="4" StartOffset="2785"/>
</LocList>
</CondStmnt>
</StmntSeq>
</HierarchyLvl>
<HierarchyLvl HierarchyLvlId="1058" HierarchyLvlTypeId="10" Intrnl_Id="487" Name="onOpen">
<Header>
<Loc EndOffset="3134" SrcFileId="4" StartOffset="3100"/>
</Header>
<LocList>
<Loc EndOffset="4480" SrcFileId="4" StartOffset="3100"/>
</LocList>
<StmntSeq Intrnl_Id="488">
<LocList>
<Loc EndOffset="3865" SrcFileId="4" StartOffset="3145"/>
<Loc EndOffset="3917" SrcFileId="4" StartOffset="3875"/>
<Loc EndOffset="3976" SrcFileId="4" StartOffset="3927"/>
<Loc EndOffset="4054" SrcFileId="4" StartOffset="4004"/>
<Loc EndOffset="4109" SrcFileId="4" StartOffset="4068"/>
<Loc EndOffset="4152" SrcFileId="4" StartOffset="4122"/>
<Loc EndOffset="4474" SrcFileId="4" StartOffset="3986"/>
</LocList>
<CondStmnt CovItemId="S31" CovItemPrefix="org.codecover.simplejavaapp.controller.AppController.java" Intrnl_Id="489">
<Branch CovItemId="B17" CovItemPrefix="org.codecover.simplejavaapp.controller.AppController.java" Implct="false" Intrnl_Id="490">
<Cond/>
<LocList>
<Loc EndOffset="3865" SrcFileId="4" StartOffset="3179"/>
</LocList>
<StmntSeq Intrnl_Id="491">
<LocList>
<Loc EndOffset="3338" SrcFileId="4" StartOffset="3193"/>
<Loc EndOffset="3855" SrcFileId="4" StartOffset="3352"/>
</LocList>
<BasicStmnt CovItemId="S32" CovItemPrefix="org.codecover.simplejavaapp.controller.AppController.java" Intrnl_Id="492">
<LocList>
<Loc EndOffset="3338" SrcFileId="4" StartOffset="3193"/>
</LocList>
</BasicStmnt>
<CondStmnt CovItemId="S33" CovItemPrefix="org.codecover.simplejavaapp.controller.AppController.java" Intrnl_Id="493">
<Branch CovItemId="B19" CovItemPrefix="org.codecover.simplejavaapp.controller.AppController.java" Implct="false" Intrnl_Id="494">
<Cond>
<Loc EndOffset="3413" SrcFileId="4" StartOffset="3386"/>
</Cond>
<LocList>
<Loc EndOffset="3618" SrcFileId="4" StartOffset="3435"/>
</LocList>
<StmntSeq Intrnl_Id="495">
<LocList>
<Loc EndOffset="3591" SrcFileId="4" StartOffset="3435"/>
<Loc EndOffset="3618" SrcFileId="4" StartOffset="3612"/>
</LocList>
<CondStmnt CovItemId="S34" CovItemPrefix="org.codecover.simplejavaapp.controller.AppController.java" Intrnl_Id="496">
<Branch CovItemId="B20" CovItemPrefix="org.codecover.simplejavaapp.controller.AppController.java" Implct="false" Intrnl_Id="497">
<Cond/>
<LocList>
<Loc EndOffset="3591" SrcFileId="4" StartOffset="3456"/>
</LocList>
<StmntSeq Intrnl_Id="498">
<LocList>
<Loc EndOffset="3569" SrcFileId="4" StartOffset="3562"/>
</LocList>
<BasicStmnt CovItemId="S35" CovItemPrefix="org.codecover.simplejavaapp.controller.AppController.java" Intrnl_Id="499">
<LocList>
<Loc EndOffset="3569" SrcFileId="4" StartOffset="3562"/>
</LocList>
</BasicStmnt>
</StmntSeq>
</Branch>
<Branch CovItemId="B21" CovItemPrefix="org.codecover.simplejavaapp.controller.AppController.java" Implct="true" Intrnl_Id="500">
<Cond/>
<LocList/>
<StmntSeq Intrnl_Id="501">
<LocList/>
</StmntSeq>
</Branch>
<Keyword EndOffset="3437" SrcFileId="4" StartOffset="3435"/>
<LocList>
<Loc EndOffset="3591" SrcFileId="4" StartOffset="3435"/>
</LocList>
<RootTerm CovItemId="C6" CovItemPrefix="org.codecover.simplejavaapp.controller.AppController.java" Intrnl_Id="502">
<OpTerm BooleanOpId="6" Intrnl_Id="503">
<BasicBoolTerm Intrnl_Id="504">
<LocList>
<Loc EndOffset="3454" SrcFileId="4" StartOffset="3440"/>
</LocList>
</BasicBoolTerm>
<LocList>
<Loc EndOffset="3440" SrcFileId="4" StartOffset="3439"/>
</LocList>
</OpTerm>
</RootTerm>
</CondStmnt>
<BasicStmnt CovItemId="S36" CovItemPrefix="org.codecover.simplejavaapp.controller.AppController.java" Intrnl_Id="505">
<LocList>
<Loc EndOffset="3618" SrcFileId="4" StartOffset="3612"/>
</LocList>
</BasicStmnt>
</StmntSeq>
</Branch>
<Branch CovItemId="B22" CovItemPrefix="org.codecover.simplejavaapp.controller.AppController.java" Implct="false" Intrnl_Id="506">
<Cond>
<Loc EndOffset="3661" SrcFileId="4" StartOffset="3635"/>
</Cond>
<LocList>
<Loc EndOffset="3689" SrcFileId="4" StartOffset="3683"/>
</LocList>
<StmntSeq Intrnl_Id="507">
<LocList>
<Loc EndOffset="3689" SrcFileId="4" StartOffset="3683"/>
</LocList>
<BasicStmnt CovItemId="S37" CovItemPrefix="org.codecover.simplejavaapp.controller.AppController.java" Intrnl_Id="508">
<LocList>
<Loc EndOffset="3689" SrcFileId="4" StartOffset="3683"/>
</LocList>
</BasicStmnt>
</StmntSeq>
</Branch>
<Branch CovItemId="B23" CovItemPrefix="org.codecover.simplejavaapp.controller.AppController.java" Implct="false" Intrnl_Id="509">
<Cond>
<Loc EndOffset="3736" SrcFileId="4" StartOffset="3706"/>
</Cond>
<LocList>
<Loc EndOffset="3841" SrcFileId="4" StartOffset="3834"/>
</LocList>
<StmntSeq Intrnl_Id="510">
<LocList>
<Loc EndOffset="3841" SrcFileId="4" StartOffset="3834"/>
</LocList>
<BasicStmnt CovItemId="S38" CovItemPrefix="org.codecover.simplejavaapp.controller.AppController.java" Intrnl_Id="511">
<LocList>
<Loc EndOffset="3841" SrcFileId="4" StartOffset="3834"/>
</LocList>
</BasicStmnt>
</StmntSeq>
</Branch>
<Branch CovItemId="B24" CovItemPrefix="org.codecover.simplejavaapp.controller.AppController.java" Implct="true" Intrnl_Id="512">
<Cond/>
<LocList/>
<StmntSeq Intrnl_Id="513">
<LocList/>
</StmntSeq>
</Branch>
<Keyword EndOffset="3358" SrcFileId="4" StartOffset="3352"/>
<LocList>
<Loc EndOffset="3855" SrcFileId="4" StartOffset="3352"/>
</LocList>
</CondStmnt>
</StmntSeq>
</Branch>
<Branch CovItemId="B18" CovItemPrefix="org.codecover.simplejavaapp.controller.AppController.java" Implct="true" Intrnl_Id="514">
<Cond/>
<LocList/>
<StmntSeq Intrnl_Id="515">
<LocList/>
</StmntSeq>
</Branch>
<Keyword EndOffset="3147" SrcFileId="4" StartOffset="3145"/>
<LocList>
<Loc EndOffset="3865" SrcFileId="4" StartOffset="3145"/>
</LocList>
<RootTerm CovItemId="C5" CovItemPrefix="org.codecover.simplejavaapp.controller.AppController.java" Intrnl_Id="516">
<BasicBoolTerm Intrnl_Id="517">
<LocList>
<Loc EndOffset="3177" SrcFileId="4" StartOffset="3149"/>
</LocList>
</BasicBoolTerm>
</RootTerm>
</CondStmnt>
<BasicStmnt CovItemId="S39" CovItemPrefix="org.codecover.simplejavaapp.controller.AppController.java" Intrnl_Id="518">
<LocList>
<Loc EndOffset="3917" SrcFileId="4" StartOffset="3875"/>
</LocList>
</BasicStmnt>
<CondStmnt CovItemId="S40" CovItemPrefix="org.codecover.simplejavaapp.controller.AppController.java" Intrnl_Id="519">
<Branch CovItemId="B25" CovItemPrefix="org.codecover.simplejavaapp.controller.AppController.java" Implct="false" Intrnl_Id="520">
<Cond/>
<LocList>
<Loc EndOffset="3976" SrcFileId="4" StartOffset="3945"/>
</LocList>
<StmntSeq Intrnl_Id="521">
<LocList>
<Loc EndOffset="3966" SrcFileId="4" StartOffset="3959"/>
</LocList>
<BasicStmnt CovItemId="S41" CovItemPrefix="org.codecover.simplejavaapp.controller.AppController.java" Intrnl_Id="522">
<LocList>
<Loc EndOffset="3966" SrcFileId="4" StartOffset="3959"/>
</LocList>
</BasicStmnt>
</StmntSeq>
</Branch>
<Branch CovItemId="B26" CovItemPrefix="org.codecover.simplejavaapp.controller.AppController.java" Implct="true" Intrnl_Id="523">
<Cond/>
<LocList/>
<StmntSeq Intrnl_Id="524">
<LocList/>
</StmntSeq>
</Branch>
<Keyword EndOffset="3929" SrcFileId="4" StartOffset="3927"/>
<LocList>
<Loc EndOffset="3976" SrcFileId="4" StartOffset="3927"/>
</LocList>
<RootTerm CovItemId="C7" CovItemPrefix="org.codecover.simplejavaapp.controller.AppController.java" Intrnl_Id="525">
<BasicBoolTerm Intrnl_Id="526">
<LocList>
<Loc EndOffset="3943" SrcFileId="4" StartOffset="3931"/>
</LocList>
</BasicBoolTerm>
</RootTerm>
</CondStmnt>
<BasicStmnt CovItemId="S43" CovItemPrefix="org.codecover.simplejavaapp.controller.AppController.java" Intrnl_Id="527">
<LocList>
<Loc EndOffset="4054" SrcFileId="4" StartOffset="4004"/>
</LocList>
</BasicStmnt>
<BasicStmnt CovItemId="S44" CovItemPrefix="org.codecover.simplejavaapp.controller.AppController.java" Intrnl_Id="528">
<LocList>
<Loc EndOffset="4109" SrcFileId="4" StartOffset="4068"/>
</LocList>
</BasicStmnt>
<BasicStmnt CovItemId="S45" CovItemPrefix="org.codecover.simplejavaapp.controller.AppController.java" Intrnl_Id="529">
<LocList>
<Loc EndOffset="4152" SrcFileId="4" StartOffset="4122"/>
</LocList>
</BasicStmnt>
<CondStmnt CovItemId="S42" CovItemPrefix="org.codecover.simplejavaapp.controller.AppController.java" Intrnl_Id="530">
<Branch CovItemId="B27" CovItemPrefix="org.codecover.simplejavaapp.controller.AppController.java" Implct="true" Intrnl_Id="531">
<Cond/>
<LocList/>
<StmntSeq Intrnl_Id="532">
<LocList/>
</StmntSeq>
</Branch>
<Branch CovItemId="B28" CovItemPrefix="org.codecover.simplejavaapp.controller.AppController.java" Implct="false" Intrnl_Id="533">
<Cond>
<Loc EndOffset="4201" SrcFileId="4" StartOffset="4163"/>
</Cond>
<LocList>
<Loc EndOffset="4277" SrcFileId="4" StartOffset="4202"/>
</LocList>
<StmntSeq Intrnl_Id="534">
<LocList>
<Loc EndOffset="4267" SrcFileId="4" StartOffset="4216"/>
</LocList>
<BasicStmnt CovItemId="S46" CovItemPrefix="org.codecover.simplejavaapp.controller.AppController.java" Intrnl_Id="535">
<LocList>
<Loc EndOffset="4267" SrcFileId="4" StartOffset="4216"/>
</LocList>
</BasicStmnt>
</StmntSeq>
</Branch>
<Branch CovItemId="B29" CovItemPrefix="org.codecover.simplejavaapp.controller.AppController.java" Implct="false" Intrnl_Id="536">
<Cond>
<Loc EndOffset="4300" SrcFileId="4" StartOffset="4278"/>
</Cond>
<LocList>
<Loc EndOffset="4376" SrcFileId="4" StartOffset="4301"/>
</LocList>
<StmntSeq Intrnl_Id="537">
<LocList>
<Loc EndOffset="4366" SrcFileId="4" StartOffset="4315"/>
</LocList>
<BasicStmnt CovItemId="S47" CovItemPrefix="org.codecover.simplejavaapp.controller.AppController.java" Intrnl_Id="538">
<LocList>
<Loc EndOffset="4366" SrcFileId="4" StartOffset="4315"/>
</LocList>
</BasicStmnt>
</StmntSeq>
</Branch>
<Branch CovItemId="B30" CovItemPrefix="org.codecover.simplejavaapp.controller.AppController.java" Implct="false" Intrnl_Id="539">
<Cond>
<Loc EndOffset="4398" SrcFileId="4" StartOffset="4377"/>
</Cond>
<LocList>
<Loc EndOffset="4474" SrcFileId="4" StartOffset="4399"/>
</LocList>
<StmntSeq Intrnl_Id="540">
<LocList>
<Loc EndOffset="4464" SrcFileId="4" StartOffset="4413"/>
</LocList>
<BasicStmnt CovItemId="S48" CovItemPrefix="org.codecover.simplejavaapp.controller.AppController.java" Intrnl_Id="541">
<LocList>
<Loc EndOffset="4464" SrcFileId="4" StartOffset="4413"/>
</LocList>
</BasicStmnt>
</StmntSeq>
</Branch>
<Keyword EndOffset="3989" SrcFileId="4" StartOffset="3986"/>
<LocList>
<Loc EndOffset="4474" SrcFileId="4" StartOffset="3986"/>
</LocList>
</CondStmnt>
</StmntSeq>
</HierarchyLvl>
<HierarchyLvl HierarchyLvlId="1059" HierarchyLvlTypeId="10" Intrnl_Id="542" Name="onQuit">
<Header>
<Loc EndOffset="4541" SrcFileId="4" StartOffset="4486"/>
</Header>
<LocList>
<Loc EndOffset="4769" SrcFileId="4" StartOffset="4486"/>
</LocList>
<StmntSeq Intrnl_Id="543">
<LocList>
<Loc EndOffset="4668" SrcFileId="4" StartOffset="4552"/>
<Loc EndOffset="4763" SrcFileId="4" StartOffset="4748"/>
</LocList>
<LoopStmnt CovItemId="S49" CovItemPrefix="org.codecover.simplejavaapp.controller.AppController.java" Intrnl_Id="544" MltplExecId="L2-2" MltplExecPrefix="org.codecover.simplejavaapp.controller.AppController.java" NvrExecId="L2-0" NvrExecPrefix="org.codecover.simplejavaapp.controller.AppController.java" OnceExecutedId="L2-1" OnceExecutedPrefix="org.codecover.simplejavaapp.controller.AppController.java" OptBodyExec="true">
<StmntSeq Intrnl_Id="545">
<LocList>
<Loc EndOffset="4658" SrcFileId="4" StartOffset="4595"/>
</LocList>
<CondStmnt CovItemId="S50" CovItemPrefix="org.codecover.simplejavaapp.controller.AppController.java" Intrnl_Id="546">
<Branch CovItemId="B31" CovItemPrefix="org.codecover.simplejavaapp.controller.AppController.java" Implct="false" Intrnl_Id="547">
<Cond/>
<LocList>
<Loc EndOffset="4658" SrcFileId="4" StartOffset="4619"/>
</LocList>
<StmntSeq Intrnl_Id="548">
<LocList>
<Loc EndOffset="4644" SrcFileId="4" StartOffset="4637"/>
</LocList>
<BasicStmnt CovItemId="S51" CovItemPrefix="org.codecover.simplejavaapp.controller.AppController.java" Intrnl_Id="549">
<LocList>
<Loc EndOffset="4644" SrcFileId="4" StartOffset="4637"/>
</LocList>
</BasicStmnt>
</StmntSeq>
</Branch>
<Branch CovItemId="B32" CovItemPrefix="org.codecover.simplejavaapp.controller.AppController.java" Implct="true" Intrnl_Id="550">
<Cond/>
<LocList/>
<StmntSeq Intrnl_Id="551">
<LocList/>
</StmntSeq>
</Branch>
<Keyword EndOffset="4597" SrcFileId="4" StartOffset="4595"/>
<LocList>
<Loc EndOffset="4658" SrcFileId="4" StartOffset="4595"/>
</LocList>
<RootTerm CovItemId="C8" CovItemPrefix="org.codecover.simplejavaapp.controller.AppController.java" Intrnl_Id="552">
<OpTerm BooleanOpId="6" Intrnl_Id="553">
<BasicBoolTerm Intrnl_Id="554">
<LocList>
<Loc EndOffset="4617" SrcFileId="4" StartOffset="4600"/>
</LocList>
</BasicBoolTerm>
<LocList>
<Loc EndOffset="4600" SrcFileId="4" StartOffset="4599"/>
</LocList>
</OpTerm>
</RootTerm>
</CondStmnt>
</StmntSeq>
<Keyword EndOffset="4555" SrcFileId="4" StartOffset="4552"/>
<LocList>
<Loc EndOffset="4668" SrcFileId="4" StartOffset="4552"/>
</LocList>
</LoopStmnt>
<BasicStmnt CovItemId="S52" CovItemPrefix="org.codecover.simplejavaapp.controller.AppController.java" Intrnl_Id="555">
<LocList>
<Loc EndOffset="4763" SrcFileId="4" StartOffset="4748"/>
</LocList>
</BasicStmnt>
</StmntSeq>
</HierarchyLvl>
<HierarchyLvl HierarchyLvlId="1060" HierarchyLvlTypeId="10" Intrnl_Id="556" Name="onSave">
<Header>
<Loc EndOffset="4812" SrcFileId="4" StartOffset="4775"/>
</Header>
<LocList>
<Loc EndOffset="5031" SrcFileId="4" StartOffset="4775"/>
</LocList>
<StmntSeq Intrnl_Id="557">
<LocList>
<Loc EndOffset="4865" SrcFileId="4" StartOffset="4823"/>
<Loc EndOffset="5025" SrcFileId="4" StartOffset="4875"/>
</LocList>
<BasicStmnt CovItemId="S53" CovItemPrefix="org.codecover.simplejavaapp.controller.AppController.java" Intrnl_Id="558">
<LocList>
<Loc EndOffset="4865" SrcFileId="4" StartOffset="4823"/>
</LocList>
</BasicStmnt>
<CondStmnt CovItemId="S54" CovItemPrefix="org.codecover.simplejavaapp.controller.AppController.java" Intrnl_Id="559">
<Branch CovItemId="B33" CovItemPrefix="org.codecover.simplejavaapp.controller.AppController.java" Implct="false" Intrnl_Id="560">
<Cond/>
<LocList>
<Loc EndOffset="4941" SrcFileId="4" StartOffset="4893"/>
</LocList>
<StmntSeq Intrnl_Id="561">
<LocList>
<Loc EndOffset="4931" SrcFileId="4" StartOffset="4907"/>
</LocList>
<BasicStmnt CovItemId="S55" CovItemPrefix="org.codecover.simplejavaapp.controller.AppController.java" Intrnl_Id="562">
<LocList>
<Loc EndOffset="4931" SrcFileId="4" StartOffset="4907"/>
</LocList>
</BasicStmnt>
</StmntSeq>
</Branch>
<Branch CovItemId="B34" CovItemPrefix="org.codecover.simplejavaapp.controller.AppController.java" Implct="false" Intrnl_Id="563">
<Cond>
<Loc EndOffset="4946" SrcFileId="4" StartOffset="4942"/>
</Cond>
<LocList>
<Loc EndOffset="5025" SrcFileId="4" StartOffset="4947"/>
</LocList>
<StmntSeq Intrnl_Id="564">
<LocList>
<Loc EndOffset="4990" SrcFileId="4" StartOffset="4961"/>
<Loc EndOffset="5015" SrcFileId="4" StartOffset="5003"/>
</LocList>
<BasicStmnt CovItemId="S56" CovItemPrefix="org.codecover.simplejavaapp.controller.AppController.java" Intrnl_Id="565">
<LocList>
<Loc EndOffset="4990" SrcFileId="4" StartOffset="4961"/>
</LocList>
</BasicStmnt>
<BasicStmnt CovItemId="S57" CovItemPrefix="org.codecover.simplejavaapp.controller.AppController.java" Intrnl_Id="566">
<LocList>
<Loc EndOffset="5015" SrcFileId="4" StartOffset="5003"/>
</LocList>
</BasicStmnt>
</StmntSeq>
</Branch>
<Keyword EndOffset="4877" SrcFileId="4" StartOffset="4875"/>
<LocList>
<Loc EndOffset="5025" SrcFileId="4" StartOffset="4875"/>
</LocList>
<RootTerm CovItemId="C9" CovItemPrefix="org.codecover.simplejavaapp.controller.AppController.java" Intrnl_Id="567">
<BasicBoolTerm Intrnl_Id="568">
<LocList>
<Loc EndOffset="4891" SrcFileId="4" StartOffset="4879"/>
</LocList>
</BasicBoolTerm>
</RootTerm>
</CondStmnt>
</StmntSeq>
</HierarchyLvl>
<HierarchyLvl HierarchyLvlId="1061" HierarchyLvlTypeId="10" Intrnl_Id="569" Name="onSaveAs">
<Header>
<Loc EndOffset="5076" SrcFileId="4" StartOffset="5037"/>
</Header>
<LocList>
<Loc EndOffset="5286" SrcFileId="4" StartOffset="5037"/>
</LocList>
<StmntSeq Intrnl_Id="570">
<LocList>
<Loc EndOffset="5131" SrcFileId="4" StartOffset="5087"/>
<Loc EndOffset="5280" SrcFileId="4" StartOffset="5141"/>
</LocList>
<BasicStmnt CovItemId="S58" CovItemPrefix="org.codecover.simplejavaapp.controller.AppController.java" Intrnl_Id="571">
<LocList>
<Loc EndOffset="5131" SrcFileId="4" StartOffset="5087"/>
</LocList>
</BasicStmnt>
<CondStmnt CovItemId="S59" CovItemPrefix="org.codecover.simplejavaapp.controller.AppController.java" Intrnl_Id="572">
<Branch CovItemId="B35" CovItemPrefix="org.codecover.simplejavaapp.controller.AppController.java" Implct="false" Intrnl_Id="573">
<Cond/>
<LocList>
<Loc EndOffset="5196" SrcFileId="4" StartOffset="5159"/>
</LocList>
<StmntSeq Intrnl_Id="574">
<LocList>
<Loc EndOffset="5186" SrcFileId="4" StartOffset="5173"/>
</LocList>
<BasicStmnt CovItemId="S60" CovItemPrefix="org.codecover.simplejavaapp.controller.AppController.java" Intrnl_Id="575">
<LocList>
<Loc EndOffset="5186" SrcFileId="4" StartOffset="5173"/>
</LocList>
</BasicStmnt>
</StmntSeq>
</Branch>
<Branch CovItemId="B36" CovItemPrefix="org.codecover.simplejavaapp.controller.AppController.java" Implct="false" Intrnl_Id="576">
<Cond>
<Loc EndOffset="5201" SrcFileId="4" StartOffset="5197"/>
</Cond>
<LocList>
<Loc EndOffset="5280" SrcFileId="4" StartOffset="5202"/>
</LocList>
<StmntSeq Intrnl_Id="577">
<LocList>
<Loc EndOffset="5245" SrcFileId="4" StartOffset="5216"/>
<Loc EndOffset="5270" SrcFileId="4" StartOffset="5258"/>
</LocList>
<BasicStmnt CovItemId="S61" CovItemPrefix="org.codecover.simplejavaapp.controller.AppController.java" Intrnl_Id="578">
<LocList>
<Loc EndOffset="5245" SrcFileId="4" StartOffset="5216"/>
</LocList>
</BasicStmnt>
<BasicStmnt CovItemId="S62" CovItemPrefix="org.codecover.simplejavaapp.controller.AppController.java" Intrnl_Id="579">
<LocList>
<Loc EndOffset="5270" SrcFileId="4" StartOffset="5258"/>
</LocList>
</BasicStmnt>
</StmntSeq>
</Branch>
<Keyword EndOffset="5143" SrcFileId="4" StartOffset="5141"/>
<LocList>
<Loc EndOffset="5280" SrcFileId="4" StartOffset="5141"/>
</LocList>
<RootTerm CovItemId="C10" CovItemPrefix="org.codecover.simplejavaapp.controller.AppController.java" Intrnl_Id="580">
<BasicBoolTerm Intrnl_Id="581">
<LocList>
<Loc EndOffset="5157" SrcFileId="4" StartOffset="5145"/>
</LocList>
</BasicBoolTerm>
</RootTerm>
</CondStmnt>
</StmntSeq>
</HierarchyLvl>
<HierarchyLvl HierarchyLvlId="1062" HierarchyLvlTypeId="10" Intrnl_Id="582" Name="save">
<Header>
<Loc EndOffset="5335" SrcFileId="4" StartOffset="5292"/>
</Header>
<LocList>
<Loc EndOffset="5726" SrcFileId="4" StartOffset="5292"/>
</LocList>
<StmntSeq Intrnl_Id="583">
<LocList>
<Loc EndOffset="5393" SrcFileId="4" StartOffset="5364"/>
<Loc EndOffset="5720" SrcFileId="4" StartOffset="5346"/>
</LocList>
<BasicStmnt CovItemId="S64" CovItemPrefix="org.codecover.simplejavaapp.controller.AppController.java" Intrnl_Id="584">
<LocList>
<Loc EndOffset="5393" SrcFileId="4" StartOffset="5364"/>
</LocList>
</BasicStmnt>
<CondStmnt CovItemId="S63" CovItemPrefix="org.codecover.simplejavaapp.controller.AppController.java" Intrnl_Id="585">
<Branch CovItemId="B37" CovItemPrefix="org.codecover.simplejavaapp.controller.AppController.java" Implct="true" Intrnl_Id="586">
<Cond/>
<LocList/>
<StmntSeq Intrnl_Id="587">
<LocList/>
</StmntSeq>
</Branch>
<Branch CovItemId="B38" CovItemPrefix="org.codecover.simplejavaapp.controller.AppController.java" Implct="false" Intrnl_Id="588">
<Cond>
<Loc EndOffset="5442" SrcFileId="4" StartOffset="5404"/>
</Cond>
<LocList>
<Loc EndOffset="5517" SrcFileId="4" StartOffset="5443"/>
</LocList>
<StmntSeq Intrnl_Id="589">
<LocList>
<Loc EndOffset="5507" SrcFileId="4" StartOffset="5457"/>
</LocList>
<BasicStmnt CovItemId="S65" CovItemPrefix="org.codecover.simplejavaapp.controller.AppController.java" Intrnl_Id="590">
<LocList>
<Loc EndOffset="5507" SrcFileId="4" StartOffset="5457"/>
</LocList>
</BasicStmnt>
</StmntSeq>
</Branch>
<Branch CovItemId="B39" CovItemPrefix="org.codecover.simplejavaapp.controller.AppController.java" Implct="false" Intrnl_Id="591">
<Cond>
<Loc EndOffset="5548" SrcFileId="4" StartOffset="5518"/>
</Cond>
<LocList>
<Loc EndOffset="5623" SrcFileId="4" StartOffset="5549"/>
</LocList>
<StmntSeq Intrnl_Id="592">
<LocList>
<Loc EndOffset="5613" SrcFileId="4" StartOffset="5563"/>
</LocList>
<BasicStmnt CovItemId="S66" CovItemPrefix="org.codecover.simplejavaapp.controller.AppController.java" Intrnl_Id="593">
<LocList>
<Loc EndOffset="5613" SrcFileId="4" StartOffset="5563"/>
</LocList>
</BasicStmnt>
</StmntSeq>
</Branch>
<Branch CovItemId="B40" CovItemPrefix="org.codecover.simplejavaapp.controller.AppController.java" Implct="false" Intrnl_Id="594">
<Cond>
<Loc EndOffset="5645" SrcFileId="4" StartOffset="5624"/>
</Cond>
<LocList>
<Loc EndOffset="5720" SrcFileId="4" StartOffset="5646"/>
</LocList>
<StmntSeq Intrnl_Id="595">
<LocList>
<Loc EndOffset="5710" SrcFileId="4" StartOffset="5660"/>
</LocList>
<BasicStmnt CovItemId="S67" CovItemPrefix="org.codecover.simplejavaapp.controller.AppController.java" Intrnl_Id="596">
<LocList>
<Loc EndOffset="5710" SrcFileId="4" StartOffset="5660"/>
</LocList>
</BasicStmnt>
</StmntSeq>
</Branch>
<Keyword EndOffset="5349" SrcFileId="4" StartOffset="5346"/>
<LocList>
<Loc EndOffset="5720" SrcFileId="4" StartOffset="5346"/>
</LocList>
</CondStmnt>
</StmntSeq>
</HierarchyLvl>
<HierarchyLvl HierarchyLvlId="1064" HierarchyLvlTypeId="9" Intrnl_Id="597" Name="AppViewListener">
<Header>
<Loc EndOffset="5791" SrcFileId="4" StartOffset="5732"/>
</Header>
<LocList>
<Loc EndOffset="7032" SrcFileId="4" StartOffset="5732"/>
</LocList>
<HierarchyLvl HierarchyLvlId="1063" HierarchyLvlTypeId="10" Intrnl_Id="598" Name="update">
<Header>
<Loc EndOffset="6125" SrcFileId="4" StartOffset="6058"/>
</Header>
<LocList>
<Loc EndOffset="7026" SrcFileId="4" StartOffset="6058"/>
</LocList>
<StmntSeq Intrnl_Id="599">
<LocList>
<Loc EndOffset="7016" SrcFileId="4" StartOffset="6140"/>
</LocList>
<CondStmnt CovItemId="S68" CovItemPrefix="org.codecover.simplejavaapp.controller.AppController.java" Intrnl_Id="600">
<Branch CovItemId="B41" CovItemPrefix="org.codecover.simplejavaapp.controller.AppController.java" Implct="false" Intrnl_Id="601">
<Cond>
<Loc EndOffset="6200" SrcFileId="4" StartOffset="6177"/>
</Cond>
<LocList>
<Loc EndOffset="6271" SrcFileId="4" StartOffset="6222"/>
</LocList>
<StmntSeq Intrnl_Id="602">
<LocList>
<Loc EndOffset="6244" SrcFileId="4" StartOffset="6222"/>
<Loc EndOffset="6271" SrcFileId="4" StartOffset="6265"/>
</LocList>
<BasicStmnt CovItemId="S69" CovItemPrefix="org.codecover.simplejavaapp.controller.AppController.java" Intrnl_Id="603">
<LocList>
<Loc EndOffset="6244" SrcFileId="4" StartOffset="6222"/>
</LocList>
</BasicStmnt>
<BasicStmnt CovItemId="S70" CovItemPrefix="org.codecover.simplejavaapp.controller.AppController.java" Intrnl_Id="604">
<LocList>
<Loc EndOffset="6271" SrcFileId="4" StartOffset="6265"/>
</LocList>
</BasicStmnt>
</StmntSeq>
</Branch>
<Branch CovItemId="B42" CovItemPrefix="org.codecover.simplejavaapp.controller.AppController.java" Implct="false" Intrnl_Id="605">
<Cond>
<Loc EndOffset="6305" SrcFileId="4" StartOffset="6288"/>
</Cond>
<LocList>
<Loc EndOffset="6388" SrcFileId="4" StartOffset="6327"/>
</LocList>
<StmntSeq Intrnl_Id="606">
<LocList>
<Loc EndOffset="6361" SrcFileId="4" StartOffset="6327"/>
<Loc EndOffset="6388" SrcFileId="4" StartOffset="6382"/>
</LocList>
<BasicStmnt CovItemId="S71" CovItemPrefix="org.codecover.simplejavaapp.controller.AppController.java" Intrnl_Id="607">
<LocList>
<Loc EndOffset="6361" SrcFileId="4" StartOffset="6327"/>
</LocList>
</BasicStmnt>
<BasicStmnt CovItemId="S72" CovItemPrefix="org.codecover.simplejavaapp.controller.AppController.java" Intrnl_Id="608">
<LocList>
<Loc EndOffset="6388" SrcFileId="4" StartOffset="6382"/>
</LocList>
</BasicStmnt>
</StmntSeq>
</Branch>
<Branch CovItemId="B43" CovItemPrefix="org.codecover.simplejavaapp.controller.AppController.java" Implct="false" Intrnl_Id="609">
<Cond>
<Loc EndOffset="6424" SrcFileId="4" StartOffset="6405"/>
</Cond>
<LocList>
<Loc EndOffset="6491" SrcFileId="4" StartOffset="6446"/>
</LocList>
<StmntSeq Intrnl_Id="610">
<LocList>
<Loc EndOffset="6464" SrcFileId="4" StartOffset="6446"/>
<Loc EndOffset="6491" SrcFileId="4" StartOffset="6485"/>
</LocList>
<BasicStmnt CovItemId="S73" CovItemPrefix="org.codecover.simplejavaapp.controller.AppController.java" Intrnl_Id="611">
<LocList>
<Loc EndOffset="6464" SrcFileId="4" StartOffset="6446"/>
</LocList>
</BasicStmnt>
<BasicStmnt CovItemId="S74" CovItemPrefix="org.codecover.simplejavaapp.controller.AppController.java" Intrnl_Id="612">
<LocList>
<Loc EndOffset="6491" SrcFileId="4" StartOffset="6485"/>
</LocList>
</BasicStmnt>
</StmntSeq>
</Branch>
<Branch CovItemId="B44" CovItemPrefix="org.codecover.simplejavaapp.controller.AppController.java" Implct="false" Intrnl_Id="613">
<Cond>
<Loc EndOffset="6529" SrcFileId="4" StartOffset="6508"/>
</Cond>
<LocList>
<Loc EndOffset="6596" SrcFileId="4" StartOffset="6551"/>
</LocList>
<StmntSeq Intrnl_Id="614">
<LocList>
<Loc EndOffset="6569" SrcFileId="4" StartOffset="6551"/>
<Loc EndOffset="6596" SrcFileId="4" StartOffset="6590"/>
</LocList>
<BasicStmnt CovItemId="S75" CovItemPrefix="org.codecover.simplejavaapp.controller.AppController.java" Intrnl_Id="615">
<LocList>
<Loc EndOffset="6569" SrcFileId="4" StartOffset="6551"/>
</LocList>
</BasicStmnt>
<BasicStmnt CovItemId="S76" CovItemPrefix="org.codecover.simplejavaapp.controller.AppController.java" Intrnl_Id="616">
<LocList>
<Loc EndOffset="6596" SrcFileId="4" StartOffset="6590"/>
</LocList>
</BasicStmnt>
</StmntSeq>
</Branch>
<Branch CovItemId="B45" CovItemPrefix="org.codecover.simplejavaapp.controller.AppController.java" Implct="false" Intrnl_Id="617">
<Cond>
<Loc EndOffset="6628" SrcFileId="4" StartOffset="6613"/>
</Cond>
<LocList>
<Loc EndOffset="6692" SrcFileId="4" StartOffset="6650"/>
</LocList>
<StmntSeq Intrnl_Id="618">
<LocList>
<Loc EndOffset="6665" SrcFileId="4" StartOffset="6650"/>
<Loc EndOffset="6692" SrcFileId="4" StartOffset="6686"/>
</LocList>
<BasicStmnt CovItemId="S77" CovItemPrefix="org.codecover.simplejavaapp.controller.AppController.java" Intrnl_Id="619">
<LocList>
<Loc EndOffset="6665" SrcFileId="4" StartOffset="6650"/>
</LocList>
</BasicStmnt>
<BasicStmnt CovItemId="S78" CovItemPrefix="org.codecover.simplejavaapp.controller.AppController.java" Intrnl_Id="620">
<LocList>
<Loc EndOffset="6692" SrcFileId="4" StartOffset="6686"/>
</LocList>
</BasicStmnt>
</StmntSeq>
</Branch>
<Branch CovItemId="B46" CovItemPrefix="org.codecover.simplejavaapp.controller.AppController.java" Implct="false" Intrnl_Id="621">
<Cond>
<Loc EndOffset="6724" SrcFileId="4" StartOffset="6709"/>
</Cond>
<LocList>
<Loc EndOffset="6805" SrcFileId="4" StartOffset="6746"/>
</LocList>
<StmntSeq Intrnl_Id="622">
<LocList>
<Loc EndOffset="6778" SrcFileId="4" StartOffset="6746"/>
<Loc EndOffset="6805" SrcFileId="4" StartOffset="6799"/>
</LocList>
<BasicStmnt CovItemId="S79" CovItemPrefix="org.codecover.simplejavaapp.controller.AppController.java" Intrnl_Id="623">
<LocList>
<Loc EndOffset="6778" SrcFileId="4" StartOffset="6746"/>
</LocList>
</BasicStmnt>
<BasicStmnt CovItemId="S80" CovItemPrefix="org.codecover.simplejavaapp.controller.AppController.java" Intrnl_Id="624">
<LocList>
<Loc EndOffset="6805" SrcFileId="4" StartOffset="6799"/>
</LocList>
</BasicStmnt>
</StmntSeq>
</Branch>
<Branch CovItemId="B47" CovItemPrefix="org.codecover.simplejavaapp.controller.AppController.java" Implct="false" Intrnl_Id="625">
<Cond>
<Loc EndOffset="6837" SrcFileId="4" StartOffset="6822"/>
</Cond>
<LocList>
<Loc EndOffset="6901" SrcFileId="4" StartOffset="6859"/>
</LocList>
<StmntSeq Intrnl_Id="626">
<LocList>
<Loc EndOffset="6874" SrcFileId="4" StartOffset="6859"/>
<Loc EndOffset="6901" SrcFileId="4" StartOffset="6895"/>
</LocList>
<BasicStmnt CovItemId="S81" CovItemPrefix="org.codecover.simplejavaapp.controller.AppController.java" Intrnl_Id="627">
<LocList>
<Loc EndOffset="6874" SrcFileId="4" StartOffset="6859"/>
</LocList>
</BasicStmnt>
<BasicStmnt CovItemId="S82" CovItemPrefix="org.codecover.simplejavaapp.controller.AppController.java" Intrnl_Id="628">
<LocList>
<Loc EndOffset="6901" SrcFileId="4" StartOffset="6895"/>
</LocList>
</BasicStmnt>
</StmntSeq>
</Branch>
<Branch CovItemId="B48" CovItemPrefix="org.codecover.simplejavaapp.controller.AppController.java" Implct="false" Intrnl_Id="629">
<Cond>
<Loc EndOffset="6936" SrcFileId="4" StartOffset="6918"/>
</Cond>
<LocList>
<Loc EndOffset="7002" SrcFileId="4" StartOffset="6958"/>
</LocList>
<StmntSeq Intrnl_Id="630">
<LocList>
<Loc EndOffset="6975" SrcFileId="4" StartOffset="6958"/>
<Loc EndOffset="7002" SrcFileId="4" StartOffset="6996"/>
</LocList>
<BasicStmnt CovItemId="S83" CovItemPrefix="org.codecover.simplejavaapp.controller.AppController.java" Intrnl_Id="631">
<LocList>
<Loc EndOffset="6975" SrcFileId="4" StartOffset="6958"/>
</LocList>
</BasicStmnt>
<BasicStmnt CovItemId="S84" CovItemPrefix="org.codecover.simplejavaapp.controller.AppController.java" Intrnl_Id="632">
<LocList>
<Loc EndOffset="7002" SrcFileId="4" StartOffset="6996"/>
</LocList>
</BasicStmnt>
</StmntSeq>
</Branch>
<Branch CovItemId="B49" CovItemPrefix="org.codecover.simplejavaapp.controller.AppController.java" Implct="true" Intrnl_Id="633">
<Cond/>
<LocList/>
<StmntSeq Intrnl_Id="634">
<LocList/>
</StmntSeq>
</Branch>
<Keyword EndOffset="6146" SrcFileId="4" StartOffset="6140"/>
<LocList>
<Loc EndOffset="7016" SrcFileId="4" StartOffset="6140"/>
</LocList>
</CondStmnt>
</StmntSeq>
</HierarchyLvl>
</HierarchyLvl>
</HierarchyLvl>
</HierarchyLvl>
<HierarchyLvl HierarchyLvlId="1067" HierarchyLvlTypeId="9" Intrnl_Id="635" Name="SimpleJavaApp">
<Header>
<Loc EndOffset="186" SrcFileId="5" StartOffset="160"/>
</Header>
<LocList>
<Loc EndOffset="509" SrcFileId="5" StartOffset="160"/>
</LocList>
<StmntSeq Intrnl_Id="636">
<LocList>
<Loc EndOffset="269" SrcFileId="5" StartOffset="193"/>
</LocList>
<BasicStmnt CovItemId="S1" CovItemPrefix="org.codecover.simplejavaapp.SimpleJavaApp.java" Intrnl_Id="637">
<LocList>
<Loc EndOffset="269" SrcFileId="5" StartOffset="193"/>
</LocList>
</BasicStmnt>
</StmntSeq>
<HierarchyLvl HierarchyLvlId="1066" HierarchyLvlTypeId="10" Intrnl_Id="638" Name="main">
<Header>
<Loc EndOffset="348" SrcFileId="5" StartOffset="310"/>
</Header>
<LocList>
<Loc EndOffset="507" SrcFileId="5" StartOffset="310"/>
</LocList>
<StmntSeq Intrnl_Id="639">
<LocList>
<Loc EndOffset="456" SrcFileId="5" StartOffset="359"/>
<Loc EndOffset="501" SrcFileId="5" StartOffset="474"/>
</LocList>
<CondStmnt CovItemId="S2" CovItemPrefix="org.codecover.simplejavaapp.SimpleJavaApp.java" Intrnl_Id="640">
<Branch CovItemId="B1" CovItemPrefix="org.codecover.simplejavaapp.SimpleJavaApp.java" Implct="false" Intrnl_Id="641">
<Cond/>
<LocList>
<Loc EndOffset="456" SrcFileId="5" StartOffset="375"/>
</LocList>
<StmntSeq Intrnl_Id="642">
<LocList>
<Loc EndOffset="446" SrcFileId="5" StartOffset="389"/>
</LocList>
<BasicStmnt CovItemId="S3" CovItemPrefix="org.codecover.simplejavaapp.SimpleJavaApp.java" Intrnl_Id="643">
<LocList>
<Loc EndOffset="446" SrcFileId="5" StartOffset="389"/>
</LocList>
</BasicStmnt>
</StmntSeq>
</Branch>
<Branch CovItemId="B2" CovItemPrefix="org.codecover.simplejavaapp.SimpleJavaApp.java" Implct="true" Intrnl_Id="644">
<Cond/>
<LocList/>
<StmntSeq Intrnl_Id="645">
<LocList/>
</StmntSeq>
</Branch>
<Keyword EndOffset="361" SrcFileId="5" StartOffset="359"/>
<LocList>
<Loc EndOffset="456" SrcFileId="5" StartOffset="359"/>
</LocList>
<RootTerm CovItemId="C1" CovItemPrefix="org.codecover.simplejavaapp.SimpleJavaApp.java" Intrnl_Id="646">
<BasicBoolTerm Intrnl_Id="647">
<LocList>
<Loc EndOffset="373" SrcFileId="5" StartOffset="363"/>
</LocList>
</BasicBoolTerm>
</RootTerm>
</CondStmnt>
<BasicStmnt CovItemId="S4" CovItemPrefix="org.codecover.simplejavaapp.SimpleJavaApp.java" Intrnl_Id="648">
<LocList>
<Loc EndOffset="501" SrcFileId="5" StartOffset="474"/>
</LocList>
</BasicStmnt>
</StmntSeq>
</HierarchyLvl>
</HierarchyLvl>
</HierarchyLvl>
</HierarchyLvl>
</HierarchyLvl>
</HierarchyLvl>
</MASTRoot>
</TestSessionContainer>
